SLURM_JOB_NUM_NODES=1
SLURM_TASKS_PER_NODE=1
SLURM_CPUS_PER_TASK=48
OMP_NUM_THREADS=48
[[2022-02-04 11:02:31]][DEBUG] Using seed 2002
[[2022-02-04 11:02:31]][WARNING] Setting accelerator ratio to 0.175000
[[2022-02-04 11:02:31]][ERROR] This won't work for distributed. Change code!
[[2022-02-04 11:02:31]][ERROR] Gaussian heuristics not implemented for low rank matrices. Returning 1.
[[2022-02-04 11:02:31]][WARNING] Invalid rank_reduce value. Will fetch the first matrix
0_30 
[[2022-02-04 11:02:31]][DEBUG] Accelerator partial not yet returned
ERROR: Trying to initialize QuESTEnv multiple times. Ignoring...
[[2022-02-04 11:02:31]][DEBUG] Accelerator partial returned
[[2022-02-04 11:02:31]][DEBUG] VQAOptions set
[[2022-02-04 11:02:31]][WARNING] no hml penalization
[[2022-02-04 11:02:31]][INFO] Running 0_30
[[2022-02-04 11:02:31]][ERROR] ../experiment_files/rank_0/rank_statsfile_0_30.txt
[[2022-02-04 11:02:31]][WARNING] calc gso
[[2022-02-04 11:02:31]][ERROR] 30
[[2022-02-04 11:02:31]][ERROR] 30
[[2022-02-04 11:02:31]][ERROR] 30
[[2022-02-04 11:02:31]][ERROR] 30
[[2022-02-04 11:02:31]][ERROR] 30
[[2022-02-04 11:02:31]][ERROR] 30
[[2022-02-04 11:02:31]][ERROR] 30
[[2022-02-04 11:02:31]][ERROR] 30
[[2022-02-04 11:02:31]][ERROR] 30
[[2022-02-04 11:02:31]][ERROR] 30
[[2022-02-04 11:02:31]][ERROR] 30
[[2022-02-04 11:02:31]][ERROR] 30
[[2022-02-04 11:02:31]][ERROR] 30
[[2022-02-04 11:02:31]][ERROR] 30
[[2022-02-04 11:02:31]][ERROR] 30
[[2022-02-04 11:02:31]][ERROR] 30
[[2022-02-04 11:02:31]][ERROR] 30
[[2022-02-04 11:02:31]][ERROR] 30
[[2022-02-04 11:02:31]][ERROR] 30
[[2022-02-04 11:02:31]][ERROR] 30
[[2022-02-04 11:02:31]][ERROR] 30
[[2022-02-04 11:02:31]][ERROR] 30
[[2022-02-04 11:02:31]][ERROR] 30
[[2022-02-04 11:02:31]][ERROR] 30
[[2022-02-04 11:02:31]][ERROR] 30
[[2022-02-04 11:02:31]][ERROR] 30
[[2022-02-04 11:02:31]][ERROR] 30
[[2022-02-04 11:02:31]][ERROR] 30
[[2022-02-04 11:02:31]][ERROR] 30
[[2022-02-04 11:02:31]][ERROR] 30

  Optimization problem [expression_int]:

    Expression:
	134552349.00 x1 x1 + 85907382.00 x1 x2 + 3755484.00 x1 x5 + 40484056.00 x1 x7 + 116962312.00 x1 x9 + 62715252.00 x1 x10 + 142585536.00 x1 x12 + 90220474.00 x1 x13 - 100130316.00 x1 x16 - 85579230.00 x1 x19 - 160546.00 x1 x20 - 96954278.00 x1 x21 + 73681486.00 x1 x23 - 143054214.00 x1 x26 - 40846260.00 x1 x29 + 161475608.00 x2 x2 + 90852084.00 x2 x5 + 141380590.00 x2 x7 + 130667886.00 x2 x9 - 98267212.00 x2 x10 + 18643816.00 x2 x12 + 74851548.00 x2 x13 + 11047062.00 x2 x16 - 111316516.00 x2 x19 + 45976804.00 x2 x20 - 41540102.00 x2 x21 + 82564598.00 x2 x23 + 30123700.00 x2 x26 - 8882502.00 x2 x29 + 174548675.00 x5 x5 + 18684066.00 x5 x7 + 6351238.00 x5 x9 - 46198680.00 x5 x10 + 44131706.00 x5 x12 - 70512402.00 x5 x13 - 119578100.00 x5 x16 + 46787412.00 x5 x19 + 102265818.00 x5 x20 + 53145246.00 x5 x21 + 213490822.00 x5 x23 + 19601272.00 x5 x26 - 32332302.00 x5 x29 + 139603746.00 x7 x7 + 142342814.00 x7 x9 + 35652360.00 x7 x10 - 191744.00 x7 x12 - 73121500.00 x7 x13 + 33263436.00 x7 x16 + 30475002.00 x7 x19 - 5562876.00 x7 x20 - 48829866.00 x7 x21 - 29908340.00 x7 x23 + 71653818.00 x7 x26 - 51656052.00 x7 x29 + 167174663.00 x9 x9 + 51754692.00 x9 x10 + 91713524.00 x9 x12 - 35700754.00 x9 x13 - 45364198.00 x9 x16 - 72627606.00 x9 x19 - 44813560.00 x9 x20 - 78002652.00 x9 x21 + 81988932.00 x9 x23 - 60858002.00 x9 x26 + 72676402.00 x9 x29 + 158906174.00 x10 x10 + 59769630.00 x10 x12 - 3890216.00 x10 x13 - 62870556.00 x10 x16 + 77906432.00 x10 x19 - 50508428.00 x10 x20 - 2747144.00 x10 x21 + 16897060.00 x10 x23 - 73229604.00 x10 x26 - 71498852.00 x10 x29 + 149805154.00 x12 x12 + 69813564.00 x12 x13 - 48745226.00 x12 x16 + 67020180.00 x12 x19 + 64916800.00 x12 x20 - 37304942.00 x12 x21 + 190444658.00 x12 x23 - 162013404.00 x12 x26 - 45668236.00 x12 x29 + 150284367.00 x13 x13 - 73378150.00 x13 x16 - 49374970.00 x13 x19 + 45560082.00 x13 x20 - 90963374.00 x13 x21 - 68232568.00 x13 x23 - 79918274.00 x13 x26 - 29302588.00 x13 x29 + 164514626.00 x16 x16 + 14842360.00 x16 x19 - 57605066.00 x16 x20 + 53419954.00 x16 x21 + 2854196.00 x16 x23 + 74697980.00 x16 x26 + 29447830.00 x16 x29 + 153527032.00 x19 x19 + 87065788.00 x19 x20 + 39115302.00 x19 x21 + 30559892.00 x19 x23 + 37953316.00 x19 x26 - 52814186.00 x19 x29 + 123783480.00 x20 x20 + 48416762.00 x20 x21 + 48065250.00 x20 x23 + 39900958.00 x20 x26 - 99471332.00 x20 x29 + 150037739.00 x21 x21 + 84142652.00 x21 x23 + 84041918.00 x21 x26 - 125353564.00 x21 x29 + 202761512.00 x23 x23 - 105840904.00 x23 x26 - 10086382.00 x23 x29 + 185032033.00 x26 x26 - 1950992.00 x26 x29 + 163123001.00 x29 x29

    Variables (total 30):
	x0 [0, 0]
	x1 [-1, 2]
	x2 [-1, 2]
	x3 [0, 0]
	x4 [0, 0]
	x5 [-1, 2]
	x6 [0, 0]
	x7 [-1, 2]
	x8 [0, 0]
	x9 [-1, 2]
	x10 [-1, 2]
	x11 [0, 0]
	x12 [-1, 2]
	x13 [-1, 2]
	x14 [0, 0]
	x15 [0, 0]
	x16 [-1, 2]
	x17 [0, 0]
	x18 [0, 0]
	x19 [-1, 2]
	x20 [-1, 2]
	x21 [-1, 2]
	x22 [0, 0]
	x23 [-1, 2]
	x24 [0, 0]
	x25 [0, 0]
	x26 [-1, 2]
	x27 [0, 0]
	x28 [0, 0]
	x29 [-1, 2]


  Optimization problem [QUBO]:

    Expression:
	3738818345.00 - 104672959.00 Z0 - 209345918.00 Z1 - 193740088.50 Z2 - 387480177.00 Z3 - 169885253.50 Z4 - 339770507.00 Z5 - 145968314.00 Z6 - 291936628.00 Z7 - 172860088.50 Z8 - 345720177.00 Z9 - 53324270.50 Z10 - 106648541.00 Z11 - 188681542.50 Z12 - 377363085.00 Z13 - 1654901.50 Z14 - 3309803.00 Z15 - 10232614.50 Z16 - 20465229.00 Z17 - 91766810.00 Z18 - 183533620.00 Z19 - 117903353.50 Z20 - 235806707.00 Z21 - 35165347.50 Z22 - 70330695.00 Z23 - 254036094.00 Z24 - 508072188.00 Z25 - 25292908.50 Z26 - 50585817.00 Z27 + 35373253.50 Z28 + 70746507.00 Z29 + 134552349.00 Z0 Z1 + 21476845.50 Z0 Z2 + 42953691.00 Z0 Z3 + 938871.00 Z0 Z4 + 1877742.00 Z0 Z5 + 10121014.00 Z0 Z6 + 20242028.00 Z0 Z7 + 29240578.00 Z0 Z8 + 58481156.00 Z0 Z9 + 15678813.00 Z0 Z10 + 31357626.00 Z0 Z11 + 35646384.00 Z0 Z12 + 71292768.00 Z0 Z13 + 22555118.50 Z0 Z14 + 45110237.00 Z0 Z15 - 25032579.00 Z0 Z16 - 50065158.00 Z0 Z17 - 21394807.50 Z0 Z18 - 42789615.00 Z0 Z19 - 40136.50 Z0 Z20 - 80273.00 Z0 Z21 - 24238569.50 Z0 Z22 - 48477139.00 Z0 Z23 + 18420371.50 Z0 Z24 + 36840743.00 Z0 Z25 - 35763553.50 Z0 Z26 - 71527107.00 Z0 Z27 - 10211565.00 Z0 Z28 - 20423130.00 Z0 Z29 + 42953691.00 Z1 Z2 + 85907382.00 Z1 Z3 + 1877742.00 Z1 Z4 + 3755484.00 Z1 Z5 + 20242028.00 Z1 Z6 + 40484056.00 Z1 Z7 + 58481156.00 Z1 Z8 + 116962312.00 Z1 Z9 + 31357626.00 Z1 Z10 + 62715252.00 Z1 Z11 + 71292768.00 Z1 Z12 + 142585536.00 Z1 Z13 + 45110237.00 Z1 Z14 + 90220474.00 Z1 Z15 - 50065158.00 Z1 Z16 - 100130316.00 Z1 Z17 - 42789615.00 Z1 Z18 - 85579230.00 Z1 Z19 - 80273.00 Z1 Z20 - 160546.00 Z1 Z21 - 48477139.00 Z1 Z22 - 96954278.00 Z1 Z23 + 36840743.00 Z1 Z24 + 73681486.00 Z1 Z25 - 71527107.00 Z1 Z26 - 143054214.00 Z1 Z27 - 20423130.00 Z1 Z28 - 40846260.00 Z1 Z29 + 161475608.00 Z2 Z3 + 22713021.00 Z2 Z4 + 45426042.00 Z2 Z5 + 35345147.50 Z2 Z6 + 70690295.00 Z2 Z7 + 32666971.50 Z2 Z8 + 65333943.00 Z2 Z9 - 24566803.00 Z2 Z10 - 49133606.00 Z2 Z11 + 4660954.00 Z2 Z12 + 9321908.00 Z2 Z13 + 18712887.00 Z2 Z14 + 37425774.00 Z2 Z15 + 2761765.50 Z2 Z16 + 5523531.00 Z2 Z17 - 27829129.00 Z2 Z18 - 55658258.00 Z2 Z19 + 11494201.00 Z2 Z20 + 22988402.00 Z2 Z21 - 10385025.50 Z2 Z22 - 20770051.00 Z2 Z23 + 20641149.50 Z2 Z24 + 41282299.00 Z2 Z25 + 7530925.00 Z2 Z26 + 15061850.00 Z2 Z27 - 2220625.50 Z2 Z28 - 4441251.00 Z2 Z29 + 45426042.00 Z3 Z4 + 90852084.00 Z3 Z5 + 70690295.00 Z3 Z6 + 141380590.00 Z3 Z7 + 65333943.00 Z3 Z8 + 130667886.00 Z3 Z9 - 49133606.00 Z3 Z10 - 98267212.00 Z3 Z11 + 9321908.00 Z3 Z12 + 18643816.00 Z3 Z13 + 37425774.00 Z3 Z14 + 74851548.00 Z3 Z15 + 5523531.00 Z3 Z16 + 11047062.00 Z3 Z17 - 55658258.00 Z3 Z18 - 111316516.00 Z3 Z19 + 22988402.00 Z3 Z20 + 45976804.00 Z3 Z21 - 20770051.00 Z3 Z22 - 41540102.00 Z3 Z23 + 41282299.00 Z3 Z24 + 82564598.00 Z3 Z25 + 15061850.00 Z3 Z26 + 30123700.00 Z3 Z27 - 4441251.00 Z3 Z28 - 8882502.00 Z3 Z29 + 174548675.00 Z4 Z5 + 4671016.50 Z4 Z6 + 9342033.00 Z4 Z7 + 1587809.50 Z4 Z8 + 3175619.00 Z4 Z9 - 11549670.00 Z4 Z10 - 23099340.00 Z4 Z11 + 11032926.50 Z4 Z12 + 22065853.00 Z4 Z13 - 17628100.50 Z4 Z14 - 35256201.00 Z4 Z15 - 29894525.00 Z4 Z16 - 59789050.00 Z4 Z17 + 11696853.00 Z4 Z18 + 23393706.00 Z4 Z19 + 25566454.50 Z4 Z20 + 51132909.00 Z4 Z21 + 13286311.50 Z4 Z22 + 26572623.00 Z4 Z23 + 53372705.50 Z4 Z24 + 106745411.00 Z4 Z25 + 4900318.00 Z4 Z26 + 9800636.00 Z4 Z27 - 8083075.50 Z4 Z28 - 16166151.00 Z4 Z29 + 9342033.00 Z5 Z6 + 18684066.00 Z5 Z7 + 3175619.00 Z5 Z8 + 6351238.00 Z5 Z9 - 23099340.00 Z5 Z10 - 46198680.00 Z5 Z11 + 22065853.00 Z5 Z12 + 44131706.00 Z5 Z13 - 35256201.00 Z5 Z14 - 70512402.00 Z5 Z15 - 59789050.00 Z5 Z16 - 119578100.00 Z5 Z17 + 23393706.00 Z5 Z18 + 46787412.00 Z5 Z19 + 51132909.00 Z5 Z20 + 102265818.00 Z5 Z21 + 26572623.00 Z5 Z22 + 53145246.00 Z5 Z23 + 106745411.00 Z5 Z24 + 213490822.00 Z5 Z25 + 9800636.00 Z5 Z26 + 19601272.00 Z5 Z27 - 16166151.00 Z5 Z28 - 32332302.00 Z5 Z29 + 139603746.00 Z6 Z7 + 35585703.50 Z6 Z8 + 71171407.00 Z6 Z9 + 8913090.00 Z6 Z10 + 17826180.00 Z6 Z11 - 47936.00 Z6 Z12 - 95872.00 Z6 Z13 - 18280375.00 Z6 Z14 - 36560750.00 Z6 Z15 + 8315859.00 Z6 Z16 + 16631718.00 Z6 Z17 + 7618750.50 Z6 Z18 + 15237501.00 Z6 Z19 - 1390719.00 Z6 Z20 - 2781438.00 Z6 Z21 - 12207466.50 Z6 Z22 - 24414933.00 Z6 Z23 - 7477085.00 Z6 Z24 - 14954170.00 Z6 Z25 + 17913454.50 Z6 Z26 + 35826909.00 Z6 Z27 - 12914013.00 Z6 Z28 - 25828026.00 Z6 Z29 + 71171407.00 Z7 Z8 + 142342814.00 Z7 Z9 + 17826180.00 Z7 Z10 + 35652360.00 Z7 Z11 - 95872.00 Z7 Z12 - 191744.00 Z7 Z13 - 36560750.00 Z7 Z14 - 73121500.00 Z7 Z15 + 16631718.00 Z7 Z16 + 33263436.00 Z7 Z17 + 15237501.00 Z7 Z18 + 30475002.00 Z7 Z19 - 2781438.00 Z7 Z20 - 5562876.00 Z7 Z21 - 24414933.00 Z7 Z22 - 48829866.00 Z7 Z23 - 14954170.00 Z7 Z24 - 29908340.00 Z7 Z25 + 35826909.00 Z7 Z26 + 71653818.00 Z7 Z27 - 25828026.00 Z7 Z28 - 51656052.00 Z7 Z29 + 167174663.00 Z8 Z9 + 12938673.00 Z8 Z10 + 25877346.00 Z8 Z11 + 22928381.00 Z8 Z12 + 45856762.00 Z8 Z13 - 8925188.50 Z8 Z14 - 17850377.00 Z8 Z15 - 11341049.50 Z8 Z16 - 22682099.00 Z8 Z17 - 18156901.50 Z8 Z18 - 36313803.00 Z8 Z19 - 11203390.00 Z8 Z20 - 22406780.00 Z8 Z21 - 19500663.00 Z8 Z22 - 39001326.00 Z8 Z23 + 20497233.00 Z8 Z24 + 40994466.00 Z8 Z25 - 15214500.50 Z8 Z26 - 30429001.00 Z8 Z27 + 18169100.50 Z8 Z28 + 36338201.00 Z8 Z29 + 25877346.00 Z9 Z10 + 51754692.00 Z9 Z11 + 45856762.00 Z9 Z12 + 91713524.00 Z9 Z13 - 17850377.00 Z9 Z14 - 35700754.00 Z9 Z15 - 22682099.00 Z9 Z16 - 45364198.00 Z9 Z17 - 36313803.00 Z9 Z18 - 72627606.00 Z9 Z19 - 22406780.00 Z9 Z20 - 44813560.00 Z9 Z21 - 39001326.00 Z9 Z22 - 78002652.00 Z9 Z23 + 40994466.00 Z9 Z24 + 81988932.00 Z9 Z25 - 30429001.00 Z9 Z26 - 60858002.00 Z9 Z27 + 36338201.00 Z9 Z28 + 72676402.00 Z9 Z29 + 158906174.00 Z10 Z11 + 14942407.50 Z10 Z12 + 29884815.00 Z10 Z13 - 972554.00 Z10 Z14 - 1945108.00 Z10 Z15 - 15717639.00 Z10 Z16 - 31435278.00 Z10 Z17 + 19476608.00 Z10 Z18 + 38953216.00 Z10 Z19 - 12627107.00 Z10 Z20 - 25254214.00 Z10 Z21 - 686786.00 Z10 Z22 - 1373572.00 Z10 Z23 + 4224265.00 Z10 Z24 + 8448530.00 Z10 Z25 - 18307401.00 Z10 Z26 - 36614802.00 Z10 Z27 - 17874713.00 Z10 Z28 - 35749426.00 Z10 Z29 + 29884815.00 Z11 Z12 + 59769630.00 Z11 Z13 - 1945108.00 Z11 Z14 - 3890216.00 Z11 Z15 - 31435278.00 Z11 Z16 - 62870556.00 Z11 Z17 + 38953216.00 Z11 Z18 + 77906432.00 Z11 Z19 - 25254214.00 Z11 Z20 - 50508428.00 Z11 Z21 - 1373572.00 Z11 Z22 - 2747144.00 Z11 Z23 + 8448530.00 Z11 Z24 + 16897060.00 Z11 Z25 - 36614802.00 Z11 Z26 - 73229604.00 Z11 Z27 - 35749426.00 Z11 Z28 - 71498852.00 Z11 Z29 + 149805154.00 Z12 Z13 + 17453391.00 Z12 Z14 + 34906782.00 Z12 Z15 - 12186306.50 Z12 Z16 - 24372613.00 Z12 Z17 + 16755045.00 Z12 Z18 + 33510090.00 Z12 Z19 + 16229200.00 Z12 Z20 + 32458400.00 Z12 Z21 - 9326235.50 Z12 Z22 - 18652471.00 Z12 Z23 + 47611164.50 Z12 Z24 + 95222329.00 Z12 Z25 - 40503351.00 Z12 Z26 - 81006702.00 Z12 Z27 - 11417059.00 Z12 Z28 - 22834118.00 Z12 Z29 + 34906782.00 Z13 Z14 + 69813564.00 Z13 Z15 - 24372613.00 Z13 Z16 - 48745226.00 Z13 Z17 + 33510090.00 Z13 Z18 + 67020180.00 Z13 Z19 + 32458400.00 Z13 Z20 + 64916800.00 Z13 Z21 - 18652471.00 Z13 Z22 - 37304942.00 Z13 Z23 + 95222329.00 Z13 Z24 + 190444658.00 Z13 Z25 - 81006702.00 Z13 Z26 - 162013404.00 Z13 Z27 - 22834118.00 Z13 Z28 - 45668236.00 Z13 Z29 + 150284367.00 Z14 Z15 - 18344537.50 Z14 Z16 - 36689075.00 Z14 Z17 - 12343742.50 Z14 Z18 - 24687485.00 Z14 Z19 + 11390020.50 Z14 Z20 + 22780041.00 Z14 Z21 - 22740843.50 Z14 Z22 - 45481687.00 Z14 Z23 - 17058142.00 Z14 Z24 - 34116284.00 Z14 Z25 - 19979568.50 Z14 Z26 - 39959137.00 Z14 Z27 - 7325647.00 Z14 Z28 - 14651294.00 Z14 Z29 - 36689075.00 Z15 Z16 - 73378150.00 Z15 Z17 - 24687485.00 Z15 Z18 - 49374970.00 Z15 Z19 + 22780041.00 Z15 Z20 + 45560082.00 Z15 Z21 - 45481687.00 Z15 Z22 - 90963374.00 Z15 Z23 - 34116284.00 Z15 Z24 - 68232568.00 Z15 Z25 - 39959137.00 Z15 Z26 - 79918274.00 Z15 Z27 - 14651294.00 Z15 Z28 - 29302588.00 Z15 Z29 + 164514626.00 Z16 Z17 + 3710590.00 Z16 Z18 + 7421180.00 Z16 Z19 - 14401266.50 Z16 Z20 - 28802533.00 Z16 Z21 + 13354988.50 Z16 Z22 + 26709977.00 Z16 Z23 + 713549.00 Z16 Z24 + 1427098.00 Z16 Z25 + 18674495.00 Z16 Z26 + 37348990.00 Z16 Z27 + 7361957.50 Z16 Z28 + 14723915.00 Z16 Z29 + 7421180.00 Z17 Z18 + 14842360.00 Z17 Z19 - 28802533.00 Z17 Z20 - 57605066.00 Z17 Z21 + 26709977.00 Z17 Z22 + 53419954.00[[2022-02-04 11:02:31]][WARNING] Beware of overflows!! Create gmp qiskit or normalize to lower vals
[[2022-02-04 11:02:31]][WARNING] Normalization is probably best solution
[[2022-02-04 11:02:31]][WARNING] Before VQE run
[[2022-02-04 11:02:31]][INFO] 30 qubits
[[2022-02-04 11:02:31]][DEBUG] Before ansatz gen
[[2022-02-04 11:02:31]][DEBUG] After ansatz gen
[[2022-02-04 11:02:31]][DEBUG] Executing vqe
 Z17 Z23 + 1427098.00 Z17 Z24 + 2854196.00 Z17 Z25 + 37348990.00 Z17 Z26 + 74697980.00 Z17 Z27 + 14723915.00 Z17 Z28 + 29447830.00 Z17 Z29 + 153527032.00 Z18 Z19 + 21766447.00 Z18 Z20 + 43532894.00 Z18 Z21 + 9778825.50 Z18 Z22 + 19557651.00 Z18 Z23 + 7639973.00 Z18 Z24 + 15279946.00 Z18 Z25 + 9488329.00 Z18 Z26 + 18976658.00 Z18 Z27 - 13203546.50 Z18 Z28 - 26407093.00 Z18 Z29 + 43532894.00 Z19 Z20 + 87065788.00 Z19 Z21 + 19557651.00 Z19 Z22 + 39115302.00 Z19 Z23 + 15279946.00 Z19 Z24 + 30559892.00 Z19 Z25 + 18976658.00 Z19 Z26 + 37953316.00 Z19 Z27 - 26407093.00 Z19 Z28 - 52814186.00 Z19 Z29 + 123783480.00 Z20 Z21 + 12104190.50 Z20 Z22 + 24208381.00 Z20 Z23 + 12016312.50 Z20 Z24 + 24032625.00 Z20 Z25 + 9975239.50 Z20 Z26 + 19950479.00 Z20 Z27 - 24867833.00 Z20 Z28 - 49735666.00 Z20 Z29 + 24208381.00 Z21 Z22 + 48416762.00 Z21 Z23 + 24032625.00 Z21 Z24 + 48065250.00 Z21 Z25 + 19950479.00 Z21 Z26 + 39900958.00 Z21 Z27 - 49735666.00 Z21 Z28 - 99471332.00 Z21 Z29 + 150037739.00 Z22 Z23 + 21035663.00 Z22 Z24 + 42071326.00 Z22 Z25 + 21010479.50 Z22 Z26 + 42020959.00 Z22 Z27 - 31338391.00 Z22 Z28 - 62676782.00 Z22 Z29 + 42071326.00 Z23 Z24 + 84142652.00 Z23 Z25 + 42020959.00 Z23 Z26 + 84041918.00 Z23 Z27 - 62676782.00 Z23 Z28 - 125353564.00 Z23 Z29 + 202761512.00 Z24 Z25 - 26460226.00 Z24 Z26 - 52920452.00 Z24 Z27 - 2521595.50 Z24 Z28 - 5043191.00 Z24 Z29 - 52920452.00 Z25 Z26 - 105840904.00 Z25 Z27 - 5043191.00 Z25 Z28 - 10086382.00 Z25 Z29 + 185032033.00 Z26 Z27 - 487748.00 Z26 Z28 - 975496.00 Z26 Z29 - 975496.00 Z27 Z28 - 1950992.00 Z27 Z29 + 163123001.00 Z28 Z29

    Variables (total 30):
	Z0
	Z1
	Z2
	Z3
	Z4
	Z5
	Z6
	Z7
	Z8
	Z9
	Z10
	Z11
	Z12
	Z13
	Z14
	Z15
	Z16
	Z17
	Z18
	Z19
	Z20
	Z21
	Z22
	Z23
	Z24
	Z25
	Z26
	Z27
	Z28
	Z29

[[2022-02-04 11:02:31]][DEBUG] Initializing 30 qubits
[[2022-02-04 11:02:31]][DEBUG] Setting quest seed to 1997
[[2022-02-04 11:19:58]][ERROR] Here we have not exluded zero
[[2022-02-04 11:20:14]][ERROR] Tried to exclude something else than zero ground state! Did you run qaoa?
[[2022-02-04 11:20:35]][WARNING] f: Constant Alpha: 0.175000
[[2022-02-04 11:20:35]][WARNING] are these really good ones?
1494091581.109562158584595 0.000000000088047
p:1.578907387940692 -1.041674307270643 0.893686347197636 -0.298864998375595 -0.391725397040912 -0.218424147831614 1.989821489662518 -1.138344267326241 1.364510838917564 0.911180931235617 -0.595674788213814 0.837185368109496 1.954756376785298 -1.254254966305327 -0.603298464486557 0.616730971617399 -1.229472717678183 -0.332772977350787 -1.043911337869680 -1.123122751773332 1.577203848070601 1.447423579639774 0.683111601930868 1.074705744375733 -1.519248341962202 -1.315807113402051 1.331418269936808 1.651220348879793 -1.846026106911478 -1.399416260728053 1.260827147106643 1.478030090720479 -0.819377572331712 0.001964389359568 -0.271737747943377 0.408533792027434 1.150259323979276 -1.616516264602804 0.700265434272836 -1.818120918112107 -0.529384297414910 1.950867373285635 -1.954134723258194 1.344488002020958 1.475495676924500 1.859846251380116 -1.799327307010459 1.537512339821074 1.479000514519351 1.651601313222922 1.854365802221577 1.505414881815123 1.463810640828430 -0.133127312514637 -1.274894884116816 -1.944374025138954 0.141469112053180 -1.661157937683161 -0.556639155829159 -0.712689588608380 
1493101204.171716213226318 0.000000000024327
p:2.750921337485173 -1.041674307270643 0.893686347197636 -0.298864998375595 -0.391725397040912 -0.218424147831614 1.989821489662518 -1.138344267326241 1.364510838917564 0.911180931235617 -0.595674788213814 0.837185368109496 1.954756376785298 -1.254254966305327 -0.603298464486557 0.616730971617399 -1.229472717678183 -0.332772977350787 -1.043911337869680 -1.123122751773332 1.577203848070601 1.447423579639774 0.683111601930868 1.074705744375733 -1.519248341962202 -1.315807113402051 1.331418269936808 1.651220348879793 -1.846026106911478 -1.399416260728053 1.260827147106643 1.478030090720479 -0.819377572331712 0.001964389359568 -0.271737747943377 0.408533792027434 1.150259323979276 -1.616516264602804 0.700265434272836 -1.818120918112107 -0.529384297414910 1.950867373285635 -1.954134723258194 1.344488002020958 1.475495676924500 1.859846251380116 -1.799327307010459 1.537512339821074 1.479000514519351 1.651601313222922 1.854365802221577 1.505414881815123 1.463810640828430 -0.133127312514637 -1.274894884116816 -1.944374025138954 0.141469112053180 -1.661157937683161 -0.556639155829159 -0.712689588608380 
1491880528.487146854400635 0.000000000064976
p:2.750921337485173 0.529122019729357 0.893686347197636 -0.298864998375595 -0.391725397040912 -0.218424147831614 1.989821489662518 -1.138344267326241 1.364510838917564 0.911180931235617 -0.595674788213814 0.837185368109496 1.954756376785298 -1.254254966305327 -0.603298464486557 0.616730971617399 -1.229472717678183 -0.332772977350787 -1.043911337869680 -1.123122751773332 1.577203848070601 1.447423579639774 0.683111601930868 1.074705744375733 -1.519248341962202 -1.315807113402051 1.331418269936808 1.651220348879793 -1.846026106911478 -1.399416260728053 1.260827147106643 1.478030090720479 -0.819377572331712 0.001964389359568 -0.271737747943377 0.408533792027434 1.150259323979276 -1.616516264602804 0.700265434272836 -1.818120918112107 -0.529384297414910 1.950867373285635 -1.954134723258194 1.344488002020958 1.475495676924500 1.859846251380116 -1.799327307010459 1.537512339821074 1.479000514519351 1.651601313222922 1.854365802221577 1.505414881815123 1.463810640828430 -0.133127312514637 -1.274894884116816 -1.944374025138954 0.141469112053180 -1.661157937683161 -0.556639155829159 -0.712689588608380 
1493944393.374085903167725 0.000000000014453
p:2.750921337485173 0.529122019729357 2.464482674197637 -0.298864998375595 -0.391725397040912 -0.218424147831614 1.989821489662518 -1.138344267326241 1.364510838917564 0.911180931235617 -0.595674788213814 0.837185368109496 1.954756376785298 -1.254254966305327 -0.603298464486557 0.616730971617399 -1.229472717678183 -0.332772977350787 -1.043911337869680 -1.123122751773332 1.577203848070601 1.447423579639774 0.683111601930868 1.074705744375733 -1.519248341962202 -1.315807113402051 1.331418269936808 1.651220348879793 -1.846026106911478 -1.399416260728053 1.260827147106643 1.478030090720479 -0.819377572331712 0.001964389359568 -0.271737747943377 0.408533792027434 1.150259323979276 -1.616516264602804 0.700265434272836 -1.818120918112107 -0.529384297414910 1.950867373285635 -1.954134723258194 1.344488002020958 1.475495676924500 1.859846251380116 -1.799327307010459 1.537512339821074 1.479000514519351 1.651601313222922 1.854365802221577 1.505414881815123 1.463810640828430 -0.133127312514637 -1.274894884116816 -1.944374025138954 0.141469112053180 -1.661157937683161 -0.556639155829159 -0.712689588608380 
1480562930.901695728302002 0.000000001032833
p:2.750921337485173 0.529122019729357 0.893686347197636 1.271931328624405 -0.391725397040912 -0.218424147831614 1.989821489662518 -1.138344267326241 1.364510838917564 0.911180931235617 -0.595674788213814 0.837185368109496 1.954756376785298 -1.254254966305327 -0.603298464486557 0.616730971617399 -1.229472717678183 -0.332772977350787 -1.043911337869680 -1.123122751773332 1.577203848070601 1.447423579639774 0.683111601930868 1.074705744375733 -1.519248341962202 -1.315807113402051 1.331418269936808 1.651220348879793 -1.846026106911478 -1.399416260728053 1.260827147106643 1.478030090720479 -0.819377572331712 0.001964389359568 -0.271737747943377 0.408533792027434 1.150259323979276 -1.616516264602804 0.700265434272836 -1.818120918112107 -0.529384297414910 1.950867373285635 -1.954134723258194 1.344488002020958 1.475495676924500 1.859846251380116 -1.799327307010459 1.537512339821074 1.479000514519351 1.651601313222922 1.854365802221577 1.505414881815123 1.463810640828430 -0.133127312514637 -1.274894884116816 -1.944374025138954 0.141469112053180 -1.661157937683161 -0.556639155829159 -0.712689588608380 
1545383840.888770580291748 0.000000003391436
p:2.750921337485173 0.529122019729357 0.893686347197636 1.271931328624405 1.179070929959088 -0.218424147831614 1.989821489662518 -1.138344267326241 1.364510838917564 0.911180931235617 -0.595674788213814 0.837185368109496 1.954756376785298 -1.254254966305327 -0.603298464486557 0.616730971617399 -1.229472717678183 -0.332772977350787 -1.043911337869680 -1.123122751773332 1.577203848070601 1.447423579639774 0.683111601930868 1.074705744375733 -1.519248341962202 -1.315807113402051 1.331418269936808 1.651220348879793 -1.846026106911478 -1.399416260728053 1.260827147106643 1.478030090720479 -0.819377572331712 0.001964389359568 -0.271737747943377 0.408533792027434 1.150259323979276 -1.616516264602804 0.700265434272836 -1.818120918112107 -0.529384297414910 1.950867373285635 -1.954134723258194 1.344488002020958 1.475495676924500 1.859846251380116 -1.799327307010459 1.537512339821074 1.479000514519351 1.651601313222922 1.854365802221577 1.505414881815123 1.463810640828430 -0.133127312514637 -1.274894884116816 -1.944374025138954 0.141469112053180 -1.661157937683161 -0.556639155829159 -0.712689588608380 
1498617483.151185750961304 0.000000000610179
p:2.750921337485173 0.529122019729357 0.893686347197636 1.271931328624405 -0.391725397040912 1.352372179168386 1.989821489662518 -1.138344267326241 1.364510838917564 0.911180931235617 -0.595674788213814 0.837185368109496 1.954756376785298 -1.254254966305327 -0.603298464486557 0.616730971617399 -1.229472717678183 -0.332772977350787 -1.043911337869680 -1.123122751773332 1.577203848070601 1.447423579639774 0.683111601930868 1.074705744375733 -1.519248341962202 -1.315807113402051 1.331418269936808 1.651220348879793 -1.846026106911478 -1.399416260728053 1.260827147106643 1.478030090720479 -0.819377572331712 0.001964389359568 -0.271737747943377 0.408533792027434 1.150259323979276 -1.616516264602804 0.700265434272836 -1.818120918112107 -0.529384297414910 1.950867373285635 -1.954134723258194 1.344488002020958 1.475495676924500 1.859846251380116 -1.799327307010459 1.537512339821074 1.479000514519351 1.651601313222922 1.854365802221577 1.505414881815123 1.463810640828430 -0.133127312514637 -1.274894884116816 -1.944374025138954 0.141469112053180 -1.661157937683161 -0.556639155829159 -0.712689588608380 
1470368761.112107276916504 0.000000000480156
p:2.750921337485173 0.529122019729357 0.893686347197636 1.271931328624405 -0.391725397040912 -0.218424147831614 2.853649862915629 -1.138344267326241 1.364510838917564 0.911180931235617 -0.595674788213814 0.837185368109496 1.954756376785298 -1.254254966305327 -0.603298464486557 0.616730971617399 -1.229472717678183 -0.332772977350787 -1.043911337869680 -1.123122751773332 1.577203848070601 1.447423579639774 0.683111601930868 1.074705744375733 -1.519248341962202 -1.315807113402051 1.331418269936808 1.651220348879793 -1.846026106911478 -1.399416260728053 1.260827147106643 1.478030090720479 -0.819377572331712 0.001964389359568 -0.271737747943377 0.408533792027434 1.150259323979276 -1.616516264602804 0.700265434272836 -1.818120918112107 -0.529384297414910 1.950867373285635 -1.954134723258194 1.344488002020958 1.475495676924500 1.859846251380116 -1.799327307010459 1.537512339821074 1.479000514519351 1.651601313222922 1.854365802221577 1.505414881815123 1.463810640828430 -0.133127312514637 -1.274894884116816 -1.944374025138954 0.141469112053180 -1.661157937683161 -0.556639155829159 -0.712689588608380 
1470975494.843741416931152 0.000000000020673
p:2.750921337485173 0.529122019729357 0.893686347197636 1.271931328624405 -0.391725397040912 -0.218424147831614 2.853649862915629 0.432452059673759 1.364510838917564 0.911180931235617 -0.595674788213814 0.837185368109496 1.954756376785298 -1.254254966305327 -0.603298464486557 0.616730971617399 -1.229472717678183 -0.332772977350787 -1.043911337869680 -1.123122751773332 1.577203848070601 1.447423579639774 0.683111601930868 1.074705744375733 -1.519248341962202 -1.315807113402051 1.331418269936808 1.651220348879793 -1.846026106911478 -1.399416260728053 1.260827147106643 1.478030090720479 -0.819377572331712 0.001964389359568 -0.271737747943377 0.408533792027434 1.150259323979276 -1.616516264602804 0.700265434272836 -1.818120918112107 -0.529384297414910 1.950867373285635 -1.954134723258194 1.344488002020958 1.475495676924500 1.859846251380116 -1.799327307010459 1.537512339821074 1.479000514519351 1.651601313222922 1.854365802221577 1.505414881815123 1.463810640828430 -0.133127312514637 -1.274894884116816 -1.944374025138954 0.141469112053180 -1.661157937683161 -0.556639155829159 -0.712689588608380 
1536648493.267429590225220 0.000000000001240
p:2.750921337485173 0.529122019729357 0.893686347197636 1.271931328624405 -0.391725397040912 -0.218424147831614 2.853649862915629 -1.138344267326241 2.935307165917564 0.911180931235617 -0.595674788213814 0.837185368109496 1.954756376785298 -1.254254966305327 -0.603298464486557 0.616730971617399 -1.229472717678183 -0.332772977350787 -1.043911337869680 -1.123122751773332 1.577203848070601 1.447423579639774 0.683111601930868 1.074705744375733 -1.519248341962202 -1.315807113402051 1.331418269936808 1.651220348879793 -1.846026106911478 -1.399416260728053 1.260827147106643 1.478030090720479 -0.819377572331712 0.001964389359568 -0.271737747943377 0.408533792027434 1.150259323979276 -1.616516264602804 0.700265434272836 -1.818120918112107 -0.529384297414910 1.950867373285635 -1.954134723258194 1.344488002020958 1.475495676924500 1.859846251380116 -1.799327307010459 1.537512339821074 1.479000514519351 1.651601313222922 1.854365802221577 1.505414881815123 1.463810640828430 -0.133127312514637 -1.274894884116816 -1.944374025138954 0.141469112053180 -1.661157937683161 -0.556639155829159 -0.712689588608380 
1468433230.557711362838745 0.000000000008578
p:2.750921337485173 0.529122019729357 0.893686347197636 1.271931328624405 -0.391725397040912 -0.218424147831614 2.853649862915629 -1.138344267326241 1.364510838917564 2.481977258235617 -0.595674788213814 0.837185368109496 1.954756376785298 -1.254254966305327 -0.603298464486557 0.616730971617399 -1.229472717678183 -0.332772977350787 -1.043911337869680 -1.123122751773332 1.577203848070601 1.447423579639774 0.683111601930868 1.074705744375733 -1.519248341962202 -1.315807113402051 1.331418269936808 1.651220348879793 -1.846026106911478 -1.399416260728053 1.260827147106643 1.478030090720479 -0.819377572331712 0.001964389359568 -0.271737747943377 0.408533792027434 1.150259323979276 -1.616516264602804 0.700265434272836 -1.818120918112107 -0.529384297414910 1.950867373285635 -1.954134723258194 1.344488002020958 1.475495676924500 1.859846251380116 -1.799327307010459 1.537512339821074 1.479000514519351 1.651601313222922 1.854365802221577 1.505414881815123 1.463810640828430 -0.133127312514637 -1.274894884116816 -1.944374025138954 0.141469112053180 -1.661157937683161 -0.556639155829159 -0.712689588608380 
1487069175.952862977981567 0.000000000055105
p:2.750921337485173 0.529122019729357 0.893686347197636 1.271931328624405 -0.391725397040912 -0.218424147831614 2.853649862915629 -1.138344267326241 1.364510838917564 2.481977258235617 0.975121538786186 0.837185368109496 1.954756376785298 -1.254254966305327 -0.603298464486557 0.616730971617399 -1.229472717678183 -0.332772977350787 -1.043911337869680 -1.123122751773332 1.577203848070601 1.447423579639774 0.683111601930868 1.074705744375733 -1.519248341962202 -1.315807113402051 1.331418269936808 1.651220348879793 -1.846026106911478 -1.399416260728053 1.260827147106643 1.478030090720479 -0.819377572331712 0.001964389359568 -0.271737747943377 0.408533792027434 1.150259323979276 -1.616516264602804 0.700265434272836 -1.818120918112107 -0.529384297414910 1.950867373285635 -1.954134723258194 1.344488002020958 1.475495676924500 1.859846251380116 -1.799327307010459 1.537512339821074 1.479000514519351 1.651601313222922 1.854365802221577 1.505414881815123 1.463810640828430 -0.133127312514637 -1.274894884116816 -1.944374025138954 0.141469112053180 -1.661157937683161 -0.556639155829159 -0.712689588608380 
1493738296.970031738281250 0.000000000186409
p:2.750921337485173 0.529122019729357 0.893686347197636 1.271931328624405 -0.391725397040912 -0.218424147831614 2.853649862915629 -1.138344267326241 1.364510838917564 2.481977258235617 -0.595674788213814 2.407981695109496 1.954756376785298 -1.254254966305327 -0.603298464486557 0.616730971617399 -1.229472717678183 -0.332772977350787 -1.043911337869680 -1.123122751773332 1.577203848070601 1.447423579639774 0.683111601930868 1.074705744375733 -1.519248341962202 -1.315807113402051 1.331418269936808 1.651220348879793 -1.846026106911478 -1.399416260728053 1.260827147106643 1.478030090720479 -0.819377572331712 0.001964389359568 -0.271737747943377 0.408533792027434 1.150259323979276 -1.616516264602804 0.700265434272836 -1.818120918112107 -0.529384297414910 1.950867373285635 -1.954134723258194 1.344488002020958 1.475495676924500 1.859846251380116 -1.799327307010459 1.537512339821074 1.479000514519351 1.651601313222922 1.854365802221577 1.505414881815123 1.463810640828430 -0.133127312514637 -1.274894884116816 -1.944374025138954 0.141469112053180 -1.661157937683161 -0.556639155829159 -0.712689588608380 
1468433646.850129604339600 0.000000000121943
p:2.750921337485173 0.529122019729357 0.893686347197636 1.271931328624405 -0.391725397040912 -0.218424147831614 2.853649862915629 -1.138344267326241 1.364510838917564 2.481977258235617 -0.595674788213814 0.837185368109496 2.844883584696325 -1.254254966305327 -0.603298464486557 0.616730971617399 -1.229472717678183 -0.332772977350787 -1.043911337869680 -1.123122751773332 1.577203848070601 1.447423579639774 0.683111601930868 1.074705744375733 -1.519248341962202 -1.315807113402051 1.331418269936808 1.651220348879793 -1.846026106911478 -1.399416260728053 1.260827147106643 1.478030090720479 -0.819377572331712 0.001964389359568 -0.271737747943377 0.408533792027434 1.150259323979276 -1.616516264602804 0.700265434272836 -1.818120918112107 -0.529384297414910 1.950867373285635 -1.954134723258194 1.344488002020958 1.475495676924500 1.859846251380116 -1.799327307010459 1.537512339821074 1.479000514519351 1.651601313222922 1.854365802221577 1.505414881815123 1.463810640828430 -0.133127312514637 -1.274894884116816 -1.944374025138954 0.141469112053180 -1.661157937683161 -0.556639155829159 -0.712689588608380 
1470270969.821065187454224 0.000000000344201
p:2.750921337485173 0.529122019729357 0.893686347197636 1.271931328624405 -0.391725397040912 -0.218424147831614 2.853649862915629 -1.138344267326241 1.364510838917564 2.481977258235617 -0.595674788213814 0.837185368109496 1.954756376785298 0.316541360694673 -0.603298464486557 0.616730971617399 -1.229472717678183 -0.332772977350787 -1.043911337869680 -1.123122751773332 1.577203848070601 1.447423579639774 0.683111601930868 1.074705744375733 -1.519248341962202 -1.315807113402051 1.331418269936808 1.651220348879793 -1.846026106911478 -1.399416260728053 1.260827147106643 1.478030090720479 -0.819377572331712 0.001964389359568 -0.271737747943377 0.408533792027434 1.150259323979276 -1.616516264602804 0.700265434272836 -1.818120918112107 -0.529384297414910 1.950867373285635 -1.954134723258194 1.344488002020958 1.475495676924500 1.859846251380116 -1.799327307010459 1.537512339821074 1.479000514519351 1.651601313222922 1.854365802221577 1.505414881815123 1.463810640828430 -0.133127312514637 -1.274894884116816 -1.944374025138954 0.141469112053180 -1.661157937683161 -0.556639155829159 -0.712689588608380 
1471371453.508691787719727 0.000000000377557
p:2.750921337485173 0.529122019729357 0.893686347197636 1.271931328624405 -0.391725397040912 -0.218424147831614 2.853649862915629 -1.138344267326241 1.364510838917564 2.481977258235617 -0.595674788213814 0.837185368109496 1.954756376785298 -1.254254966305327 0.967497862513443 0.616730971617399 -1.229472717678183 -0.332772977350787 -1.043911337869680 -1.123122751773332 1.577203848070601 1.447423579639774 0.683111601930868 1.074705744375733 -1.519248341962202 -1.315807113402051 1.331418269936808 1.651220348879793 -1.846026106911478 -1.399416260728053 1.260827147106643 1.478030090720479 -0.819377572331712 0.001964389359568 -0.271737747943377 0.408533792027434 1.150259323979276 -1.616516264602804 0.700265434272836 -1.818120918112107 -0.529384297414910 1.950867373285635 -1.954134723258194 1.344488002020958 1.475495676924500 1.859846251380116 -1.799327307010459 1.537512339821074 1.479000514519351 1.651601313222922 1.854365802221577 1.505414881815123 1.463810640828430 -0.133127312514637 -1.274894884116816 -1.944374025138954 0.141469112053180 -1.661157937683161 -0.556639155829159 -0.712689588608380 
1459772578.248766899108887 0.000000000313208
p:2.750921337485173 0.529122019729357 0.893686347197636 1.271931328624405 -0.391725397040912 -0.218424147831614 2.853649862915629 -1.138344267326241 1.364510838917564 2.481977258235617 -0.595674788213814 0.837185368109496 1.954756376785298 -1.254254966305327 -0.603298464486557 2.187527298617399 -1.229472717678183 -0.332772977350787 -1.043911337869680 -1.123122751773332 1.577203848070601 1.447423579639774 0.683111601930868 1.074705744375733 -1.519248341962202 -1.315807113402051 1.331418269936808 1.651220348879793 -1.846026106911478 -1.399416260728053 1.260827147106643 1.478030090720479 -0.819377572331712 0.001964389359568 -0.271737747943377 0.408533792027434 1.150259323979276 -1.616516264602804 0.700265434272836 -1.818120918112107 -0.529384297414910 1.950867373285635 -1.954134723258194 1.344488002020958 1.475495676924500 1.859846251380116 -1.799327307010459 1.537512339821074 1.479000514519351 1.651601313222922 1.854365802221577 1.505414881815123 1.463810640828430 -0.133127312514637 -1.274894884116816 -1.944374025138954 0.141469112053180 -1.661157937683161 -0.556639155829159 -0.712689588608380 
1467613258.261225461959839 0.000000000048393
p:2.750921337485173 0.529122019729357 0.893686347197636 1.271931328624405 -0.391725397040912 -0.218424147831614 2.853649862915629 -1.138344267326241 1.364510838917564 2.481977258235617 -0.595674788213814 0.837185368109496 1.954756376785298 -1.254254966305327 -0.603298464486557 2.187527298617399 0.341323609321817 -0.332772977350787 -1.043911337869680 -1.123122751773332 1.577203848070601 1.447423579639774 0.683111601930868 1.074705744375733 -1.519248341962202 -1.315807113402051 1.331418269936808 1.651220348879793 -1.846026106911478 -1.399416260728053 1.260827147106643 1.478030090720479 -0.819377572331712 0.001964389359568 -0.271737747943377 0.408533792027434 1.150259323979276 -1.616516264602804 0.700265434272836 -1.818120918112107 -0.529384297414910 1.950867373285635 -1.954134723258194 1.344488002020958 1.475495676924500 1.859846251380116 -1.799327307010459 1.537512339821074 1.479000514519351 1.651601313222922 1.854365802221577 1.505414881815123 1.463810640828430 -0.133127312514637 -1.274894884116816 -1.944374025138954 0.141469112053180 -1.661157937683161 -0.556639155829159 -0.712689588608380 
1460235442.454779863357544 0.000000000777828
p:2.750921337485173 0.529122019729357 0.893686347197636 1.271931328624405 -0.391725397040912 -0.218424147831614 2.853649862915629 -1.138344267326241 1.364510838917564 2.481977258235617 -0.595674788213814 0.837185368109496 1.954756376785298 -1.254254966305327 -0.603298464486557 2.187527298617399 -1.229472717678183 1.238023349649213 -1.043911337869680 -1.123122751773332 1.577203848070601 1.447423579639774 0.683111601930868 1.074705744375733 -1.519248341962202 -1.315807113402051 1.331418269936808 1.651220348879793 -1.846026106911478 -1.399416260728053 1.260827147106643 1.478030090720479 -0.819377572331712 0.001964389359568 -0.271737747943377 0.408533792027434 1.150259323979276 -1.616516264602804 0.700265434272836 -1.818120918112107 -0.529384297414910 1.950867373285635 -1.954134723258194 1.344488002020958 1.475495676924500 1.859846251380116 -1.799327307010459 1.537512339821074 1.479000514519351 1.651601313222922 1.854365802221577 1.505414881815123 1.463810640828430 -0.133127312514637 -1.274894884116816 -1.944374025138954 0.141469112053180 -1.661157937683161 -0.556639155829159 -0.712689588608380 
1457076327.258622169494629 0.000000000808674
p:2.750921337485173 0.529122019729357 0.893686347197636 1.271931328624405 -0.391725397040912 -0.218424147831614 2.853649862915629 -1.138344267326241 1.364510838917564 2.481977258235617 -0.595674788213814 0.837185368109496 1.954756376785298 -1.254254966305327 -0.603298464486557 2.187527298617399 -1.229472717678183 -0.332772977350787 0.526884989130320 -1.123122751773332 1.577203848070601 1.447423579639774 0.683111601930868 1.074705744375733 -1.519248341962202 -1.315807113402051 1.331418269936808 1.651220348879793 -1.846026106911478 -1.399416260728053 1.260827147106643 1.478030090720479 -0.819377572331712 0.001964389359568 -0.271737747943377 0.408533792027434 1.150259323979276 -1.616516264602804 0.700265434272836 -1.818120918112107 -0.529384297414910 1.950867373285635 -1.954134723258194 1.344488002020958 1.475495676924500 1.859846251380116 -1.799327307010459 1.537512339821074 1.479000514519351 1.651601313222922 1.854365802221577 1.505414881815123 1.463810640828430 -0.133127312514637 -1.274894884116816 -1.944374025138954 0.141469112053180 -1.661157937683161 -0.556639155829159 -0.712689588608380 
1457506299.145796298980713 0.000000000327951
p:2.750921337485173 0.529122019729357 0.893686347197636 1.271931328624405 -0.391725397040912 -0.218424147831614 2.853649862915629 -1.138344267326241 1.364510838917564 2.481977258235617 -0.595674788213814 0.837185368109496 1.954756376785298 -1.254254966305327 -0.603298464486557 2.187527298617399 -1.229472717678183 -0.332772977350787 0.526884989130320 0.447673575226668 1.577203848070601 1.447423579639774 0.683111601930868 1.074705744375733 -1.519248341962202 -1.315807113402051 1.331418269936808 1.651220348879793 -1.846026106911478 -1.399416260728053 1.260827147106643 1.478030090720479 -0.819377572331712 0.001964389359568 -0.271737747943377 0.408533792027434 1.150259323979276 -1.616516264602804 0.700265434272836 -1.818120918112107 -0.529384297414910 1.950867373285635 -1.954134723258194 1.344488002020958 1.475495676924500 1.859846251380116 -1.799327307010459 1.537512339821074 1.479000514519351 1.651601313222922 1.854365802221577 1.505414881815123 1.463810640828430 -0.133127312514637 -1.274894884116816 -1.944374025138954 0.141469112053180 -1.661157937683161 -0.556639155829159 -0.712689588608380 
1423827007.626753330230713 0.000000000944781
p:2.750921337485173 0.529122019729357 0.893686347197636 1.271931328624405 -0.391725397040912 -0.218424147831614 2.853649862915629 -1.138344267326241 1.364510838917564 2.481977258235617 -0.595674788213814 0.837185368109496 1.954756376785298 -1.254254966305327 -0.603298464486557 2.187527298617399 -1.229472717678183 -0.332772977350787 0.526884989130320 -1.123122751773332 2.750495452517650 1.447423579639774 0.683111601930868 1.074705744375733 -1.519248341962202 -1.315807113402051 1.331418269936808 1.651220348879793 -1.846026106911478 -1.399416260728053 1.260827147106643 1.478030090720479 -0.819377572331712 0.001964389359568 -0.271737747943377 0.408533792027434 1.150259323979276 -1.616516264602804 0.700265434272836 -1.818120918112107 -0.529384297414910 1.950867373285635 -1.954134723258194 1.344488002020958 1.475495676924500 1.859846251380116 -1.799327307010459 1.537512339821074 1.479000514519351 1.651601313222922 1.854365802221577 1.505414881815123 1.463810640828430 -0.133127312514637 -1.274894884116816 -1.944374025138954 0.141469112053180 -1.661157937683161 -0.556639155829159 -0.712689588608380 
1425190129.500799655914307 0.000000000922147
p:2.750921337485173 0.529122019729357 0.893686347197636 1.271931328624405 -0.391725397040912 -0.218424147831614 2.853649862915629 -1.138344267326241 1.364510838917564 2.481977258235617 -0.595674788213814 0.837185368109496 1.954756376785298 -1.254254966305327 -0.603298464486557 2.187527298617399 -1.229472717678183 -0.332772977350787 0.526884989130320 -1.123122751773332 2.750495452517650 3.018219906639774 0.683111601930868 1.074705744375733 -1.519248341962202 -1.315807113402051 1.331418269936808 1.651220348879793 -1.846026106911478 -1.399416260728053 1.260827147106643 1.478030090720479 -0.819377572331712 0.001964389359568 -0.271737747943377 0.408533792027434 1.150259323979276 -1.616516264602804 0.700265434272836 -1.818120918112107 -0.529384297414910 1.950867373285635 -1.954134723258194 1.344488002020958 1.475495676924500 1.859846251380116 -1.799327307010459 1.537512339821074 1.479000514519351 1.651601313222922 1.854365802221577 1.505414881815123 1.463810640828430 -0.133127312514637 -1.274894884116816 -1.944374025138954 0.141469112053180 -1.661157937683161 -0.556639155829159 -0.712689588608380 
1425849914.675355911254883 0.000000000967425
p:2.750921337485173 0.529122019729357 0.893686347197636 1.271931328624405 -0.391725397040912 -0.218424147831614 2.853649862915629 -1.138344267326241 1.364510838917564 2.481977258235617 -0.595674788213814 0.837185368109496 1.954756376785298 -1.254254966305327 -0.603298464486557 2.187527298617399 -1.229472717678183 -0.332772977350787 0.526884989130320 -1.123122751773332 2.750495452517650 1.447423579639774 2.253907928930868 1.074705744375733 -1.519248341962202 -1.315807113402051 1.331418269936808 1.651220348879793 -1.846026106911478 -1.399416260728053 1.260827147106643 1.478030090720479 -0.819377572331712 0.001964389359568 -0.271737747943377 0.408533792027434 1.150259323979276 -1.616516264602804 0.700265434272836 -1.818120918112107 -0.529384297414910 1.950867373285635 -1.954134723258194 1.344488002020958 1.475495676924500 1.859846251380116 -1.799327307010459 1.537512339821074 1.479000514519351 1.651601313222922 1.854365802221577 1.505414881815123 1.463810640828430 -0.133127312514637 -1.274894884116816 -1.944374025138954 0.141469112053180 -1.661157937683161 -0.556639155829159 -0.712689588608380 
1436794748.020512342453003 0.000000000090415
p:2.750921337485173 0.529122019729357 0.893686347197636 1.271931328624405 -0.391725397040912 -0.218424147831614 2.853649862915629 -1.138344267326241 1.364510838917564 2.481977258235617 -0.595674788213814 0.837185368109496 1.954756376785298 -1.254254966305327 -0.603298464486557 2.187527298617399 -1.229472717678183 -0.332772977350787 0.526884989130320 -1.123122751773332 2.750495452517650 1.447423579639774 0.683111601930868 2.645502071375733 -1.519248341962202 -1.315807113402051 1.331418269936808 1.651220348879793 -1.846026106911478 -1.399416260728053 1.260827147106643 1.478030090720479 -0.819377572331712 0.001964389359568 -0.271737747943377 0.408533792027434 1.150259323979276 -1.616516264602804 0.700265434272836 -1.818120918112107 -0.529384297414910 1.950867373285635 -1.954134723258194 1.344488002020958 1.475495676924500 1.859846251380116 -1.799327307010459 1.537512339821074 1.479000514519351 1.651601313222922 1.854365802221577 1.505414881815123 1.463810640828430 -0.133127312514637 -1.274894884116816 -1.944374025138954 0.141469112053180 -1.661157937683161 -0.556639155829159 -0.712689588608380 
1424497348.973298072814941 0.000000001205910
p:2.750921337485173 0.529122019729357 0.893686347197636 1.271931328624405 -0.391725397040912 -0.218424147831614 2.853649862915629 -1.138344267326241 1.364510838917564 2.481977258235617 -0.595674788213814 0.837185368109496 1.954756376785298 -1.254254966305327 -0.603298464486557 2.187527298617399 -1.229472717678183 -0.332772977350787 0.526884989130320 -1.123122751773332 2.750495452517650 1.447423579639774 0.683111601930868 1.074705744375733 0.051547985037798 -1.315807113402051 1.331418269936808 1.651220348879793 -1.846026106911478 -1.399416260728053 1.260827147106643 1.478030090720479 -0.819377572331712 0.001964389359568 -0.271737747943377 0.408533792027434 1.150259323979276 -1.616516264602804 0.700265434272836 -1.818120918112107 -0.529384297414910 1.950867373285635 -1.954134723258194 1.344488002020958 1.475495676924500 1.859846251380116 -1.799327307010459 1.537512339821074 1.479000514519351 1.651601313222922 1.854365802221577 1.505414881815123 1.463810640828430 -0.133127312514637 -1.274894884116816 -1.944374025138954 0.141469112053180 -1.661157937683161 -0.556639155829159 -0.712689588608380 
1422846512.641665935516357 0.000000000513075
p:2.750921337485173 0.529122019729357 0.893686347197636 1.271931328624405 -0.391725397040912 -0.218424147831614 2.853649862915629 -1.138344267326241 1.364510838917564 2.481977258235617 -0.595674788213814 0.837185368109496 1.954756376785298 -1.254254966305327 -0.603298464486557 2.187527298617399 -1.229472717678183 -0.332772977350787 0.526884989130320 -1.123122751773332 2.750495452517650 1.447423579639774 0.683111601930868 1.074705744375733 -1.519248341962202 0.254989213597949 1.331418269936808 1.651220348879793 -1.846026106911478 -1.399416260728053 1.260827147106643 1.478030090720479 -0.819377572331712 0.001964389359568 -0.271737747943377 0.408533792027434 1.150259323979276 -1.616516264602804 0.700265434272836 -1.818120918112107 -0.529384297414910 1.950867373285635 -1.954134723258194 1.344488002020958 1.475495676924500 1.859846251380116 -1.799327307010459 1.537512339821074 1.479000514519351 1.651601313222922 1.854365802221577 1.505414881815123 1.463810640828430 -0.133127312514637 -1.274894884116816 -1.944374025138954 0.141469112053180 -1.661157937683161 -0.556639155829159 -0.712689588608380 
1552237284.061454296112061 0.000000000001634
p:2.750921337485173 0.529122019729357 0.893686347197636 1.271931328624405 -0.391725397040912 -0.218424147831614 2.853649862915629 -1.138344267326241 1.364510838917564 2.481977258235617 -0.595674788213814 0.837185368109496 1.954756376785298 -1.254254966305327 -0.603298464486557 2.187527298617399 -1.229472717678183 -0.332772977350787 0.526884989130320 -1.123122751773332 2.750495452517650 1.447423579639774 0.683111601930868 1.074705744375733 -1.519248341962202 0.254989213597949 2.902214596936809 1.651220348879793 -1.846026106911478 -1.399416260728053 1.260827147106643 1.478030090720479 -0.819377572331712 0.001964389359568 -0.271737747943377 0.408533792027434 1.150259323979276 -1.616516264602804 0.700265434272836 -1.818120918112107 -0.529384297414910 1.950867373285635 -1.954134723258194 1.344488002020958 1.475495676924500 1.859846251380116 -1.799327307010459 1.537512339821074 1.479000514519351 1.651601313222922 1.854365802221577 1.505414881815123 1.463810640828430 -0.133127312514637 -1.274894884116816 -1.944374025138954 0.141469112053180 -1.661157937683161 -0.556639155829159 -0.712689588608380 
1422223770.999744653701782 0.000000001222622
p:2.750921337485173 0.529122019729357 0.893686347197636 1.271931328624405 -0.391725397040912 -0.218424147831614 2.853649862915629 -1.138344267326241 1.364510838917564 2.481977258235617 -0.595674788213814 0.837185368109496 1.954756376785298 -1.254254966305327 -0.603298464486557 2.187527298617399 -1.229472717678183 -0.332772977350787 0.526884989130320 -1.123122751773332 2.750495452517650 1.447423579639774 0.683111601930868 1.074705744375733 -1.519248341962202 0.254989213597949 1.331418269936808 2.768999577719948 -1.846026106911478 -1.399416260728053 1.260827147106643 1.478030090720479 -0.819377572331712 0.001964389359568 -0.271737747943377 0.408533792027434 1.150259323979276 -1.616516264602804 0.700265434272836 -1.818120918112107 -0.529384297414910 1.950867373285635 -1.954134723258194 1.344488002020958 1.475495676924500 1.859846251380116 -1.799327307010459 1.537512339821074 1.479000514519351 1.651601313222922 1.854365802221577 1.505414881815123 1.463810640828430 -0.133127312514637 -1.274894884116816 -1.944374025138954 0.141469112053180 -1.661157937683161 -0.556639155829159 -0.712689588608380 
1353614721.871014118194580 0.000000002755957
p:2.750921337485173 0.529122019729357 0.893686347197636 1.271931328624405 -0.391725397040912 -0.218424147831614 2.853649862915629 -1.138344267326241 1.364510838917564 2.481977258235617 -0.595674788213814 0.837185368109496 1.954756376785298 -1.254254966305327 -0.603298464486557 2.187527298617399 -1.229472717678183 -0.332772977350787 0.526884989130320 -1.123122751773332 2.750495452517650 1.447423579639774 0.683111601930868 1.074705744375733 -1.519248341962202 0.254989213597949 1.331418269936808 2.768999577719948 -0.874351196595087 -1.399416260728053 1.260827147106643 1.478030090720479 -0.819377572331712 0.001964389359568 -0.271737747943377 0.408533792027434 1.150259323979276 -1.616516264602804 0.700265434272836 -1.818120918112107 -0.529384297414910 1.950867373285635 -1.954134723258194 1.344488002020958 1.475495676924500 1.859846251380116 -1.799327307010459 1.537512339821074 1.479000514519351 1.651601313222922 1.854365802221577 1.505414881815123 1.463810640828430 -0.133127312514637 -1.274894884116816 -1.944374025138954 0.141469112053180 -1.661157937683161 -0.556639155829159 -0.712689588608380 
1382308285.379756927490234 0.000000000260026
p:2.750921337485173 0.529122019729357 0.893686347197636 1.271931328624405 -0.391725397040912 -0.218424147831614 2.853649862915629 -1.138344267326241 1.364510838917564 2.481977258235617 -0.595674788213814 0.837185368109496 1.954756376785298 -1.254254966305327 -0.603298464486557 2.187527298617399 -1.229472717678183 -0.332772977350787 0.526884989130320 -1.123122751773332 2.750495452517650 1.447423579639774 0.683111601930868 1.074705744375733 -1.519248341962202 0.254989213597949 1.331418269936808 2.768999577719948 -0.874351196595087 0.171380066271947 1.260827147106643 1.478030090720479 -0.819377572331712 0.001964389359568 -0.271737747943377 0.408533792027434 1.150259323979276 -1.616516264602804 0.700265434272836 -1.818120918112107 -0.529384297414910 1.950867373285635 -1.954134723258194 1.344488002020958 1.475495676924500 1.859846251380116 -1.799327307010459 1.537512339821074 1.479000514519351 1.651601313222922 1.854365802221577 1.505414881815123 1.463810640828430 -0.133127312514637 -1.274894884116816 -1.944374025138954 0.141469112053180 -1.661157937683161 -0.556639155829159 -0.712689588608380 
1358195189.065059423446655 0.000000006403346
p:2.750921337485173 0.529122019729357 0.893686347197636 1.271931328624405 -0.391725397040912 -0.218424147831614 2.853649862915629 -1.138344267326241 1.364510838917564 2.481977258235617 -0.595674788213814 0.837185368109496 1.954756376785298 -1.254254966305327 -0.603298464486557 2.187527298617399 -1.229472717678183 -0.332772977350787 0.526884989130320 -1.123122751773332 2.750495452517650 1.447423579639774 0.683111601930868 1.074705744375733 -1.519248341962202 0.254989213597949 1.331418269936808 2.768999577719948 -0.874351196595087 -1.399416260728053 2.831623474106643 1.478030090720479 -0.819377572331712 0.001964389359568 -0.271737747943377 0.408533792027434 1.150259323979276 -1.616516264602804 0.700265434272836 -1.818120918112107 -0.529384297414910 1.950867373285635 -1.954134723258194 1.344488002020958 1.475495676924500 1.859846251380116 -1.799327307010459 1.537512339821074 1.479000514519351 1.651601313222922 1.854365802221577 1.505414881815123 1.463810640828430 -0.133127312514637 -1.274894884116816 -1.944374025138954 0.141469112053180 -1.661157937683161 -0.556639155829159 -0.712689588608380 
1389218131.138650417327881 0.000000004772155
p:2.750921337485173 0.529122019729357 0.893686347197636 1.271931328624405 -0.391725397040912 -0.218424147831614 2.853649862915629 -1.138344267326241 1.364510838917564 2.481977258235617 -0.595674788213814 0.837185368109496 1.954756376785298 -1.254254966305327 -0.603298464486557 2.187527298617399 -1.229472717678183 -0.332772977350787 0.526884989130320 -1.123122751773332 2.750495452517650 1.447423579639774 0.683111601930868 1.074705744375733 -1.519248341962202 0.254989213597949 1.331418269936808 2.768999577719948 -0.874351196595087 -1.399416260728053 1.260827147106643 3.048826417720479 -0.819377572331712 0.001964389359568 -0.271737747943377 0.408533792027434 1.150259323979276 -1.616516264602804 0.700265434272836 -1.818120918112107 -0.529384297414910 1.950867373285635 -1.954134723258194 1.344488002020958 1.475495676924500 1.859846251380116 -1.799327307010459 1.537512339821074 1.479000514519351 1.651601313222922 1.854365802221577 1.505414881815123 1.463810640828430 -0.133127312514637 -1.274894884116816 -1.944374025138954 0.141469112053180 -1.661157937683161 -0.556639155829159 -0.712689588608380 
1350566480.164867162704468 0.000000002145336
p:2.750921337485173 0.529122019729357 0.893686347197636 1.271931328624405 -0.391725397040912 -0.218424147831614 2.853649862915629 -1.138344267326241 1.364510838917564 2.481977258235617 -0.595674788213814 0.837185368109496 1.954756376785298 -1.254254966305327 -0.603298464486557 2.187527298617399 -1.229472717678183 -0.332772977350787 0.526884989130320 -1.123122751773332 2.750495452517650 1.447423579639774 0.683111601930868 1.074705744375733 -1.519248341962202 0.254989213597949 1.331418269936808 2.768999577719948 -0.874351196595087 -1.399416260728053 1.260827147106643 1.478030090720479 0.751418754668288 0.001964389359568 -0.271737747943377 0.408533792027434 1.150259323979276 -1.616516264602804 0.700265434272836 -1.818120918112107 -0.529384297414910 1.950867373285635 -1.954134723258194 1.344488002020958 1.475495676924500 1.859846251380116 -1.799327307010459 1.537512339821074 1.479000514519351 1.651601313222922 1.854365802221577 1.505414881815123 1.463810640828430 -0.133127312514637 -1.274894884116816 -1.944374025138954 0.141469112053180 -1.661157937683161 -0.556639155829159 -0.712689588608380 
1348845067.671774625778198 0.000000000050381
p:2.750921337485173 0.529122019729357 0.893686347197636 1.271931328624405 -0.391725397040912 -0.218424147831614 2.853649862915629 -1.138344267326241 1.364510838917564 2.481977258235617 -0.595674788213814 0.837185368109496 1.954756376785298 -1.254254966305327 -0.603298464486557 2.187527298617399 -1.229472717678183 -0.332772977350787 0.526884989130320 -1.123122751773332 2.750495452517650 1.447423579639774 0.683111601930868 1.074705744375733 -1.519248341962202 0.254989213597949 1.331418269936808 2.768999577719948 -0.874351196595087 -1.399416260728053 1.260827147106643 1.478030090720479 0.751418754668288 1.572760716359568 -0.271737747943377 0.408533792027434 1.150259323979276 -1.616516264602804 0.700265434272836 -1.818120918112107 -0.529384297414910 1.950867373285635 -1.954134723258194 1.344488002020958 1.475495676924500 1.859846251380116 -1.799327307010459 1.537512339821074 1.479000514519351 1.651601313222922 1.854365802221577 1.505414881815123 1.463810640828430 -0.133127312514637 -1.274894884116816 -1.944374025138954 0.141469112053180 -1.661157937683161 -0.556639155829159 -0.712689588608380 
1423045251.775030136108398 0.000000022375275
p:2.750921337485173 0.529122019729357 0.893686347197636 1.271931328624405 -0.391725397040912 -0.218424147831614 2.853649862915629 -1.138344267326241 1.364510838917564 2.481977258235617 -0.595674788213814 0.837185368109496 1.954756376785298 -1.254254966305327 -0.603298464486557 2.187527298617399 -1.229472717678183 -0.332772977350787 0.526884989130320 -1.123122751773332 2.750495452517650 1.447423579639774 0.683111601930868 1.074705744375733 -1.519248341962202 0.254989213597949 1.331418269936808 2.768999577719948 -0.874351196595087 -1.399416260728053 1.260827147106643 1.478030090720479 0.751418754668288 1.572760716359568 1.299058579056623 0.408533792027434 1.150259323979276 -1.616516264602804 0.700265434272836 -1.818120918112107 -0.529384297414910 1.950867373285635 -1.954134723258194 1.344488002020958 1.475495676924500 1.859846251380116 -1.799327307010459 1.537512339821074 1.479000514519351 1.651601313222922 1.854365802221577 1.505414881815123 1.463810640828430 -0.133127312514637 -1.274894884116816 -1.944374025138954 0.141469112053180 -1.661157937683161 -0.556639155829159 -0.712689588608380 
1376423485.823365449905396 0.000000000083012
p:2.750921337485173 0.529122019729357 0.893686347197636 1.271931328624405 -0.391725397040912 -0.218424147831614 2.853649862915629 -1.138344267326241 1.364510838917564 2.481977258235617 -0.595674788213814 0.837185368109496 1.954756376785298 -1.254254966305327 -0.603298464486557 2.187527298617399 -1.229472717678183 -0.332772977350787 0.526884989130320 -1.123122751773332 2.750495452517650 1.447423579639774 0.683111601930868 1.074705744375733 -1.519248341962202 0.254989213597949 1.331418269936808 2.768999577719948 -0.874351196595087 -1.399416260728053 1.260827147106643 1.478030090720479 0.751418754668288 1.572760716359568 -0.271737747943377 1.979330119027434 1.150259323979276 -1.616516264602804 0.700265434272836 -1.818120918112107 -0.529384297414910 1.950867373285635 -1.954134723258194 1.344488002020958 1.475495676924500 1.859846251380116 -1.799327307010459 1.537512339821074 1.479000514519351 1.651601313222922 1.854365802221577 1.505414881815123 1.463810640828430 -0.133127312514637 -1.274894884116816 -1.944374025138954 0.141469112053180 -1.661157937683161 -0.556639155829159 -0.712689588608380 
1358745436.859091043472290 0.000000000075017
p:2.750921337485173 0.529122019729357 0.893686347197636 1.271931328624405 -0.391725397040912 -0.218424147831614 2.853649862915629 -1.138344267326241 1.364510838917564 2.481977258235617 -0.595674788213814 0.837185368109496 1.954756376785298 -1.254254966305327 -0.603298464486557 2.187527298617399 -1.229472717678183 -0.332772977350787 0.526884989130320 -1.123122751773332 2.750495452517650 1.447423579639774 0.683111601930868 1.074705744375733 -1.519248341962202 0.254989213597949 1.331418269936808 2.768999577719948 -0.874351196595087 -1.399416260728053 1.260827147106643 1.478030090720479 0.751418754668288 1.572760716359568 -0.271737747943377 0.408533792027434 2.721055650979277 -1.616516264602804 0.700265434272836 -1.818120918112107 -0.529384297414910 1.950867373285635 -1.954134723258194 1.344488002020958 1.475495676924500 1.859846251380116 -1.799327307010459 1.537512339821074 1.479000514519351 1.651601313222922 1.854365802221577 1.505414881815123 1.463810640828430 -0.133127312514637 -1.274894884116816 -1.944374025138954 0.141469112053180 -1.661157937683161 -0.556639155829159 -0.712689588608380 
1333606387.440734148025513 0.000000001220070
p:2.750921337485173 0.529122019729357 0.893686347197636 1.271931328624405 -0.391725397040912 -0.218424147831614 2.853649862915629 -1.138344267326241 1.364510838917564 2.481977258235617 -0.595674788213814 0.837185368109496 1.954756376785298 -1.254254966305327 -0.603298464486557 2.187527298617399 -1.229472717678183 -0.332772977350787 0.526884989130320 -1.123122751773332 2.750495452517650 1.447423579639774 0.683111601930868 1.074705744375733 -1.519248341962202 0.254989213597949 1.331418269936808 2.768999577719948 -0.874351196595087 -1.399416260728053 1.260827147106643 1.478030090720479 0.751418754668288 1.572760716359568 -0.271737747943377 0.408533792027434 1.150259323979276 -0.472708972554907 0.700265434272836 -1.818120918112107 -0.529384297414910 1.950867373285635 -1.954134723258194 1.344488002020958 1.475495676924500 1.859846251380116 -1.799327307010459 1.537512339821074 1.479000514519351 1.651601313222922 1.854365802221577 1.505414881815123 1.463810640828430 -0.133127312514637 -1.274894884116816 -1.944374025138954 0.141469112053180 -1.661157937683161 -0.556639155829159 -0.712689588608380 
1347434331.157299995422363 0.000000000000236
p:2.750921337485173 0.529122019729357 0.893686347197636 1.271931328624405 -0.391725397040912 -0.218424147831614 2.853649862915629 -1.138344267326241 1.364510838917564 2.481977258235617 -0.595674788213814 0.837185368109496 1.954756376785298 -1.254254966305327 -0.603298464486557 2.187527298617399 -1.229472717678183 -0.332772977350787 0.526884989130320 -1.123122751773332 2.750495452517650 1.447423579639774 0.683111601930868 1.074705744375733 -1.519248341962202 0.254989213597949 1.331418269936808 2.768999577719948 -0.874351196595087 -1.399416260728053 1.260827147106643 1.478030090720479 0.751418754668288 1.572760716359568 -0.271737747943377 0.408533792027434 1.150259323979276 -0.472708972554907 2.271061761272836 -1.818120918112107 -0.529384297414910 1.950867373285635 -1.954134723258194 1.344488002020958 1.475495676924500 1.859846251380116 -1.799327307010459 1.537512339821074 1.479000514519351 1.651601313222922 1.854365802221577 1.505414881815123 1.463810640828430 -0.133127312514637 -1.274894884116816 -1.944374025138954 0.141469112053180 -1.661157937683161 -0.556639155829159 -0.712689588608380 
1339681864.516291618347168 0.000000001127607
p:2.750921337485173 0.529122019729357 0.893686347197636 1.271931328624405 -0.391725397040912 -0.218424147831614 2.853649862915629 -1.138344267326241 1.364510838917564 2.481977258235617 -0.595674788213814 0.837185368109496 1.954756376785298 -1.254254966305327 -0.603298464486557 2.187527298617399 -1.229472717678183 -0.332772977350787 0.526884989130320 -1.123122751773332 2.750495452517650 1.447423579639774 0.683111601930868 1.074705744375733 -1.519248341962202 0.254989213597949 1.331418269936808 2.768999577719948 -0.874351196595087 -1.399416260728053 1.260827147106643 1.478030090720479 0.751418754668288 1.572760716359568 -0.271737747943377 0.408533792027434 1.150259323979276 -0.472708972554907 0.700265434272836 -0.825517116196186 -0.529384297414910 1.950867373285635 -1.954134723258194 1.344488002020958 1.475495676924500 1.859846251380116 -1.799327307010459 1.537512339821074 1.479000514519351 1.651601313222922 1.854365802221577 1.505414881815123 1.463810640828430 -0.133127312514637 -1.274894884116816 -1.944374025138954 0.141469112053180 -1.661157937683161 -0.556639155829159 -0.712689588608380 
1367445147.176449060440063 0.000000001520578
p:2.750921337485173 0.529122019729357 0.893686347197636 1.271931328624405 -0.391725397040912 -0.218424147831614 2.853649862915629 -1.138344267326241 1.364510838917564 2.481977258235617 -0.595674788213814 0.837185368109496 1.954756376785298 -1.254254966305327 -0.603298464486557 2.187527298617399 -1.229472717678183 -0.332772977350787 0.526884989130320 -1.123122751773332 2.750495452517650 1.447423579639774 0.683111601930868 1.074705744375733 -1.519248341962202 0.254989213597949 1.331418269936808 2.768999577719948 -0.874351196595087 -1.399416260728053 1.260827147106643 1.478030090720479 0.751418754668288 1.572760716359568 -0.271737747943377 0.408533792027434 1.150259323979276 -0.472708972554907 0.700265434272836 -1.818120918112107 1.041412029585090 1.950867373285635 -1.954134723258194 1.344488002020958 1.475495676924500 1.859846251380116 -1.799327307010459 1.537512339821074 1.479000514519351 1.651601313222922 1.854365802221577 1.505414881815123 1.463810640828430 -0.133127312514637 -1.274894884116816 -1.944374025138954 0.141469112053180 -1.661157937683161 -0.556639155829159 -0.712689588608380 
1324459199.733458280563354 0.000000000889904
p:2.750921337485173 0.529122019729357 0.893686347197636 1.271931328624405 -0.391725397040912 -0.218424147831614 2.853649862915629 -1.138344267326241 1.364510838917564 2.481977258235617 -0.595674788213814 0.837185368109496 1.954756376785298 -1.254254966305327 -0.603298464486557 2.187527298617399 -1.229472717678183 -0.332772977350787 0.526884989130320 -1.123122751773332 2.750495452517650 1.447423579639774 0.683111601930868 1.074705744375733 -1.519248341962202 0.254989213597949 1.331418269936808 2.768999577719948 -0.874351196595087 -1.399416260728053 1.260827147106643 1.478030090720479 0.751418754668288 1.572760716359568 -0.271737747943377 0.408533792027434 1.150259323979276 -0.472708972554907 0.700265434272836 -1.818120918112107 -0.529384297414910 2.843911333821409 -1.954134723258194 1.344488002020958 1.475495676924500 1.859846251380116 -1.799327307010459 1.537512339821074 1.479000514519351 1.651601313222922 1.854365802221577 1.505414881815123 1.463810640828430 -0.133127312514637 -1.274894884116816 -1.944374025138954 0.141469112053180 -1.661157937683161 -0.556639155829159 -0.712689588608380 
1336943967.647519588470459 0.000000000034499
p:2.750921337485173 0.529122019729357 0.893686347197636 1.271931328624405 -0.391725397040912 -0.218424147831614 2.853649862915629 -1.138344267326241 1.364510838917564 2.481977258235617 -0.595674788213814 0.837185368109496 1.954756376785298 -1.254254966305327 -0.603298464486557 2.187527298617399 -1.229472717678183 -0.332772977350787 0.526884989130320 -1.123122751773332 2.750495452517650 1.447423579639774 0.683111601930868 1.074705744375733 -1.519248341962202 0.254989213597949 1.331418269936808 2.768999577719948 -0.874351196595087 -1.399416260728053 1.260827147106643 1.478030090720479 0.751418754668288 1.572760716359568 -0.271737747943377 0.408533792027434 1.150259323979276 -0.472708972554907 0.700265434272836 -1.818120918112107 -0.529384297414910 2.843911333821409 -1.063541275201840 1.344488002020958 1.475495676924500 1.859846251380116 -1.799327307010459 1.537512339821074 1.479000514519351 1.651601313222922 1.854365802221577 1.505414881815123 1.463810640828430 -0.133127312514637 -1.274894884116816 -1.944374025138954 0.141469112053180 -1.661157937683161 -0.556639155829159 -0.712689588608380 
1323206666.652383804321289 0.000000004008037
p:2.750921337485173 0.529122019729357 0.893686347197636 1.271931328624405 -0.391725397040912 -0.218424147831614 2.853649862915629 -1.138344267326241 1.364510838917564 2.481977258235617 -0.595674788213814 0.837185368109496 1.954756376785298 -1.254254966305327 -0.603298464486557 2.187527298617399 -1.229472717678183 -0.332772977350787 0.526884989130320 -1.123122751773332 2.750495452517650 1.447423579639774 0.683111601930868 1.074705744375733 -1.519248341962202 0.254989213597949 1.331418269936808 2.768999577719948 -0.874351196595087 -1.399416260728053 1.260827147106643 1.478030090720479 0.751418754668288 1.572760716359568 -0.271737747943377 0.408533792027434 1.150259323979276 -0.472708972554907 0.700265434272836 -1.818120918112107 -0.529384297414910 2.843911333821409 -1.954134723258194 2.915284329020958 1.475495676924500 1.859846251380116 -1.799327307010459 1.537512339821074 1.479000514519351 1.651601313222922 1.854365802221577 1.505414881815123 1.463810640828430 -0.133127312514637 -1.274894884116816 -1.944374025138954 0.141469112053180 -1.661157937683161 -0.556639155829159 -0.712689588608380 
1385081879.561740159988403 0.000000009056659
p:2.750921337485173 0.529122019729357 0.893686347197636 1.271931328624405 -0.391725397040912 -0.218424147831614 2.853649862915629 -1.138344267326241 1.364510838917564 2.481977258235617 -0.595674788213814 0.837185368109496 1.954756376785298 -1.254254966305327 -0.603298464486557 2.187527298617399 -1.229472717678183 -0.332772977350787 0.526884989130320 -1.123122751773332 2.750495452517650 1.447423579639774 0.683111601930868 1.074705744375733 -1.519248341962202 0.254989213597949 1.331418269936808 2.768999577719948 -0.874351196595087 -1.399416260728053 1.260827147106643 1.478030090720479 0.751418754668288 1.572760716359568 -0.271737747943377 0.408533792027434 1.150259323979276 -0.472708972554907 0.700265434272836 -1.818120918112107 -0.529384297414910 2.843911333821409 -1.954134723258194 2.915284329020958 3.046292003924500 1.859846251380116 -1.799327307010459 1.537512339821074 1.479000514519351 1.651601313222922 1.854365802221577 1.505414881815123 1.463810640828430 -0.133127312514637 -1.274894884116816 -1.944374025138954 0.141469112053180 -1.661157937683161 -0.556639155829159 -0.712689588608380 
1317333287.048366069793701 0.000000003868035
p:2.750921337485173 0.529122019729357 0.893686347197636 1.271931328624405 -0.391725397040912 -0.218424147831614 2.853649862915629 -1.138344267326241 1.364510838917564 2.481977258235617 -0.595674788213814 0.837185368109496 1.954756376785298 -1.254254966305327 -0.603298464486557 2.187527298617399 -1.229472717678183 -0.332772977350787 0.526884989130320 -1.123122751773332 2.750495452517650 1.447423579639774 0.683111601930868 1.074705744375733 -1.519248341962202 0.254989213597949 1.331418269936808 2.768999577719948 -0.874351196595087 -1.399416260728053 1.260827147106643 1.478030090720479 0.751418754668288 1.572760716359568 -0.271737747943377 0.408533792027434 1.150259323979276 -0.472708972554907 0.700265434272836 -1.818120918112107 -0.529384297414910 2.843911333821409 -1.954134723258194 2.915284329020958 1.475495676924500 2.821156053345029 -1.799327307010459 1.537512339821074 1.479000514519351 1.651601313222922 1.854365802221577 1.505414881815123 1.463810640828430 -0.133127312514637 -1.274894884116816 -1.944374025138954 0.141469112053180 -1.661157937683161 -0.556639155829159 -0.712689588608380 
1316153438.916844844818115 0.000000007811136
p:2.750921337485173 0.529122019729357 0.893686347197636 1.271931328624405 -0.391725397040912 -0.218424147831614 2.853649862915629 -1.138344267326241 1.364510838917564 2.481977258235617 -0.595674788213814 0.837185368109496 1.954756376785298 -1.254254966305327 -0.603298464486557 2.187527298617399 -1.229472717678183 -0.332772977350787 0.526884989130320 -1.123122751773332 2.750495452517650 1.447423579639774 0.683111601930868 1.074705744375733 -1.519248341962202 0.254989213597949 1.331418269936808 2.768999577719948 -0.874351196595087 -1.399416260728053 1.260827147106643 1.478030090720479 0.751418754668288 1.572760716359568 -0.271737747943377 0.408533792027434 1.150259323979276 -0.472708972554907 0.700265434272836 -1.818120918112107 -0.529384297414910 2.843911333821409 -1.954134723258194 2.915284329020958 1.475495676924500 2.821156053345029 -0.792628296768303 1.537512339821074 1.479000514519351 1.651601313222922 1.854365802221577 1.505414881815123 1.463810640828430 -0.133127312514637 -1.274894884116816 -1.944374025138954 0.141469112053180 -1.661157937683161 -0.556639155829159 -0.712689588608380 
1294279673.172945261001587 0.000000000090591
p:2.750921337485173 0.529122019729357 0.893686347197636 1.271931328624405 -0.391725397040912 -0.218424147831614 2.853649862915629 -1.138344267326241 1.364510838917564 2.481977258235617 -0.595674788213814 0.837185368109496 1.954756376785298 -1.254254966305327 -0.603298464486557 2.187527298617399 -1.229472717678183 -0.332772977350787 0.526884989130320 -1.123122751773332 2.750495452517650 1.447423579639774 0.683111601930868 1.074705744375733 -1.519248341962202 0.254989213597949 1.331418269936808 2.768999577719948 -0.874351196595087 -1.399416260728053 1.260827147106643 1.478030090720479 0.751418754668288 1.572760716359568 -0.271737747943377 0.408533792027434 1.150259323979276 -0.472708972554907 0.700265434272836 -1.818120918112107 -0.529384297414910 2.843911333821409 -1.954134723258194 2.915284329020958 1.475495676924500 2.821156053345029 -0.792628296768303 3.108308666821074 1.479000514519351 1.651601313222922 1.854365802221577 1.505414881815123 1.463810640828430 -0.133127312514637 -1.274894884116816 -1.944374025138954 0.141469112053180 -1.661157937683161 -0.556639155829159 -0.712689588608380 
1356909992.905467748641968 0.000000000056408
p:2.750921337485173 0.529122019729357 0.893686347197636 1.271931328624405 -0.391725397040912 -0.218424147831614 2.853649862915629 -1.138344267326241 1.364510838917564 2.481977258235617 -0.595674788213814 0.837185368109496 1.954756376785298 -1.254254966305327 -0.603298464486557 2.187527298617399 -1.229472717678183 -0.332772977350787 0.526884989130320 -1.123122751773332 2.750495452517650 1.447423579639774 0.683111601930868 1.074705744375733 -1.519248341962202 0.254989213597949 1.331418269936808 2.768999577719948 -0.874351196595087 -1.399416260728053 1.260827147106643 1.478030090720479 0.751418754668288 1.572760716359568 -0.271737747943377 0.408533792027434 1.150259323979276 -0.472708972554907 0.700265434272836 -1.818120918112107 -0.529384297414910 2.843911333821409 -1.954134723258194 2.915284329020958 1.475495676924500 2.821156053345029 -0.792628296768303 3.108308666821074 3.049796841519352 1.651601313222922 1.854365802221577 1.505414881815123 1.463810640828430 -0.133127312514637 -1.274894884116816 -1.944374025138954 0.141469112053180 -1.661157937683161 -0.556639155829159 -0.712689588608380 
1296428555.958443164825439 0.000000000002425
p:2.750921337485173 0.529122019729357 0.893686347197636 1.271931328624405 -0.391725397040912 -0.218424147831614 2.853649862915629 -1.138344267326241 1.364510838917564 2.481977258235617 -0.595674788213814 0.837185368109496 1.954756376785298 -1.254254966305327 -0.603298464486557 2.187527298617399 -1.229472717678183 -0.332772977350787 0.526884989130320 -1.123122751773332 2.750495452517650 1.447423579639774 0.683111601930868 1.074705744375733 -1.519248341962202 0.254989213597949 1.331418269936808 2.768999577719948 -0.874351196595087 -1.399416260728053 1.260827147106643 1.478030090720479 0.751418754668288 1.572760716359568 -0.271737747943377 0.408533792027434 1.150259323979276 -0.472708972554907 0.700265434272836 -1.818120918112107 -0.529384297414910 2.843911333821409 -1.954134723258194 2.915284329020958 1.475495676924500 2.821156053345029 -0.792628296768303 3.108308666821074 1.479000514519351 2.769094818805731 1.854365802221577 1.505414881815123 1.463810640828430 -0.133127312514637 -1.274894884116816 -1.944374025138954 0.141469112053180 -1.661157937683161 -0.556639155829159 -0.712689588608380 
1241325027.390548229217529 0.000000000200770
p:2.750921337485173 0.529122019729357 0.893686347197636 1.271931328624405 -0.391725397040912 -0.218424147831614 2.853649862915629 -1.138344267326241 1.364510838917564 2.481977258235617 -0.595674788213814 0.837185368109496 1.954756376785298 -1.254254966305327 -0.603298464486557 2.187527298617399 -1.229472717678183 -0.332772977350787 0.526884989130320 -1.123122751773332 2.750495452517650 1.447423579639774 0.683111601930868 1.074705744375733 -1.519248341962202 0.254989213597949 1.331418269936808 2.768999577719948 -0.874351196595087 -1.399416260728053 1.260827147106643 1.478030090720479 0.751418754668288 1.572760716359568 -0.271737747943377 0.408533792027434 1.150259323979276 -0.472708972554907 0.700265434272836 -1.818120918112107 -0.529384297414910 2.843911333821409 -1.954134723258194 2.915284329020958 1.475495676924500 2.821156053345029 -0.792628296768303 3.108308666821074 1.479000514519351 1.651601313222922 2.819785941055394 1.505414881815123 1.463810640828430 -0.133127312514637 -1.274894884116816 -1.944374025138954 0.141469112053180 -1.661157937683161 -0.556639155829159 -0.712689588608380 
