SLURM_JOB_NUM_NODES=1
SLURM_TASKS_PER_NODE=1
SLURM_CPUS_PER_TASK=48
OMP_NUM_THREADS=48
[[2022-02-07 10:22:11]][DEBUG] Using seed 2002
[[2022-02-07 10:22:11]][WARNING] Setting accelerator ratio to 1.000000
[[2022-02-07 10:22:11]][ERROR] This won't work for distributed. Change code!
[[2022-02-07 10:22:11]][ERROR] Gaussian heuristics not implemented for low rank matrices. Returning 1.
[[2022-02-07 10:22:11]][WARNING] Invalid rank_reduce value. Will fetch the first matrix
0_30 
[[2022-02-07 10:22:11]][DEBUG] Accelerator partial not yet returned
ERROR: Trying to initialize QuESTEnv multiple times. Ignoring...
[[2022-02-07 10:22:11]][DEBUG] Accelerator partial returned
[[2022-02-07 10:22:11]][DEBUG] VQAOptions set
[[2022-02-07 10:22:11]][WARNING] no hml penalization
[[2022-02-07 10:22:11]][INFO] Running 0_30
[[2022-02-07 10:22:11]][ERROR] ../experiment_files/rank_0/rank_statsfile_0_30.txt
[[2022-02-07 10:22:11]][WARNING] calc gso
[[2022-02-07 10:22:11]][ERROR] 30
[[2022-02-07 10:22:11]][ERROR] 30
[[2022-02-07 10:22:11]][ERROR] 30
[[2022-02-07 10:22:11]][ERROR] 30
[[2022-02-07 10:22:11]][ERROR] 30
[[2022-02-07 10:22:11]][ERROR] 30
[[2022-02-07 10:22:11]][ERROR] 30
[[2022-02-07 10:22:11]][ERROR] 30
[[2022-02-07 10:22:11]][ERROR] 30
[[2022-02-07 10:22:11]][ERROR] 30
[[2022-02-07 10:22:11]][ERROR] 30
[[2022-02-07 10:22:11]][ERROR] 30
[[2022-02-07 10:22:11]][ERROR] 30
[[2022-02-07 10:22:11]][ERROR] 30
[[2022-02-07 10:22:11]][ERROR] 30
[[2022-02-07 10:22:11]][ERROR] 30
[[2022-02-07 10:22:11]][ERROR] 30
[[2022-02-07 10:22:11]][ERROR] 30
[[2022-02-07 10:22:11]][ERROR] 30
[[2022-02-07 10:22:11]][ERROR] 30
[[2022-02-07 10:22:11]][ERROR] 30
[[2022-02-07 10:22:11]][ERROR] 30
[[2022-02-07 10:22:11]][ERROR] 30
[[2022-02-07 10:22:11]][ERROR] 30
[[2022-02-07 10:22:11]][ERROR] 30
[[2022-02-07 10:22:11]][ERROR] 30
[[2022-02-07 10:22:11]][ERROR] 30
[[2022-02-07 10:22:11]][ERROR] 30
[[2022-02-07 10:22:11]][ERROR] 30
[[2022-02-07 10:22:11]][ERROR] 30
[[2022-02-07 10:22:11]][ERROR] x1_b0
1
[[2022-02-07 10:22:11]][ERROR] x1_b1
0
[[2022-02-07 10:22:11]][ERROR] x2_b0
1
[[2022-02-07 10:22:11]][ERROR] x2_b1
0
[[2022-02-07 10:22:11]][ERROR] x5_b0
1
[[2022-02-07 10:22:11]][ERROR] x5_b1
0
[[2022-02-07 10:22:11]][ERROR] x7_b0
1
[[2022-02-07 10:22:11]][ERROR] x7_b1
0
[[2022-02-07 10:22:11]][ERROR] x9_b0
1
[[2022-02-07 10:22:11]][ERROR] x9_b1
0
[[2022-02-07 10:22:11]][ERROR] x10_b0
1
[[2022-02-07 10:22:11]][ERROR] x10_b1
0
[[2022-02-07 10:22:11]][ERROR] x12_b0
1
[[2022-02-07 10:22:11]][ERROR] x12_b1
0
[[2022-02-07 10:22:11]][ERROR] x13_b0
1
[[2022-02-07 10:22:11]][ERROR] x13_b1
0
[[2022-02-07 10:22:11]][ERROR] x16_b0
1
[[2022-02-07 10:22:11]][ERROR] x16_b1
0
[[2022-02-07 10:22:11]][ERROR] x19_b0
1
[[2022-02-07 10:22:11]][ERROR] x19_b1
0
[[2022-02-07 10:22:11]][ERROR] x20_b0
1
[[2022-02-07 10:22:11]][ERROR] x20_b1
0
[[2022-02-07 10:22:11]][ERROR] x21_b0
1
[[2022-02-07 10:22:11]][ERROR] x21_b1
0
[[2022-02-07 10:22:11]][ERROR] x23_b0
1
[[2022-02-07 10:22:11]][ERROR] x23_b1
0
[[2022-02-07 10:22:11]][ERROR] x26_b0
1
[[2022-02-07 10:22:11]][ERROR] x26_b1
0
[[2022-02-07 10:22:11]][ERROR] x29_b0
1
[[2022-02-07 10:22:11]][ERROR] x29_b1
0
[[2022-02-07 10:22:11]][WARNING] Beware of overflows!! Create gmp qiskit or normalize to lower vals
[[2022-02-07 10:22:11]][WARNING] Normalization is probably best solution
[[2022-02-07 10:22:11]][WARNING] Before VQE run
[[2022-02-07 10:22:11]][INFO] 30 qubits
[[2022-02-07 10:22:11]][DEBUG] Before ansatz gen
[[2022-02-07 10:22:11]][DEBUG] After ansatz gen
[[2022-02-07 10:22:11]][DEBUG] Executing vqe
[[2022-02-07 10:22:11]][DEBUG] Initializing 30 qubits
[[2022-02-07 10:22:11]][DEBUG] Setting seed to 1997
[[2022-02-07 10:40:01]][WARNING] f: Constant Alpha: 1.000000
[[2022-02-07 10:40:01]][WARNING] are these really good ones?
[[2022-02-07 10:41:22]][WARNING] Check zero state index!
3034945981.792610645294189 0.000000000088047
p:1.578907387940692 -1.041674307270643 0.893686347197636 -0.298864998375595 -0.391725397040912 -0.218424147831614 1.989821489662518 -1.138344267326241 1.364510838917564 0.911180931235617 -0.595674788213814 0.837185368109496 1.954756376785298 -1.254254966305327 -0.603298464486557 0.616730971617399 -1.229472717678183 -0.332772977350787 -1.043911337869680 -1.123122751773332 1.577203848070601 1.447423579639774 0.683111601930868 1.074705744375733 -1.519248341962202 -1.315807113402051 1.331418269936808 1.651220348879793 -1.846026106911478 -1.399416260728053 1.260827147106643 1.478030090720479 -0.819377572331712 0.001964389359568 -0.271737747943377 0.408533792027434 1.150259323979276 -1.616516264602804 0.700265434272836 -1.818120918112107 -0.529384297414910 1.950867373285635 -1.954134723258194 1.344488002020958 1.475495676924500 1.859846251380116 -1.799327307010459 1.537512339821074 1.479000514519351 1.651601313222922 1.854365802221577 1.505414881815123 1.463810640828430 -0.133127312514637 -1.274894884116816 -1.944374025138954 0.141469112053180 -1.661157937683161 -0.556639155829159 -0.712689588608380 
[[2022-02-07 10:43:16]][WARNING] Check zero state index!
3019403329.084362030029297 0.000000000024327
p:2.750921337485173 -1.041674307270643 0.893686347197636 -0.298864998375595 -0.391725397040912 -0.218424147831614 1.989821489662518 -1.138344267326241 1.364510838917564 0.911180931235617 -0.595674788213814 0.837185368109496 1.954756376785298 -1.254254966305327 -0.603298464486557 0.616730971617399 -1.229472717678183 -0.332772977350787 -1.043911337869680 -1.123122751773332 1.577203848070601 1.447423579639774 0.683111601930868 1.074705744375733 -1.519248341962202 -1.315807113402051 1.331418269936808 1.651220348879793 -1.846026106911478 -1.399416260728053 1.260827147106643 1.478030090720479 -0.819377572331712 0.001964389359568 -0.271737747943377 0.408533792027434 1.150259323979276 -1.616516264602804 0.700265434272836 -1.818120918112107 -0.529384297414910 1.950867373285635 -1.954134723258194 1.344488002020958 1.475495676924500 1.859846251380116 -1.799327307010459 1.537512339821074 1.479000514519351 1.651601313222922 1.854365802221577 1.505414881815123 1.463810640828430 -0.133127312514637 -1.274894884116816 -1.944374025138954 0.141469112053180 -1.661157937683161 -0.556639155829159 -0.712689588608380 
[[2022-02-07 10:45:11]][WARNING] Check zero state index!
3018671958.010630130767822 0.000000000064976
p:2.750921337485173 0.529122019729357 0.893686347197636 -0.298864998375595 -0.391725397040912 -0.218424147831614 1.989821489662518 -1.138344267326241 1.364510838917564 0.911180931235617 -0.595674788213814 0.837185368109496 1.954756376785298 -1.254254966305327 -0.603298464486557 0.616730971617399 -1.229472717678183 -0.332772977350787 -1.043911337869680 -1.123122751773332 1.577203848070601 1.447423579639774 0.683111601930868 1.074705744375733 -1.519248341962202 -1.315807113402051 1.331418269936808 1.651220348879793 -1.846026106911478 -1.399416260728053 1.260827147106643 1.478030090720479 -0.819377572331712 0.001964389359568 -0.271737747943377 0.408533792027434 1.150259323979276 -1.616516264602804 0.700265434272836 -1.818120918112107 -0.529384297414910 1.950867373285635 -1.954134723258194 1.344488002020958 1.475495676924500 1.859846251380116 -1.799327307010459 1.537512339821074 1.479000514519351 1.651601313222922 1.854365802221577 1.505414881815123 1.463810640828430 -0.133127312514637 -1.274894884116816 -1.944374025138954 0.141469112053180 -1.661157937683161 -0.556639155829159 -0.712689588608380 
[[2022-02-07 10:47:05]][WARNING] Check zero state index!
2904812156.046454906463623 0.000000000014453
p:2.750921337485173 0.529122019729357 2.464482674197637 -0.298864998375595 -0.391725397040912 -0.218424147831614 1.989821489662518 -1.138344267326241 1.364510838917564 0.911180931235617 -0.595674788213814 0.837185368109496 1.954756376785298 -1.254254966305327 -0.603298464486557 0.616730971617399 -1.229472717678183 -0.332772977350787 -1.043911337869680 -1.123122751773332 1.577203848070601 1.447423579639774 0.683111601930868 1.074705744375733 -1.519248341962202 -1.315807113402051 1.331418269936808 1.651220348879793 -1.846026106911478 -1.399416260728053 1.260827147106643 1.478030090720479 -0.819377572331712 0.001964389359568 -0.271737747943377 0.408533792027434 1.150259323979276 -1.616516264602804 0.700265434272836 -1.818120918112107 -0.529384297414910 1.950867373285635 -1.954134723258194 1.344488002020958 1.475495676924500 1.859846251380116 -1.799327307010459 1.537512339821074 1.479000514519351 1.651601313222922 1.854365802221577 1.505414881815123 1.463810640828430 -0.133127312514637 -1.274894884116816 -1.944374025138954 0.141469112053180 -1.661157937683161 -0.556639155829159 -0.712689588608380 
[[2022-02-07 10:48:59]][WARNING] Check zero state index!
2989152479.133614540100098 0.000000000232534
p:2.750921337485173 0.529122019729357 2.464482674197637 1.271931328624405 -0.391725397040912 -0.218424147831614 1.989821489662518 -1.138344267326241 1.364510838917564 0.911180931235617 -0.595674788213814 0.837185368109496 1.954756376785298 -1.254254966305327 -0.603298464486557 0.616730971617399 -1.229472717678183 -0.332772977350787 -1.043911337869680 -1.123122751773332 1.577203848070601 1.447423579639774 0.683111601930868 1.074705744375733 -1.519248341962202 -1.315807113402051 1.331418269936808 1.651220348879793 -1.846026106911478 -1.399416260728053 1.260827147106643 1.478030090720479 -0.819377572331712 0.001964389359568 -0.271737747943377 0.408533792027434 1.150259323979276 -1.616516264602804 0.700265434272836 -1.818120918112107 -0.529384297414910 1.950867373285635 -1.954134723258194 1.344488002020958 1.475495676924500 1.859846251380116 -1.799327307010459 1.537512339821074 1.479000514519351 1.651601313222922 1.854365802221577 1.505414881815123 1.463810640828430 -0.133127312514637 -1.274894884116816 -1.944374025138954 0.141469112053180 -1.661157937683161 -0.556639155829159 -0.712689588608380 
[[2022-02-07 10:50:54]][WARNING] Check zero state index!
3088186356.464151859283447 0.000000000003090
p:2.750921337485173 0.529122019729357 2.464482674197637 -0.298864998375595 1.179070929959088 -0.218424147831614 1.989821489662518 -1.138344267326241 1.364510838917564 0.911180931235617 -0.595674788213814 0.837185368109496 1.954756376785298 -1.254254966305327 -0.603298464486557 0.616730971617399 -1.229472717678183 -0.332772977350787 -1.043911337869680 -1.123122751773332 1.577203848070601 1.447423579639774 0.683111601930868 1.074705744375733 -1.519248341962202 -1.315807113402051 1.331418269936808 1.651220348879793 -1.846026106911478 -1.399416260728053 1.260827147106643 1.478030090720479 -0.819377572331712 0.001964389359568 -0.271737747943377 0.408533792027434 1.150259323979276 -1.616516264602804 0.700265434272836 -1.818120918112107 -0.529384297414910 1.950867373285635 -1.954134723258194 1.344488002020958 1.475495676924500 1.859846251380116 -1.799327307010459 1.537512339821074 1.479000514519351 1.651601313222922 1.854365802221577 1.505414881815123 1.463810640828430 -0.133127312514637 -1.274894884116816 -1.944374025138954 0.141469112053180 -1.661157937683161 -0.556639155829159 -0.712689588608380 
[[2022-02-07 10:52:48]][WARNING] Check zero state index!
2964588687.663885593414307 0.000000000011299
p:2.750921337485173 0.529122019729357 2.464482674197637 -0.298864998375595 -0.391725397040912 1.352372179168386 1.989821489662518 -1.138344267326241 1.364510838917564 0.911180931235617 -0.595674788213814 0.837185368109496 1.954756376785298 -1.254254966305327 -0.603298464486557 0.616730971617399 -1.229472717678183 -0.332772977350787 -1.043911337869680 -1.123122751773332 1.577203848070601 1.447423579639774 0.683111601930868 1.074705744375733 -1.519248341962202 -1.315807113402051 1.331418269936808 1.651220348879793 -1.846026106911478 -1.399416260728053 1.260827147106643 1.478030090720479 -0.819377572331712 0.001964389359568 -0.271737747943377 0.408533792027434 1.150259323979276 -1.616516264602804 0.700265434272836 -1.818120918112107 -0.529384297414910 1.950867373285635 -1.954134723258194 1.344488002020958 1.475495676924500 1.859846251380116 -1.799327307010459 1.537512339821074 1.479000514519351 1.651601313222922 1.854365802221577 1.505414881815123 1.463810640828430 -0.133127312514637 -1.274894884116816 -1.944374025138954 0.141469112053180 -1.661157937683161 -0.556639155829159 -0.712689588608380 
[[2022-02-07 10:54:42]][WARNING] Check zero state index!
2876200012.773565292358398 0.000000000015608
p:2.750921337485173 0.529122019729357 2.464482674197637 -0.298864998375595 -0.391725397040912 -0.218424147831614 2.853649862915629 -1.138344267326241 1.364510838917564 0.911180931235617 -0.595674788213814 0.837185368109496 1.954756376785298 -1.254254966305327 -0.603298464486557 0.616730971617399 -1.229472717678183 -0.332772977350787 -1.043911337869680 -1.123122751773332 1.577203848070601 1.447423579639774 0.683111601930868 1.074705744375733 -1.519248341962202 -1.315807113402051 1.331418269936808 1.651220348879793 -1.846026106911478 -1.399416260728053 1.260827147106643 1.478030090720479 -0.819377572331712 0.001964389359568 -0.271737747943377 0.408533792027434 1.150259323979276 -1.616516264602804 0.700265434272836 -1.818120918112107 -0.529384297414910 1.950867373285635 -1.954134723258194 1.344488002020958 1.475495676924500 1.859846251380116 -1.799327307010459 1.537512339821074 1.479000514519351 1.651601313222922 1.854365802221577 1.505414881815123 1.463810640828430 -0.133127312514637 -1.274894884116816 -1.944374025138954 0.141469112053180 -1.661157937683161 -0.556639155829159 -0.712689588608380 
[[2022-02-07 10:56:37]][WARNING] Check zero state index!
2876061651.644906520843506 0.000000000009115
p:2.750921337485173 0.529122019729357 2.464482674197637 -0.298864998375595 -0.391725397040912 -0.218424147831614 2.853649862915629 0.432452059673759 1.364510838917564 0.911180931235617 -0.595674788213814 0.837185368109496 1.954756376785298 -1.254254966305327 -0.603298464486557 0.616730971617399 -1.229472717678183 -0.332772977350787 -1.043911337869680 -1.123122751773332 1.577203848070601 1.447423579639774 0.683111601930868 1.074705744375733 -1.519248341962202 -1.315807113402051 1.331418269936808 1.651220348879793 -1.846026106911478 -1.399416260728053 1.260827147106643 1.478030090720479 -0.819377572331712 0.001964389359568 -0.271737747943377 0.408533792027434 1.150259323979276 -1.616516264602804 0.700265434272836 -1.818120918112107 -0.529384297414910 1.950867373285635 -1.954134723258194 1.344488002020958 1.475495676924500 1.859846251380116 -1.799327307010459 1.537512339821074 1.479000514519351 1.651601313222922 1.854365802221577 1.505414881815123 1.463810640828430 -0.133127312514637 -1.274894884116816 -1.944374025138954 0.141469112053180 -1.661157937683161 -0.556639155829159 -0.712689588608380 
[[2022-02-07 10:58:31]][WARNING] Check zero state index!
3010038014.771169185638428 0.000000000000078
p:2.750921337485173 0.529122019729357 2.464482674197637 -0.298864998375595 -0.391725397040912 -0.218424147831614 2.853649862915629 0.432452059673759 2.935307165917564 0.911180931235617 -0.595674788213814 0.837185368109496 1.954756376785298 -1.254254966305327 -0.603298464486557 0.616730971617399 -1.229472717678183 -0.332772977350787 -1.043911337869680 -1.123122751773332 1.577203848070601 1.447423579639774 0.683111601930868 1.074705744375733 -1.519248341962202 -1.315807113402051 1.331418269936808 1.651220348879793 -1.846026106911478 -1.399416260728053 1.260827147106643 1.478030090720479 -0.819377572331712 0.001964389359568 -0.271737747943377 0.408533792027434 1.150259323979276 -1.616516264602804 0.700265434272836 -1.818120918112107 -0.529384297414910 1.950867373285635 -1.954134723258194 1.344488002020958 1.475495676924500 1.859846251380116 -1.799327307010459 1.537512339821074 1.479000514519351 1.651601313222922 1.854365802221577 1.505414881815123 1.463810640828430 -0.133127312514637 -1.274894884116816 -1.944374025138954 0.141469112053180 -1.661157937683161 -0.556639155829159 -0.712689588608380 
[[2022-02-07 11:00:26]][WARNING] Check zero state index!
2860488078.332671165466309 0.000000000000046
p:2.750921337485173 0.529122019729357 2.464482674197637 -0.298864998375595 -0.391725397040912 -0.218424147831614 2.853649862915629 0.432452059673759 1.364510838917564 2.481977258235617 -0.595674788213814 0.837185368109496 1.954756376785298 -1.254254966305327 -0.603298464486557 0.616730971617399 -1.229472717678183 -0.332772977350787 -1.043911337869680 -1.123122751773332 1.577203848070601 1.447423579639774 0.683111601930868 1.074705744375733 -1.519248341962202 -1.315807113402051 1.331418269936808 1.651220348879793 -1.846026106911478 -1.399416260728053 1.260827147106643 1.478030090720479 -0.819377572331712 0.001964389359568 -0.271737747943377 0.408533792027434 1.150259323979276 -1.616516264602804 0.700265434272836 -1.818120918112107 -0.529384297414910 1.950867373285635 -1.954134723258194 1.344488002020958 1.475495676924500 1.859846251380116 -1.799327307010459 1.537512339821074 1.479000514519351 1.651601313222922 1.854365802221577 1.505414881815123 1.463810640828430 -0.133127312514637 -1.274894884116816 -1.944374025138954 0.141469112053180 -1.661157937683161 -0.556639155829159 -0.712689588608380 
[[2022-02-07 11:02:20]][WARNING] Check zero state index!
2892332732.709849834442139 0.000000000000792
p:2.750921337485173 0.529122019729357 2.464482674197637 -0.298864998375595 -0.391725397040912 -0.218424147831614 2.853649862915629 0.432452059673759 1.364510838917564 2.481977258235617 0.975121538786186 0.837185368109496 1.954756376785298 -1.254254966305327 -0.603298464486557 0.616730971617399 -1.229472717678183 -0.332772977350787 -1.043911337869680 -1.123122751773332 1.577203848070601 1.447423579639774 0.683111601930868 1.074705744375733 -1.519248341962202 -1.315807113402051 1.331418269936808 1.651220348879793 -1.846026106911478 -1.399416260728053 1.260827147106643 1.478030090720479 -0.819377572331712 0.001964389359568 -0.271737747943377 0.408533792027434 1.150259323979276 -1.616516264602804 0.700265434272836 -1.818120918112107 -0.529384297414910 1.950867373285635 -1.954134723258194 1.344488002020958 1.475495676924500 1.859846251380116 -1.799327307010459 1.537512339821074 1.479000514519351 1.651601313222922 1.854365802221577 1.505414881815123 1.463810640828430 -0.133127312514637 -1.274894884116816 -1.944374025138954 0.141469112053180 -1.661157937683161 -0.556639155829159 -0.712689588608380 
[[2022-02-07 11:04:15]][WARNING] Check zero state index!
2891709574.315365791320801 0.000000000003516
p:2.750921337485173 0.529122019729357 2.464482674197637 -0.298864998375595 -0.391725397040912 -0.218424147831614 2.853649862915629 0.432452059673759 1.364510838917564 2.481977258235617 -0.595674788213814 2.407981695109496 1.954756376785298 -1.254254966305327 -0.603298464486557 0.616730971617399 -1.229472717678183 -0.332772977350787 -1.043911337869680 -1.123122751773332 1.577203848070601 1.447423579639774 0.683111601930868 1.074705744375733 -1.519248341962202 -1.315807113402051 1.331418269936808 1.651220348879793 -1.846026106911478 -1.399416260728053 1.260827147106643 1.478030090720479 -0.819377572331712 0.001964389359568 -0.271737747943377 0.408533792027434 1.150259323979276 -1.616516264602804 0.700265434272836 -1.818120918112107 -0.529384297414910 1.950867373285635 -1.954134723258194 1.344488002020958 1.475495676924500 1.859846251380116 -1.799327307010459 1.537512339821074 1.479000514519351 1.651601313222922 1.854365802221577 1.505414881815123 1.463810640828430 -0.133127312514637 -1.274894884116816 -1.944374025138954 0.141469112053180 -1.661157937683161 -0.556639155829159 -0.712689588608380 
[[2022-02-07 11:06:10]][WARNING] Check zero state index!
2865993353.036444664001465 0.000000000001935
p:2.750921337485173 0.529122019729357 2.464482674197637 -0.298864998375595 -0.391725397040912 -0.218424147831614 2.853649862915629 0.432452059673759 1.364510838917564 2.481977258235617 -0.595674788213814 0.837185368109496 2.844883584696325 -1.254254966305327 -0.603298464486557 0.616730971617399 -1.229472717678183 -0.332772977350787 -1.043911337869680 -1.123122751773332 1.577203848070601 1.447423579639774 0.683111601930868 1.074705744375733 -1.519248341962202 -1.315807113402051 1.331418269936808 1.651220348879793 -1.846026106911478 -1.399416260728053 1.260827147106643 1.478030090720479 -0.819377572331712 0.001964389359568 -0.271737747943377 0.408533792027434 1.150259323979276 -1.616516264602804 0.700265434272836 -1.818120918112107 -0.529384297414910 1.950867373285635 -1.954134723258194 1.344488002020958 1.475495676924500 1.859846251380116 -1.799327307010459 1.537512339821074 1.479000514519351 1.651601313222922 1.854365802221577 1.505414881815123 1.463810640828430 -0.133127312514637 -1.274894884116816 -1.944374025138954 0.141469112053180 -1.661157937683161 -0.556639155829159 -0.712689588608380 
[[2022-02-07 11:08:04]][WARNING] Check zero state index!
2864783379.128329753875732 0.000000000006716
p:2.750921337485173 0.529122019729357 2.464482674197637 -0.298864998375595 -0.391725397040912 -0.218424147831614 2.853649862915629 0.432452059673759 1.364510838917564 2.481977258235617 -0.595674788213814 0.837185368109496 1.954756376785298 0.316541360694673 -0.603298464486557 0.616730971617399 -1.229472717678183 -0.332772977350787 -1.043911337869680 -1.123122751773332 1.577203848070601 1.447423579639774 0.683111601930868 1.074705744375733 -1.519248341962202 -1.315807113402051 1.331418269936808 1.651220348879793 -1.846026106911478 -1.399416260728053 1.260827147106643 1.478030090720479 -0.819377572331712 0.001964389359568 -0.271737747943377 0.408533792027434 1.150259323979276 -1.616516264602804 0.700265434272836 -1.818120918112107 -0.529384297414910 1.950867373285635 -1.954134723258194 1.344488002020958 1.475495676924500 1.859846251380116 -1.799327307010459 1.537512339821074 1.479000514519351 1.651601313222922 1.854365802221577 1.505414881815123 1.463810640828430 -0.133127312514637 -1.274894884116816 -1.944374025138954 0.141469112053180 -1.661157937683161 -0.556639155829159 -0.712689588608380 
[[2022-02-07 11:09:59]][WARNING] Check zero state index!
2864459129.598351478576660 0.000000000007257
p:2.750921337485173 0.529122019729357 2.464482674197637 -0.298864998375595 -0.391725397040912 -0.218424147831614 2.853649862915629 0.432452059673759 1.364510838917564 2.481977258235617 -0.595674788213814 0.837185368109496 1.954756376785298 -1.254254966305327 0.967497862513443 0.616730971617399 -1.229472717678183 -0.332772977350787 -1.043911337869680 -1.123122751773332 1.577203848070601 1.447423579639774 0.683111601930868 1.074705744375733 -1.519248341962202 -1.315807113402051 1.331418269936808 1.651220348879793 -1.846026106911478 -1.399416260728053 1.260827147106643 1.478030090720479 -0.819377572331712 0.001964389359568 -0.271737747943377 0.408533792027434 1.150259323979276 -1.616516264602804 0.700265434272836 -1.818120918112107 -0.529384297414910 1.950867373285635 -1.954134723258194 1.344488002020958 1.475495676924500 1.859846251380116 -1.799327307010459 1.537512339821074 1.479000514519351 1.651601313222922 1.854365802221577 1.505414881815123 1.463810640828430 -0.133127312514637 -1.274894884116816 -1.944374025138954 0.141469112053180 -1.661157937683161 -0.556639155829159 -0.712689588608380 
[[2022-02-07 11:11:53]][WARNING] Check zero state index!
2839734575.950548171997070 0.000000000007652
p:2.750921337485173 0.529122019729357 2.464482674197637 -0.298864998375595 -0.391725397040912 -0.218424147831614 2.853649862915629 0.432452059673759 1.364510838917564 2.481977258235617 -0.595674788213814 0.837185368109496 1.954756376785298 -1.254254966305327 -0.603298464486557 2.187527298617399 -1.229472717678183 -0.332772977350787 -1.043911337869680 -1.123122751773332 1.577203848070601 1.447423579639774 0.683111601930868 1.074705744375733 -1.519248341962202 -1.315807113402051 1.331418269936808 1.651220348879793 -1.846026106911478 -1.399416260728053 1.260827147106643 1.478030090720479 -0.819377572331712 0.001964389359568 -0.271737747943377 0.408533792027434 1.150259323979276 -1.616516264602804 0.700265434272836 -1.818120918112107 -0.529384297414910 1.950867373285635 -1.954134723258194 1.344488002020958 1.475495676924500 1.859846251380116 -1.799327307010459 1.537512339821074 1.479000514519351 1.651601313222922 1.854365802221577 1.505414881815123 1.463810640828430 -0.133127312514637 -1.274894884116816 -1.944374025138954 0.141469112053180 -1.661157937683161 -0.556639155829159 -0.712689588608380 
[[2022-02-07 11:13:48]][WARNING] Check zero state index!
2851880334.187942981719971 0.000000000000601
p:2.750921337485173 0.529122019729357 2.464482674197637 -0.298864998375595 -0.391725397040912 -0.218424147831614 2.853649862915629 0.432452059673759 1.364510838917564 2.481977258235617 -0.595674788213814 0.837185368109496 1.954756376785298 -1.254254966305327 -0.603298464486557 2.187527298617399 0.341323609321817 -0.332772977350787 -1.043911337869680 -1.123122751773332 1.577203848070601 1.447423579639774 0.683111601930868 1.074705744375733 -1.519248341962202 -1.315807113402051 1.331418269936808 1.651220348879793 -1.846026106911478 -1.399416260728053 1.260827147106643 1.478030090720479 -0.819377572331712 0.001964389359568 -0.271737747943377 0.408533792027434 1.150259323979276 -1.616516264602804 0.700265434272836 -1.818120918112107 -0.529384297414910 1.950867373285635 -1.954134723258194 1.344488002020958 1.475495676924500 1.859846251380116 -1.799327307010459 1.537512339821074 1.479000514519351 1.651601313222922 1.854365802221577 1.505414881815123 1.463810640828430 -0.133127312514637 -1.274894884116816 -1.944374025138954 0.141469112053180 -1.661157937683161 -0.556639155829159 -0.712689588608380 
[[2022-02-07 11:15:42]][WARNING] Check zero state index!
2840924926.936213970184326 0.000000000016583
p:2.750921337485173 0.529122019729357 2.464482674197637 -0.298864998375595 -0.391725397040912 -0.218424147831614 2.853649862915629 0.432452059673759 1.364510838917564 2.481977258235617 -0.595674788213814 0.837185368109496 1.954756376785298 -1.254254966305327 -0.603298464486557 2.187527298617399 -1.229472717678183 1.238023349649213 -1.043911337869680 -1.123122751773332 1.577203848070601 1.447423579639774 0.683111601930868 1.074705744375733 -1.519248341962202 -1.315807113402051 1.331418269936808 1.651220348879793 -1.846026106911478 -1.399416260728053 1.260827147106643 1.478030090720479 -0.819377572331712 0.001964389359568 -0.271737747943377 0.408533792027434 1.150259323979276 -1.616516264602804 0.700265434272836 -1.818120918112107 -0.529384297414910 1.950867373285635 -1.954134723258194 1.344488002020958 1.475495676924500 1.859846251380116 -1.799327307010459 1.537512339821074 1.479000514519351 1.651601313222922 1.854365802221577 1.505414881815123 1.463810640828430 -0.133127312514637 -1.274894884116816 -1.944374025138954 0.141469112053180 -1.661157937683161 -0.556639155829159 -0.712689588608380 
[[2022-02-07 11:17:37]][WARNING] Check zero state index!
2836746457.968806743621826 0.000000000017330
p:2.750921337485173 0.529122019729357 2.464482674197637 -0.298864998375595 -0.391725397040912 -0.218424147831614 2.853649862915629 0.432452059673759 1.364510838917564 2.481977258235617 -0.595674788213814 0.837185368109496 1.954756376785298 -1.254254966305327 -0.603298464486557 2.187527298617399 -1.229472717678183 -0.332772977350787 0.526884989130320 -1.123122751773332 1.577203848070601 1.447423579639774 0.683111601930868 1.074705744375733 -1.519248341962202 -1.315807113402051 1.331418269936808 1.651220348879793 -1.846026106911478 -1.399416260728053 1.260827147106643 1.478030090720479 -0.819377572331712 0.001964389359568 -0.271737747943377 0.408533792027434 1.150259323979276 -1.616516264602804 0.700265434272836 -1.818120918112107 -0.529384297414910 1.950867373285635 -1.954134723258194 1.344488002020958 1.475495676924500 1.859846251380116 -1.799327307010459 1.537512339821074 1.479000514519351 1.651601313222922 1.854365802221577 1.505414881815123 1.463810640828430 -0.133127312514637 -1.274894884116816 -1.944374025138954 0.141469112053180 -1.661157937683161 -0.556639155829159 -0.712689588608380 
[[2022-02-07 11:19:32]][WARNING] Check zero state index!
2837870377.425421237945557 0.000000000008033
p:2.750921337485173 0.529122019729357 2.464482674197637 -0.298864998375595 -0.391725397040912 -0.218424147831614 2.853649862915629 0.432452059673759 1.364510838917564 2.481977258235617 -0.595674788213814 0.837185368109496 1.954756376785298 -1.254254966305327 -0.603298464486557 2.187527298617399 -1.229472717678183 -0.332772977350787 0.526884989130320 0.447673575226668 1.577203848070601 1.447423579639774 0.683111601930868 1.074705744375733 -1.519248341962202 -1.315807113402051 1.331418269936808 1.651220348879793 -1.846026106911478 -1.399416260728053 1.260827147106643 1.478030090720479 -0.819377572331712 0.001964389359568 -0.271737747943377 0.408533792027434 1.150259323979276 -1.616516264602804 0.700265434272836 -1.818120918112107 -0.529384297414910 1.950867373285635 -1.954134723258194 1.344488002020958 1.475495676924500 1.859846251380116 -1.799327307010459 1.537512339821074 1.479000514519351 1.651601313222922 1.854365802221577 1.505414881815123 1.463810640828430 -0.133127312514637 -1.274894884116816 -1.944374025138954 0.141469112053180 -1.661157937683161 -0.556639155829159 -0.712689588608380 
[[2022-02-07 11:21:26]][WARNING] Check zero state index!
2767953570.161099433898926 0.000000000018983
p:2.750921337485173 0.529122019729357 2.464482674197637 -0.298864998375595 -0.391725397040912 -0.218424147831614 2.853649862915629 0.432452059673759 1.364510838917564 2.481977258235617 -0.595674788213814 0.837185368109496 1.954756376785298 -1.254254966305327 -0.603298464486557 2.187527298617399 -1.229472717678183 -0.332772977350787 0.526884989130320 -1.123122751773332 2.750495452517650 1.447423579639774 0.683111601930868 1.074705744375733 -1.519248341962202 -1.315807113402051 1.331418269936808 1.651220348879793 -1.846026106911478 -1.399416260728053 1.260827147106643 1.478030090720479 -0.819377572331712 0.001964389359568 -0.271737747943377 0.408533792027434 1.150259323979276 -1.616516264602804 0.700265434272836 -1.818120918112107 -0.529384297414910 1.950867373285635 -1.954134723258194 1.344488002020958 1.475495676924500 1.859846251380116 -1.799327307010459 1.537512339821074 1.479000514519351 1.651601313222922 1.854365802221577 1.505414881815123 1.463810640828430 -0.133127312514637 -1.274894884116816 -1.944374025138954 0.141469112053180 -1.661157937683161 -0.556639155829159 -0.712689588608380 
[[2022-02-07 11:23:21]][WARNING] Check zero state index!
2774610058.936914443969727 0.000000000020492
p:2.750921337485173 0.529122019729357 2.464482674197637 -0.298864998375595 -0.391725397040912 -0.218424147831614 2.853649862915629 0.432452059673759 1.364510838917564 2.481977258235617 -0.595674788213814 0.837185368109496 1.954756376785298 -1.254254966305327 -0.603298464486557 2.187527298617399 -1.229472717678183 -0.332772977350787 0.526884989130320 -1.123122751773332 2.750495452517650 3.018219906639774 0.683111601930868 1.074705744375733 -1.519248341962202 -1.315807113402051 1.331418269936808 1.651220348879793 -1.846026106911478 -1.399416260728053 1.260827147106643 1.478030090720479 -0.819377572331712 0.001964389359568 -0.271737747943377 0.408533792027434 1.150259323979276 -1.616516264602804 0.700265434272836 -1.818120918112107 -0.529384297414910 1.950867373285635 -1.954134723258194 1.344488002020958 1.475495676924500 1.859846251380116 -1.799327307010459 1.537512339821074 1.479000514519351 1.651601313222922 1.854365802221577 1.505414881815123 1.463810640828430 -0.133127312514637 -1.274894884116816 -1.944374025138954 0.141469112053180 -1.661157937683161 -0.556639155829159 -0.712689588608380 
[[2022-02-07 11:25:15]][WARNING] Check zero state index!
2794056111.832047939300537 0.000000000021608
p:2.750921337485173 0.529122019729357 2.464482674197637 -0.298864998375595 -0.391725397040912 -0.218424147831614 2.853649862915629 0.432452059673759 1.364510838917564 2.481977258235617 -0.595674788213814 0.837185368109496 1.954756376785298 -1.254254966305327 -0.603298464486557 2.187527298617399 -1.229472717678183 -0.332772977350787 0.526884989130320 -1.123122751773332 2.750495452517650 1.447423579639774 2.253907928930868 1.074705744375733 -1.519248341962202 -1.315807113402051 1.331418269936808 1.651220348879793 -1.846026106911478 -1.399416260728053 1.260827147106643 1.478030090720479 -0.819377572331712 0.001964389359568 -0.271737747943377 0.408533792027434 1.150259323979276 -1.616516264602804 0.700265434272836 -1.818120918112107 -0.529384297414910 1.950867373285635 -1.954134723258194 1.344488002020958 1.475495676924500 1.859846251380116 -1.799327307010459 1.537512339821074 1.479000514519351 1.651601313222922 1.854365802221577 1.505414881815123 1.463810640828430 -0.133127312514637 -1.274894884116816 -1.944374025138954 0.141469112053180 -1.661157937683161 -0.556639155829159 -0.712689588608380 
[[2022-02-07 11:27:10]][WARNING] Check zero state index!
2913379643.379273891448975 0.000000000001871
p:2.750921337485173 0.529122019729357 2.464482674197637 -0.298864998375595 -0.391725397040912 -0.218424147831614 2.853649862915629 0.432452059673759 1.364510838917564 2.481977258235617 -0.595674788213814 0.837185368109496 1.954756376785298 -1.254254966305327 -0.603298464486557 2.187527298617399 -1.229472717678183 -0.332772977350787 0.526884989130320 -1.123122751773332 2.750495452517650 1.447423579639774 0.683111601930868 2.645502071375733 -1.519248341962202 -1.315807113402051 1.331418269936808 1.651220348879793 -1.846026106911478 -1.399416260728053 1.260827147106643 1.478030090720479 -0.819377572331712 0.001964389359568 -0.271737747943377 0.408533792027434 1.150259323979276 -1.616516264602804 0.700265434272836 -1.818120918112107 -0.529384297414910 1.950867373285635 -1.954134723258194 1.344488002020958 1.475495676924500 1.859846251380116 -1.799327307010459 1.537512339821074 1.479000514519351 1.651601313222922 1.854365802221577 1.505414881815123 1.463810640828430 -0.133127312514637 -1.274894884116816 -1.944374025138954 0.141469112053180 -1.661157937683161 -0.556639155829159 -0.712689588608380 
[[2022-02-07 11:29:04]][WARNING] Check zero state index!
2756333909.697257518768311 0.000000000026324
p:2.750921337485173 0.529122019729357 2.464482674197637 -0.298864998375595 -0.391725397040912 -0.218424147831614 2.853649862915629 0.432452059673759 1.364510838917564 2.481977258235617 -0.595674788213814 0.837185368109496 1.954756376785298 -1.254254966305327 -0.603298464486557 2.187527298617399 -1.229472717678183 -0.332772977350787 0.526884989130320 -1.123122751773332 2.750495452517650 1.447423579639774 0.683111601930868 1.074705744375733 0.051547985037798 -1.315807113402051 1.331418269936808 1.651220348879793 -1.846026106911478 -1.399416260728053 1.260827147106643 1.478030090720479 -0.819377572331712 0.001964389359568 -0.271737747943377 0.408533792027434 1.150259323979276 -1.616516264602804 0.700265434272836 -1.818120918112107 -0.529384297414910 1.950867373285635 -1.954134723258194 1.344488002020958 1.475495676924500 1.859846251380116 -1.799327307010459 1.537512339821074 1.479000514519351 1.651601313222922 1.854365802221577 1.505414881815123 1.463810640828430 -0.133127312514637 -1.274894884116816 -1.944374025138954 0.141469112053180 -1.661157937683161 -0.556639155829159 -0.712689588608380 
[[2022-02-07 11:30:59]][WARNING] Check zero state index!
2746457205.961340904235840 0.000000000031266
p:2.750921337485173 0.529122019729357 2.464482674197637 -0.298864998375595 -0.391725397040912 -0.218424147831614 2.853649862915629 0.432452059673759 1.364510838917564 2.481977258235617 -0.595674788213814 0.837185368109496 1.954756376785298 -1.254254966305327 -0.603298464486557 2.187527298617399 -1.229472717678183 -0.332772977350787 0.526884989130320 -1.123122751773332 2.750495452517650 1.447423579639774 0.683111601930868 1.074705744375733 0.051547985037798 0.254989213597949 1.331418269936808 1.651220348879793 -1.846026106911478 -1.399416260728053 1.260827147106643 1.478030090720479 -0.819377572331712 0.001964389359568 -0.271737747943377 0.408533792027434 1.150259323979276 -1.616516264602804 0.700265434272836 -1.818120918112107 -0.529384297414910 1.950867373285635 -1.954134723258194 1.344488002020958 1.475495676924500 1.859846251380116 -1.799327307010459 1.537512339821074 1.479000514519351 1.651601313222922 1.854365802221577 1.505414881815123 1.463810640828430 -0.133127312514637 -1.274894884116816 -1.944374025138954 0.141469112053180 -1.661157937683161 -0.556639155829159 -0.712689588608380 
[[2022-02-07 11:32:53]][WARNING] Check zero state index!
3054691964.706942081451416 0.000000000000523
p:2.750921337485173 0.529122019729357 2.464482674197637 -0.298864998375595 -0.391725397040912 -0.218424147831614 2.853649862915629 0.432452059673759 1.364510838917564 2.481977258235617 -0.595674788213814 0.837185368109496 1.954756376785298 -1.254254966305327 -0.603298464486557 2.187527298617399 -1.229472717678183 -0.332772977350787 0.526884989130320 -1.123122751773332 2.750495452517650 1.447423579639774 0.683111601930868 1.074705744375733 0.051547985037798 0.254989213597949 2.902214596936809 1.651220348879793 -1.846026106911478 -1.399416260728053 1.260827147106643 1.478030090720479 -0.819377572331712 0.001964389359568 -0.271737747943377 0.408533792027434 1.150259323979276 -1.616516264602804 0.700265434272836 -1.818120918112107 -0.529384297414910 1.950867373285635 -1.954134723258194 1.344488002020958 1.475495676924500 1.859846251380116 -1.799327307010459 1.537512339821074 1.479000514519351 1.651601313222922 1.854365802221577 1.505414881815123 1.463810640828430 -0.133127312514637 -1.274894884116816 -1.944374025138954 0.141469112053180 -1.661157937683161 -0.556639155829159 -0.712689588608380 
[[2022-02-07 11:34:48]][WARNING] Check zero state index!
2739431152.975967884063721 0.000000000035807
p:2.750921337485173 0.529122019729357 2.464482674197637 -0.298864998375595 -0.391725397040912 -0.218424147831614 2.853649862915629 0.432452059673759 1.364510838917564 2.481977258235617 -0.595674788213814 0.837185368109496 1.954756376785298 -1.254254966305327 -0.603298464486557 2.187527298617399 -1.229472717678183 -0.332772977350787 0.526884989130320 -1.123122751773332 2.750495452517650 1.447423579639774 0.683111601930868 1.074705744375733 0.051547985037798 0.254989213597949 1.331418269936808 2.768999577719948 -1.846026106911478 -1.399416260728053 1.260827147106643 1.478030090720479 -0.819377572331712 0.001964389359568 -0.271737747943377 0.408533792027434 1.150259323979276 -1.616516264602804 0.700265434272836 -1.818120918112107 -0.529384297414910 1.950867373285635 -1.954134723258194 1.344488002020958 1.475495676924500 1.859846251380116 -1.799327307010459 1.537512339821074 1.479000514519351 1.651601313222922 1.854365802221577 1.505414881815123 1.463810640828430 -0.133127312514637 -1.274894884116816 -1.944374025138954 0.141469112053180 -1.661157937683161 -0.556639155829159 -0.712689588608380 
[[2022-02-07 11:36:42]][WARNING] Check zero state index!
2651884904.776350021362305 0.000000000061700
p:2.750921337485173 0.529122019729357 2.464482674197637 -0.298864998375595 -0.391725397040912 -0.218424147831614 2.853649862915629 0.432452059673759 1.364510838917564 2.481977258235617 -0.595674788213814 0.837185368109496 1.954756376785298 -1.254254966305327 -0.603298464486557 2.187527298617399 -1.229472717678183 -0.332772977350787 0.526884989130320 -1.123122751773332 2.750495452517650 1.447423579639774 0.683111601930868 1.074705744375733 0.051547985037798 0.254989213597949 1.331418269936808 2.768999577719948 -0.874351196595087 -1.399416260728053 1.260827147106643 1.478030090720479 -0.819377572331712 0.001964389359568 -0.271737747943377 0.408533792027434 1.150259323979276 -1.616516264602804 0.700265434272836 -1.818120918112107 -0.529384297414910 1.950867373285635 -1.954134723258194 1.344488002020958 1.475495676924500 1.859846251380116 -1.799327307010459 1.537512339821074 1.479000514519351 1.651601313222922 1.854365802221577 1.505414881815123 1.463810640828430 -0.133127312514637 -1.274894884116816 -1.944374025138954 0.141469112053180 -1.661157937683161 -0.556639155829159 -0.712689588608380 
[[2022-02-07 11:38:36]][WARNING] Check zero state index!
2722556970.023756504058838 0.000000000005821
p:2.750921337485173 0.529122019729357 2.464482674197637 -0.298864998375595 -0.391725397040912 -0.218424147831614 2.853649862915629 0.432452059673759 1.364510838917564 2.481977258235617 -0.595674788213814 0.837185368109496 1.954756376785298 -1.254254966305327 -0.603298464486557 2.187527298617399 -1.229472717678183 -0.332772977350787 0.526884989130320 -1.123122751773332 2.750495452517650 1.447423579639774 0.683111601930868 1.074705744375733 0.051547985037798 0.254989213597949 1.331418269936808 2.768999577719948 -0.874351196595087 0.171380066271947 1.260827147106643 1.478030090720479 -0.819377572331712 0.001964389359568 -0.271737747943377 0.408533792027434 1.150259323979276 -1.616516264602804 0.700265434272836 -1.818120918112107 -0.529384297414910 1.950867373285635 -1.954134723258194 1.344488002020958 1.475495676924500 1.859846251380116 -1.799327307010459 1.537512339821074 1.479000514519351 1.651601313222922 1.854365802221577 1.505414881815123 1.463810640828430 -0.133127312514637 -1.274894884116816 -1.944374025138954 0.141469112053180 -1.661157937683161 -0.556639155829159 -0.712689588608380 
[[2022-02-07 11:40:31]][WARNING] Check zero state index!
2709089227.154863357543945 0.000000000188767
p:2.750921337485173 0.529122019729357 2.464482674197637 -0.298864998375595 -0.391725397040912 -0.218424147831614 2.853649862915629 0.432452059673759 1.364510838917564 2.481977258235617 -0.595674788213814 0.837185368109496 1.954756376785298 -1.254254966305327 -0.603298464486557 2.187527298617399 -1.229472717678183 -0.332772977350787 0.526884989130320 -1.123122751773332 2.750495452517650 1.447423579639774 0.683111601930868 1.074705744375733 0.051547985037798 0.254989213597949 1.331418269936808 2.768999577719948 -0.874351196595087 -1.399416260728053 2.831623474106643 1.478030090720479 -0.819377572331712 0.001964389359568 -0.271737747943377 0.408533792027434 1.150259323979276 -1.616516264602804 0.700265434272836 -1.818120918112107 -0.529384297414910 1.950867373285635 -1.954134723258194 1.344488002020958 1.475495676924500 1.859846251380116 -1.799327307010459 1.537512339821074 1.479000514519351 1.651601313222922 1.854365802221577 1.505414881815123 1.463810640828430 -0.133127312514637 -1.274894884116816 -1.944374025138954 0.141469112053180 -1.661157937683161 -0.556639155829159 -0.712689588608380 
[[2022-02-07 11:42:25]][WARNING] Check zero state index!
2678124154.421683788299561 0.000000000147940
p:2.750921337485173 0.529122019729357 2.464482674197637 -0.298864998375595 -0.391725397040912 -0.218424147831614 2.853649862915629 0.432452059673759 1.364510838917564 2.481977258235617 -0.595674788213814 0.837185368109496 1.954756376785298 -1.254254966305327 -0.603298464486557 2.187527298617399 -1.229472717678183 -0.332772977350787 0.526884989130320 -1.123122751773332 2.750495452517650 1.447423579639774 0.683111601930868 1.074705744375733 0.051547985037798 0.254989213597949 1.331418269936808 2.768999577719948 -0.874351196595087 -1.399416260728053 1.260827147106643 3.048826417720479 -0.819377572331712 0.001964389359568 -0.271737747943377 0.408533792027434 1.150259323979276 -1.616516264602804 0.700265434272836 -1.818120918112107 -0.529384297414910 1.950867373285635 -1.954134723258194 1.344488002020958 1.475495676924500 1.859846251380116 -1.799327307010459 1.537512339821074 1.479000514519351 1.651601313222922 1.854365802221577 1.505414881815123 1.463810640828430 -0.133127312514637 -1.274894884116816 -1.944374025138954 0.141469112053180 -1.661157937683161 -0.556639155829159 -0.712689588608380 
[[2022-02-07 11:44:20]][WARNING] Check zero state index!
2653205243.683876991271973 0.000000000005104
p:2.750921337485173 0.529122019729357 2.464482674197637 -0.298864998375595 -0.391725397040912 -0.218424147831614 2.853649862915629 0.432452059673759 1.364510838917564 2.481977258235617 -0.595674788213814 0.837185368109496 1.954756376785298 -1.254254966305327 -0.603298464486557 2.187527298617399 -1.229472717678183 -0.332772977350787 0.526884989130320 -1.123122751773332 2.750495452517650 1.447423579639774 0.683111601930868 1.074705744375733 0.051547985037798 0.254989213597949 1.331418269936808 2.768999577719948 -0.874351196595087 -1.399416260728053 1.260827147106643 1.478030090720479 0.751418754668288 0.001964389359568 -0.271737747943377 0.408533792027434 1.150259323979276 -1.616516264602804 0.700265434272836 -1.818120918112107 -0.529384297414910 1.950867373285635 -1.954134723258194 1.344488002020958 1.475495676924500 1.859846251380116 -1.799327307010459 1.537512339821074 1.479000514519351 1.651601313222922 1.854365802221577 1.505414881815123 1.463810640828430 -0.133127312514637 -1.274894884116816 -1.944374025138954 0.141469112053180 -1.661157937683161 -0.556639155829159 -0.712689588608380 
[[2022-02-07 11:46:14]][WARNING] Check zero state index!
2847690620.372433662414551 0.000000000129913
p:2.750921337485173 0.529122019729357 2.464482674197637 -0.298864998375595 -0.391725397040912 -0.218424147831614 2.853649862915629 0.432452059673759 1.364510838917564 2.481977258235617 -0.595674788213814 0.837185368109496 1.954756376785298 -1.254254966305327 -0.603298464486557 2.187527298617399 -1.229472717678183 -0.332772977350787 0.526884989130320 -1.123122751773332 2.750495452517650 1.447423579639774 0.683111601930868 1.074705744375733 0.051547985037798 0.254989213597949 1.331418269936808 2.768999577719948 -0.874351196595087 -1.399416260728053 1.260827147106643 1.478030090720479 -0.819377572331712 1.572760716359568 -0.271737747943377 0.408533792027434 1.150259323979276 -1.616516264602804 0.700265434272836 -1.818120918112107 -0.529384297414910 1.950867373285635 -1.954134723258194 1.344488002020958 1.475495676924500 1.859846251380116 -1.799327307010459 1.537512339821074 1.479000514519351 1.651601313222922 1.854365802221577 1.505414881815123 1.463810640828430 -0.133127312514637 -1.274894884116816 -1.944374025138954 0.141469112053180 -1.661157937683161 -0.556639155829159 -0.712689588608380 
[[2022-02-07 11:48:08]][WARNING] Check zero state index!
2820866012.248177051544189 0.000000000256623
p:2.750921337485173 0.529122019729357 2.464482674197637 -0.298864998375595 -0.391725397040912 -0.218424147831614 2.853649862915629 0.432452059673759 1.364510838917564 2.481977258235617 -0.595674788213814 0.837185368109496 1.954756376785298 -1.254254966305327 -0.603298464486557 2.187527298617399 -1.229472717678183 -0.332772977350787 0.526884989130320 -1.123122751773332 2.750495452517650 1.447423579639774 0.683111601930868 1.074705744375733 0.051547985037798 0.254989213597949 1.331418269936808 2.768999577719948 -0.874351196595087 -1.399416260728053 1.260827147106643 1.478030090720479 -0.819377572331712 0.001964389359568 1.299058579056623 0.408533792027434 1.150259323979276 -1.616516264602804 0.700265434272836 -1.818120918112107 -0.529384297414910 1.950867373285635 -1.954134723258194 1.344488002020958 1.475495676924500 1.859846251380116 -1.799327307010459 1.537512339821074 1.479000514519351 1.651601313222922 1.854365802221577 1.505414881815123 1.463810640828430 -0.133127312514637 -1.274894884116816 -1.944374025138954 0.141469112053180 -1.661157937683161 -0.556639155829159 -0.712689588608380 
[[2022-02-07 11:50:03]][WARNING] Check zero state index!
2705611566.181156635284424 0.000000000016993
p:2.750921337485173 0.529122019729357 2.464482674197637 -0.298864998375595 -0.391725397040912 -0.218424147831614 2.853649862915629 0.432452059673759 1.364510838917564 2.481977258235617 -0.595674788213814 0.837185368109496 1.954756376785298 -1.254254966305327 -0.603298464486557 2.187527298617399 -1.229472717678183 -0.332772977350787 0.526884989130320 -1.123122751773332 2.750495452517650 1.447423579639774 0.683111601930868 1.074705744375733 0.051547985037798 0.254989213597949 1.331418269936808 2.768999577719948 -0.874351196595087 -1.399416260728053 1.260827147106643 1.478030090720479 -0.819377572331712 0.001964389359568 -0.271737747943377 1.979330119027434 1.150259323979276 -1.616516264602804 0.700265434272836 -1.818120918112107 -0.529384297414910 1.950867373285635 -1.954134723258194 1.344488002020958 1.475495676924500 1.859846251380116 -1.799327307010459 1.537512339821074 1.479000514519351 1.651601313222922 1.854365802221577 1.505414881815123 1.463810640828430 -0.133127312514637 -1.274894884116816 -1.944374025138954 0.141469112053180 -1.661157937683161 -0.556639155829159 -0.712689588608380 
[[2022-02-07 11:51:57]][WARNING] Check zero state index!
2683177955.404535293579102 0.000000000217578
p:2.750921337485173 0.529122019729357 2.464482674197637 -0.298864998375595 -0.391725397040912 -0.218424147831614 2.853649862915629 0.432452059673759 1.364510838917564 2.481977258235617 -0.595674788213814 0.837185368109496 1.954756376785298 -1.254254966305327 -0.603298464486557 2.187527298617399 -1.229472717678183 -0.332772977350787 0.526884989130320 -1.123122751773332 2.750495452517650 1.447423579639774 0.683111601930868 1.074705744375733 0.051547985037798 0.254989213597949 1.331418269936808 2.768999577719948 -0.874351196595087 -1.399416260728053 1.260827147106643 1.478030090720479 -0.819377572331712 0.001964389359568 -0.271737747943377 0.408533792027434 2.721055650979277 -1.616516264602804 0.700265434272836 -1.818120918112107 -0.529384297414910 1.950867373285635 -1.954134723258194 1.344488002020958 1.475495676924500 1.859846251380116 -1.799327307010459 1.537512339821074 1.479000514519351 1.651601313222922 1.854365802221577 1.505414881815123 1.463810640828430 -0.133127312514637 -1.274894884116816 -1.944374025138954 0.141469112053180 -1.661157937683161 -0.556639155829159 -0.712689588608380 
[[2022-02-07 11:53:52]][WARNING] Check zero state index!
2615114175.656616210937500 0.000000000013688
p:2.750921337485173 0.529122019729357 2.464482674197637 -0.298864998375595 -0.391725397040912 -0.218424147831614 2.853649862915629 0.432452059673759 1.364510838917564 2.481977258235617 -0.595674788213814 0.837185368109496 1.954756376785298 -1.254254966305327 -0.603298464486557 2.187527298617399 -1.229472717678183 -0.332772977350787 0.526884989130320 -1.123122751773332 2.750495452517650 1.447423579639774 0.683111601930868 1.074705744375733 0.051547985037798 0.254989213597949 1.331418269936808 2.768999577719948 -0.874351196595087 -1.399416260728053 1.260827147106643 1.478030090720479 -0.819377572331712 0.001964389359568 -0.271737747943377 0.408533792027434 1.150259323979276 -0.472708972554907 0.700265434272836 -1.818120918112107 -0.529384297414910 1.950867373285635 -1.954134723258194 1.344488002020958 1.475495676924500 1.859846251380116 -1.799327307010459 1.537512339821074 1.479000514519351 1.651601313222922 1.854365802221577 1.505414881815123 1.463810640828430 -0.133127312514637 -1.274894884116816 -1.944374025138954 0.141469112053180 -1.661157937683161 -0.556639155829159 -0.712689588608380 
[[2022-02-07 11:55:46]][WARNING] Check zero state index!
2636049689.752599716186523 0.000000000004423
p:2.750921337485173 0.529122019729357 2.464482674197637 -0.298864998375595 -0.391725397040912 -0.218424147831614 2.853649862915629 0.432452059673759 1.364510838917564 2.481977258235617 -0.595674788213814 0.837185368109496 1.954756376785298 -1.254254966305327 -0.603298464486557 2.187527298617399 -1.229472717678183 -0.332772977350787 0.526884989130320 -1.123122751773332 2.750495452517650 1.447423579639774 0.683111601930868 1.074705744375733 0.051547985037798 0.254989213597949 1.331418269936808 2.768999577719948 -0.874351196595087 -1.399416260728053 1.260827147106643 1.478030090720479 -0.819377572331712 0.001964389359568 -0.271737747943377 0.408533792027434 1.150259323979276 -0.472708972554907 2.271061761272836 -1.818120918112107 -0.529384297414910 1.950867373285635 -1.954134723258194 1.344488002020958 1.475495676924500 1.859846251380116 -1.799327307010459 1.537512339821074 1.479000514519351 1.651601313222922 1.854365802221577 1.505414881815123 1.463810640828430 -0.133127312514637 -1.274894884116816 -1.944374025138954 0.141469112053180 -1.661157937683161 -0.556639155829159 -0.712689588608380 
[[2022-02-07 11:57:41]][WARNING] Check zero state index!
2636158992.144654750823975 0.000000000023014
p:2.750921337485173 0.529122019729357 2.464482674197637 -0.298864998375595 -0.391725397040912 -0.218424147831614 2.853649862915629 0.432452059673759 1.364510838917564 2.481977258235617 -0.595674788213814 0.837185368109496 1.954756376785298 -1.254254966305327 -0.603298464486557 2.187527298617399 -1.229472717678183 -0.332772977350787 0.526884989130320 -1.123122751773332 2.750495452517650 1.447423579639774 0.683111601930868 1.074705744375733 0.051547985037798 0.254989213597949 1.331418269936808 2.768999577719948 -0.874351196595087 -1.399416260728053 1.260827147106643 1.478030090720479 -0.819377572331712 0.001964389359568 -0.271737747943377 0.408533792027434 1.150259323979276 -0.472708972554907 0.700265434272836 -0.825517116196186 -0.529384297414910 1.950867373285635 -1.954134723258194 1.344488002020958 1.475495676924500 1.859846251380116 -1.799327307010459 1.537512339821074 1.479000514519351 1.651601313222922 1.854365802221577 1.505414881815123 1.463810640828430 -0.133127312514637 -1.274894884116816 -1.944374025138954 0.141469112053180 -1.661157937683161 -0.556639155829159 -0.712689588608380 
[[2022-02-07 11:59:35]][WARNING] Check zero state index!
2677785850.416798591613770 0.000000000011135
p:2.750921337485173 0.529122019729357 2.464482674197637 -0.298864998375595 -0.391725397040912 -0.218424147831614 2.853649862915629 0.432452059673759 1.364510838917564 2.481977258235617 -0.595674788213814 0.837185368109496 1.954756376785298 -1.254254966305327 -0.603298464486557 2.187527298617399 -1.229472717678183 -0.332772977350787 0.526884989130320 -1.123122751773332 2.750495452517650 1.447423579639774 0.683111601930868 1.074705744375733 0.051547985037798 0.254989213597949 1.331418269936808 2.768999577719948 -0.874351196595087 -1.399416260728053 1.260827147106643 1.478030090720479 -0.819377572331712 0.001964389359568 -0.271737747943377 0.408533792027434 1.150259323979276 -0.472708972554907 0.700265434272836 -1.818120918112107 1.041412029585090 1.950867373285635 -1.954134723258194 1.344488002020958 1.475495676924500 1.859846251380116 -1.799327307010459 1.537512339821074 1.479000514519351 1.651601313222922 1.854365802221577 1.505414881815123 1.463810640828430 -0.133127312514637 -1.274894884116816 -1.944374025138954 0.141469112053180 -1.661157937683161 -0.556639155829159 -0.712689588608380 
[[2022-02-07 12:01:30]][WARNING] Check zero state index!
2606085959.968000411987305 0.000000000016327
p:2.750921337485173 0.529122019729357 2.464482674197637 -0.298864998375595 -0.391725397040912 -0.218424147831614 2.853649862915629 0.432452059673759 1.364510838917564 2.481977258235617 -0.595674788213814 0.837185368109496 1.954756376785298 -1.254254966305327 -0.603298464486557 2.187527298617399 -1.229472717678183 -0.332772977350787 0.526884989130320 -1.123122751773332 2.750495452517650 1.447423579639774 0.683111601930868 1.074705744375733 0.051547985037798 0.254989213597949 1.331418269936808 2.768999577719948 -0.874351196595087 -1.399416260728053 1.260827147106643 1.478030090720479 -0.819377572331712 0.001964389359568 -0.271737747943377 0.408533792027434 1.150259323979276 -0.472708972554907 0.700265434272836 -1.818120918112107 -0.529384297414910 2.843911333821409 -1.954134723258194 1.344488002020958 1.475495676924500 1.859846251380116 -1.799327307010459 1.537512339821074 1.479000514519351 1.651601313222922 1.854365802221577 1.505414881815123 1.463810640828430 -0.133127312514637 -1.274894884116816 -1.944374025138954 0.141469112053180 -1.661157937683161 -0.556639155829159 -0.712689588608380 
[[2022-02-07 12:03:24]][WARNING] Check zero state index!
2631156889.204620361328125 0.000000000006986
p:2.750921337485173 0.529122019729357 2.464482674197637 -0.298864998375595 -0.391725397040912 -0.218424147831614 2.853649862915629 0.432452059673759 1.364510838917564 2.481977258235617 -0.595674788213814 0.837185368109496 1.954756376785298 -1.254254966305327 -0.603298464486557 2.187527298617399 -1.229472717678183 -0.332772977350787 0.526884989130320 -1.123122751773332 2.750495452517650 1.447423579639774 0.683111601930868 1.074705744375733 0.051547985037798 0.254989213597949 1.331418269936808 2.768999577719948 -0.874351196595087 -1.399416260728053 1.260827147106643 1.478030090720479 -0.819377572331712 0.001964389359568 -0.271737747943377 0.408533792027434 1.150259323979276 -0.472708972554907 0.700265434272836 -1.818120918112107 -0.529384297414910 2.843911333821409 -1.063541275201840 1.344488002020958 1.475495676924500 1.859846251380116 -1.799327307010459 1.537512339821074 1.479000514519351 1.651601313222922 1.854365802221577 1.505414881815123 1.463810640828430 -0.133127312514637 -1.274894884116816 -1.944374025138954 0.141469112053180 -1.661157937683161 -0.556639155829159 -0.712689588608380 
[[2022-02-07 12:05:19]][WARNING] Check zero state index!
2614156125.508224010467529 0.000000000022704
p:2.750921337485173 0.529122019729357 2.464482674197637 -0.298864998375595 -0.391725397040912 -0.218424147831614 2.853649862915629 0.432452059673759 1.364510838917564 2.481977258235617 -0.595674788213814 0.837185368109496 1.954756376785298 -1.254254966305327 -0.603298464486557 2.187527298617399 -1.229472717678183 -0.332772977350787 0.526884989130320 -1.123122751773332 2.750495452517650 1.447423579639774 0.683111601930868 1.074705744375733 0.051547985037798 0.254989213597949 1.331418269936808 2.768999577719948 -0.874351196595087 -1.399416260728053 1.260827147106643 1.478030090720479 -0.819377572331712 0.001964389359568 -0.271737747943377 0.408533792027434 1.150259323979276 -0.472708972554907 0.700265434272836 -1.818120918112107 -0.529384297414910 2.843911333821409 -1.954134723258194 2.915284329020958 1.475495676924500 1.859846251380116 -1.799327307010459 1.537512339821074 1.479000514519351 1.651601313222922 1.854365802221577 1.505414881815123 1.463810640828430 -0.133127312514637 -1.274894884116816 -1.944374025138954 0.141469112053180 -1.661157937683161 -0.556639155829159 -0.712689588608380 
[[2022-02-07 12:07:13]][WARNING] Check zero state index!
2676987044.277267456054688 0.000000000035837
p:2.750921337485173 0.529122019729357 2.464482674197637 -0.298864998375595 -0.391725397040912 -0.218424147831614 2.853649862915629 0.432452059673759 1.364510838917564 2.481977258235617 -0.595674788213814 0.837185368109496 1.954756376785298 -1.254254966305327 -0.603298464486557 2.187527298617399 -1.229472717678183 -0.332772977350787 0.526884989130320 -1.123122751773332 2.750495452517650 1.447423579639774 0.683111601930868 1.074705744375733 0.051547985037798 0.254989213597949 1.331418269936808 2.768999577719948 -0.874351196595087 -1.399416260728053 1.260827147106643 1.478030090720479 -0.819377572331712 0.001964389359568 -0.271737747943377 0.408533792027434 1.150259323979276 -0.472708972554907 0.700265434272836 -1.818120918112107 -0.529384297414910 2.843911333821409 -1.954134723258194 1.344488002020958 3.046292003924500 1.859846251380116 -1.799327307010459 1.537512339821074 1.479000514519351 1.651601313222922 1.854365802221577 1.505414881815123 1.463810640828430 -0.133127312514637 -1.274894884116816 -1.944374025138954 0.141469112053180 -1.661157937683161 -0.556639155829159 -0.712689588608380 
[[2022-02-07 12:09:07]][WARNING] Check zero state index!
2590690157.918641090393066 0.000000000016277
p:2.750921337485173 0.529122019729357 2.464482674197637 -0.298864998375595 -0.391725397040912 -0.218424147831614 2.853649862915629 0.432452059673759 1.364510838917564 2.481977258235617 -0.595674788213814 0.837185368109496 1.954756376785298 -1.254254966305327 -0.603298464486557 2.187527298617399 -1.229472717678183 -0.332772977350787 0.526884989130320 -1.123122751773332 2.750495452517650 1.447423579639774 0.683111601930868 1.074705744375733 0.051547985037798 0.254989213597949 1.331418269936808 2.768999577719948 -0.874351196595087 -1.399416260728053 1.260827147106643 1.478030090720479 -0.819377572331712 0.001964389359568 -0.271737747943377 0.408533792027434 1.150259323979276 -0.472708972554907 0.700265434272836 -1.818120918112107 -0.529384297414910 2.843911333821409 -1.954134723258194 1.344488002020958 1.475495676924500 2.821156053345029 -1.799327307010459 1.537512339821074 1.479000514519351 1.651601313222922 1.854365802221577 1.505414881815123 1.463810640828430 -0.133127312514637 -1.274894884116816 -1.944374025138954 0.141469112053180 -1.661157937683161 -0.556639155829159 -0.712689588608380 
[[2022-02-07 12:11:02]][WARNING] Check zero state index!
2602944147.980799674987793 0.000000000031354
p:2.750921337485173 0.529122019729357 2.464482674197637 -0.298864998375595 -0.391725397040912 -0.218424147831614 2.853649862915629 0.432452059673759 1.364510838917564 2.481977258235617 -0.595674788213814 0.837185368109496 1.954756376785298 -1.254254966305327 -0.603298464486557 2.187527298617399 -1.229472717678183 -0.332772977350787 0.526884989130320 -1.123122751773332 2.750495452517650 1.447423579639774 0.683111601930868 1.074705744375733 0.051547985037798 0.254989213597949 1.331418269936808 2.768999577719948 -0.874351196595087 -1.399416260728053 1.260827147106643 1.478030090720479 -0.819377572331712 0.001964389359568 -0.271737747943377 0.408533792027434 1.150259323979276 -0.472708972554907 0.700265434272836 -1.818120918112107 -0.529384297414910 2.843911333821409 -1.954134723258194 1.344488002020958 1.475495676924500 2.821156053345029 -0.792628296768303 1.537512339821074 1.479000514519351 1.651601313222922 1.854365802221577 1.505414881815123 1.463810640828430 -0.133127312514637 -1.274894884116816 -1.944374025138954 0.141469112053180 -1.661157937683161 -0.556639155829159 -0.712689588608380 
