SLURM_JOB_NUM_NODES=1
SLURM_TASKS_PER_NODE=1
SLURM_CPUS_PER_TASK=48
OMP_NUM_THREADS=48
[[2022-02-08 15:13:27]][DEBUG] Using seed 2002
[[2022-02-08 15:13:27]][WARNING] Setting accelerator ratio to 1.000000
[[2022-02-08 15:13:27]][ERROR] This won't work for distributed. Change code!
[[2022-02-08 15:13:27]][ERROR] Gaussian heuristics not implemented for low rank matrices. Returning 1.
[[2022-02-08 15:13:27]][WARNING] Invalid rank_reduce value. Will fetch the first matrix
0_30 
[[2022-02-08 15:13:27]][DEBUG] Accelerator partial not yet returned
ERROR: Trying to initialize QuESTEnv multiple times. Ignoring...
[[2022-02-08 15:13:27]][DEBUG] Accelerator partial returned
[[2022-02-08 15:13:27]][WARNING] no hml penalization
[[2022-02-08 15:13:27]][INFO] Running 0_30
[[2022-02-08 15:13:27]][ERROR] ../experiment_files/rank_0/rank_statsfile_0_30.txt
[[2022-02-08 15:13:27]][INFO] VQE
[[2022-02-08 15:13:27]][WARNING] calc gso
[[2022-02-08 15:13:27]][ERROR] 30
[[2022-02-08 15:13:27]][ERROR] 30
[[2022-02-08 15:13:27]][ERROR] 30
[[2022-02-08 15:13:27]][ERROR] 30
[[2022-02-08 15:13:27]][ERROR] 30
[[2022-02-08 15:13:27]][ERROR] 30
[[2022-02-08 15:13:27]][ERROR] 30
[[2022-02-08 15:13:27]][ERROR] 30
[[2022-02-08 15:13:27]][ERROR] 30
[[2022-02-08 15:13:27]][ERROR] 30
[[2022-02-08 15:13:27]][ERROR] 30
[[2022-02-08 15:13:27]][ERROR] 30
[[2022-02-08 15:13:27]][ERROR] 30
[[2022-02-08 15:13:27]][ERROR] 30
[[2022-02-08 15:13:27]][ERROR] 30
[[2022-02-08 15:13:27]][ERROR] 30
[[2022-02-08 15:13:27]][ERROR] 30
[[2022-02-08 15:13:27]][ERROR] 30
[[2022-02-08 15:13:27]][ERROR] 30
[[2022-02-08 15:13:27]][ERROR] 30
[[2022-02-08 15:13:27]][ERROR] 30
[[2022-02-08 15:13:27]][ERROR] 30
[[2022-02-08 15:13:27]][ERROR] 30
[[2022-02-08 15:13:27]][ERROR] 30
[[2022-02-08 15:13:27]][ERROR] 30
[[2022-02-08 15:13:27]][ERROR] 30
[[2022-02-08 15:13:27]][ERROR] 30
[[2022-02-08 15:13:27]][ERROR] 30
[[2022-02-08 15:13:27]][ERROR] 30
[[2022-02-08 15:13:27]][ERROR] 30
[[2022-02-08 15:13:27]][ERROR] x1_b0
1
[[2022-02-08 15:13:27]][ERROR] x1_b1
0
[[2022-02-08 15:13:27]][ERROR] x2_b0
1
[[2022-02-08 15:13:27]][ERROR] x2_b1
0
[[2022-02-08 15:13:27]][ERROR] x5_b0
1
[[2022-02-08 15:13:27]][ERROR] x5_b1
0
[[2022-02-08 15:13:27]][ERROR] x7_b0
1
[[2022-02-08 15:13:27]][ERROR] x7_b1
0
[[2022-02-08 15:13:27]][ERROR] x9_b0
1
[[2022-02-08 15:13:27]][ERROR] x9_b1
0
[[2022-02-08 15:13:27]][ERROR] x10_b0
1
[[2022-02-08 15:13:27]][ERROR] x10_b1
0
[[2022-02-08 15:13:27]][ERROR] x12_b0
1
[[2022-02-08 15:13:27]][ERROR] x12_b1
0
[[2022-02-08 15:13:27]][ERROR] x13_b0
1
[[2022-02-08 15:13:27]][ERROR] x13_b1
0
[[2022-02-08 15:13:27]][ERROR] x16_b0
1
[[2022-02-08 15:13:27]][ERROR] x16_b1
0
[[2022-02-08 15:13:27]][ERROR] x19_b0
1
[[2022-02-08 15:13:27]][ERROR] x19_b1
0
[[2022-02-08 15:13:27]][ERROR] x20_b0
1
[[2022-02-08 15:13:27]][ERROR] x20_b1
0
[[2022-02-08 15:13:27]][ERROR] x21_b0
1
[[2022-02-08 15:13:27]][ERROR] x21_b1
0
[[2022-02-08 15:13:27]][ERROR] x23_b0
1
[[2022-02-08 15:13:27]][ERROR] x23_b1
0
[[2022-02-08 15:13:27]][ERROR] x26_b0
1
[[2022-02-08 15:13:27]][ERROR] x26_b1
0
[[2022-02-08 15:13:27]][ERROR] x29_b0
1
[[2022-02-08 15:13:27]][ERROR] x29_b1
0
[[2022-02-08 15:13:27]][WARNING] Beware of overflows!! Create gmp qiskit or normalize to lower vals
[[2022-02-08 15:13:27]][WARNING] Normalization is probably best solution
[[2022-02-08 15:13:27]][WARNING] Before VQE run
[[2022-02-08 15:13:27]][INFO] 30 qubits
[[2022-02-08 15:13:27]][DEBUG] Before ansatz gen
[[2022-02-08 15:13:27]][DEBUG] Using p=3 qaoa ansatz
[[2022-02-08 15:13:27]][DEBUG] After ansatz gen
[[2022-02-08 15:13:27]][DEBUG] Executing vqe
[[2022-02-08 15:13:27]][DEBUG] Initializing 30 qubits
[[2022-02-08 15:13:27]][DEBUG] Setting seed to 1997
[[2022-02-08 15:31:18]][WARNING] f: Constant Alpha: 1.000000
[[2022-02-08 15:41:05]][DEBUG] Ground energy is 92448581
This time we have 2 shortest vectors in the search space
3738818506.803530216217041 0.000000001742637
p:1.022067964574737 -0.313714589689198 0.019366154193358 2.104308705485249 3.048930496808601 0.253989742737293 
[[2022-02-08 15:51:26]][DEBUG] Ground energy is 92448581
This time we have 2 shortest vectors in the search space
3738818174.800033092498779 0.000000001880862
p:2.592864291574737 -0.313714589689198 0.019366154193358 2.104308705485249 3.048930496808601 0.253989742737293 
[[2022-02-08 16:01:47]][DEBUG] Ground energy is 92448581
This time we have 2 shortest vectors in the search space
3738818044.928570747375488 0.000000001739895
p:2.592864291574737 1.257081737310803 0.019366154193358 2.104308705485249 3.048930496808601 0.253989742737293 
[[2022-02-08 16:12:08]][DEBUG] Ground energy is 92448581
This time we have 2 shortest vectors in the search space
3738818198.710929870605469 0.000000001953255
p:2.592864291574737 1.257081737310803 1.590162481193358 2.104308705485249 3.048930496808601 0.253989742737293 
[[2022-02-08 16:22:29]][DEBUG] Ground energy is 92448581
This time we have 2 shortest vectors in the search space
3738818258.031876564025879 0.000000002109504
p:2.592864291574737 1.257081737310803 0.019366154193358 2.882271666871312 3.048930496808601 0.253989742737293 
[[2022-02-08 16:32:49]][DEBUG] Ground energy is 92448581
This time we have 2 shortest vectors in the search space
3738817855.576414585113525 0.000000001874496
p:2.592864291574737 1.257081737310803 0.019366154193358 2.104308705485249 3.118427114702150 0.253989742737293 
[[2022-02-08 16:43:10]][DEBUG] Ground energy is 92448581
This time we have 2 shortest vectors in the search space
3738817709.677222251892090 0.000000002209085
p:2.592864291574737 1.257081737310803 0.019366154193358 2.104308705485249 3.118427114702150 1.824786069737293 
[[2022-02-08 16:53:31]][DEBUG] Ground energy is 92448581
This time we have 2 shortest vectors in the search space
3572597487.549386978149414 0.000000002259958
p:3.141592654000000 1.802666804724732 -0.626667679986157 1.660926790128562 3.141592654000000 2.437703020446807 
[[2022-02-08 17:03:52]][DEBUG] Ground energy is 92448581
This time we have 2 shortest vectors in the search space
3924066889.012861251831055 0.000000000935990
p:3.141592654000000 2.425691727038980 -1.364398976834063 1.154611643606603 3.141592654000000 3.137616853147506 
[[2022-02-08 17:14:13]][DEBUG] Ground energy is 92448581
This time we have 2 shortest vectors in the search space
3510458962.195680141448975 0.000000002184552
p:3.141592653993872 1.802666804724732 -1.066163851894665 1.792470735261541 3.141592654000000 2.437703020446807 
[[2022-02-08 17:24:34]][DEBUG] Ground energy is 92448581
This time we have 2 shortest vectors in the search space
3238643272.484547138214111 0.000000003379397
p:3.141592654000000 1.802667218505943 -0.834822268482762 2.561950276547470 3.141592654000000 2.437703485293690 
[[2022-02-08 17:34:54]][DEBUG] Ground energy is 92448581
This time we have 2 shortest vectors in the search space
3499791778.145670890808105 0.000000003476101
p:3.141592653999999 0.452039458028113 -0.978366483402121 2.952740675305257 3.141592654000000 2.437703892856673 
[[2022-02-08 17:45:15]][DEBUG] Ground energy is 92448581
This time we have 2 shortest vectors in the search space
3738818516.865400791168213 0.000000001382998
p:3.051405008952921 1.802667218506078 -0.834822268489344 2.561950276547037 3.139486073386401 2.437703485293690 
[[2022-02-08 17:55:36]][DEBUG] Ground energy is 92448581
This time we have 2 shortest vectors in the search space
3305440692.326011657714844 0.000000003199259
p:3.141592654000000 1.840874173980976 -0.838962527039272 2.573221838355847 3.072124135402007 2.437703497049033 
[[2022-02-08 18:05:57]][DEBUG] Ground energy is 92448581
This time we have 2 shortest vectors in the search space
3738818821.467301845550537 0.000000002888511
p:2.830498523524411 1.802667153239248 -0.834822234844731 2.561950284769657 3.141592653909469 2.166194475348314 
[[2022-02-08 18:16:18]][DEBUG] Ground energy is 92448581
This time we have 2 shortest vectors in the search space
4030605530.577266216278076 0.000000000526762
p:3.141592653999991 1.885212004901517 -0.843766918703688 2.586302376947016 3.141592653999997 0.869873840543715 
[[2022-02-08 18:26:39]][DEBUG] Ground energy is 92448581
This time we have 2 shortest vectors in the search space
3738818274.267651557922363 0.000000003267235
p:2.816890365856028 1.772927081695470 -0.629997355394807 2.543003882195720 3.141498496944565 2.432414701140328 
[[2022-02-08 18:37:00]][DEBUG] Ground energy is 92448581
This time we have 2 shortest vectors in the search space
3171043709.256896495819092 0.000000002950202
p:3.141592654000000 1.848310513255393 0.633296709456891 2.550246268400546 3.141592654000000 2.993928258536194 
[[2022-02-08 18:47:21]][DEBUG] Ground energy is 92448581
This time we have 2 shortest vectors in the search space
3738818322.557317733764648 0.000000002302938
p:2.705022737367971 2.015262824774432 0.662787972788461 2.554989013061786 3.140692788311553 2.938388971298819 
[[2022-02-08 18:57:41]][DEBUG] Ground energy is 92448581
This time we have 2 shortest vectors in the search space
3674897309.050490856170654 0.000000003464790
p:3.141592654000000 2.254123057431003 1.402332964897925 2.658098876728151 3.140605197981825 1.704207352391890 
[[2022-02-08 19:08:04]][DEBUG] Ground energy is 92448581
This time we have 2 shortest vectors in the search space
3738817947.590651512145996 0.000000001556474
p:2.962693055438867 1.852611621984290 0.576863392503928 2.479411964973594 3.136691570805842 2.933529861246759 
[[2022-02-08 19:18:24]][DEBUG] Ground energy is 92448581
This time we have 2 shortest vectors in the search space
3521416214.231373310089111 0.000000002092802
p:3.141592654000000 1.826644837670706 0.155449946762893 1.816804460396146 3.141592654000000 2.780573109738683 
[[2022-02-08 19:28:45]][DEBUG] Ground energy is 92448581
This time we have 2 shortest vectors in the search space
3738818071.988641262054443 0.000000001831204
p:2.739219055693638 1.718096543831263 0.580028570083034 2.574630506192598 3.137920672853105 2.900417142588751 
[[2022-02-08 19:39:06]][DEBUG] Ground energy is 92448581
This time we have 2 shortest vectors in the search space
3547426610.824996948242188 0.000000001651701
p:3.141592654000000 0.305884705074823 0.671637171615626 2.693234749006054 3.141592654000000 3.053090768599339 
