--------------------------------------------------------------------------
The library attempted to open the following supporting CUDA libraries,
but each of them failed.  CUDA-aware support is disabled.
libcuda.so.1: cannot open shared object file: No such file or directory
libcuda.dylib: cannot open shared object file: No such file or directory
/usr/lib64/libcuda.so.1: cannot open shared object file: No such file or directory
/usr/lib64/libcuda.dylib: cannot open shared object file: No such file or directory
If you are not interested in CUDA-aware support, then run with
--mca opal_warn_on_missing_libcuda 0 to suppress this message.  If you are interested
in CUDA-aware support, then try setting LD_LIBRARY_PATH to the location
of libcuda.so.1 to get passed this issue.
--------------------------------------------------------------------------
terminate called after throwing an instance of 'popl::invalid_option'
  what():  invalid argument for -x: 'log'
[milos-uoe:25648] *** Process received signal ***
[milos-uoe:25648] Signal: Aborted (6)
[milos-uoe:25648] Signal code:  (-6)
[milos-uoe:25648] [ 0] /usr/lib64/libpthread.so.0(+0x13870)[0x7f16d5dfa870]
[milos-uoe:25648] [ 1] /usr/lib64/libc.so.6(gsignal+0x142)[0x7f16d5c57d22]
[milos-uoe:25648] [ 2] /usr/lib64/libc.so.6(abort+0x116)[0x7f16d5c41862]
[milos-uoe:25648] [ 3] /usr/lib64/libstdc++.so.6(+0x99802)[0x7f16d6002802]
[milos-uoe:25648] [ 4] /usr/lib64/libstdc++.so.6(+0xa5c8a)[0x7f16d600ec8a]
[milos-uoe:25648] [ 5] /usr/lib64/libstdc++.so.6(+0xa5cf7)[0x7f16d600ecf7]
[milos-uoe:25648] [ 6] /usr/lib64/libstdc++.so.6(+0xa5f8e)[0x7f16d600ef8e]
[milos-uoe:25648] [ 7] ../bin/fastVQA(+0x31f8a)[0x561585448f8a]
[milos-uoe:25648] [ 8] ../bin/fastVQA(+0x21854)[0x561585438854]
[milos-uoe:25648] [ 9] ../bin/fastVQA(+0x140ca)[0x56158542b0ca]
[milos-uoe:25648] [10] /usr/lib64/libc.so.6(__libc_start_main+0xd5)[0x7f16d5c42b25]
[milos-uoe:25648] [11] ../bin/fastVQA(+0x1648e)[0x56158542d48e]
[milos-uoe:25648] *** End of error message ***
