[[2022-01-18 12:21:53]][DEBUG] Using seed 1997
[[2022-01-18 12:21:53]][WARNING] Setting accelerator ratio to 1.000000
[[2022-01-18 12:21:53]][ERROR] This won't work for distributed. Change code!
[[2022-01-18 12:21:53]][ERROR] Gaussian heuristics not implemented for low rank matrices. Returning 1.
[[2022-01-18 12:21:54]][WARNING] Invalid rank_reduce value. Will fetch the first matrix
0_15 1_15 2_15 3_15 4_15 5_15 6_15 7_15 8_15 9_15 10_15 11_15 12_15 13_15 14_15 15_15 16_15 17_15 18_15 19_15 20_15 21_15 22_15 23_15 24_15 25_15 26_15 27_15 28_15 29_15 30_15 31_15 32_15 33_15 34_15 35_15 36_15 37_15 38_15 39_15 40_15 41_15 42_15 43_15 44_15 45_15 46_15 47_15 48_15 49_15 50_15 51_15 52_15 53_15 54_15 55_15 56_15 57_15 58_15 59_15 60_15 61_15 62_15 63_15 64_15 65_15 66_15 67_15 68_15 69_15 70_15 71_15 72_15 73_15 74_15 75_15 76_15 77_15 78_15 79_15 80_15 81_15 82_15 83_15 84_15 85_15 86_15 87_15 88_15 89_15 90_15 91_15 92_15 93_15 94_15 95_15 96_15 97_15 98_15 99_15 100_15 101_15 102_15 103_15 104_15 105_15 106_15 107_15 108_15 109_15 110_15 111_15 112_15 113_15 114_15 115_15 116_15 117_15 118_15 119_15 120_15 121_15 122_15 123_15 124_15 125_15 126_15 127_15 [[2022-01-18 12:21:54]][WARNING] Limiting to lower number of instances!

[[2022-01-18 12:21:54]][DEBUG] Accelerator partial not yet returned
ERROR: Trying to initialize QuESTEnv multiple times. Ignoring...
[[2022-01-18 12:21:54]][DEBUG] Accelerator partial returned
[[2022-01-18 12:21:54]][DEBUG] VQAOptions set
[[2022-01-18 12:21:54]][WARNING] no hml penalization
[[2022-01-18 12:21:54]][INFO] Running 0_15
[[2022-01-18 12:21:54]][ERROR] ../experiment_files/rank_10/qaoa_statsfile_0_15.txt
[[2022-01-18 12:21:54]][WARNING] ../experiment_files/rank_10/qaoa_statsfile_0_15.txt exists
[[2022-01-18 12:21:54]][INFO] Running 1_15
[[2022-01-18 12:21:54]][ERROR] ../experiment_files/rank_10/qaoa_statsfile_1_15.txt
[[2022-01-18 12:21:54]][WARNING] ../experiment_files/rank_10/qaoa_statsfile_1_15.txt exists
[[2022-01-18 12:21:54]][INFO] Running 2_15
[[2022-01-18 12:21:54]][ERROR] ../experiment_files/rank_10/qaoa_statsfile_2_15.txt
[[2022-01-18 12:21:54]][WARNING] ../experiment_files/rank_10/qaoa_statsfile_2_15.txt exists
[[2022-01-18 12:21:54]][INFO] Running 3_15
[[2022-01-18 12:21:54]][ERROR] ../experiment_files/rank_10/qaoa_statsfile_3_15.txt
[[2022-01-18 12:21:54]][WARNING] ../experiment_files/rank_10/qaoa_statsfile_3_15.txt exists
[[2022-01-18 12:21:54]][INFO] Running 4_15
[[2022-01-18 12:21:54]][ERROR] ../experiment_files/rank_10/qaoa_statsfile_4_15.txt
[[2022-01-18 12:21:54]][WARNING] ../experiment_files/rank_10/qaoa_statsfile_4_15.txt exists
[[2022-01-18 12:21:54]][INFO] Running 5_15
[[2022-01-18 12:21:54]][ERROR] ../experiment_files/rank_10/qaoa_statsfile_5_15.txt
[[2022-01-18 12:21:54]][WARNING] ../experiment_files/rank_10/qaoa_statsfile_5_15.txt exists
[[2022-01-18 12:21:54]][INFO] Running 6_15
[[2022-01-18 12:21:54]][ERROR] ../experiment_files/rank_10/qaoa_statsfile_6_15.txt
[[2022-01-18 12:21:54]][WARNING] ../experiment_files/rank_10/qaoa_statsfile_6_15.txt exists
[[2022-01-18 12:21:54]][INFO] Running 7_15
[[2022-01-18 12:21:54]][ERROR] ../experiment_files/rank_10/qaoa_statsfile_7_15.txt
[[2022-01-18 12:21:54]][WARNING] ../experiment_files/rank_10/qaoa_statsfile_7_15.txt exists
[[2022-01-18 12:21:54]][INFO] Running 8_15
[[2022-01-18 12:21:54]][ERROR] ../experiment_files/rank_10/qaoa_statsfile_8_15.txt
[[2022-01-18 12:21:54]][WARNING] ../experiment_files/rank_10/qaoa_statsfile_8_15.txt exists
[[2022-01-18 12:21:54]][INFO] Running 9_15
[[2022-01-18 12:21:54]][ERROR] ../experiment_files/rank_10/qaoa_statsfile_9_15.txt
[[2022-01-18 12:21:54]][WARNING] ../experiment_files/rank_10/qaoa_statsfile_9_15.txt exists
[[2022-01-18 12:21:54]][INFO] Running 10_15
[[2022-01-18 12:21:54]][ERROR] ../experiment_files/rank_10/qaoa_statsfile_10_15.txt
[[2022-01-18 12:21:54]][WARNING] ../experiment_files/rank_10/qaoa_statsfile_10_15.txt exists
[[2022-01-18 12:21:54]][INFO] Running 11_15
[[2022-01-18 12:21:54]][ERROR] ../experiment_files/rank_10/qaoa_statsfile_11_15.txt
[[2022-01-18 12:21:54]][WARNING] ../experiment_files/rank_10/qaoa_statsfile_11_15.txt exists
[[2022-01-18 12:21:54]][INFO] Running 12_15
[[2022-01-18 12:21:54]][ERROR] ../experiment_files/rank_10/qaoa_statsfile_12_15.txt
[[2022-01-18 12:21:54]][WARNING] ../experiment_files/rank_10/qaoa_statsfile_12_15.txt exists
[[2022-01-18 12:21:54]][INFO] Running 13_15
[[2022-01-18 12:21:54]][ERROR] ../experiment_files/rank_10/qaoa_statsfile_13_15.txt
[[2022-01-18 12:21:54]][WARNING] ../experiment_files/rank_10/qaoa_statsfile_13_15.txt exists
[[2022-01-18 12:21:54]][INFO] Running 14_15
[[2022-01-18 12:21:54]][ERROR] ../experiment_files/rank_10/qaoa_statsfile_14_15.txt
[[2022-01-18 12:21:54]][WARNING] ../experiment_files/rank_10/qaoa_statsfile_14_15.txt exists
[[2022-01-18 12:21:54]][INFO] Running 15_15
[[2022-01-18 12:21:54]][ERROR] ../experiment_files/rank_10/qaoa_statsfile_15_15.txt
[[2022-01-18 12:21:54]][WARNING] ../experiment_files/rank_10/qaoa_statsfile_15_15.txt exists
[[2022-01-18 12:21:54]][INFO] Running 16_15
[[2022-01-18 12:21:54]][ERROR] ../experiment_files/rank_10/qaoa_statsfile_16_15.txt
[[2022-01-18 12:21:54]][WARNING] ../experiment_files/rank_10/qaoa_statsfile_16_15.txt exists
[[2022-01-18 12:21:54]][INFO] Running 17_15
[[2022-01-18 12:21:54]][ERROR] ../experiment_files/rank_10/qaoa_statsfile_17_15.txt
[[2022-01-18 12:21:54]][WARNING] ../experiment_files/rank_10/qaoa_statsfile_17_15.txt exists
[[2022-01-18 12:21:54]][INFO] Running 18_15
[[2022-01-18 12:21:54]][ERROR] ../experiment_files/rank_10/qaoa_statsfile_18_15.txt
[[2022-01-18 12:21:54]][WARNING] ../experiment_files/rank_10/qaoa_statsfile_18_15.txt exists
[[2022-01-18 12:21:54]][INFO] Running 19_15
[[2022-01-18 12:21:54]][ERROR] ../experiment_files/rank_10/qaoa_statsfile_19_15.txt
[[2022-01-18 12:21:54]][WARNING] ../experiment_files/rank_10/qaoa_statsfile_19_15.txt exists
[[2022-01-18 12:21:54]][INFO] Running 20_15
[[2022-01-18 12:21:54]][ERROR] ../experiment_files/rank_10/qaoa_statsfile_20_15.txt
[[2022-01-18 12:21:54]][WARNING] ../experiment_files/rank_10/qaoa_statsfile_20_15.txt exists
[[2022-01-18 12:21:54]][INFO] Running 21_15
[[2022-01-18 12:21:54]][ERROR] ../experiment_files/rank_10/qaoa_statsfile_21_15.txt
[[2022-01-18 12:21:54]][WARNING] ../experiment_files/rank_10/qaoa_statsfile_21_15.txt exists
[[2022-01-18 12:21:54]][INFO] Running 22_15
[[2022-01-18 12:21:54]][ERROR] ../experiment_files/rank_10/qaoa_statsfile_22_15.txt
[[2022-01-18 12:21:54]][WARNING] ../experiment_files/rank_10/qaoa_statsfile_22_15.txt exists
[[2022-01-18 12:21:54]][INFO] Running 23_15
[[2022-01-18 12:21:54]][ERROR] ../experiment_files/rank_10/qaoa_statsfile_23_15.txt
[[2022-01-18 12:21:54]][WARNING] ../experiment_files/rank_10/qaoa_statsfile_23_15.txt exists
[[2022-01-18 12:21:54]][INFO] Running 24_15
[[2022-01-18 12:21:54]][ERROR] ../experiment_files/rank_10/qaoa_statsfile_24_15.txt
[[2022-01-18 12:21:54]][WARNING] ../experiment_files/rank_10/qaoa_statsfile_24_15.txt exists
[[2022-01-18 12:21:54]][INFO] Running 25_15
[[2022-01-18 12:21:54]][ERROR] ../experiment_files/rank_10/qaoa_statsfile_25_15.txt
[[2022-01-18 12:21:54]][WARNING] ../experiment_files/rank_10/qaoa_statsfile_25_15.txt exists
[[2022-01-18 12:21:54]][INFO] Running 26_15
[[2022-01-18 12:21:54]][ERROR] ../experiment_files/rank_10/qaoa_statsfile_26_15.txt
[[2022-01-18 12:21:54]][WARNING] ../experiment_files/rank_10/qaoa_statsfile_26_15.txt exists
[[2022-01-18 12:21:54]][INFO] Running 27_15
[[2022-01-18 12:21:54]][ERROR] ../experiment_files/rank_10/qaoa_statsfile_27_15.txt
[[2022-01-18 12:21:54]][WARNING] ../experiment_files/rank_10/qaoa_statsfile_27_15.txt exists
[[2022-01-18 12:21:54]][INFO] Running 28_15
[[2022-01-18 12:21:54]][ERROR] ../experiment_files/rank_10/qaoa_statsfile_28_15.txt
[[2022-01-18 12:21:54]][WARNING] ../experiment_files/rank_10/qaoa_statsfile_28_15.txt exists
[[2022-01-18 12:21:54]][INFO] Running 29_15
[[2022-01-18 12:21:54]][ERROR] ../experiment_files/rank_10/qaoa_statsfile_29_15.txt
[[2022-01-18 12:21:54]][WARNING] ../experiment_files/rank_10/qaoa_statsfile_29_15.txt exists
[[2022-01-18 12:21:54]][INFO] Running 30_15
[[2022-01-18 12:21:54]][ERROR] ../experiment_files/rank_10/qaoa_statsfile_30_15.txt
[[2022-01-18 12:21:54]][WARNING] ../experiment_files/rank_10/qaoa_statsfile_30_15.txt exists
[[2022-01-18 12:21:54]][INFO] Running 31_15
[[2022-01-18 12:21:54]][ERROR] ../experiment_files/rank_10/qaoa_statsfile_31_15.txt
[[2022-01-18 12:21:54]][WARNING] ../experiment_files/rank_10/qaoa_statsfile_31_15.txt exists
[[2022-01-18 12:21:54]][INFO] Running 32_15
[[2022-01-18 12:21:54]][ERROR] ../experiment_files/rank_10/qaoa_statsfile_32_15.txt
[[2022-01-18 12:21:54]][WARNING] ../experiment_files/rank_10/qaoa_statsfile_32_15.txt exists
[[2022-01-18 12:21:54]][INFO] Running 33_15
[[2022-01-18 12:21:54]][ERROR] ../experiment_files/rank_10/qaoa_statsfile_33_15.txt
[[2022-01-18 12:21:54]][WARNING] ../experiment_files/rank_10/qaoa_statsfile_33_15.txt exists
[[2022-01-18 12:21:54]][INFO] Running 34_15
[[2022-01-18 12:21:54]][ERROR] ../experiment_files/rank_10/qaoa_statsfile_34_15.txt
[[2022-01-18 12:21:54]][WARNING] ../experiment_files/rank_10/qaoa_statsfile_34_15.txt exists
[[2022-01-18 12:21:54]][INFO] Running 35_15
[[2022-01-18 12:21:54]][ERROR] ../experiment_files/rank_10/qaoa_statsfile_35_15.txt
[[2022-01-18 12:21:54]][WARNING] ../experiment_files/rank_10/qaoa_statsfile_35_15.txt exists
[[2022-01-18 12:21:54]][INFO] Running 36_15
[[2022-01-18 12:21:54]][ERROR] ../experiment_files/rank_10/qaoa_statsfile_36_15.txt
[[2022-01-18 12:21:54]][WARNING] ../experiment_files/rank_10/qaoa_statsfile_36_15.txt exists
[[2022-01-18 12:21:54]][INFO] Running 37_15
[[2022-01-18 12:21:54]][ERROR] ../experiment_files/rank_10/qaoa_statsfile_37_15.txt
[[2022-01-18 12:21:54]][WARNING] ../experiment_files/rank_10/qaoa_statsfile_37_15.txt exists
[[2022-01-18 12:21:54]][INFO] Running 38_15
[[2022-01-18 12:21:54]][ERROR] ../experiment_files/rank_10/qaoa_statsfile_38_15.txt
[[2022-01-18 12:21:54]][WARNING] ../experiment_files/rank_10/qaoa_statsfile_38_15.txt exists
[[2022-01-18 12:21:54]][INFO] Running 39_15
[[2022-01-18 12:21:54]][ERROR] ../experiment_files/rank_10/qaoa_statsfile_39_15.txt
[[2022-01-18 12:21:54]][WARNING] calc gso
[[2022-01-18 12:21:54]][WARNING] Beware of overflows!! Create gmp qiskit or normalize to lower vals
[[2022-01-18 12:21:54]][WARNING] Normalization is probably best solution
[[2022-01-18 12:21:54]][ERROR] kokot
[[2022-01-18 12:21:54]][DEBUG] Executing qaoa
[[2022-01-18 12:21:54]][DEBUG] Initializing 15 qubits
[[2022-01-18 12:21:54]][DEBUG] Setting seed to 1997
[[2022-01-18 12:21:54]][WARNING] f: Constant Alpha: 1.000000
Final opt-val: 103213627.000000
Final opt-config: 001000000000000
Final hit-rate: 0.000058
[[2022-01-18 12:21:55]][DEBUG] Destroying qureg
[[2022-01-18 12:21:55]][DEBUG] Vqe execution done
Min QUBO: 103213627.000000
[[2022-01-18 12:21:55]][DEBUG] NOW FOLLOWS X VECTOR
0 0 0 0 0 0 0 0 0 0 0 0 1 0 0 
[[2022-01-18 12:21:55]][WARNING] Double check: 103213627 passed: TRUE
[[2022-01-18 12:21:55]][INFO] Running 40_15
[[2022-01-18 12:21:55]][ERROR] ../experiment_files/rank_10/qaoa_statsfile_40_15.txt
[[2022-01-18 12:21:55]][WARNING] calc gso
[[2022-01-18 12:21:55]][WARNING] Beware of overflows!! Create gmp qiskit or normalize to lower vals
[[2022-01-18 12:21:55]][WARNING] Normalization is probably best solution
[[2022-01-18 12:21:55]][ERROR] kokot
[[2022-01-18 12:21:55]][DEBUG] Executing qaoa
[[2022-01-18 12:21:55]][DEBUG] Initializing 15 qubits
[[2022-01-18 12:21:55]][DEBUG] Setting seed to 1997
[[2022-01-18 12:21:55]][WARNING] f: Constant Alpha: 1.000000
Final opt-val: 181631585.000000
Final opt-config: 000000000000010
Final hit-rate: 0.000012
[[2022-01-18 12:21:55]][DEBUG] Destroying qureg
[[2022-01-18 12:21:55]][DEBUG] Vqe execution done
Min QUBO: 181631585.000000
[[2022-01-18 12:21:55]][DEBUG] NOW FOLLOWS X VECTOR
0 1 0 0 0 0 0 0 0 0 0 0 0 0 0 
[[2022-01-18 12:21:55]][WARNING] Double check: 181631585 passed: TRUE
[[2022-01-18 12:21:55]][INFO] Running 41_15
[[2022-01-18 12:21:55]][ERROR] ../experiment_files/rank_10/qaoa_statsfile_41_15.txt
[[2022-01-18 12:21:55]][WARNING] calc gso
[[2022-01-18 12:21:55]][WARNING] Beware of overflows!! Create gmp qiskit or normalize to lower vals
[[2022-01-18 12:21:55]][WARNING] Normalization is probably best solution
[[2022-01-18 12:21:55]][ERROR] kokot
[[2022-01-18 12:21:55]][DEBUG] Executing qaoa
[[2022-01-18 12:21:55]][DEBUG] Initializing 15 qubits
[[2022-01-18 12:21:55]][DEBUG] Setting seed to 1997
[[2022-01-18 12:21:56]][WARNING] f: Constant Alpha: 1.000000
Final opt-val: 111381989.000000
Final opt-config: 000000001000000
Final hit-rate: 0.000021
[[2022-01-18 12:21:56]][DEBUG] Destroying qureg
[[2022-01-18 12:21:56]][DEBUG] Vqe execution done
Min QUBO: 111381989.000000
[[2022-01-18 12:21:56]][DEBUG] NOW FOLLOWS X VECTOR
0 0 0 0 0 0 1 0 0 0 0 0 0 0 0 
[[2022-01-18 12:21:56]][WARNING] Double check: 111381989 passed: TRUE
[[2022-01-18 12:21:56]][INFO] Running 42_15
[[2022-01-18 12:21:56]][ERROR] ../experiment_files/rank_10/qaoa_statsfile_42_15.txt
[[2022-01-18 12:21:56]][WARNING] calc gso
[[2022-01-18 12:21:56]][WARNING] Beware of overflows!! Create gmp qiskit or normalize to lower vals
[[2022-01-18 12:21:56]][WARNING] Normalization is probably best solution
[[2022-01-18 12:21:56]][ERROR] kokot
[[2022-01-18 12:21:56]][DEBUG] Executing qaoa
[[2022-01-18 12:21:56]][DEBUG] Initializing 15 qubits
[[2022-01-18 12:21:56]][DEBUG] Setting seed to 1997
[[2022-01-18 12:21:56]][WARNING] f: Constant Alpha: 1.000000
Final opt-val: 112408190.000000
Final opt-config: 000000000000001
Final hit-rate: 0.000054
[[2022-01-18 12:21:57]][DEBUG] Destroying qureg
[[2022-01-18 12:21:57]][DEBUG] Vqe execution done
Min QUBO: 112408190.000000
[[2022-01-18 12:21:57]][DEBUG] NOW FOLLOWS X VECTOR
1 0 0 0 0 0 0 0 0 0 0 0 0 0 0 
[[2022-01-18 12:21:57]][WARNING] Double check: 112408190 passed: TRUE
[[2022-01-18 12:21:57]][INFO] Running 43_15
[[2022-01-18 12:21:57]][ERROR] ../experiment_files/rank_10/qaoa_statsfile_43_15.txt
[[2022-01-18 12:21:57]][WARNING] calc gso
[[2022-01-18 12:21:57]][WARNING] Beware of overflows!! Create gmp qiskit or normalize to lower vals
[[2022-01-18 12:21:57]][WARNING] Normalization is probably best solution
[[2022-01-18 12:21:57]][ERROR] kokot
[[2022-01-18 12:21:57]][DEBUG] Executing qaoa
[[2022-01-18 12:21:57]][DEBUG] Initializing 15 qubits
[[2022-01-18 12:21:57]][DEBUG] Setting seed to 1997
[[2022-01-18 12:21:57]][WARNING] f: Constant Alpha: 1.000000
Final opt-val: 130700532.000000
Final opt-config: 000000000000001
Final hit-rate: 0.000025
[[2022-01-18 12:21:57]][DEBUG] Destroying qureg
[[2022-01-18 12:21:57]][DEBUG] Vqe execution done
Min QUBO: 130700532.000000
[[2022-01-18 12:21:57]][DEBUG] NOW FOLLOWS X VECTOR
1 0 0 0 0 0 0 0 0 0 0 0 0 0 0 
[[2022-01-18 12:21:57]][WARNING] Double check: 130700532 passed: TRUE
[[2022-01-18 12:21:57]][INFO] Running 44_15
[[2022-01-18 12:21:57]][ERROR] ../experiment_files/rank_10/qaoa_statsfile_44_15.txt
[[2022-01-18 12:21:57]][WARNING] calc gso
[[2022-01-18 12:21:57]][WARNING] Beware of overflows!! Create gmp qiskit or normalize to lower vals
[[2022-01-18 12:21:57]][WARNING] Normalization is probably best solution
[[2022-01-18 12:21:57]][ERROR] kokot
[[2022-01-18 12:21:57]][DEBUG] Executing qaoa
[[2022-01-18 12:21:57]][DEBUG] Initializing 15 qubits
[[2022-01-18 12:21:57]][DEBUG] Setting seed to 1997
[[2022-01-18 12:21:57]][WARNING] f: Constant Alpha: 1.000000
Final opt-val: 103643648.000000
Final opt-config: 001000000000000
Final hit-rate: 0.000007
[[2022-01-18 12:21:57]][DEBUG] Destroying qureg
[[2022-01-18 12:21:57]][DEBUG] Vqe execution done
Min QUBO: 103643648.000000
[[2022-01-18 12:21:57]][DEBUG] NOW FOLLOWS X VECTOR
0 0 0 0 0 0 0 0 0 0 0 0 1 0 0 
[[2022-01-18 12:21:57]][WARNING] Double check: 103643648 passed: TRUE
[[2022-01-18 12:21:57]][INFO] Running 45_15
[[2022-01-18 12:21:57]][ERROR] ../experiment_files/rank_10/qaoa_statsfile_45_15.txt
[[2022-01-18 12:21:57]][WARNING] calc gso
[[2022-01-18 12:21:57]][WARNING] Beware of overflows!! Create gmp qiskit or normalize to lower vals
[[2022-01-18 12:21:57]][WARNING] Normalization is probably best solution
[[2022-01-18 12:21:57]][ERROR] kokot
[[2022-01-18 12:21:57]][DEBUG] Executing qaoa
[[2022-01-18 12:21:57]][DEBUG] Initializing 15 qubits
[[2022-01-18 12:21:57]][DEBUG] Setting seed to 1997
[[2022-01-18 12:21:57]][WARNING] f: Constant Alpha: 1.000000
Final opt-val: 116374893.000000
Final opt-config: 000000001000000
Final hit-rate: 0.000027
[[2022-01-18 12:21:58]][DEBUG] Destroying qureg
[[2022-01-18 12:21:58]][DEBUG] Vqe execution done
Min QUBO: 116374893.000000
[[2022-01-18 12:21:58]][DEBUG] NOW FOLLOWS X VECTOR
0 0 0 0 0 0 1 0 0 0 0 0 0 0 0 
[[2022-01-18 12:21:58]][WARNING] Double check: 116374893 passed: TRUE
[[2022-01-18 12:21:58]][INFO] Running 46_15
[[2022-01-18 12:21:58]][ERROR] ../experiment_files/rank_10/qaoa_statsfile_46_15.txt
[[2022-01-18 12:21:58]][WARNING] calc gso
[[2022-01-18 12:21:58]][WARNING] Beware of overflows!! Create gmp qiskit or normalize to lower vals
[[2022-01-18 12:21:58]][WARNING] Normalization is probably best solution
[[2022-01-18 12:21:58]][ERROR] kokot
[[2022-01-18 12:21:58]][DEBUG] Executing qaoa
[[2022-01-18 12:21:58]][DEBUG] Initializing 15 qubits
[[2022-01-18 12:21:58]][DEBUG] Setting seed to 1997
[[2022-01-18 12:21:58]][WARNING] f: Constant Alpha: 1.000000
Final opt-val: 154915007.000000
Final opt-config: 000000000000010
Final hit-rate: 0.000055
[[2022-01-18 12:21:59]][DEBUG] Destroying qureg
[[2022-01-18 12:21:59]][DEBUG] Vqe execution done
Min QUBO: 154915007.000000
[[2022-01-18 12:21:59]][DEBUG] NOW FOLLOWS X VECTOR
0 1 0 0 0 0 0 0 0 0 0 0 0 0 0 
[[2022-01-18 12:21:59]][WARNING] Double check: 154915007 passed: TRUE
[[2022-01-18 12:21:59]][INFO] Running 47_15
[[2022-01-18 12:21:59]][ERROR] ../experiment_files/rank_10/qaoa_statsfile_47_15.txt
[[2022-01-18 12:21:59]][WARNING] calc gso
[[2022-01-18 12:21:59]][WARNING] Beware of overflows!! Create gmp qiskit or normalize to lower vals
[[2022-01-18 12:21:59]][WARNING] Normalization is probably best solution
[[2022-01-18 12:21:59]][ERROR] kokot
[[2022-01-18 12:21:59]][DEBUG] Executing qaoa
[[2022-01-18 12:21:59]][DEBUG] Initializing 15 qubits
[[2022-01-18 12:21:59]][DEBUG] Setting seed to 1997
[[2022-01-18 12:21:59]][WARNING] f: Constant Alpha: 1.000000
Final opt-val: 130816365.000000
Final opt-config: 000000000000001
Final hit-rate: 0.000060
[[2022-01-18 12:21:59]][DEBUG] Destroying qureg
[[2022-01-18 12:21:59]][DEBUG] Vqe execution done
Min QUBO: 130816365.000000
[[2022-01-18 12:21:59]][DEBUG] NOW FOLLOWS X VECTOR
1 0 0 0 0 0 0 0 0 0 0 0 0 0 0 
[[2022-01-18 12:21:59]][WARNING] Double check: 130816365 passed: TRUE
[[2022-01-18 12:21:59]][INFO] Running 48_15
[[2022-01-18 12:21:59]][ERROR] ../experiment_files/rank_10/qaoa_statsfile_48_15.txt
[[2022-01-18 12:21:59]][WARNING] calc gso
[[2022-01-18 12:21:59]][WARNING] Beware of overflows!! Create gmp qiskit or normalize to lower vals
[[2022-01-18 12:21:59]][WARNING] Normalization is probably best solution
[[2022-01-18 12:21:59]][ERROR] kokot
[[2022-01-18 12:21:59]][DEBUG] Executing qaoa
[[2022-01-18 12:21:59]][DEBUG] Initializing 15 qubits
[[2022-01-18 12:21:59]][DEBUG] Setting seed to 1997
[[2022-01-18 12:21:59]][WARNING] f: Constant Alpha: 1.000000
Final opt-val: 96969516.000000
Final opt-config: 000000000000001
Final hit-rate: 0.000023
[[2022-01-18 12:21:59]][DEBUG] Destroying qureg
[[2022-01-18 12:21:59]][DEBUG] Vqe execution done
Min QUBO: 96969516.000000
[[2022-01-18 12:21:59]][DEBUG] NOW FOLLOWS X VECTOR
1 0 0 0 0 0 0 0 0 0 0 0 0 0 0 
[[2022-01-18 12:21:59]][WARNING] Double check: 96969516 passed: TRUE
[[2022-01-18 12:21:59]][INFO] Running 49_15
[[2022-01-18 12:21:59]][ERROR] ../experiment_files/rank_10/qaoa_statsfile_49_15.txt
[[2022-01-18 12:21:59]][WARNING] calc gso
[[2022-01-18 12:21:59]][WARNING] Beware of overflows!! Create gmp qiskit or normalize to lower vals
[[2022-01-18 12:21:59]][WARNING] Normalization is probably best solution
[[2022-01-18 12:21:59]][ERROR] kokot
[[2022-01-18 12:21:59]][DEBUG] Executing qaoa
[[2022-01-18 12:21:59]][DEBUG] Initializing 15 qubits
[[2022-01-18 12:21:59]][DEBUG] Setting seed to 1997
[[2022-01-18 12:21:59]][WARNING] f: Constant Alpha: 1.000000
Final opt-val: 75104556.000000
Final opt-config: 000000000000001
Final hit-rate: 0.000015
[[2022-01-18 12:21:59]][DEBUG] Destroying qureg
[[2022-01-18 12:21:59]][DEBUG] Vqe execution done
Min QUBO: 75104556.000000
[[2022-01-18 12:21:59]][DEBUG] NOW FOLLOWS X VECTOR
1 0 0 0 0 0 0 0 0 0 0 0 0 0 0 
[[2022-01-18 12:21:59]][WARNING] Double check: 75104556 passed: TRUE
[[2022-01-18 12:21:59]][INFO] Running 50_15
[[2022-01-18 12:21:59]][ERROR] ../experiment_files/rank_10/qaoa_statsfile_50_15.txt
[[2022-01-18 12:21:59]][WARNING] calc gso
[[2022-01-18 12:21:59]][WARNING] Beware of overflows!! Create gmp qiskit or normalize to lower vals
[[2022-01-18 12:21:59]][WARNING] Normalization is probably best solution
[[2022-01-18 12:21:59]][ERROR] kokot
[[2022-01-18 12:21:59]][DEBUG] Executing qaoa
[[2022-01-18 12:21:59]][DEBUG] Initializing 15 qubits
[[2022-01-18 12:21:59]][DEBUG] Setting seed to 1997
[[2022-01-18 12:21:59]][WARNING] f: Constant Alpha: 1.000000
Final opt-val: 109506651.000000
Final opt-config: 010000000000000
Final hit-rate: 0.000036
[[2022-01-18 12:21:59]][DEBUG] Destroying qureg
[[2022-01-18 12:21:59]][DEBUG] Vqe execution done
Min QUBO: 109506651.000000
[[2022-01-18 12:21:59]][DEBUG] NOW FOLLOWS X VECTOR
0 0 0 0 0 0 0 0 0 0 0 0 0 1 0 
[[2022-01-18 12:21:59]][WARNING] Double check: 109506651 passed: TRUE
[[2022-01-18 12:21:59]][INFO] Running 51_15
[[2022-01-18 12:21:59]][ERROR] ../experiment_files/rank_10/qaoa_statsfile_51_15.txt
[[2022-01-18 12:21:59]][WARNING] calc gso
[[2022-01-18 12:21:59]][WARNING] Beware of overflows!! Create gmp qiskit or normalize to lower vals
[[2022-01-18 12:21:59]][WARNING] Normalization is probably best solution
[[2022-01-18 12:21:59]][ERROR] kokot
[[2022-01-18 12:21:59]][DEBUG] Executing qaoa
[[2022-01-18 12:21:59]][DEBUG] Initializing 15 qubits
[[2022-01-18 12:21:59]][DEBUG] Setting seed to 1997
[[2022-01-18 12:21:59]][WARNING] f: Constant Alpha: 1.000000
Final opt-val: 132622394.000000
Final opt-config: 000000000000001
Final hit-rate: 0.000010
[[2022-01-18 12:21:59]][DEBUG] Destroying qureg
[[2022-01-18 12:21:59]][DEBUG] Vqe execution done
Min QUBO: 132622394.000000
[[2022-01-18 12:21:59]][DEBUG] NOW FOLLOWS X VECTOR
1 0 0 0 0 0 0 0 0 0 0 0 0 0 0 
[[2022-01-18 12:21:59]][WARNING] Double check: 132622394 passed: TRUE
[[2022-01-18 12:21:59]][INFO] Running 52_15
[[2022-01-18 12:21:59]][ERROR] ../experiment_files/rank_10/qaoa_statsfile_52_15.txt
[[2022-01-18 12:21:59]][WARNING] calc gso
[[2022-01-18 12:21:59]][WARNING] Beware of overflows!! Create gmp qiskit or normalize to lower vals
[[2022-01-18 12:21:59]][WARNING] Normalization is probably best solution
[[2022-01-18 12:21:59]][ERROR] kokot
[[2022-01-18 12:21:59]][DEBUG] Executing qaoa
[[2022-01-18 12:21:59]][DEBUG] Initializing 15 qubits
[[2022-01-18 12:21:59]][DEBUG] Setting seed to 1997
[[2022-01-18 12:22:00]][WARNING] f: Constant Alpha: 1.000000
Final opt-val: 105275034.000000
Final opt-config: 001000000000000
Final hit-rate: 0.000021
[[2022-01-18 12:22:00]][DEBUG] Destroying qureg
[[2022-01-18 12:22:00]][DEBUG] Vqe execution done
Min QUBO: 105275034.000000
[[2022-01-18 12:22:00]][DEBUG] NOW FOLLOWS X VECTOR
0 0 0 0 0 0 0 0 0 0 0 0 1 0 0 
[[2022-01-18 12:22:00]][WARNING] Double check: 105275034 passed: TRUE
[[2022-01-18 12:22:00]][INFO] Running 53_15
[[2022-01-18 12:22:00]][ERROR] ../experiment_files/rank_10/qaoa_statsfile_53_15.txt
[[2022-01-18 12:22:00]][WARNING] calc gso
[[2022-01-18 12:22:00]][WARNING] Beware of overflows!! Create gmp qiskit or normalize to lower vals
[[2022-01-18 12:22:00]][WARNING] Normalization is probably best solution
[[2022-01-18 12:22:00]][ERROR] kokot
[[2022-01-18 12:22:00]][DEBUG] Executing qaoa
[[2022-01-18 12:22:00]][DEBUG] Initializing 15 qubits
[[2022-01-18 12:22:00]][DEBUG] Setting seed to 1997
[[2022-01-18 12:22:00]][WARNING] f: Constant Alpha: 1.000000
Final opt-val: 122012690.000000
Final opt-config: 000000000000001
Final hit-rate: 0.000009
[[2022-01-18 12:22:00]][DEBUG] Destroying qureg
[[2022-01-18 12:22:00]][DEBUG] Vqe execution done
Min QUBO: 122012690.000000
[[2022-01-18 12:22:00]][DEBUG] NOW FOLLOWS X VECTOR
1 0 0 0 0 0 0 0 0 0 0 0 0 0 0 
[[2022-01-18 12:22:00]][WARNING] Double check: 122012690 passed: TRUE
[[2022-01-18 12:22:00]][INFO] Running 54_15
[[2022-01-18 12:22:00]][ERROR] ../experiment_files/rank_10/qaoa_statsfile_54_15.txt
[[2022-01-18 12:22:00]][WARNING] calc gso
[[2022-01-18 12:22:00]][WARNING] Beware of overflows!! Create gmp qiskit or normalize to lower vals
[[2022-01-18 12:22:00]][WARNING] Normalization is probably best solution
[[2022-01-18 12:22:00]][ERROR] kokot
[[2022-01-18 12:22:00]][DEBUG] Executing qaoa
[[2022-01-18 12:22:00]][DEBUG] Initializing 15 qubits
[[2022-01-18 12:22:00]][DEBUG] Setting seed to 1997
[[2022-01-18 12:22:00]][WARNING] f: Constant Alpha: 1.000000
Final opt-val: 103657631.000000
Final opt-config: 000000000000001
Final hit-rate: 0.000031
[[2022-01-18 12:22:01]][DEBUG] Destroying qureg
[[2022-01-18 12:22:01]][DEBUG] Vqe execution done
Min QUBO: 103657631.000000
[[2022-01-18 12:22:01]][DEBUG] NOW FOLLOWS X VECTOR
1 0 0 0 0 0 0 0 0 0 0 0 0 0 0 
[[2022-01-18 12:22:01]][WARNING] Double check: 103657631 passed: TRUE
[[2022-01-18 12:22:01]][INFO] Running 55_15
[[2022-01-18 12:22:01]][ERROR] ../experiment_files/rank_10/qaoa_statsfile_55_15.txt
[[2022-01-18 12:22:01]][WARNING] calc gso
[[2022-01-18 12:22:01]][WARNING] Beware of overflows!! Create gmp qiskit or normalize to lower vals
[[2022-01-18 12:22:01]][WARNING] Normalization is probably best solution
[[2022-01-18 12:22:01]][ERROR] kokot
[[2022-01-18 12:22:01]][DEBUG] Executing qaoa
[[2022-01-18 12:22:01]][DEBUG] Initializing 15 qubits
[[2022-01-18 12:22:01]][DEBUG] Setting seed to 1997
[[2022-01-18 12:22:01]][WARNING] f: Constant Alpha: 1.000000
Final opt-val: 139094858.000000
Final opt-config: 000000000001000
Final hit-rate: 0.000038
[[2022-01-18 12:22:01]][DEBUG] Destroying qureg
[[2022-01-18 12:22:01]][DEBUG] Vqe execution done
Min QUBO: 139094858.000000
[[2022-01-18 12:22:01]][DEBUG] NOW FOLLOWS X VECTOR
0 0 0 1 0 0 0 0 0 0 0 0 0 0 0 
[[2022-01-18 12:22:01]][WARNING] Double check: 139094858 passed: TRUE
[[2022-01-18 12:22:01]][INFO] Running 56_15
[[2022-01-18 12:22:01]][ERROR] ../experiment_files/rank_10/qaoa_statsfile_56_15.txt
[[2022-01-18 12:22:01]][WARNING] calc gso
[[2022-01-18 12:22:01]][WARNING] Beware of overflows!! Create gmp qiskit or normalize to lower vals
[[2022-01-18 12:22:01]][WARNING] Normalization is probably best solution
[[2022-01-18 12:22:01]][ERROR] kokot
[[2022-01-18 12:22:01]][DEBUG] Executing qaoa
[[2022-01-18 12:22:01]][DEBUG] Initializing 15 qubits
[[2022-01-18 12:22:01]][DEBUG] Setting seed to 1997
[[2022-01-18 12:22:01]][WARNING] f: Constant Alpha: 1.000000
Final opt-val: 104182535.000000
Final opt-config: 000000000000001
Final hit-rate: 0.000027
[[2022-01-18 12:22:01]][DEBUG] Destroying qureg
[[2022-01-18 12:22:01]][DEBUG] Vqe execution done
Min QUBO: 104182535.000000
[[2022-01-18 12:22:01]][DEBUG] NOW FOLLOWS X VECTOR
1 0 0 0 0 0 0 0 0 0 0 0 0 0 0 
[[2022-01-18 12:22:01]][WARNING] Double check: 104182535 passed: TRUE
[[2022-01-18 12:22:01]][INFO] Running 57_15
[[2022-01-18 12:22:01]][ERROR] ../experiment_files/rank_10/qaoa_statsfile_57_15.txt
[[2022-01-18 12:22:01]][WARNING] calc gso
[[2022-01-18 12:22:01]][WARNING] Beware of overflows!! Create gmp qiskit or normalize to lower vals
[[2022-01-18 12:22:01]][WARNING] Normalization is probably best solution
[[2022-01-18 12:22:01]][ERROR] kokot
[[2022-01-18 12:22:01]][DEBUG] Executing qaoa
[[2022-01-18 12:22:01]][DEBUG] Initializing 15 qubits
[[2022-01-18 12:22:01]][DEBUG] Setting seed to 1997
[[2022-01-18 12:22:01]][WARNING] f: Constant Alpha: 1.000000
Final opt-val: 131158670.000000
Final opt-config: 000000000000001
Final hit-rate: 0.000026
[[2022-01-18 12:22:02]][DEBUG] Destroying qureg
[[2022-01-18 12:22:02]][DEBUG] Vqe execution done
Min QUBO: 131158670.000000
[[2022-01-18 12:22:02]][DEBUG] NOW FOLLOWS X VECTOR
1 0 0 0 0 0 0 0 0 0 0 0 0 0 0 
[[2022-01-18 12:22:02]][WARNING] Double check: 131158670 passed: TRUE
[[2022-01-18 12:22:02]][INFO] Running 58_15
[[2022-01-18 12:22:02]][ERROR] ../experiment_files/rank_10/qaoa_statsfile_58_15.txt
[[2022-01-18 12:22:02]][WARNING] calc gso
[[2022-01-18 12:22:02]][WARNING] Beware of overflows!! Create gmp qiskit or normalize to lower vals
[[2022-01-18 12:22:02]][WARNING] Normalization is probably best solution
[[2022-01-18 12:22:02]][ERROR] kokot
[[2022-01-18 12:22:02]][DEBUG] Executing qaoa
[[2022-01-18 12:22:02]][DEBUG] Initializing 15 qubits
[[2022-01-18 12:22:02]][DEBUG] Setting seed to 1997
[[2022-01-18 12:22:02]][WARNING] f: Constant Alpha: 1.000000
Final opt-val: 112391432.000000
Final opt-config: 000000000000001
Final hit-rate: 0.000026
[[2022-01-18 12:22:02]][DEBUG] Destroying qureg
[[2022-01-18 12:22:02]][DEBUG] Vqe execution done
Min QUBO: 112391432.000000
[[2022-01-18 12:22:02]][DEBUG] NOW FOLLOWS X VECTOR
1 0 0 0 0 0 0 0 0 0 0 0 0 0 0 
[[2022-01-18 12:22:02]][WARNING] Double check: 112391432 passed: TRUE
[[2022-01-18 12:22:02]][INFO] Running 59_15
[[2022-01-18 12:22:02]][ERROR] ../experiment_files/rank_10/qaoa_statsfile_59_15.txt
[[2022-01-18 12:22:02]][WARNING] calc gso
[[2022-01-18 12:22:02]][WARNING] Beware of overflows!! Create gmp qiskit or normalize to lower vals
[[2022-01-18 12:22:02]][WARNING] Normalization is probably best solution
[[2022-01-18 12:22:02]][ERROR] kokot
[[2022-01-18 12:22:02]][DEBUG] Executing qaoa
[[2022-01-18 12:22:02]][DEBUG] Initializing 15 qubits
[[2022-01-18 12:22:02]][DEBUG] Setting seed to 1997
[[2022-01-18 12:22:02]][WARNING] f: Constant Alpha: 1.000000
Final opt-val: 140376674.000000
Final opt-config: 000010000000000
Final hit-rate: 0.000038
[[2022-01-18 12:22:02]][DEBUG] Destroying qureg
[[2022-01-18 12:22:02]][DEBUG] Vqe execution done
Min QUBO: 140376674.000000
[[2022-01-18 12:22:02]][DEBUG] NOW FOLLOWS X VECTOR
0 0 0 0 0 0 0 0 0 0 1 0 0 0 0 
[[2022-01-18 12:22:02]][WARNING] Double check: 140376674 passed: TRUE
[[2022-01-18 12:22:02]][INFO] Running 60_15
[[2022-01-18 12:22:02]][ERROR] ../experiment_files/rank_10/qaoa_statsfile_60_15.txt
[[2022-01-18 12:22:02]][WARNING] calc gso
[[2022-01-18 12:22:02]][WARNING] Beware of overflows!! Create gmp qiskit or normalize to lower vals
[[2022-01-18 12:22:02]][WARNING] Normalization is probably best solution
[[2022-01-18 12:22:02]][ERROR] kokot
[[2022-01-18 12:22:02]][DEBUG] Executing qaoa
[[2022-01-18 12:22:02]][DEBUG] Initializing 15 qubits
[[2022-01-18 12:22:02]][DEBUG] Setting seed to 1997
[[2022-01-18 12:22:02]][WARNING] f: Constant Alpha: 1.000000
Final opt-val: 105409529.000000
Final opt-config: 001000000000000
Final hit-rate: 0.000056
[[2022-01-18 12:22:03]][DEBUG] Destroying qureg
[[2022-01-18 12:22:03]][DEBUG] Vqe execution done
Min QUBO: 105409529.000000
[[2022-01-18 12:22:03]][DEBUG] NOW FOLLOWS X VECTOR
0 0 0 0 0 0 0 0 0 0 0 0 1 0 0 
[[2022-01-18 12:22:03]][WARNING] Double check: 105409529 passed: TRUE
[[2022-01-18 12:22:03]][INFO] Running 61_15
[[2022-01-18 12:22:03]][ERROR] ../experiment_files/rank_10/qaoa_statsfile_61_15.txt
[[2022-01-18 12:22:03]][WARNING] calc gso
[[2022-01-18 12:22:03]][WARNING] Beware of overflows!! Create gmp qiskit or normalize to lower vals
[[2022-01-18 12:22:03]][WARNING] Normalization is probably best solution
[[2022-01-18 12:22:03]][ERROR] kokot
[[2022-01-18 12:22:03]][DEBUG] Executing qaoa
[[2022-01-18 12:22:03]][DEBUG] Initializing 15 qubits
[[2022-01-18 12:22:03]][DEBUG] Setting seed to 1997
[[2022-01-18 12:22:03]][WARNING] f: Constant Alpha: 1.000000
Final opt-val: 133031673.000000
Final opt-config: 000000000000001
Final hit-rate: 0.000031
[[2022-01-18 12:22:04]][DEBUG] Destroying qureg
[[2022-01-18 12:22:04]][DEBUG] Vqe execution done
Min QUBO: 133031673.000000
[[2022-01-18 12:22:04]][DEBUG] NOW FOLLOWS X VECTOR
1 0 0 0 0 0 0 0 0 0 0 0 0 0 0 
[[2022-01-18 12:22:04]][WARNING] Double check: 133031673 passed: TRUE
[[2022-01-18 12:22:04]][INFO] Running 62_15
[[2022-01-18 12:22:04]][ERROR] ../experiment_files/rank_10/qaoa_statsfile_62_15.txt
[[2022-01-18 12:22:04]][WARNING] calc gso
[[2022-01-18 12:22:04]][WARNING] Beware of overflows!! Create gmp qiskit or normalize to lower vals
[[2022-01-18 12:22:04]][WARNING] Normalization is probably best solution
[[2022-01-18 12:22:04]][ERROR] kokot
[[2022-01-18 12:22:04]][DEBUG] Executing qaoa
[[2022-01-18 12:22:04]][DEBUG] Initializing 15 qubits
[[2022-01-18 12:22:04]][DEBUG] Setting seed to 1997
[[2022-01-18 12:22:04]][WARNING] f: Constant Alpha: 1.000000
Final opt-val: 84643884.000000
Final opt-config: 000000000000001
Final hit-rate: 0.000041
[[2022-01-18 12:22:05]][DEBUG] Destroying qureg
[[2022-01-18 12:22:05]][DEBUG] Vqe execution done
Min QUBO: 84643884.000000
[[2022-01-18 12:22:05]][DEBUG] NOW FOLLOWS X VECTOR
1 0 0 0 0 0 0 0 0 0 0 0 0 0 0 
[[2022-01-18 12:22:05]][WARNING] Double check: 84643884 passed: TRUE
[[2022-01-18 12:22:05]][INFO] Running 63_15
[[2022-01-18 12:22:05]][ERROR] ../experiment_files/rank_10/qaoa_statsfile_63_15.txt
[[2022-01-18 12:22:05]][WARNING] calc gso
[[2022-01-18 12:22:05]][WARNING] Beware of overflows!! Create gmp qiskit or normalize to lower vals
[[2022-01-18 12:22:05]][WARNING] Normalization is probably best solution
[[2022-01-18 12:22:05]][ERROR] kokot
[[2022-01-18 12:22:05]][DEBUG] Executing qaoa
[[2022-01-18 12:22:05]][DEBUG] Initializing 15 qubits
[[2022-01-18 12:22:05]][DEBUG] Setting seed to 1997
[[2022-01-18 12:22:05]][WARNING] f: Constant Alpha: 1.000000
Final opt-val: 106609710.000000
Final opt-config: 000001000000000
Final hit-rate: 0.000031
[[2022-01-18 12:22:05]][DEBUG] Destroying qureg
[[2022-01-18 12:22:05]][DEBUG] Vqe execution done
Min QUBO: 106609710.000000
[[2022-01-18 12:22:05]][DEBUG] NOW FOLLOWS X VECTOR
0 0 0 0 0 0 0 0 0 1 0 0 0 0 0 
[[2022-01-18 12:22:05]][WARNING] Double check: 106609710 passed: TRUE
[[2022-01-18 12:22:05]][INFO] Running 64_15
[[2022-01-18 12:22:05]][ERROR] ../experiment_files/rank_10/qaoa_statsfile_64_15.txt
[[2022-01-18 12:22:05]][WARNING] calc gso
[[2022-01-18 12:22:05]][WARNING] Beware of overflows!! Create gmp qiskit or normalize to lower vals
[[2022-01-18 12:22:05]][WARNING] Normalization is probably best solution
[[2022-01-18 12:22:05]][ERROR] kokot
[[2022-01-18 12:22:05]][DEBUG] Executing qaoa
[[2022-01-18 12:22:05]][DEBUG] Initializing 15 qubits
[[2022-01-18 12:22:05]][DEBUG] Setting seed to 1997
[[2022-01-18 12:22:05]][WARNING] f: Constant Alpha: 1.000000
Final opt-val: 96741790.000000
Final opt-config: 000000000000001
Final hit-rate: 0.000032
[[2022-01-18 12:22:05]][DEBUG] Destroying qureg
[[2022-01-18 12:22:05]][DEBUG] Vqe execution done
Min QUBO: 96741790.000000
[[2022-01-18 12:22:05]][DEBUG] NOW FOLLOWS X VECTOR
1 0 0 0 0 0 0 0 0 0 0 0 0 0 0 
[[2022-01-18 12:22:05]][WARNING] Double check: 96741790 passed: TRUE
[[2022-01-18 12:22:05]][INFO] Running 65_15
[[2022-01-18 12:22:05]][ERROR] ../experiment_files/rank_10/qaoa_statsfile_65_15.txt
[[2022-01-18 12:22:05]][WARNING] calc gso
[[2022-01-18 12:22:05]][WARNING] Beware of overflows!! Create gmp qiskit or normalize to lower vals
[[2022-01-18 12:22:05]][WARNING] Normalization is probably best solution
[[2022-01-18 12:22:05]][ERROR] kokot
[[2022-01-18 12:22:05]][DEBUG] Executing qaoa
[[2022-01-18 12:22:05]][DEBUG] Initializing 15 qubits
[[2022-01-18 12:22:05]][DEBUG] Setting seed to 1997
[[2022-01-18 12:22:05]][WARNING] f: Constant Alpha: 1.000000
Final opt-val: 137306027.000000
Final opt-config: 000000000000001
Final hit-rate: 0.000060
[[2022-01-18 12:22:06]][DEBUG] Destroying qureg
[[2022-01-18 12:22:06]][DEBUG] Vqe execution done
Min QUBO: 137306027.000000
[[2022-01-18 12:22:06]][DEBUG] NOW FOLLOWS X VECTOR
1 0 0 0 0 0 0 0 0 0 0 0 0 0 0 
[[2022-01-18 12:22:06]][WARNING] Double check: 137306027 passed: TRUE
[[2022-01-18 12:22:06]][INFO] Running 66_15
[[2022-01-18 12:22:06]][ERROR] ../experiment_files/rank_10/qaoa_statsfile_66_15.txt
[[2022-01-18 12:22:06]][WARNING] calc gso
[[2022-01-18 12:22:06]][WARNING] Beware of overflows!! Create gmp qiskit or normalize to lower vals
[[2022-01-18 12:22:06]][WARNING] Normalization is probably best solution
[[2022-01-18 12:22:06]][ERROR] kokot
[[2022-01-18 12:22:06]][DEBUG] Executing qaoa
[[2022-01-18 12:22:06]][DEBUG] Initializing 15 qubits
[[2022-01-18 12:22:06]][DEBUG] Setting seed to 1997
[[2022-01-18 12:22:06]][WARNING] f: Constant Alpha: 1.000000
Final opt-val: 156710358.000000
Final opt-config: 000000000010000
Final hit-rate: 0.000021
[[2022-01-18 12:22:06]][DEBUG] Destroying qureg
[[2022-01-18 12:22:06]][DEBUG] Vqe execution done
Min QUBO: 156710358.000000
[[2022-01-18 12:22:06]][DEBUG] NOW FOLLOWS X VECTOR
0 0 0 0 1 0 0 0 0 0 0 0 0 0 0 
[[2022-01-18 12:22:06]][WARNING] Double check: 156710358 passed: TRUE
[[2022-01-18 12:22:06]][INFO] Running 67_15
[[2022-01-18 12:22:06]][ERROR] ../experiment_files/rank_10/qaoa_statsfile_67_15.txt
[[2022-01-18 12:22:06]][WARNING] calc gso
[[2022-01-18 12:22:06]][WARNING] Beware of overflows!! Create gmp qiskit or normalize to lower vals
[[2022-01-18 12:22:06]][WARNING] Normalization is probably best solution
[[2022-01-18 12:22:06]][ERROR] kokot
[[2022-01-18 12:22:06]][DEBUG] Executing qaoa
[[2022-01-18 12:22:06]][DEBUG] Initializing 15 qubits
[[2022-01-18 12:22:06]][DEBUG] Setting seed to 1997
[[2022-01-18 12:22:06]][WARNING] f: Constant Alpha: 1.000000
Final opt-val: 152029955.000000
Final opt-config: 000001000000000
Final hit-rate: 0.000009
[[2022-01-18 12:22:06]][DEBUG] Destroying qureg
[[2022-01-18 12:22:06]][DEBUG] Vqe execution done
Min QUBO: 152029955.000000
[[2022-01-18 12:22:06]][DEBUG] NOW FOLLOWS X VECTOR
0 0 0 0 0 0 0 0 0 1 0 0 0 0 0 
[[2022-01-18 12:22:06]][WARNING] Double check: 152029955 passed: TRUE
[[2022-01-18 12:22:06]][INFO] Running 68_15
[[2022-01-18 12:22:06]][ERROR] ../experiment_files/rank_10/qaoa_statsfile_68_15.txt
[[2022-01-18 12:22:06]][WARNING] calc gso
[[2022-01-18 12:22:06]][WARNING] Beware of overflows!! Create gmp qiskit or normalize to lower vals
[[2022-01-18 12:22:06]][WARNING] Normalization is probably best solution
[[2022-01-18 12:22:06]][ERROR] kokot
[[2022-01-18 12:22:06]][DEBUG] Executing qaoa
[[2022-01-18 12:22:06]][DEBUG] Initializing 15 qubits
[[2022-01-18 12:22:06]][DEBUG] Setting seed to 1997
[[2022-01-18 12:22:06]][WARNING] f: Constant Alpha: 1.000000
Final opt-val: 132876209.000000
Final opt-config: 000000000000001
Final hit-rate: 0.000036
[[2022-01-18 12:22:07]][DEBUG] Destroying qureg
[[2022-01-18 12:22:07]][DEBUG] Vqe execution done
Min QUBO: 132876209.000000
[[2022-01-18 12:22:07]][DEBUG] NOW FOLLOWS X VECTOR
1 0 0 0 0 0 0 0 0 0 0 0 0 0 0 
[[2022-01-18 12:22:07]][WARNING] Double check: 132876209 passed: TRUE
[[2022-01-18 12:22:07]][INFO] Running 69_15
[[2022-01-18 12:22:07]][ERROR] ../experiment_files/rank_10/qaoa_statsfile_69_15.txt
[[2022-01-18 12:22:07]][WARNING] calc gso
[[2022-01-18 12:22:07]][WARNING] Beware of overflows!! Create gmp qiskit or normalize to lower vals
[[2022-01-18 12:22:07]][WARNING] Normalization is probably best solution
[[2022-01-18 12:22:07]][ERROR] kokot
[[2022-01-18 12:22:07]][DEBUG] Executing qaoa
[[2022-01-18 12:22:07]][DEBUG] Initializing 15 qubits
[[2022-01-18 12:22:07]][DEBUG] Setting seed to 1997
[[2022-01-18 12:22:07]][WARNING] f: Constant Alpha: 1.000000
Final opt-val: 144184460.000000
Final opt-config: 000000000010000
Final hit-rate: 0.000059
[[2022-01-18 12:22:07]][DEBUG] Destroying qureg
[[2022-01-18 12:22:07]][DEBUG] Vqe execution done
Min QUBO: 144184460.000000
[[2022-01-18 12:22:07]][DEBUG] NOW FOLLOWS X VECTOR
0 0 0 0 1 0 0 0 0 0 0 0 0 0 0 
[[2022-01-18 12:22:07]][WARNING] Double check: 144184460 passed: TRUE
[[2022-01-18 12:22:07]][INFO] Running 70_15
[[2022-01-18 12:22:07]][ERROR] ../experiment_files/rank_10/qaoa_statsfile_70_15.txt
[[2022-01-18 12:22:07]][WARNING] calc gso
[[2022-01-18 12:22:07]][WARNING] Beware of overflows!! Create gmp qiskit or normalize to lower vals
[[2022-01-18 12:22:07]][WARNING] Normalization is probably best solution
[[2022-01-18 12:22:07]][ERROR] kokot
[[2022-01-18 12:22:07]][DEBUG] Executing qaoa
[[2022-01-18 12:22:07]][DEBUG] Initializing 15 qubits
[[2022-01-18 12:22:07]][DEBUG] Setting seed to 1997
[[2022-01-18 12:22:07]][WARNING] f: Constant Alpha: 1.000000
Final opt-val: 252568036.000000
Final opt-config: 000100100000000
Final hit-rate: 0.000040
[[2022-01-18 12:22:07]][DEBUG] Destroying qureg
[[2022-01-18 12:22:07]][DEBUG] Vqe execution done
Min QUBO: 252568036.000000
[[2022-01-18 12:22:07]][DEBUG] NOW FOLLOWS X VECTOR
0 0 0 0 0 0 0 0 1 0 0 1 0 0 0 
[[2022-01-18 12:22:07]][WARNING] Double check: 252568036 passed: TRUE
[[2022-01-18 12:22:07]][INFO] Running 71_15
[[2022-01-18 12:22:07]][ERROR] ../experiment_files/rank_10/qaoa_statsfile_71_15.txt
[[2022-01-18 12:22:07]][WARNING] calc gso
[[2022-01-18 12:22:07]][WARNING] Beware of overflows!! Create gmp qiskit or normalize to lower vals
[[2022-01-18 12:22:07]][WARNING] Normalization is probably best solution
[[2022-01-18 12:22:07]][ERROR] kokot
[[2022-01-18 12:22:07]][DEBUG] Executing qaoa
[[2022-01-18 12:22:07]][DEBUG] Initializing 15 qubits
[[2022-01-18 12:22:07]][DEBUG] Setting seed to 1997
[[2022-01-18 12:22:07]][WARNING] f: Constant Alpha: 1.000000
Final opt-val: 140391805.000000
Final opt-config: 000000000000001
Final hit-rate: 0.000042
[[2022-01-18 12:22:07]][DEBUG] Destroying qureg
[[2022-01-18 12:22:07]][DEBUG] Vqe execution done
Min QUBO: 140391805.000000
[[2022-01-18 12:22:07]][DEBUG] NOW FOLLOWS X VECTOR
1 0 0 0 0 0 0 0 0 0 0 0 0 0 0 
[[2022-01-18 12:22:07]][WARNING] Double check: 140391805 passed: TRUE
[[2022-01-18 12:22:07]][INFO] Running 72_15
[[2022-01-18 12:22:07]][ERROR] ../experiment_files/rank_10/qaoa_statsfile_72_15.txt
[[2022-01-18 12:22:07]][WARNING] calc gso
[[2022-01-18 12:22:07]][WARNING] Beware of overflows!! Create gmp qiskit or normalize to lower vals
[[2022-01-18 12:22:07]][WARNING] Normalization is probably best solution
[[2022-01-18 12:22:07]][ERROR] kokot
[[2022-01-18 12:22:07]][DEBUG] Executing qaoa
[[2022-01-18 12:22:07]][DEBUG] Initializing 15 qubits
[[2022-01-18 12:22:07]][DEBUG] Setting seed to 1997
[[2022-01-18 12:22:07]][WARNING] f: Constant Alpha: 1.000000
Final opt-val: 120194505.000000
Final opt-config: 100000000000000
Final hit-rate: 0.000038
[[2022-01-18 12:22:08]][DEBUG] Destroying qureg
[[2022-01-18 12:22:08]][DEBUG] Vqe execution done
Min QUBO: 120194505.000000
[[2022-01-18 12:22:08]][DEBUG] NOW FOLLOWS X VECTOR
0 0 0 0 0 0 0 0 0 0 0 0 0 0 1 
[[2022-01-18 12:22:08]][WARNING] Double check: 120194505 passed: TRUE
[[2022-01-18 12:22:08]][INFO] Running 73_15
[[2022-01-18 12:22:08]][ERROR] ../experiment_files/rank_10/qaoa_statsfile_73_15.txt
[[2022-01-18 12:22:08]][WARNING] calc gso
[[2022-01-18 12:22:08]][WARNING] Beware of overflows!! Create gmp qiskit or normalize to lower vals
[[2022-01-18 12:22:08]][WARNING] Normalization is probably best solution
[[2022-01-18 12:22:08]][ERROR] kokot
[[2022-01-18 12:22:08]][DEBUG] Executing qaoa
[[2022-01-18 12:22:08]][DEBUG] Initializing 15 qubits
[[2022-01-18 12:22:08]][DEBUG] Setting seed to 1997
[[2022-01-18 12:22:08]][WARNING] f: Constant Alpha: 1.000000
Final opt-val: 94881828.000000
Final opt-config: 000000000000001
Final hit-rate: 0.000054
[[2022-01-18 12:22:09]][DEBUG] Destroying qureg
[[2022-01-18 12:22:09]][DEBUG] Vqe execution done
Min QUBO: 94881828.000000
[[2022-01-18 12:22:09]][DEBUG] NOW FOLLOWS X VECTOR
1 0 0 0 0 0 0 0 0 0 0 0 0 0 0 
[[2022-01-18 12:22:09]][WARNING] Double check: 94881828 passed: TRUE
[[2022-01-18 12:22:09]][INFO] Running 74_15
[[2022-01-18 12:22:09]][ERROR] ../experiment_files/rank_10/qaoa_statsfile_74_15.txt
[[2022-01-18 12:22:09]][WARNING] calc gso
[[2022-01-18 12:22:09]][WARNING] Beware of overflows!! Create gmp qiskit or normalize to lower vals
[[2022-01-18 12:22:09]][WARNING] Normalization is probably best solution
[[2022-01-18 12:22:09]][ERROR] kokot
[[2022-01-18 12:22:09]][DEBUG] Executing qaoa
[[2022-01-18 12:22:09]][DEBUG] Initializing 15 qubits
[[2022-01-18 12:22:09]][DEBUG] Setting seed to 1997
[[2022-01-18 12:22:09]][WARNING] f: Constant Alpha: 1.000000
Final opt-val: 187287261.000000
Final opt-config: 000000000000001
Final hit-rate: 0.000041
[[2022-01-18 12:22:10]][DEBUG] Destroying qureg
[[2022-01-18 12:22:10]][DEBUG] Vqe execution done
Min QUBO: 187287261.000000
[[2022-01-18 12:22:10]][DEBUG] NOW FOLLOWS X VECTOR
1 0 0 0 0 0 0 0 0 0 0 0 0 0 0 
[[2022-01-18 12:22:10]][WARNING] Double check: 187287261 passed: TRUE
[[2022-01-18 12:22:10]][INFO] Running 75_15
[[2022-01-18 12:22:10]][ERROR] ../experiment_files/rank_10/qaoa_statsfile_75_15.txt
[[2022-01-18 12:22:10]][WARNING] calc gso
[[2022-01-18 12:22:10]][WARNING] Beware of overflows!! Create gmp qiskit or normalize to lower vals
[[2022-01-18 12:22:10]][WARNING] Normalization is probably best solution
[[2022-01-18 12:22:10]][ERROR] kokot
[[2022-01-18 12:22:10]][DEBUG] Executing qaoa
[[2022-01-18 12:22:10]][DEBUG] Initializing 15 qubits
[[2022-01-18 12:22:10]][DEBUG] Setting seed to 1997
[[2022-01-18 12:22:10]][WARNING] f: Constant Alpha: 1.000000
Final opt-val: 117687824.000000
Final opt-config: 000010000000000
Final hit-rate: 0.000059
[[2022-01-18 12:22:10]][DEBUG] Destroying qureg
[[2022-01-18 12:22:10]][DEBUG] Vqe execution done
Min QUBO: 117687824.000000
[[2022-01-18 12:22:10]][DEBUG] NOW FOLLOWS X VECTOR
0 0 0 0 0 0 0 0 0 0 1 0 0 0 0 
[[2022-01-18 12:22:10]][WARNING] Double check: 117687824 passed: TRUE
[[2022-01-18 12:22:10]][INFO] Running 76_15
[[2022-01-18 12:22:10]][ERROR] ../experiment_files/rank_10/qaoa_statsfile_76_15.txt
[[2022-01-18 12:22:10]][WARNING] calc gso
[[2022-01-18 12:22:10]][WARNING] Beware of overflows!! Create gmp qiskit or normalize to lower vals
[[2022-01-18 12:22:10]][WARNING] Normalization is probably best solution
[[2022-01-18 12:22:10]][ERROR] kokot
[[2022-01-18 12:22:10]][DEBUG] Executing qaoa
[[2022-01-18 12:22:10]][DEBUG] Initializing 15 qubits
[[2022-01-18 12:22:10]][DEBUG] Setting seed to 1997
[[2022-01-18 12:22:10]][WARNING] f: Constant Alpha: 1.000000
Final opt-val: 130512812.000000
Final opt-config: 000000000000001
Final hit-rate: 0.000052
[[2022-01-18 12:22:10]][DEBUG] Destroying qureg
[[2022-01-18 12:22:10]][DEBUG] Vqe execution done
Min QUBO: 130512812.000000
[[2022-01-18 12:22:10]][DEBUG] NOW FOLLOWS X VECTOR
1 0 0 0 0 0 0 0 0 0 0 0 0 0 0 
[[2022-01-18 12:22:10]][WARNING] Double check: 130512812 passed: TRUE
[[2022-01-18 12:22:10]][INFO] Running 77_15
[[2022-01-18 12:22:10]][ERROR] ../experiment_files/rank_10/qaoa_statsfile_77_15.txt
[[2022-01-18 12:22:10]][WARNING] calc gso
[[2022-01-18 12:22:10]][WARNING] Beware of overflows!! Create gmp qiskit or normalize to lower vals
[[2022-01-18 12:22:10]][WARNING] Normalization is probably best solution
[[2022-01-18 12:22:10]][ERROR] kokot
[[2022-01-18 12:22:10]][DEBUG] Executing qaoa
[[2022-01-18 12:22:10]][DEBUG] Initializing 15 qubits
[[2022-01-18 12:22:10]][DEBUG] Setting seed to 1997
[[2022-01-18 12:22:10]][WARNING] f: Constant Alpha: 1.000000
Final opt-val: 146915181.000000
Final opt-config: 100000000000000
Final hit-rate: 0.000024
[[2022-01-18 12:22:11]][DEBUG] Destroying qureg
[[2022-01-18 12:22:11]][DEBUG] Vqe execution done
Min QUBO: 146915181.000000
[[2022-01-18 12:22:11]][DEBUG] NOW FOLLOWS X VECTOR
0 0 0 0 0 0 0 0 0 0 0 0 0 0 1 
[[2022-01-18 12:22:11]][WARNING] Double check: 146915181 passed: TRUE
[[2022-01-18 12:22:11]][INFO] Running 78_15
[[2022-01-18 12:22:11]][ERROR] ../experiment_files/rank_10/qaoa_statsfile_78_15.txt
[[2022-01-18 12:22:11]][WARNING] calc gso
[[2022-01-18 12:22:11]][WARNING] Beware of overflows!! Create gmp qiskit or normalize to lower vals
[[2022-01-18 12:22:11]][WARNING] Normalization is probably best solution
[[2022-01-18 12:22:11]][ERROR] kokot
[[2022-01-18 12:22:11]][DEBUG] Executing qaoa
[[2022-01-18 12:22:11]][DEBUG] Initializing 15 qubits
[[2022-01-18 12:22:11]][DEBUG] Setting seed to 1997
[[2022-01-18 12:22:11]][WARNING] f: Constant Alpha: 1.000000
Final opt-val: 132729253.000000
Final opt-config: 000000000000001
Final hit-rate: 0.000057
[[2022-01-18 12:22:11]][DEBUG] Destroying qureg
[[2022-01-18 12:22:11]][DEBUG] Vqe execution done
Min QUBO: 132729253.000000
[[2022-01-18 12:22:11]][DEBUG] NOW FOLLOWS X VECTOR
1 0 0 0 0 0 0 0 0 0 0 0 0 0 0 
[[2022-01-18 12:22:11]][WARNING] Double check: 132729253 passed: TRUE
[[2022-01-18 12:22:11]][INFO] Running 79_15
[[2022-01-18 12:22:11]][ERROR] ../experiment_files/rank_10/qaoa_statsfile_79_15.txt
[[2022-01-18 12:22:11]][WARNING] calc gso
[[2022-01-18 12:22:11]][WARNING] Beware of overflows!! Create gmp qiskit or normalize to lower vals
[[2022-01-18 12:22:11]][WARNING] Normalization is probably best solution
[[2022-01-18 12:22:11]][ERROR] kokot
[[2022-01-18 12:22:11]][DEBUG] Executing qaoa
[[2022-01-18 12:22:11]][DEBUG] Initializing 15 qubits
[[2022-01-18 12:22:11]][DEBUG] Setting seed to 1997
[[2022-01-18 12:22:11]][WARNING] f: Constant Alpha: 1.000000
Final opt-val: 127759820.000000
Final opt-config: 000000000000001
Final hit-rate: 0.000039
[[2022-01-18 12:22:11]][DEBUG] Destroying qureg
[[2022-01-18 12:22:11]][DEBUG] Vqe execution done
Min QUBO: 127759820.000000
[[2022-01-18 12:22:11]][DEBUG] NOW FOLLOWS X VECTOR
1 0 0 0 0 0 0 0 0 0 0 0 0 0 0 
[[2022-01-18 12:22:11]][WARNING] Double check: 127759820 passed: TRUE
[[2022-01-18 12:22:11]][INFO] Running 80_15
[[2022-01-18 12:22:11]][ERROR] ../experiment_files/rank_10/qaoa_statsfile_80_15.txt
[[2022-01-18 12:22:11]][WARNING] calc gso
[[2022-01-18 12:22:11]][WARNING] Beware of overflows!! Create gmp qiskit or normalize to lower vals
[[2022-01-18 12:22:11]][WARNING] Normalization is probably best solution
[[2022-01-18 12:22:11]][ERROR] kokot
[[2022-01-18 12:22:11]][DEBUG] Executing qaoa
[[2022-01-18 12:22:11]][DEBUG] Initializing 15 qubits
[[2022-01-18 12:22:11]][DEBUG] Setting seed to 1997
[[2022-01-18 12:22:11]][WARNING] f: Constant Alpha: 1.000000
Final opt-val: 132025912.000000
Final opt-config: 000000000000001
Final hit-rate: 0.000061
[[2022-01-18 12:22:12]][DEBUG] Destroying qureg
[[2022-01-18 12:22:12]][DEBUG] Vqe execution done
Min QUBO: 132025912.000000
[[2022-01-18 12:22:12]][DEBUG] NOW FOLLOWS X VECTOR
1 0 0 0 0 0 0 0 0 0 0 0 0 0 0 
[[2022-01-18 12:22:12]][WARNING] Double check: 132025912 passed: TRUE
[[2022-01-18 12:22:12]][INFO] Running 81_15
[[2022-01-18 12:22:12]][ERROR] ../experiment_files/rank_10/qaoa_statsfile_81_15.txt
[[2022-01-18 12:22:12]][WARNING] calc gso
[[2022-01-18 12:22:12]][WARNING] Beware of overflows!! Create gmp qiskit or normalize to lower vals
[[2022-01-18 12:22:12]][WARNING] Normalization is probably best solution
[[2022-01-18 12:22:12]][ERROR] kokot
[[2022-01-18 12:22:12]][DEBUG] Executing qaoa
[[2022-01-18 12:22:12]][DEBUG] Initializing 15 qubits
[[2022-01-18 12:22:12]][DEBUG] Setting seed to 1997
[[2022-01-18 12:22:12]][WARNING] f: Constant Alpha: 1.000000
Final opt-val: 156687786.000000
Final opt-config: 000000100000000
Final hit-rate: 0.000031
[[2022-01-18 12:22:12]][DEBUG] Destroying qureg
[[2022-01-18 12:22:12]][DEBUG] Vqe execution done
Min QUBO: 156687786.000000
[[2022-01-18 12:22:12]][DEBUG] NOW FOLLOWS X VECTOR
0 0 0 0 0 0 0 0 1 0 0 0 0 0 0 
[[2022-01-18 12:22:12]][WARNING] Double check: 156687786 passed: TRUE
[[2022-01-18 12:22:12]][INFO] Running 82_15
[[2022-01-18 12:22:12]][ERROR] ../experiment_files/rank_10/qaoa_statsfile_82_15.txt
[[2022-01-18 12:22:12]][WARNING] calc gso
[[2022-01-18 12:22:12]][WARNING] Beware of overflows!! Create gmp qiskit or normalize to lower vals
[[2022-01-18 12:22:12]][WARNING] Normalization is probably best solution
[[2022-01-18 12:22:12]][ERROR] kokot
[[2022-01-18 12:22:12]][DEBUG] Executing qaoa
[[2022-01-18 12:22:12]][DEBUG] Initializing 15 qubits
[[2022-01-18 12:22:12]][DEBUG] Setting seed to 1997
[[2022-01-18 12:22:12]][WARNING] f: Constant Alpha: 1.000000
Final opt-val: 148838157.000000
Final opt-config: 000001000000000
Final hit-rate: 0.000042
[[2022-01-18 12:22:12]][DEBUG] Destroying qureg
[[2022-01-18 12:22:12]][DEBUG] Vqe execution done
Min QUBO: 148838157.000000
[[2022-01-18 12:22:12]][DEBUG] NOW FOLLOWS X VECTOR
0 0 0 0 0 0 0 0 0 1 0 0 0 0 0 
[[2022-01-18 12:22:12]][WARNING] Double check: 148838157 passed: TRUE
[[2022-01-18 12:22:12]][INFO] Running 83_15
[[2022-01-18 12:22:12]][ERROR] ../experiment_files/rank_10/qaoa_statsfile_83_15.txt
[[2022-01-18 12:22:12]][WARNING] calc gso
[[2022-01-18 12:22:12]][WARNING] Beware of overflows!! Create gmp qiskit or normalize to lower vals
[[2022-01-18 12:22:12]][WARNING] Normalization is probably best solution
[[2022-01-18 12:22:12]][ERROR] kokot
[[2022-01-18 12:22:12]][DEBUG] Executing qaoa
[[2022-01-18 12:22:12]][DEBUG] Initializing 15 qubits
[[2022-01-18 12:22:12]][DEBUG] Setting seed to 1997
[[2022-01-18 12:22:12]][WARNING] f: Constant Alpha: 1.000000
Final opt-val: 90807292.000000
Final opt-config: 000000000000001
Final hit-rate: 0.000019
[[2022-01-18 12:22:13]][DEBUG] Destroying qureg
[[2022-01-18 12:22:13]][DEBUG] Vqe execution done
Min QUBO: 90807292.000000
[[2022-01-18 12:22:13]][DEBUG] NOW FOLLOWS X VECTOR
1 0 0 0 0 0 0 0 0 0 0 0 0 0 0 
[[2022-01-18 12:22:13]][WARNING] Double check: 90807292 passed: TRUE
[[2022-01-18 12:22:13]][INFO] Running 84_15
[[2022-01-18 12:22:13]][ERROR] ../experiment_files/rank_10/qaoa_statsfile_84_15.txt
[[2022-01-18 12:22:13]][WARNING] calc gso
[[2022-01-18 12:22:13]][WARNING] Beware of overflows!! Create gmp qiskit or normalize to lower vals
[[2022-01-18 12:22:13]][WARNING] Normalization is probably best solution
[[2022-01-18 12:22:13]][ERROR] kokot
[[2022-01-18 12:22:13]][DEBUG] Executing qaoa
[[2022-01-18 12:22:13]][DEBUG] Initializing 15 qubits
[[2022-01-18 12:22:13]][DEBUG] Setting seed to 1997
[[2022-01-18 12:22:13]][WARNING] f: Constant Alpha: 1.000000
Final opt-val: 144321737.000000
Final opt-config: 000100000000000
Final hit-rate: 0.000039
[[2022-01-18 12:22:13]][DEBUG] Destroying qureg
[[2022-01-18 12:22:13]][DEBUG] Vqe execution done
Min QUBO: 144321737.000000
[[2022-01-18 12:22:13]][DEBUG] NOW FOLLOWS X VECTOR
0 0 0 0 0 0 0 0 0 0 0 1 0 0 0 
[[2022-01-18 12:22:13]][WARNING] Double check: 144321737 passed: TRUE
[[2022-01-18 12:22:13]][INFO] Running 85_15
[[2022-01-18 12:22:13]][ERROR] ../experiment_files/rank_10/qaoa_statsfile_85_15.txt
[[2022-01-18 12:22:13]][WARNING] calc gso
[[2022-01-18 12:22:13]][WARNING] Beware of overflows!! Create gmp qiskit or normalize to lower vals
[[2022-01-18 12:22:13]][WARNING] Normalization is probably best solution
[[2022-01-18 12:22:13]][ERROR] kokot
[[2022-01-18 12:22:13]][DEBUG] Executing qaoa
[[2022-01-18 12:22:13]][DEBUG] Initializing 15 qubits
[[2022-01-18 12:22:13]][DEBUG] Setting seed to 1997
[[2022-01-18 12:22:13]][WARNING] f: Constant Alpha: 1.000000
Final opt-val: 100180763.000000
Final opt-config: 000100000000000
Final hit-rate: 0.000020
[[2022-01-18 12:22:13]][DEBUG] Destroying qureg
[[2022-01-18 12:22:13]][DEBUG] Vqe execution done
Min QUBO: 100180763.000000
[[2022-01-18 12:22:13]][DEBUG] NOW FOLLOWS X VECTOR
0 0 0 0 0 0 0 0 0 0 0 1 0 0 0 
[[2022-01-18 12:22:13]][WARNING] Double check: 100180763 passed: TRUE
[[2022-01-18 12:22:13]][INFO] Running 86_15
[[2022-01-18 12:22:13]][ERROR] ../experiment_files/rank_10/qaoa_statsfile_86_15.txt
[[2022-01-18 12:22:13]][WARNING] calc gso
[[2022-01-18 12:22:13]][WARNING] Beware of overflows!! Create gmp qiskit or normalize to lower vals
[[2022-01-18 12:22:13]][WARNING] Normalization is probably best solution
[[2022-01-18 12:22:13]][ERROR] kokot
[[2022-01-18 12:22:13]][DEBUG] Executing qaoa
[[2022-01-18 12:22:13]][DEBUG] Initializing 15 qubits
[[2022-01-18 12:22:13]][DEBUG] Setting seed to 1997
[[2022-01-18 12:22:13]][WARNING] f: Constant Alpha: 1.000000
Final opt-val: 93906406.000000
Final opt-config: 000000000000001
Final hit-rate: 0.000034
[[2022-01-18 12:22:13]][DEBUG] Destroying qureg
[[2022-01-18 12:22:13]][DEBUG] Vqe execution done
Min QUBO: 93906406.000000
[[2022-01-18 12:22:13]][DEBUG] NOW FOLLOWS X VECTOR
1 0 0 0 0 0 0 0 0 0 0 0 0 0 0 
[[2022-01-18 12:22:13]][WARNING] Double check: 93906406 passed: TRUE
[[2022-01-18 12:22:13]][INFO] Running 87_15
[[2022-01-18 12:22:13]][ERROR] ../experiment_files/rank_10/qaoa_statsfile_87_15.txt
[[2022-01-18 12:22:13]][WARNING] calc gso
[[2022-01-18 12:22:13]][WARNING] Beware of overflows!! Create gmp qiskit or normalize to lower vals
[[2022-01-18 12:22:13]][WARNING] Normalization is probably best solution
[[2022-01-18 12:22:13]][ERROR] kokot
[[2022-01-18 12:22:13]][DEBUG] Executing qaoa
[[2022-01-18 12:22:13]][DEBUG] Initializing 15 qubits
[[2022-01-18 12:22:13]][DEBUG] Setting seed to 1997
[[2022-01-18 12:22:13]][WARNING] f: Constant Alpha: 1.000000
Final opt-val: 134430283.000000
Final opt-config: 000000000000001
Final hit-rate: 0.000039
[[2022-01-18 12:22:13]][DEBUG] Destroying qureg
[[2022-01-18 12:22:13]][DEBUG] Vqe execution done
Min QUBO: 134430283.000000
[[2022-01-18 12:22:13]][DEBUG] NOW FOLLOWS X VECTOR
1 0 0 0 0 0 0 0 0 0 0 0 0 0 0 
[[2022-01-18 12:22:13]][WARNING] Double check: 134430283 passed: TRUE
[[2022-01-18 12:22:13]][INFO] Running 88_15
[[2022-01-18 12:22:13]][ERROR] ../experiment_files/rank_10/qaoa_statsfile_88_15.txt
[[2022-01-18 12:22:13]][WARNING] calc gso
[[2022-01-18 12:22:13]][WARNING] Beware of overflows!! Create gmp qiskit or normalize to lower vals
[[2022-01-18 12:22:13]][WARNING] Normalization is probably best solution
[[2022-01-18 12:22:13]][ERROR] kokot
[[2022-01-18 12:22:13]][DEBUG] Executing qaoa
[[2022-01-18 12:22:13]][DEBUG] Initializing 15 qubits
[[2022-01-18 12:22:13]][DEBUG] Setting seed to 1997
[[2022-01-18 12:22:14]][WARNING] f: Constant Alpha: 1.000000
Final opt-val: 97236645.000000
Final opt-config: 010000000000000
Final hit-rate: 0.000016
[[2022-01-18 12:22:14]][DEBUG] Destroying qureg
[[2022-01-18 12:22:14]][DEBUG] Vqe execution done
Min QUBO: 97236645.000000
[[2022-01-18 12:22:14]][DEBUG] NOW FOLLOWS X VECTOR
0 0 0 0 0 0 0 0 0 0 0 0 0 1 0 
[[2022-01-18 12:22:14]][WARNING] Double check: 97236645 passed: TRUE
[[2022-01-18 12:22:14]][INFO] Running 89_15
[[2022-01-18 12:22:14]][ERROR] ../experiment_files/rank_10/qaoa_statsfile_89_15.txt
[[2022-01-18 12:22:14]][WARNING] calc gso
[[2022-01-18 12:22:14]][WARNING] Beware of overflows!! Create gmp qiskit or normalize to lower vals
[[2022-01-18 12:22:14]][WARNING] Normalization is probably best solution
[[2022-01-18 12:22:14]][ERROR] kokot
[[2022-01-18 12:22:14]][DEBUG] Executing qaoa
[[2022-01-18 12:22:14]][DEBUG] Initializing 15 qubits
[[2022-01-18 12:22:14]][DEBUG] Setting seed to 1997
[[2022-01-18 12:22:14]][WARNING] f: Constant Alpha: 1.000000
Final opt-val: 91082152.000000
Final opt-config: 000000000000001
Final hit-rate: 0.000031
[[2022-01-18 12:22:15]][DEBUG] Destroying qureg
[[2022-01-18 12:22:15]][DEBUG] Vqe execution done
Min QUBO: 91082152.000000
[[2022-01-18 12:22:15]][DEBUG] NOW FOLLOWS X VECTOR
1 0 0 0 0 0 0 0 0 0 0 0 0 0 0 
[[2022-01-18 12:22:15]][WARNING] Double check: 91082152 passed: TRUE
[[2022-01-18 12:22:15]][INFO] Running 90_15
[[2022-01-18 12:22:15]][ERROR] ../experiment_files/rank_10/qaoa_statsfile_90_15.txt
[[2022-01-18 12:22:15]][WARNING] calc gso
[[2022-01-18 12:22:15]][WARNING] Beware of overflows!! Create gmp qiskit or normalize to lower vals
[[2022-01-18 12:22:15]][WARNING] Normalization is probably best solution
[[2022-01-18 12:22:15]][ERROR] kokot
[[2022-01-18 12:22:15]][DEBUG] Executing qaoa
[[2022-01-18 12:22:15]][DEBUG] Initializing 15 qubits
[[2022-01-18 12:22:15]][DEBUG] Setting seed to 1997
[[2022-01-18 12:22:15]][WARNING] f: Constant Alpha: 1.000000
Final opt-val: 124379869.000000
Final opt-config: 000000010000000
Final hit-rate: 0.000031
[[2022-01-18 12:22:15]][DEBUG] Destroying qureg
[[2022-01-18 12:22:15]][DEBUG] Vqe execution done
Min QUBO: 124379869.000000
[[2022-01-18 12:22:15]][DEBUG] NOW FOLLOWS X VECTOR
0 0 0 0 0 0 0 1 0 0 0 0 0 0 0 
[[2022-01-18 12:22:15]][WARNING] Double check: 124379869 passed: TRUE
[[2022-01-18 12:22:15]][INFO] Running 91_15
[[2022-01-18 12:22:15]][ERROR] ../experiment_files/rank_10/qaoa_statsfile_91_15.txt
[[2022-01-18 12:22:15]][WARNING] calc gso
[[2022-01-18 12:22:15]][WARNING] Beware of overflows!! Create gmp qiskit or normalize to lower vals
[[2022-01-18 12:22:15]][WARNING] Normalization is probably best solution
[[2022-01-18 12:22:15]][ERROR] kokot
[[2022-01-18 12:22:15]][DEBUG] Executing qaoa
[[2022-01-18 12:22:15]][DEBUG] Initializing 15 qubits
[[2022-01-18 12:22:15]][DEBUG] Setting seed to 1997
[[2022-01-18 12:22:15]][WARNING] f: Constant Alpha: 1.000000
Final opt-val: 149117661.000000
Final opt-config: 000000000000001
Final hit-rate: 0.000036
[[2022-01-18 12:22:15]][DEBUG] Destroying qureg
[[2022-01-18 12:22:15]][DEBUG] Vqe execution done
Min QUBO: 149117661.000000
[[2022-01-18 12:22:15]][DEBUG] NOW FOLLOWS X VECTOR
1 0 0 0 0 0 0 0 0 0 0 0 0 0 0 
[[2022-01-18 12:22:15]][WARNING] Double check: 149117661 passed: TRUE
[[2022-01-18 12:22:15]][INFO] Running 92_15
[[2022-01-18 12:22:15]][ERROR] ../experiment_files/rank_10/qaoa_statsfile_92_15.txt
[[2022-01-18 12:22:15]][WARNING] calc gso
[[2022-01-18 12:22:15]][WARNING] Beware of overflows!! Create gmp qiskit or normalize to lower vals
[[2022-01-18 12:22:15]][WARNING] Normalization is probably best solution
[[2022-01-18 12:22:15]][ERROR] kokot
[[2022-01-18 12:22:15]][DEBUG] Executing qaoa
[[2022-01-18 12:22:15]][DEBUG] Initializing 15 qubits
[[2022-01-18 12:22:15]][DEBUG] Setting seed to 1997
[[2022-01-18 12:22:15]][WARNING] f: Constant Alpha: 1.000000
Final opt-val: 96510506.000000
Final opt-config: 000000000000001
Final hit-rate: 0.000021
[[2022-01-18 12:22:15]][DEBUG] Destroying qureg
[[2022-01-18 12:22:15]][DEBUG] Vqe execution done
Min QUBO: 96510506.000000
[[2022-01-18 12:22:15]][DEBUG] NOW FOLLOWS X VECTOR
1 0 0 0 0 0 0 0 0 0 0 0 0 0 0 
[[2022-01-18 12:22:15]][WARNING] Double check: 96510506 passed: TRUE
[[2022-01-18 12:22:15]][INFO] Running 93_15
[[2022-01-18 12:22:15]][ERROR] ../experiment_files/rank_10/qaoa_statsfile_93_15.txt
[[2022-01-18 12:22:15]][WARNING] calc gso
[[2022-01-18 12:22:15]][WARNING] Beware of overflows!! Create gmp qiskit or normalize to lower vals
[[2022-01-18 12:22:15]][WARNING] Normalization is probably best solution
[[2022-01-18 12:22:15]][ERROR] kokot
[[2022-01-18 12:22:15]][DEBUG] Executing qaoa
[[2022-01-18 12:22:15]][DEBUG] Initializing 15 qubits
[[2022-01-18 12:22:15]][DEBUG] Setting seed to 1997
[[2022-01-18 12:22:15]][WARNING] f: Constant Alpha: 1.000000
Final opt-val: 90958298.000000
Final opt-config: 000000000000001
Final hit-rate: 0.000016
[[2022-01-18 12:22:16]][DEBUG] Destroying qureg
[[2022-01-18 12:22:16]][DEBUG] Vqe execution done
Min QUBO: 90958298.000000
[[2022-01-18 12:22:16]][DEBUG] NOW FOLLOWS X VECTOR
1 0 0 0 0 0 0 0 0 0 0 0 0 0 0 
[[2022-01-18 12:22:16]][WARNING] Double check: 90958298 passed: TRUE
[[2022-01-18 12:22:16]][INFO] Running 94_15
[[2022-01-18 12:22:16]][ERROR] ../experiment_files/rank_10/qaoa_statsfile_94_15.txt
[[2022-01-18 12:22:16]][WARNING] calc gso
[[2022-01-18 12:22:16]][WARNING] Beware of overflows!! Create gmp qiskit or normalize to lower vals
[[2022-01-18 12:22:16]][WARNING] Normalization is probably best solution
[[2022-01-18 12:22:16]][ERROR] kokot
[[2022-01-18 12:22:16]][DEBUG] Executing qaoa
[[2022-01-18 12:22:16]][DEBUG] Initializing 15 qubits
[[2022-01-18 12:22:16]][DEBUG] Setting seed to 1997
[[2022-01-18 12:22:16]][WARNING] f: Constant Alpha: 1.000000
Final opt-val: 135594428.000000
Final opt-config: 000000000000001
Final hit-rate: 0.000036
[[2022-01-18 12:22:16]][DEBUG] Destroying qureg
[[2022-01-18 12:22:16]][DEBUG] Vqe execution done
Min QUBO: 135594428.000000
[[2022-01-18 12:22:16]][DEBUG] NOW FOLLOWS X VECTOR
1 0 0 0 0 0 0 0 0 0 0 0 0 0 0 
[[2022-01-18 12:22:16]][WARNING] Double check: 135594428 passed: TRUE
[[2022-01-18 12:22:16]][INFO] Running 95_15
[[2022-01-18 12:22:16]][ERROR] ../experiment_files/rank_10/qaoa_statsfile_95_15.txt
[[2022-01-18 12:22:16]][WARNING] calc gso
[[2022-01-18 12:22:16]][WARNING] Beware of overflows!! Create gmp qiskit or normalize to lower vals
[[2022-01-18 12:22:16]][WARNING] Normalization is probably best solution
[[2022-01-18 12:22:16]][ERROR] kokot
[[2022-01-18 12:22:16]][DEBUG] Executing qaoa
[[2022-01-18 12:22:16]][DEBUG] Initializing 15 qubits
[[2022-01-18 12:22:16]][DEBUG] Setting seed to 1997
[[2022-01-18 12:22:16]][WARNING] f: Constant Alpha: 1.000000
Final opt-val: 114633708.000000
Final opt-config: 000011001100000
Final hit-rate: 0.000022
[[2022-01-18 12:22:16]][DEBUG] Destroying qureg
[[2022-01-18 12:22:16]][DEBUG] Vqe execution done
Min QUBO: 114633708.000000
[[2022-01-18 12:22:16]][DEBUG] NOW FOLLOWS X VECTOR
0 0 0 0 0 1 1 0 0 1 1 0 0 0 0 
[[2022-01-18 12:22:16]][WARNING] Double check: 114633708 passed: TRUE
[[2022-01-18 12:22:16]][INFO] Running 96_15
[[2022-01-18 12:22:16]][ERROR] ../experiment_files/rank_10/qaoa_statsfile_96_15.txt
[[2022-01-18 12:22:16]][WARNING] calc gso
[[2022-01-18 12:22:16]][WARNING] Beware of overflows!! Create gmp qiskit or normalize to lower vals
[[2022-01-18 12:22:16]][WARNING] Normalization is probably best solution
[[2022-01-18 12:22:16]][ERROR] kokot
[[2022-01-18 12:22:16]][DEBUG] Executing qaoa
[[2022-01-18 12:22:16]][DEBUG] Initializing 15 qubits
[[2022-01-18 12:22:16]][DEBUG] Setting seed to 1997
[[2022-01-18 12:22:17]][WARNING] f: Constant Alpha: 1.000000
Final opt-val: 99254528.000000
Final opt-config: 000000000000001
Final hit-rate: 0.000026
[[2022-01-18 12:22:17]][DEBUG] Destroying qureg
[[2022-01-18 12:22:17]][DEBUG] Vqe execution done
Min QUBO: 99254528.000000
[[2022-01-18 12:22:17]][DEBUG] NOW FOLLOWS X VECTOR
1 0 0 0 0 0 0 0 0 0 0 0 0 0 0 
[[2022-01-18 12:22:17]][WARNING] Double check: 99254528 passed: TRUE
[[2022-01-18 12:22:17]][INFO] Running 97_15
[[2022-01-18 12:22:17]][ERROR] ../experiment_files/rank_10/qaoa_statsfile_97_15.txt
[[2022-01-18 12:22:17]][WARNING] calc gso
[[2022-01-18 12:22:17]][WARNING] Beware of overflows!! Create gmp qiskit or normalize to lower vals
[[2022-01-18 12:22:17]][WARNING] Normalization is probably best solution
[[2022-01-18 12:22:17]][ERROR] kokot
[[2022-01-18 12:22:17]][DEBUG] Executing qaoa
[[2022-01-18 12:22:17]][DEBUG] Initializing 15 qubits
[[2022-01-18 12:22:17]][DEBUG] Setting seed to 1997
[[2022-01-18 12:22:17]][WARNING] f: Constant Alpha: 1.000000
Final opt-val: 103026971.000000
Final opt-config: 000000000000001
Final hit-rate: 0.000058
[[2022-01-18 12:22:17]][DEBUG] Destroying qureg
[[2022-01-18 12:22:17]][DEBUG] Vqe execution done
Min QUBO: 103026971.000000
[[2022-01-18 12:22:17]][DEBUG] NOW FOLLOWS X VECTOR
1 0 0 0 0 0 0 0 0 0 0 0 0 0 0 
[[2022-01-18 12:22:17]][WARNING] Double check: 103026971 passed: TRUE
[[2022-01-18 12:22:17]][INFO] Running 98_15
[[2022-01-18 12:22:17]][ERROR] ../experiment_files/rank_10/qaoa_statsfile_98_15.txt
[[2022-01-18 12:22:17]][WARNING] calc gso
[[2022-01-18 12:22:17]][WARNING] Beware of overflows!! Create gmp qiskit or normalize to lower vals
[[2022-01-18 12:22:17]][WARNING] Normalization is probably best solution
[[2022-01-18 12:22:17]][ERROR] kokot
[[2022-01-18 12:22:17]][DEBUG] Executing qaoa
[[2022-01-18 12:22:17]][DEBUG] Initializing 15 qubits
[[2022-01-18 12:22:17]][DEBUG] Setting seed to 1997
[[2022-01-18 12:22:17]][WARNING] f: Constant Alpha: 1.000000
Final opt-val: 105215057.000000
Final opt-config: 000000000000001
Final hit-rate: 0.000014
[[2022-01-18 12:22:17]][DEBUG] Destroying qureg
[[2022-01-18 12:22:17]][DEBUG] Vqe execution done
Min QUBO: 105215057.000000
[[2022-01-18 12:22:17]][DEBUG] NOW FOLLOWS X VECTOR
1 0 0 0 0 0 0 0 0 0 0 0 0 0 0 
[[2022-01-18 12:22:17]][WARNING] Double check: 105215057 passed: TRUE
[[2022-01-18 12:22:17]][INFO] Running 99_15
[[2022-01-18 12:22:17]][ERROR] ../experiment_files/rank_10/qaoa_statsfile_99_15.txt
[[2022-01-18 12:22:17]][WARNING] calc gso
[[2022-01-18 12:22:17]][WARNING] Beware of overflows!! Create gmp qiskit or normalize to lower vals
[[2022-01-18 12:22:17]][WARNING] Normalization is probably best solution
[[2022-01-18 12:22:17]][ERROR] kokot
[[2022-01-18 12:22:17]][DEBUG] Executing qaoa
[[2022-01-18 12:22:17]][DEBUG] Initializing 15 qubits
[[2022-01-18 12:22:17]][DEBUG] Setting seed to 1997
[[2022-01-18 12:22:18]][WARNING] f: Constant Alpha: 1.000000
Final opt-val: 121952490.000000
Final opt-config: 000010000000000
Final hit-rate: 0.000040
[[2022-01-18 12:22:18]][DEBUG] Destroying qureg
[[2022-01-18 12:22:18]][DEBUG] Vqe execution done
Min QUBO: 121952490.000000
[[2022-01-18 12:22:18]][DEBUG] NOW FOLLOWS X VECTOR
0 0 0 0 0 0 0 0 0 0 1 0 0 0 0 
[[2022-01-18 12:22:18]][WARNING] Double check: 121952490 passed: TRUE
[[2022-01-18 12:22:18]][INFO] Running 100_15
[[2022-01-18 12:22:18]][ERROR] ../experiment_files/rank_10/qaoa_statsfile_100_15.txt
[[2022-01-18 12:22:18]][WARNING] calc gso
[[2022-01-18 12:22:18]][WARNING] Beware of overflows!! Create gmp qiskit or normalize to lower vals
[[2022-01-18 12:22:18]][WARNING] Normalization is probably best solution
[[2022-01-18 12:22:18]][ERROR] kokot
[[2022-01-18 12:22:18]][DEBUG] Executing qaoa
[[2022-01-18 12:22:18]][DEBUG] Initializing 15 qubits
[[2022-01-18 12:22:18]][DEBUG] Setting seed to 1997
[[2022-01-18 12:22:18]][WARNING] f: Constant Alpha: 1.000000
Final opt-val: 112406749.000000
Final opt-config: 000001000000000
Final hit-rate: 0.000022
[[2022-01-18 12:22:18]][DEBUG] Destroying qureg
[[2022-01-18 12:22:18]][DEBUG] Vqe execution done
Min QUBO: 112406749.000000
[[2022-01-18 12:22:18]][DEBUG] NOW FOLLOWS X VECTOR
0 0 0 0 0 0 0 0 0 1 0 0 0 0 0 
[[2022-01-18 12:22:18]][WARNING] Double check: 112406749 passed: TRUE
[[2022-01-18 12:22:18]][INFO] Running 101_15
[[2022-01-18 12:22:18]][ERROR] ../experiment_files/rank_10/qaoa_statsfile_101_15.txt
[[2022-01-18 12:22:18]][WARNING] calc gso
[[2022-01-18 12:22:18]][WARNING] Beware of overflows!! Create gmp qiskit or normalize to lower vals
[[2022-01-18 12:22:18]][WARNING] Normalization is probably best solution
[[2022-01-18 12:22:18]][ERROR] kokot
[[2022-01-18 12:22:18]][DEBUG] Executing qaoa
[[2022-01-18 12:22:18]][DEBUG] Initializing 15 qubits
[[2022-01-18 12:22:18]][DEBUG] Setting seed to 1997
[[2022-01-18 12:22:18]][WARNING] f: Constant Alpha: 1.000000
Final opt-val: 117566705.000000
Final opt-config: 001000000000000
Final hit-rate: 0.000057
[[2022-01-18 12:22:18]][DEBUG] Destroying qureg
[[2022-01-18 12:22:18]][DEBUG] Vqe execution done
Min QUBO: 117566705.000000
[[2022-01-18 12:22:18]][DEBUG] NOW FOLLOWS X VECTOR
0 0 0 0 0 0 0 0 0 0 0 0 1 0 0 
[[2022-01-18 12:22:18]][WARNING] Double check: 117566705 passed: TRUE
[[2022-01-18 12:22:18]][INFO] Running 102_15
[[2022-01-18 12:22:18]][ERROR] ../experiment_files/rank_10/qaoa_statsfile_102_15.txt
[[2022-01-18 12:22:18]][WARNING] calc gso
[[2022-01-18 12:22:18]][WARNING] Beware of overflows!! Create gmp qiskit or normalize to lower vals
[[2022-01-18 12:22:18]][WARNING] Normalization is probably best solution
[[2022-01-18 12:22:18]][ERROR] kokot
[[2022-01-18 12:22:18]][DEBUG] Executing qaoa
[[2022-01-18 12:22:18]][DEBUG] Initializing 15 qubits
[[2022-01-18 12:22:18]][DEBUG] Setting seed to 1997
[[2022-01-18 12:22:18]][WARNING] f: Constant Alpha: 1.000000
Final opt-val: 76258368.000000
Final opt-config: 001000000000000
Final hit-rate: 0.000035
[[2022-01-18 12:22:19]][DEBUG] Destroying qureg
[[2022-01-18 12:22:19]][DEBUG] Vqe execution done
Min QUBO: 76258368.000000
[[2022-01-18 12:22:19]][DEBUG] NOW FOLLOWS X VECTOR
0 0 0 0 0 0 0 0 0 0 0 0 1 0 0 
[[2022-01-18 12:22:19]][WARNING] Double check: 76258368 passed: TRUE
[[2022-01-18 12:22:19]][INFO] Running 103_15
[[2022-01-18 12:22:19]][ERROR] ../experiment_files/rank_10/qaoa_statsfile_103_15.txt
[[2022-01-18 12:22:19]][WARNING] calc gso
[[2022-01-18 12:22:19]][WARNING] Beware of overflows!! Create gmp qiskit or normalize to lower vals
[[2022-01-18 12:22:19]][WARNING] Normalization is probably best solution
[[2022-01-18 12:22:19]][ERROR] kokot
[[2022-01-18 12:22:19]][DEBUG] Executing qaoa
[[2022-01-18 12:22:19]][DEBUG] Initializing 15 qubits
[[2022-01-18 12:22:19]][DEBUG] Setting seed to 1997
[[2022-01-18 12:22:19]][WARNING] f: Constant Alpha: 1.000000
Final opt-val: 141728060.000000
Final opt-config: 000000000000001
Final hit-rate: 0.000031
[[2022-01-18 12:22:19]][DEBUG] Destroying qureg
[[2022-01-18 12:22:19]][DEBUG] Vqe execution done
Min QUBO: 141728060.000000
[[2022-01-18 12:22:19]][DEBUG] NOW FOLLOWS X VECTOR
1 0 0 0 0 0 0 0 0 0 0 0 0 0 0 
[[2022-01-18 12:22:19]][WARNING] Double check: 141728060 passed: TRUE
[[2022-01-18 12:22:19]][INFO] Running 104_15
[[2022-01-18 12:22:19]][ERROR] ../experiment_files/rank_10/qaoa_statsfile_104_15.txt
[[2022-01-18 12:22:19]][WARNING] calc gso
[[2022-01-18 12:22:19]][WARNING] Beware of overflows!! Create gmp qiskit or normalize to lower vals
[[2022-01-18 12:22:19]][WARNING] Normalization is probably best solution
[[2022-01-18 12:22:19]][ERROR] kokot
[[2022-01-18 12:22:19]][DEBUG] Executing qaoa
[[2022-01-18 12:22:19]][DEBUG] Initializing 15 qubits
[[2022-01-18 12:22:19]][DEBUG] Setting seed to 1997
[[2022-01-18 12:22:19]][WARNING] f: Constant Alpha: 1.000000
Final opt-val: 109431624.000000
Final opt-config: 000000000000001
Final hit-rate: 0.000051
[[2022-01-18 12:22:19]][DEBUG] Destroying qureg
[[2022-01-18 12:22:19]][DEBUG] Vqe execution done
Min QUBO: 109431624.000000
[[2022-01-18 12:22:19]][DEBUG] NOW FOLLOWS X VECTOR
1 0 0 0 0 0 0 0 0 0 0 0 0 0 0 
[[2022-01-18 12:22:19]][WARNING] Double check: 109431624 passed: TRUE
[[2022-01-18 12:22:19]][INFO] Running 105_15
[[2022-01-18 12:22:19]][ERROR] ../experiment_files/rank_10/qaoa_statsfile_105_15.txt
[[2022-01-18 12:22:19]][WARNING] calc gso
[[2022-01-18 12:22:19]][WARNING] Beware of overflows!! Create gmp qiskit or normalize to lower vals
[[2022-01-18 12:22:19]][WARNING] Normalization is probably best solution
[[2022-01-18 12:22:19]][ERROR] kokot
[[2022-01-18 12:22:19]][DEBUG] Executing qaoa
[[2022-01-18 12:22:19]][DEBUG] Initializing 15 qubits
[[2022-01-18 12:22:19]][DEBUG] Setting seed to 1997
[[2022-01-18 12:22:19]][WARNING] f: Constant Alpha: 1.000000
Final opt-val: 90202471.000000
Final opt-config: 000000000000001
Final hit-rate: 0.000024
[[2022-01-18 12:22:20]][DEBUG] Destroying qureg
[[2022-01-18 12:22:20]][DEBUG] Vqe execution done
Min QUBO: 90202471.000000
[[2022-01-18 12:22:20]][DEBUG] NOW FOLLOWS X VECTOR
1 0 0 0 0 0 0 0 0 0 0 0 0 0 0 
[[2022-01-18 12:22:20]][WARNING] Double check: 90202471 passed: TRUE
[[2022-01-18 12:22:20]][INFO] Running 106_15
[[2022-01-18 12:22:20]][ERROR] ../experiment_files/rank_10/qaoa_statsfile_106_15.txt
[[2022-01-18 12:22:20]][WARNING] calc gso
[[2022-01-18 12:22:20]][WARNING] Beware of overflows!! Create gmp qiskit or normalize to lower vals
[[2022-01-18 12:22:20]][WARNING] Normalization is probably best solution
[[2022-01-18 12:22:20]][ERROR] kokot
[[2022-01-18 12:22:20]][DEBUG] Executing qaoa
[[2022-01-18 12:22:20]][DEBUG] Initializing 15 qubits
[[2022-01-18 12:22:20]][DEBUG] Setting seed to 1997
[[2022-01-18 12:22:20]][WARNING] f: Constant Alpha: 1.000000
Final opt-val: 96070256.000000
Final opt-config: 000000000000001
Final hit-rate: 0.000061
[[2022-01-18 12:22:20]][DEBUG] Destroying qureg
[[2022-01-18 12:22:20]][DEBUG] Vqe execution done
Min QUBO: 96070256.000000
[[2022-01-18 12:22:20]][DEBUG] NOW FOLLOWS X VECTOR
1 0 0 0 0 0 0 0 0 0 0 0 0 0 0 
[[2022-01-18 12:22:20]][WARNING] Double check: 96070256 passed: TRUE
[[2022-01-18 12:22:20]][INFO] Running 107_15
[[2022-01-18 12:22:20]][ERROR] ../experiment_files/rank_10/qaoa_statsfile_107_15.txt
[[2022-01-18 12:22:20]][WARNING] calc gso
[[2022-01-18 12:22:20]][WARNING] Beware of overflows!! Create gmp qiskit or normalize to lower vals
[[2022-01-18 12:22:20]][WARNING] Normalization is probably best solution
[[2022-01-18 12:22:20]][ERROR] kokot
[[2022-01-18 12:22:20]][DEBUG] Executing qaoa
[[2022-01-18 12:22:20]][DEBUG] Initializing 15 qubits
[[2022-01-18 12:22:20]][DEBUG] Setting seed to 1997
[[2022-01-18 12:22:20]][WARNING] f: Constant Alpha: 1.000000
Final opt-val: 104509551.000000
Final opt-config: 000000000000001
Final hit-rate: 0.000027
[[2022-01-18 12:22:20]][DEBUG] Destroying qureg
[[2022-01-18 12:22:20]][DEBUG] Vqe execution done
Min QUBO: 104509551.000000
[[2022-01-18 12:22:20]][DEBUG] NOW FOLLOWS X VECTOR
1 0 0 0 0 0 0 0 0 0 0 0 0 0 0 
[[2022-01-18 12:22:20]][WARNING] Double check: 104509551 passed: TRUE
[[2022-01-18 12:22:20]][INFO] Running 108_15
[[2022-01-18 12:22:20]][ERROR] ../experiment_files/rank_10/qaoa_statsfile_108_15.txt
[[2022-01-18 12:22:20]][WARNING] calc gso
[[2022-01-18 12:22:20]][WARNING] Beware of overflows!! Create gmp qiskit or normalize to lower vals
[[2022-01-18 12:22:20]][WARNING] Normalization is probably best solution
[[2022-01-18 12:22:20]][ERROR] kokot
[[2022-01-18 12:22:20]][DEBUG] Executing qaoa
[[2022-01-18 12:22:20]][DEBUG] Initializing 15 qubits
[[2022-01-18 12:22:20]][DEBUG] Setting seed to 1997
[[2022-01-18 12:22:20]][WARNING] f: Constant Alpha: 1.000000
Final opt-val: 134275114.000000
Final opt-config: 000000000000001
Final hit-rate: 0.000056
[[2022-01-18 12:22:21]][DEBUG] Destroying qureg
[[2022-01-18 12:22:21]][DEBUG] Vqe execution done
Min QUBO: 134275114.000000
[[2022-01-18 12:22:21]][DEBUG] NOW FOLLOWS X VECTOR
1 0 0 0 0 0 0 0 0 0 0 0 0 0 0 
[[2022-01-18 12:22:21]][WARNING] Double check: 134275114 passed: TRUE
[[2022-01-18 12:22:21]][INFO] Running 109_15
[[2022-01-18 12:22:21]][ERROR] ../experiment_files/rank_10/qaoa_statsfile_109_15.txt
[[2022-01-18 12:22:21]][WARNING] calc gso
[[2022-01-18 12:22:21]][WARNING] Beware of overflows!! Create gmp qiskit or normalize to lower vals
[[2022-01-18 12:22:21]][WARNING] Normalization is probably best solution
[[2022-01-18 12:22:21]][ERROR] kokot
[[2022-01-18 12:22:21]][DEBUG] Executing qaoa
[[2022-01-18 12:22:21]][DEBUG] Initializing 15 qubits
[[2022-01-18 12:22:21]][DEBUG] Setting seed to 1997
[[2022-01-18 12:22:21]][WARNING] f: Constant Alpha: 1.000000
Final opt-val: 106659505.000000
Final opt-config: 000000000000001
Final hit-rate: 0.000025
[[2022-01-18 12:22:21]][DEBUG] Destroying qureg
[[2022-01-18 12:22:21]][DEBUG] Vqe execution done
Min QUBO: 106659505.000000
[[2022-01-18 12:22:21]][DEBUG] NOW FOLLOWS X VECTOR
1 0 0 0 0 0 0 0 0 0 0 0 0 0 0 
[[2022-01-18 12:22:21]][WARNING] Double check: 106659505 passed: TRUE
[[2022-01-18 12:22:21]][INFO] Running 110_15
[[2022-01-18 12:22:21]][ERROR] ../experiment_files/rank_10/qaoa_statsfile_110_15.txt
[[2022-01-18 12:22:21]][WARNING] calc gso
[[2022-01-18 12:22:21]][WARNING] Beware of overflows!! Create gmp qiskit or normalize to lower vals
[[2022-01-18 12:22:21]][WARNING] Normalization is probably best solution
[[2022-01-18 12:22:21]][ERROR] kokot
[[2022-01-18 12:22:21]][DEBUG] Executing qaoa
[[2022-01-18 12:22:21]][DEBUG] Initializing 15 qubits
[[2022-01-18 12:22:21]][DEBUG] Setting seed to 1997
[[2022-01-18 12:22:21]][WARNING] f: Constant Alpha: 1.000000
Final opt-val: 88436682.000000
Final opt-config: 100000000000000
Final hit-rate: 0.000029
[[2022-01-18 12:22:22]][DEBUG] Destroying qureg
[[2022-01-18 12:22:22]][DEBUG] Vqe execution done
Min QUBO: 88436682.000000
[[2022-01-18 12:22:22]][DEBUG] NOW FOLLOWS X VECTOR
0 0 0 0 0 0 0 0 0 0 0 0 0 0 1 
[[2022-01-18 12:22:22]][WARNING] Double check: 88436682 passed: TRUE
[[2022-01-18 12:22:22]][INFO] Running 111_15
[[2022-01-18 12:22:22]][ERROR] ../experiment_files/rank_10/qaoa_statsfile_111_15.txt
[[2022-01-18 12:22:22]][WARNING] calc gso
[[2022-01-18 12:22:22]][WARNING] Beware of overflows!! Create gmp qiskit or normalize to lower vals
[[2022-01-18 12:22:22]][WARNING] Normalization is probably best solution
[[2022-01-18 12:22:22]][ERROR] kokot
[[2022-01-18 12:22:22]][DEBUG] Executing qaoa
[[2022-01-18 12:22:22]][DEBUG] Initializing 15 qubits
[[2022-01-18 12:22:22]][DEBUG] Setting seed to 1997
[[2022-01-18 12:22:22]][WARNING] f: Constant Alpha: 1.000000
Final opt-val: 80033196.000000
Final opt-config: 000000000000001
Final hit-rate: 0.000044
[[2022-01-18 12:22:23]][DEBUG] Destroying qureg
[[2022-01-18 12:22:23]][DEBUG] Vqe execution done
Min QUBO: 80033196.000000
[[2022-01-18 12:22:23]][DEBUG] NOW FOLLOWS X VECTOR
1 0 0 0 0 0 0 0 0 0 0 0 0 0 0 
[[2022-01-18 12:22:23]][WARNING] Double check: 80033196 passed: TRUE
[[2022-01-18 12:22:23]][INFO] Running 112_15
[[2022-01-18 12:22:23]][ERROR] ../experiment_files/rank_10/qaoa_statsfile_112_15.txt
[[2022-01-18 12:22:23]][WARNING] calc gso
[[2022-01-18 12:22:23]][WARNING] Beware of overflows!! Create gmp qiskit or normalize to lower vals
[[2022-01-18 12:22:23]][WARNING] Normalization is probably best solution
[[2022-01-18 12:22:23]][ERROR] kokot
[[2022-01-18 12:22:23]][DEBUG] Executing qaoa
[[2022-01-18 12:22:23]][DEBUG] Initializing 15 qubits
[[2022-01-18 12:22:23]][DEBUG] Setting seed to 1997
[[2022-01-18 12:22:23]][WARNING] f: Constant Alpha: 1.000000
Final opt-val: 167929715.000000
Final opt-config: 000000000000001
Final hit-rate: 0.000022
[[2022-01-18 12:22:23]][DEBUG] Destroying qureg
[[2022-01-18 12:22:23]][DEBUG] Vqe execution done
Min QUBO: 167929715.000000
[[2022-01-18 12:22:23]][DEBUG] NOW FOLLOWS X VECTOR
1 0 0 0 0 0 0 0 0 0 0 0 0 0 0 
[[2022-01-18 12:22:23]][WARNING] Double check: 167929715 passed: TRUE
[[2022-01-18 12:22:23]][INFO] Running 113_15
[[2022-01-18 12:22:23]][ERROR] ../experiment_files/rank_10/qaoa_statsfile_113_15.txt
[[2022-01-18 12:22:23]][WARNING] calc gso
[[2022-01-18 12:22:23]][WARNING] Beware of overflows!! Create gmp qiskit or normalize to lower vals
[[2022-01-18 12:22:23]][WARNING] Normalization is probably best solution
[[2022-01-18 12:22:23]][ERROR] kokot
[[2022-01-18 12:22:23]][DEBUG] Executing qaoa
[[2022-01-18 12:22:23]][DEBUG] Initializing 15 qubits
[[2022-01-18 12:22:23]][DEBUG] Setting seed to 1997
[[2022-01-18 12:22:23]][WARNING] f: Constant Alpha: 1.000000
Final opt-val: 95423641.000000
Final opt-config: 000000000000001
Final hit-rate: 0.000037
[[2022-01-18 12:22:23]][DEBUG] Destroying qureg
[[2022-01-18 12:22:23]][DEBUG] Vqe execution done
Min QUBO: 95423641.000000
[[2022-01-18 12:22:23]][DEBUG] NOW FOLLOWS X VECTOR
1 0 0 0 0 0 0 0 0 0 0 0 0 0 0 
[[2022-01-18 12:22:23]][WARNING] Double check: 95423641 passed: TRUE
[[2022-01-18 12:22:23]][INFO] Running 114_15
[[2022-01-18 12:22:23]][ERROR] ../experiment_files/rank_10/qaoa_statsfile_114_15.txt
[[2022-01-18 12:22:23]][WARNING] calc gso
[[2022-01-18 12:22:23]][WARNING] Beware of overflows!! Create gmp qiskit or normalize to lower vals
[[2022-01-18 12:22:23]][WARNING] Normalization is probably best solution
[[2022-01-18 12:22:23]][ERROR] kokot
[[2022-01-18 12:22:23]][DEBUG] Executing qaoa
[[2022-01-18 12:22:23]][DEBUG] Initializing 15 qubits
[[2022-01-18 12:22:23]][DEBUG] Setting seed to 1997
[[2022-01-18 12:22:23]][WARNING] f: Constant Alpha: 1.000000
Final opt-val: 65919598.000000
Final opt-config: 000000000000001
Final hit-rate: 0.000035
[[2022-01-18 12:22:23]][DEBUG] Destroying qureg
[[2022-01-18 12:22:23]][DEBUG] Vqe execution done
Min QUBO: 65919598.000000
[[2022-01-18 12:22:23]][DEBUG] NOW FOLLOWS X VECTOR
1 0 0 0 0 0 0 0 0 0 0 0 0 0 0 
[[2022-01-18 12:22:23]][WARNING] Double check: 65919598 passed: TRUE
[[2022-01-18 12:22:23]][INFO] Running 115_15
[[2022-01-18 12:22:23]][ERROR] ../experiment_files/rank_10/qaoa_statsfile_115_15.txt
[[2022-01-18 12:22:23]][WARNING] calc gso
[[2022-01-18 12:22:23]][WARNING] Beware of overflows!! Create gmp qiskit or normalize to lower vals
[[2022-01-18 12:22:23]][WARNING] Normalization is probably best solution
[[2022-01-18 12:22:23]][ERROR] kokot
[[2022-01-18 12:22:23]][DEBUG] Executing qaoa
[[2022-01-18 12:22:23]][DEBUG] Initializing 15 qubits
[[2022-01-18 12:22:23]][DEBUG] Setting seed to 1997
[[2022-01-18 12:22:23]][WARNING] f: Constant Alpha: 1.000000
Final opt-val: 101278138.000000
Final opt-config: 000000000000001
Final hit-rate: 0.000039
[[2022-01-18 12:22:23]][DEBUG] Destroying qureg
[[2022-01-18 12:22:24]][DEBUG] Vqe execution done
Min QUBO: 101278138.000000
[[2022-01-18 12:22:24]][DEBUG] NOW FOLLOWS X VECTOR
1 0 0 0 0 0 0 0 0 0 0 0 0 0 0 
[[2022-01-18 12:22:24]][WARNING] Double check: 101278138 passed: TRUE
[[2022-01-18 12:22:24]][INFO] Running 116_15
[[2022-01-18 12:22:24]][ERROR] ../experiment_files/rank_10/qaoa_statsfile_116_15.txt
[[2022-01-18 12:22:24]][WARNING] calc gso
[[2022-01-18 12:22:24]][WARNING] Beware of overflows!! Create gmp qiskit or normalize to lower vals
[[2022-01-18 12:22:24]][WARNING] Normalization is probably best solution
[[2022-01-18 12:22:24]][ERROR] kokot
[[2022-01-18 12:22:24]][DEBUG] Executing qaoa
[[2022-01-18 12:22:24]][DEBUG] Initializing 15 qubits
[[2022-01-18 12:22:24]][DEBUG] Setting seed to 1997
[[2022-01-18 12:22:24]][WARNING] f: Constant Alpha: 1.000000
Final opt-val: 123258058.000000
Final opt-config: 000000000000001
Final hit-rate: 0.000007
[[2022-01-18 12:22:24]][DEBUG] Destroying qureg
[[2022-01-18 12:22:24]][DEBUG] Vqe execution done
Min QUBO: 123258058.000000
[[2022-01-18 12:22:24]][DEBUG] NOW FOLLOWS X VECTOR
1 0 0 0 0 0 0 0 0 0 0 0 0 0 0 
[[2022-01-18 12:22:24]][WARNING] Double check: 123258058 passed: TRUE
[[2022-01-18 12:22:24]][INFO] Running 117_15
[[2022-01-18 12:22:24]][ERROR] ../experiment_files/rank_10/qaoa_statsfile_117_15.txt
[[2022-01-18 12:22:24]][WARNING] calc gso
[[2022-01-18 12:22:24]][WARNING] Beware of overflows!! Create gmp qiskit or normalize to lower vals
[[2022-01-18 12:22:24]][WARNING] Normalization is probably best solution
[[2022-01-18 12:22:24]][ERROR] kokot
[[2022-01-18 12:22:24]][DEBUG] Executing qaoa
[[2022-01-18 12:22:24]][DEBUG] Initializing 15 qubits
[[2022-01-18 12:22:24]][DEBUG] Setting seed to 1997
[[2022-01-18 12:22:25]][WARNING] f: Constant Alpha: 1.000000
Final opt-val: 157467887.000000
Final opt-config: 000000000100000
Final hit-rate: 0.000029
[[2022-01-18 12:22:25]][DEBUG] Destroying qureg
[[2022-01-18 12:22:25]][DEBUG] Vqe execution done
Min QUBO: 157467887.000000
[[2022-01-18 12:22:25]][DEBUG] NOW FOLLOWS X VECTOR
0 0 0 0 0 1 0 0 0 0 0 0 0 0 0 
[[2022-01-18 12:22:25]][WARNING] Double check: 157467887 passed: TRUE
[[2022-01-18 12:22:25]][INFO] Running 118_15
[[2022-01-18 12:22:25]][ERROR] ../experiment_files/rank_10/qaoa_statsfile_118_15.txt
[[2022-01-18 12:22:25]][WARNING] calc gso
[[2022-01-18 12:22:25]][WARNING] Beware of overflows!! Create gmp qiskit or normalize to lower vals
[[2022-01-18 12:22:25]][WARNING] Normalization is probably best solution
[[2022-01-18 12:22:25]][ERROR] kokot
[[2022-01-18 12:22:25]][DEBUG] Executing qaoa
[[2022-01-18 12:22:25]][DEBUG] Initializing 15 qubits
[[2022-01-18 12:22:25]][DEBUG] Setting seed to 1997
[[2022-01-18 12:22:25]][WARNING] f: Constant Alpha: 1.000000
Final opt-val: 130185213.000000
Final opt-config: 010000000000000
Final hit-rate: 0.000041
[[2022-01-18 12:22:25]][DEBUG] Destroying qureg
[[2022-01-18 12:22:25]][DEBUG] Vqe execution done
Min QUBO: 130185213.000000
[[2022-01-18 12:22:25]][DEBUG] NOW FOLLOWS X VECTOR
0 0 0 0 0 0 0 0 0 0 0 0 0 1 0 
[[2022-01-18 12:22:25]][WARNING] Double check: 130185213 passed: TRUE
[[2022-01-18 12:22:25]][INFO] Running 119_15
[[2022-01-18 12:22:25]][ERROR] ../experiment_files/rank_10/qaoa_statsfile_119_15.txt
[[2022-01-18 12:22:25]][WARNING] calc gso
[[2022-01-18 12:22:25]][WARNING] Beware of overflows!! Create gmp qiskit or normalize to lower vals
[[2022-01-18 12:22:25]][WARNING] Normalization is probably best solution
[[2022-01-18 12:22:25]][ERROR] kokot
[[2022-01-18 12:22:25]][DEBUG] Executing qaoa
[[2022-01-18 12:22:25]][DEBUG] Initializing 15 qubits
[[2022-01-18 12:22:25]][DEBUG] Setting seed to 1997
[[2022-01-18 12:22:25]][WARNING] f: Constant Alpha: 1.000000
Final opt-val: 86622322.000000
Final opt-config: 000000000000001
Final hit-rate: 0.000031
[[2022-01-18 12:22:25]][DEBUG] Destroying qureg
[[2022-01-18 12:22:25]][DEBUG] Vqe execution done
Min QUBO: 86622322.000000
[[2022-01-18 12:22:25]][DEBUG] NOW FOLLOWS X VECTOR
1 0 0 0 0 0 0 0 0 0 0 0 0 0 0 
[[2022-01-18 12:22:25]][WARNING] Double check: 86622322 passed: TRUE
[[2022-01-18 12:22:25]][INFO] Running 120_15
[[2022-01-18 12:22:25]][ERROR] ../experiment_files/rank_10/qaoa_statsfile_120_15.txt
[[2022-01-18 12:22:25]][WARNING] calc gso
[[2022-01-18 12:22:25]][WARNING] Beware of overflows!! Create gmp qiskit or normalize to lower vals
[[2022-01-18 12:22:25]][WARNING] Normalization is probably best solution
[[2022-01-18 12:22:25]][ERROR] kokot
[[2022-01-18 12:22:25]][DEBUG] Executing qaoa
[[2022-01-18 12:22:25]][DEBUG] Initializing 15 qubits
[[2022-01-18 12:22:25]][DEBUG] Setting seed to 1997
[[2022-01-18 12:22:25]][WARNING] f: Constant Alpha: 1.000000
Final opt-val: 116250282.000000
Final opt-config: 010000000000000
Final hit-rate: 0.000040
[[2022-01-18 12:22:25]][DEBUG] Destroying qureg
[[2022-01-18 12:22:25]][DEBUG] Vqe execution done
Min QUBO: 116250282.000000
[[2022-01-18 12:22:25]][DEBUG] NOW FOLLOWS X VECTOR
0 0 0 0 0 0 0 0 0 0 0 0 0 1 0 
[[2022-01-18 12:22:25]][WARNING] Double check: 116250282 passed: TRUE
[[2022-01-18 12:22:25]][INFO] Running 121_15
[[2022-01-18 12:22:25]][ERROR] ../experiment_files/rank_10/qaoa_statsfile_121_15.txt
[[2022-01-18 12:22:25]][WARNING] calc gso
[[2022-01-18 12:22:25]][WARNING] Beware of overflows!! Create gmp qiskit or normalize to lower vals
[[2022-01-18 12:22:25]][WARNING] Normalization is probably best solution
[[2022-01-18 12:22:25]][ERROR] kokot
[[2022-01-18 12:22:25]][DEBUG] Executing qaoa
[[2022-01-18 12:22:25]][DEBUG] Initializing 15 qubits
[[2022-01-18 12:22:25]][DEBUG] Setting seed to 1997
[[2022-01-18 12:22:25]][WARNING] f: Constant Alpha: 1.000000
Final opt-val: 119113339.000000
Final opt-config: 000100000000000
Final hit-rate: 0.000037
[[2022-01-18 12:22:26]][DEBUG] Destroying qureg
[[2022-01-18 12:22:26]][DEBUG] Vqe execution done
Min QUBO: 119113339.000000
[[2022-01-18 12:22:26]][DEBUG] NOW FOLLOWS X VECTOR
0 0 0 0 0 0 0 0 0 0 0 1 0 0 0 
[[2022-01-18 12:22:26]][WARNING] Double check: 119113339 passed: TRUE
[[2022-01-18 12:22:26]][INFO] Running 122_15
[[2022-01-18 12:22:26]][ERROR] ../experiment_files/rank_10/qaoa_statsfile_122_15.txt
[[2022-01-18 12:22:26]][WARNING] calc gso
[[2022-01-18 12:22:26]][WARNING] Beware of overflows!! Create gmp qiskit or normalize to lower vals
[[2022-01-18 12:22:26]][WARNING] Normalization is probably best solution
[[2022-01-18 12:22:26]][ERROR] kokot
[[2022-01-18 12:22:26]][DEBUG] Executing qaoa
[[2022-01-18 12:22:26]][DEBUG] Initializing 15 qubits
[[2022-01-18 12:22:26]][DEBUG] Setting seed to 1997
[[2022-01-18 12:22:26]][WARNING] f: Constant Alpha: 1.000000
Final opt-val: 165301689.000000
Final opt-config: 000000100000000
Final hit-rate: 0.000024
[[2022-01-18 12:22:26]][DEBUG] Destroying qureg
[[2022-01-18 12:22:26]][DEBUG] Vqe execution done
Min QUBO: 165301689.000000
[[2022-01-18 12:22:26]][DEBUG] NOW FOLLOWS X VECTOR
0 0 0 0 0 0 0 0 1 0 0 0 0 0 0 
[[2022-01-18 12:22:26]][WARNING] Double check: 165301689 passed: TRUE
[[2022-01-18 12:22:26]][INFO] Running 123_15
[[2022-01-18 12:22:26]][ERROR] ../experiment_files/rank_10/qaoa_statsfile_123_15.txt
[[2022-01-18 12:22:26]][WARNING] calc gso
[[2022-01-18 12:22:26]][WARNING] Beware of overflows!! Create gmp qiskit or normalize to lower vals
[[2022-01-18 12:22:26]][WARNING] Normalization is probably best solution
[[2022-01-18 12:22:26]][ERROR] kokot
[[2022-01-18 12:22:26]][DEBUG] Executing qaoa
[[2022-01-18 12:22:26]][DEBUG] Initializing 15 qubits
[[2022-01-18 12:22:26]][DEBUG] Setting seed to 1997
[[2022-01-18 12:22:26]][WARNING] f: Constant Alpha: 1.000000
Final opt-val: 97659030.000000
Final opt-config: 000001000000000
Final hit-rate: 0.000052
[[2022-01-18 12:22:26]][DEBUG] Destroying qureg
[[2022-01-18 12:22:26]][DEBUG] Vqe execution done
Min QUBO: 97659030.000000
[[2022-01-18 12:22:26]][DEBUG] NOW FOLLOWS X VECTOR
0 0 0 0 0 0 0 0 0 1 0 0 0 0 0 
[[2022-01-18 12:22:26]][WARNING] Double check: 97659030 passed: TRUE
[[2022-01-18 12:22:26]][INFO] Running 124_15
[[2022-01-18 12:22:26]][ERROR] ../experiment_files/rank_10/qaoa_statsfile_124_15.txt
[[2022-01-18 12:22:26]][WARNING] calc gso
[[2022-01-18 12:22:26]][WARNING] Beware of overflows!! Create gmp qiskit or normalize to lower vals
[[2022-01-18 12:22:26]][WARNING] Normalization is probably best solution
[[2022-01-18 12:22:26]][ERROR] kokot
[[2022-01-18 12:22:26]][DEBUG] Executing qaoa
[[2022-01-18 12:22:26]][DEBUG] Initializing 15 qubits
[[2022-01-18 12:22:26]][DEBUG] Setting seed to 1997
[[2022-01-18 12:22:26]][WARNING] f: Constant Alpha: 1.000000
Final opt-val: 87766193.000000
Final opt-config: 000000000000001
Final hit-rate: 0.000015
[[2022-01-18 12:22:26]][DEBUG] Destroying qureg
[[2022-01-18 12:22:26]][DEBUG] Vqe execution done
Min QUBO: 87766193.000000
[[2022-01-18 12:22:26]][DEBUG] NOW FOLLOWS X VECTOR
1 0 0 0 0 0 0 0 0 0 0 0 0 0 0 
[[2022-01-18 12:22:26]][WARNING] Double check: 87766193 passed: TRUE
[[2022-01-18 12:22:26]][INFO] Running 125_15
[[2022-01-18 12:22:26]][ERROR] ../experiment_files/rank_10/qaoa_statsfile_125_15.txt
[[2022-01-18 12:22:26]][WARNING] calc gso
[[2022-01-18 12:22:26]][WARNING] Beware of overflows!! Create gmp qiskit or normalize to lower vals
[[2022-01-18 12:22:26]][WARNING] Normalization is probably best solution
[[2022-01-18 12:22:26]][ERROR] kokot
[[2022-01-18 12:22:26]][DEBUG] Executing qaoa
[[2022-01-18 12:22:26]][DEBUG] Initializing 15 qubits
[[2022-01-18 12:22:26]][DEBUG] Setting seed to 1997
[[2022-01-18 12:22:26]][WARNING] f: Constant Alpha: 1.000000
Final opt-val: 125145046.000000
Final opt-config: 000000000000001
Final hit-rate: 0.000033
[[2022-01-18 12:22:27]][DEBUG] Destroying qureg
[[2022-01-18 12:22:27]][DEBUG] Vqe execution done
Min QUBO: 125145046.000000
[[2022-01-18 12:22:27]][DEBUG] NOW FOLLOWS X VECTOR
1 0 0 0 0 0 0 0 0 0 0 0 0 0 0 
[[2022-01-18 12:22:27]][WARNING] Double check: 125145046 passed: TRUE
[[2022-01-18 12:22:27]][INFO] Running 126_15
[[2022-01-18 12:22:27]][ERROR] ../experiment_files/rank_10/qaoa_statsfile_126_15.txt
[[2022-01-18 12:22:27]][WARNING] calc gso
[[2022-01-18 12:22:27]][WARNING] Beware of overflows!! Create gmp qiskit or normalize to lower vals
[[2022-01-18 12:22:27]][WARNING] Normalization is probably best solution
[[2022-01-18 12:22:27]][ERROR] kokot
[[2022-01-18 12:22:27]][DEBUG] Executing qaoa
[[2022-01-18 12:22:27]][DEBUG] Initializing 15 qubits
[[2022-01-18 12:22:27]][DEBUG] Setting seed to 1997
[[2022-01-18 12:22:27]][WARNING] f: Constant Alpha: 1.000000
Final opt-val: 91341179.000000
Final opt-config: 000000000000001
Final hit-rate: 0.000056
[[2022-01-18 12:22:27]][DEBUG] Destroying qureg
[[2022-01-18 12:22:27]][DEBUG] Vqe execution done
Min QUBO: 91341179.000000
[[2022-01-18 12:22:27]][DEBUG] NOW FOLLOWS X VECTOR
1 0 0 0 0 0 0 0 0 0 0 0 0 0 0 
[[2022-01-18 12:22:27]][WARNING] Double check: 91341179 passed: TRUE
[[2022-01-18 12:22:27]][INFO] Running 127_15
[[2022-01-18 12:22:27]][ERROR] ../experiment_files/rank_10/qaoa_statsfile_127_15.txt
[[2022-01-18 12:22:27]][WARNING] calc gso
[[2022-01-18 12:22:27]][WARNING] Beware of overflows!! Create gmp qiskit or normalize to lower vals
[[2022-01-18 12:22:27]][WARNING] Normalization is probably best solution
[[2022-01-18 12:22:27]][ERROR] kokot
[[2022-01-18 12:22:27]][DEBUG] Executing qaoa
[[2022-01-18 12:22:27]][DEBUG] Initializing 15 qubits
[[2022-01-18 12:22:27]][DEBUG] Setting seed to 1997
[[2022-01-18 12:22:27]][WARNING] f: Constant Alpha: 1.000000
Final opt-val: 112765672.000000
Final opt-config: 000001010000001
Final hit-rate: 0.000059
[[2022-01-18 12:22:28]][DEBUG] Destroying qureg
[[2022-01-18 12:22:28]][DEBUG] Vqe execution done
Min QUBO: 112765672.000000
[[2022-01-18 12:22:28]][DEBUG] NOW FOLLOWS X VECTOR
1 0 0 0 0 0 0 1 0 1 0 0 0 0 0 
[[2022-01-18 12:22:28]][WARNING] Double check: 112765672 passed: TRUE
