--------------------------------------------------------------------------
The library attempted to open the following supporting CUDA libraries,
but each of them failed.  CUDA-aware support is disabled.
libcuda.so.1: cannot open shared object file: No such file or directory
libcuda.dylib: cannot open shared object file: No such file or directory
/usr/lib64/libcuda.so.1: cannot open shared object file: No such file or directory
/usr/lib64/libcuda.dylib: cannot open shared object file: No such file or directory
If you are not interested in CUDA-aware support, then run with
--mca opal_warn_on_missing_libcuda 0 to suppress this message.  If you are interested
in CUDA-aware support, then try setting LD_LIBRARY_PATH to the location
of libcuda.so.1 to get passed this issue.
--------------------------------------------------------------------------
[[2021-12-12 14:39:28]][DEBUG] Using seed 1997
[[2021-12-12 14:39:28]][WARNING] Setting accelerator ratio to 0.175000
[[2021-12-12 14:39:28]][ERROR] This won't work for distributed. Change code!
[[2021-12-12 14:39:28]][ERROR] Gaussian heuristics not implemented for low rank matrices. Returning 1.
0_20 1_20 2_20 3_20 4_20 5_20 6_20 7_20 8_20 9_20 10_20 11_20 12_20 13_20 14_20 15_20 16_20 17_20 18_20 19_20 20_20 21_20 22_20 23_20 24_20 25_20 26_20 27_20 28_20 29_20 30_20 31_20 32_20 33_20 34_20 35_20 36_20 37_20 38_20 39_20 40_20 41_20 42_20 43_20 44_20 45_20 46_20 47_20 48_20 49_20 50_20 51_20 52_20 53_20 54_20 55_20 56_20 57_20 58_20 59_20 60_20 61_20 62_20 63_20 64_20 65_20 66_20 67_20 68_20 69_20 70_20 71_20 72_20 73_20 74_20 75_20 76_20 77_20 78_20 79_20 80_20 81_20 82_20 83_20 84_20 85_20 86_20 87_20 88_20 89_20 90_20 91_20 92_20 93_20 94_20 95_20 96_20 97_20 98_20 99_20 100_20 101_20 102_20 103_20 104_20 105_20 106_20 107_20 108_20 109_20 110_20 111_20 112_20 113_20 114_20 115_20 116_20 117_20 118_20 119_20 120_20 121_20 122_20 123_20 124_20 125_20 126_20 127_20 
[[2021-12-12 14:39:29]][DEBUG] Accelerator partial not yet returned
ERROR: Trying to initialize QuESTEnv multiple times. Ignoring...
[[2021-12-12 14:39:29]][DEBUG] Accelerator partial returned
[[2021-12-12 14:39:29]][DEBUG] VQAOptions set
[[2021-12-12 14:39:29]][INFO] Running 0_20
[[2021-12-12 14:39:29]][WARNING] ../experiment_files/rank_20/statsfile_0_20.txt exists
[[2021-12-12 14:39:29]][INFO] Running 1_20
[[2021-12-12 14:39:29]][WARNING] ../experiment_files/rank_20/statsfile_1_20.txt exists
[[2021-12-12 14:39:29]][INFO] Running 2_20
[[2021-12-12 14:39:29]][WARNING] ../experiment_files/rank_20/statsfile_2_20.txt exists
[[2021-12-12 14:39:29]][INFO] Running 3_20
[[2021-12-12 14:39:29]][WARNING] ../experiment_files/rank_20/statsfile_3_20.txt exists
[[2021-12-12 14:39:29]][INFO] Running 4_20
[[2021-12-12 14:39:29]][WARNING] ../experiment_files/rank_20/statsfile_4_20.txt exists
[[2021-12-12 14:39:29]][INFO] Running 5_20
[[2021-12-12 14:39:29]][WARNING] ../experiment_files/rank_20/statsfile_5_20.txt exists
[[2021-12-12 14:39:29]][INFO] Running 6_20
[[2021-12-12 14:39:29]][WARNING] ../experiment_files/rank_20/statsfile_6_20.txt exists
[[2021-12-12 14:39:29]][INFO] Running 7_20
[[2021-12-12 14:39:29]][WARNING] ../experiment_files/rank_20/statsfile_7_20.txt exists
[[2021-12-12 14:39:29]][INFO] Running 8_20
[[2021-12-12 14:39:29]][WARNING] ../experiment_files/rank_20/statsfile_8_20.txt exists
[[2021-12-12 14:39:29]][INFO] Running 9_20
[[2021-12-12 14:39:29]][WARNING] ../experiment_files/rank_20/statsfile_9_20.txt exists
[[2021-12-12 14:39:29]][INFO] Running 10_20
[[2021-12-12 14:39:29]][WARNING] ../experiment_files/rank_20/statsfile_10_20.txt exists
[[2021-12-12 14:39:29]][INFO] Running 11_20
[[2021-12-12 14:39:29]][WARNING] ../experiment_files/rank_20/statsfile_11_20.txt exists
[[2021-12-12 14:39:29]][INFO] Running 12_20
[[2021-12-12 14:39:29]][WARNING] ../experiment_files/rank_20/statsfile_12_20.txt exists
[[2021-12-12 14:39:29]][INFO] Running 13_20
[[2021-12-12 14:39:29]][WARNING] ../experiment_files/rank_20/statsfile_13_20.txt exists
[[2021-12-12 14:39:29]][INFO] Running 14_20
[[2021-12-12 14:39:29]][WARNING] ../experiment_files/rank_20/statsfile_14_20.txt exists
[[2021-12-12 14:39:29]][INFO] Running 15_20
[[2021-12-12 14:39:29]][WARNING] ../experiment_files/rank_20/statsfile_15_20.txt exists
[[2021-12-12 14:39:29]][INFO] Running 16_20
[[2021-12-12 14:39:29]][WARNING] ../experiment_files/rank_20/statsfile_16_20.txt exists
[[2021-12-12 14:39:29]][INFO] Running 17_20
[[2021-12-12 14:39:29]][WARNING] ../experiment_files/rank_20/statsfile_17_20.txt exists
[[2021-12-12 14:39:29]][INFO] Running 18_20
[[2021-12-12 14:39:29]][WARNING] ../experiment_files/rank_20/statsfile_18_20.txt exists
[[2021-12-12 14:39:29]][INFO] Running 19_20
[[2021-12-12 14:39:29]][WARNING] ../experiment_files/rank_20/statsfile_19_20.txt exists
[[2021-12-12 14:39:29]][INFO] Running 20_20
[[2021-12-12 14:39:29]][WARNING] ../experiment_files/rank_20/statsfile_20_20.txt exists
[[2021-12-12 14:39:29]][INFO] Running 21_20
[[2021-12-12 14:39:29]][WARNING] ../experiment_files/rank_20/statsfile_21_20.txt exists
[[2021-12-12 14:39:29]][INFO] Running 22_20
[[2021-12-12 14:39:29]][WARNING] ../experiment_files/rank_20/statsfile_22_20.txt exists
[[2021-12-12 14:39:29]][INFO] Running 23_20
[[2021-12-12 14:39:29]][WARNING] ../experiment_files/rank_20/statsfile_23_20.txt exists
[[2021-12-12 14:39:29]][INFO] Running 24_20
[[2021-12-12 14:39:29]][WARNING] ../experiment_files/rank_20/statsfile_24_20.txt exists
[[2021-12-12 14:39:29]][INFO] Running 25_20
[[2021-12-12 14:39:29]][WARNING] ../experiment_files/rank_20/statsfile_25_20.txt exists
[[2021-12-12 14:39:29]][INFO] Running 26_20
[[2021-12-12 14:39:29]][WARNING] ../experiment_files/rank_20/statsfile_26_20.txt exists
[[2021-12-12 14:39:29]][INFO] Running 27_20
[[2021-12-12 14:39:29]][WARNING] ../experiment_files/rank_20/statsfile_27_20.txt exists
[[2021-12-12 14:39:29]][INFO] Running 28_20
[[2021-12-12 14:39:29]][WARNING] ../experiment_files/rank_20/statsfile_28_20.txt exists
[[2021-12-12 14:39:29]][INFO] Running 29_20
[[2021-12-12 14:39:29]][WARNING] ../experiment_files/rank_20/statsfile_29_20.txt exists
[[2021-12-12 14:39:29]][INFO] Running 30_20
[[2021-12-12 14:39:29]][WARNING] ../experiment_files/rank_20/statsfile_30_20.txt exists
[[2021-12-12 14:39:29]][INFO] Running 31_20
[[2021-12-12 14:39:29]][WARNING] ../experiment_files/rank_20/statsfile_31_20.txt exists
[[2021-12-12 14:39:29]][INFO] Running 32_20
[[2021-12-12 14:39:29]][WARNING] ../experiment_files/rank_20/statsfile_32_20.txt exists
[[2021-12-12 14:39:29]][INFO] Running 33_20
[[2021-12-12 14:39:29]][WARNING] ../experiment_files/rank_20/statsfile_33_20.txt exists
[[2021-12-12 14:39:29]][INFO] Running 34_20
[[2021-12-12 14:39:29]][WARNING] ../experiment_files/rank_20/statsfile_34_20.txt exists
[[2021-12-12 14:39:29]][INFO] Running 35_20
[[2021-12-12 14:39:29]][WARNING] ../experiment_files/rank_20/statsfile_35_20.txt exists
[[2021-12-12 14:39:29]][INFO] Running 36_20
[[2021-12-12 14:39:29]][WARNING] ../experiment_files/rank_20/statsfile_36_20.txt exists
[[2021-12-12 14:39:29]][INFO] Running 37_20
[[2021-12-12 14:39:29]][WARNING] ../experiment_files/rank_20/statsfile_37_20.txt exists
[[2021-12-12 14:39:29]][INFO] Running 38_20
[[2021-12-12 14:39:29]][WARNING] ../experiment_files/rank_20/statsfile_38_20.txt exists
[[2021-12-12 14:39:29]][INFO] Running 39_20
[[2021-12-12 14:39:29]][WARNING] ../experiment_files/rank_20/statsfile_39_20.txt exists
[[2021-12-12 14:39:29]][INFO] Running 40_20
[[2021-12-12 14:39:29]][WARNING] ../experiment_files/rank_20/statsfile_40_20.txt exists
[[2021-12-12 14:39:29]][INFO] Running 41_20
[[2021-12-12 14:39:29]][WARNING] ../experiment_files/rank_20/statsfile_41_20.txt exists
[[2021-12-12 14:39:29]][INFO] Running 42_20
[[2021-12-12 14:39:29]][WARNING] ../experiment_files/rank_20/statsfile_42_20.txt exists
[[2021-12-12 14:39:29]][INFO] Running 43_20
[[2021-12-12 14:39:29]][WARNING] ../experiment_files/rank_20/statsfile_43_20.txt exists
[[2021-12-12 14:39:29]][INFO] Running 44_20
[[2021-12-12 14:39:29]][WARNING] ../experiment_files/rank_20/statsfile_44_20.txt exists
[[2021-12-12 14:39:29]][INFO] Running 45_20
[[2021-12-12 14:39:29]][WARNING] ../experiment_files/rank_20/statsfile_45_20.txt exists
[[2021-12-12 14:39:29]][INFO] Running 46_20
[[2021-12-12 14:39:29]][WARNING] ../experiment_files/rank_20/statsfile_46_20.txt exists
[[2021-12-12 14:39:29]][INFO] Running 47_20
[[2021-12-12 14:39:29]][WARNING] ../experiment_files/rank_20/statsfile_47_20.txt exists
[[2021-12-12 14:39:29]][INFO] Running 48_20
[[2021-12-12 14:39:29]][WARNING] ../experiment_files/rank_20/statsfile_48_20.txt exists
[[2021-12-12 14:39:29]][INFO] Running 49_20
[[2021-12-12 14:39:29]][WARNING] ../experiment_files/rank_20/statsfile_49_20.txt exists
[[2021-12-12 14:39:29]][INFO] Running 50_20
[[2021-12-12 14:39:29]][WARNING] ../experiment_files/rank_20/statsfile_50_20.txt exists
[[2021-12-12 14:39:29]][INFO] Running 51_20
[[2021-12-12 14:39:29]][WARNING] ../experiment_files/rank_20/statsfile_51_20.txt exists
[[2021-12-12 14:39:29]][INFO] Running 52_20
[[2021-12-12 14:39:29]][WARNING] ../experiment_files/rank_20/statsfile_52_20.txt exists
[[2021-12-12 14:39:29]][INFO] Running 53_20
[[2021-12-12 14:39:29]][WARNING] ../experiment_files/rank_20/statsfile_53_20.txt exists
[[2021-12-12 14:39:29]][INFO] Running 54_20
[[2021-12-12 14:39:29]][WARNING] ../experiment_files/rank_20/statsfile_54_20.txt exists
[[2021-12-12 14:39:29]][INFO] Running 55_20
[[2021-12-12 14:39:29]][WARNING] ../experiment_files/rank_20/statsfile_55_20.txt exists
[[2021-12-12 14:39:29]][INFO] Running 56_20
[[2021-12-12 14:39:29]][WARNING] ../experiment_files/rank_20/statsfile_56_20.txt exists
[[2021-12-12 14:39:29]][INFO] Running 57_20
[[2021-12-12 14:39:29]][WARNING] ../experiment_files/rank_20/statsfile_57_20.txt exists
[[2021-12-12 14:39:29]][INFO] Running 58_20
[[2021-12-12 14:39:29]][WARNING] ../experiment_files/rank_20/statsfile_58_20.txt exists
[[2021-12-12 14:39:29]][INFO] Running 59_20
[[2021-12-12 14:39:29]][WARNING] ../experiment_files/rank_20/statsfile_59_20.txt exists
[[2021-12-12 14:39:29]][INFO] Running 60_20
[[2021-12-12 14:39:29]][WARNING] ../experiment_files/rank_20/statsfile_60_20.txt exists
[[2021-12-12 14:39:29]][INFO] Running 61_20
[[2021-12-12 14:39:29]][WARNING] ../experiment_files/rank_20/statsfile_61_20.txt exists
[[2021-12-12 14:39:29]][INFO] Running 62_20
[[2021-12-12 14:39:29]][WARNING] ../experiment_files/rank_20/statsfile_62_20.txt exists
[[2021-12-12 14:39:29]][INFO] Running 63_20
[[2021-12-12 14:39:29]][WARNING] ../experiment_files/rank_20/statsfile_63_20.txt exists
[[2021-12-12 14:39:29]][INFO] Running 64_20
[[2021-12-12 14:39:29]][WARNING] ../experiment_files/rank_20/statsfile_64_20.txt exists
[[2021-12-12 14:39:29]][INFO] Running 65_20
[[2021-12-12 14:39:29]][WARNING] ../experiment_files/rank_20/statsfile_65_20.txt exists
[[2021-12-12 14:39:29]][INFO] Running 66_20
[[2021-12-12 14:39:29]][WARNING] ../experiment_files/rank_20/statsfile_66_20.txt exists
[[2021-12-12 14:39:29]][INFO] Running 67_20
[[2021-12-12 14:39:29]][WARNING] ../experiment_files/rank_20/statsfile_67_20.txt exists
[[2021-12-12 14:39:29]][INFO] Running 68_20
[[2021-12-12 14:39:29]][WARNING] ../experiment_files/rank_20/statsfile_68_20.txt exists
[[2021-12-12 14:39:29]][INFO] Running 69_20
[[2021-12-12 14:39:29]][WARNING] ../experiment_files/rank_20/statsfile_69_20.txt exists
[[2021-12-12 14:39:29]][INFO] Running 70_20
[[2021-12-12 14:39:29]][WARNING] ../experiment_files/rank_20/statsfile_70_20.txt exists
[[2021-12-12 14:39:29]][INFO] Running 71_20
[[2021-12-12 14:39:29]][WARNING] ../experiment_files/rank_20/statsfile_71_20.txt exists
[[2021-12-12 14:39:29]][INFO] Running 72_20
[[2021-12-12 14:39:29]][WARNING] ../experiment_files/rank_20/statsfile_72_20.txt exists
[[2021-12-12 14:39:29]][INFO] Running 73_20
[[2021-12-12 14:39:29]][WARNING] ../experiment_files/rank_20/statsfile_73_20.txt exists
[[2021-12-12 14:39:29]][INFO] Running 74_20
[[2021-12-12 14:39:29]][WARNING] ../experiment_files/rank_20/statsfile_74_20.txt exists
[[2021-12-12 14:39:29]][INFO] Running 75_20
[[2021-12-12 14:39:29]][WARNING] ../experiment_files/rank_20/statsfile_75_20.txt exists
[[2021-12-12 14:39:29]][INFO] Running 76_20
[[2021-12-12 14:39:29]][WARNING] ../experiment_files/rank_20/statsfile_76_20.txt exists
[[2021-12-12 14:39:29]][INFO] Running 77_20
[[2021-12-12 14:39:29]][WARNING] ../experiment_files/rank_20/statsfile_77_20.txt exists
[[2021-12-12 14:39:29]][INFO] Running 78_20
[[2021-12-12 14:39:29]][WARNING] ../experiment_files/rank_20/statsfile_78_20.txt exists
[[2021-12-12 14:39:29]][INFO] Running 79_20
[[2021-12-12 14:39:29]][WARNING] ../experiment_files/rank_20/statsfile_79_20.txt exists
[[2021-12-12 14:39:29]][INFO] Running 80_20
[[2021-12-12 14:39:29]][WARNING] ../experiment_files/rank_20/statsfile_80_20.txt exists
[[2021-12-12 14:39:29]][INFO] Running 81_20
[[2021-12-12 14:39:29]][WARNING] ../experiment_files/rank_20/statsfile_81_20.txt exists
[[2021-12-12 14:39:29]][INFO] Running 82_20
[[2021-12-12 14:39:29]][WARNING] ../experiment_files/rank_20/statsfile_82_20.txt exists
[[2021-12-12 14:39:29]][INFO] Running 83_20
[[2021-12-12 14:39:29]][WARNING] ../experiment_files/rank_20/statsfile_83_20.txt exists
[[2021-12-12 14:39:29]][INFO] Running 84_20
[[2021-12-12 14:39:29]][WARNING] ../experiment_files/rank_20/statsfile_84_20.txt exists
[[2021-12-12 14:39:29]][INFO] Running 85_20
[[2021-12-12 14:39:29]][WARNING] ../experiment_files/rank_20/statsfile_85_20.txt exists
[[2021-12-12 14:39:29]][INFO] Running 86_20
[[2021-12-12 14:39:29]][WARNING] ../experiment_files/rank_20/statsfile_86_20.txt exists
[[2021-12-12 14:39:29]][INFO] Running 87_20
[[2021-12-12 14:39:29]][WARNING] ../experiment_files/rank_20/statsfile_87_20.txt exists
[[2021-12-12 14:39:29]][INFO] Running 88_20
[[2021-12-12 14:39:29]][WARNING] ../experiment_files/rank_20/statsfile_88_20.txt exists
[[2021-12-12 14:39:29]][INFO] Running 89_20
[[2021-12-12 14:39:29]][WARNING] ../experiment_files/rank_20/statsfile_89_20.txt exists
[[2021-12-12 14:39:29]][INFO] Running 90_20
[[2021-12-12 14:39:29]][WARNING] ../experiment_files/rank_20/statsfile_90_20.txt exists
[[2021-12-12 14:39:29]][INFO] Running 91_20
[[2021-12-12 14:39:29]][WARNING] ../experiment_files/rank_20/statsfile_91_20.txt exists
[[2021-12-12 14:39:29]][INFO] Running 92_20
[[2021-12-12 14:39:29]][WARNING] ../experiment_files/rank_20/statsfile_92_20.txt exists
[[2021-12-12 14:39:29]][INFO] Running 93_20
[[2021-12-12 14:39:29]][WARNING] ../experiment_files/rank_20/statsfile_93_20.txt exists
[[2021-12-12 14:39:29]][INFO] Running 94_20
[[2021-12-12 14:39:29]][WARNING] ../experiment_files/rank_20/statsfile_94_20.txt exists
[[2021-12-12 14:39:29]][INFO] Running 95_20
[[2021-12-12 14:39:29]][WARNING] ../experiment_files/rank_20/statsfile_95_20.txt exists
[[2021-12-12 14:39:29]][INFO] Running 96_20
[[2021-12-12 14:39:29]][WARNING] ../experiment_files/rank_20/statsfile_96_20.txt exists
[[2021-12-12 14:39:29]][INFO] Running 97_20
[[2021-12-12 14:39:29]][WARNING] ../experiment_files/rank_20/statsfile_97_20.txt exists
[[2021-12-12 14:39:29]][INFO] Running 98_20
[[2021-12-12 14:39:29]][WARNING] ../experiment_files/rank_20/statsfile_98_20.txt exists
[[2021-12-12 14:39:29]][INFO] Running 99_20
[[2021-12-12 14:39:29]][WARNING] ../experiment_files/rank_20/statsfile_99_20.txt exists
[[2021-12-12 14:39:29]][INFO] Running 100_20
[[2021-12-12 14:39:29]][WARNING] ../experiment_files/rank_20/statsfile_100_20.txt exists
[[2021-12-12 14:39:29]][INFO] Running 101_20
[[2021-12-12 14:39:29]][WARNING] ../experiment_files/rank_20/statsfile_101_20.txt exists
[[2021-12-12 14:39:29]][INFO] Running 102_20
[[2021-12-12 14:39:29]][WARNING] ../experiment_files/rank_20/statsfile_102_20.txt exists
[[2021-12-12 14:39:29]][INFO] Running 103_20
[[2021-12-12 14:39:29]][WARNING] ../experiment_files/rank_20/statsfile_103_20.txt exists
[[2021-12-12 14:39:29]][INFO] Running 104_20
[[2021-12-12 14:39:29]][WARNING] ../experiment_files/rank_20/statsfile_104_20.txt exists
[[2021-12-12 14:39:29]][INFO] Running 105_20
[[2021-12-12 14:39:29]][WARNING] ../experiment_files/rank_20/statsfile_105_20.txt exists
[[2021-12-12 14:39:29]][INFO] Running 106_20
[[2021-12-12 14:39:29]][WARNING] ../experiment_files/rank_20/statsfile_106_20.txt exists
[[2021-12-12 14:39:29]][INFO] Running 107_20
[[2021-12-12 14:39:29]][WARNING] ../experiment_files/rank_20/statsfile_107_20.txt exists
[[2021-12-12 14:39:29]][INFO] Running 108_20
[[2021-12-12 14:39:29]][WARNING] ../experiment_files/rank_20/statsfile_108_20.txt exists
[[2021-12-12 14:39:29]][INFO] Running 109_20
[[2021-12-12 14:39:29]][WARNING] ../experiment_files/rank_20/statsfile_109_20.txt exists
[[2021-12-12 14:39:29]][INFO] Running 110_20
[[2021-12-12 14:39:29]][WARNING] ../experiment_files/rank_20/statsfile_110_20.txt exists
[[2021-12-12 14:39:29]][INFO] Running 111_20
[[2021-12-12 14:39:29]][WARNING] ../experiment_files/rank_20/statsfile_111_20.txt exists
[[2021-12-12 14:39:29]][INFO] Running 112_20
[[2021-12-12 14:39:29]][WARNING] ../experiment_files/rank_20/statsfile_112_20.txt exists
[[2021-12-12 14:39:29]][INFO] Running 113_20
[[2021-12-12 14:39:29]][WARNING] ../experiment_files/rank_20/statsfile_113_20.txt exists
[[2021-12-12 14:39:29]][INFO] Running 114_20
[[2021-12-12 14:39:29]][WARNING] ../experiment_files/rank_20/statsfile_114_20.txt exists
[[2021-12-12 14:39:29]][INFO] Running 115_20
[[2021-12-12 14:39:29]][WARNING] ../experiment_files/rank_20/statsfile_115_20.txt exists
[[2021-12-12 14:39:29]][INFO] Running 116_20
[[2021-12-12 14:39:29]][WARNING] ../experiment_files/rank_20/statsfile_116_20.txt exists
[[2021-12-12 14:39:29]][INFO] Running 117_20
[[2021-12-12 14:39:29]][WARNING] ../experiment_files/rank_20/statsfile_117_20.txt exists
[[2021-12-12 14:39:29]][INFO] Running 118_20
[[2021-12-12 14:39:29]][WARNING] ../experiment_files/rank_20/statsfile_118_20.txt exists
[[2021-12-12 14:39:29]][INFO] Running 119_20
[[2021-12-12 14:39:29]][WARNING] ../experiment_files/rank_20/statsfile_119_20.txt exists
[[2021-12-12 14:39:29]][INFO] Running 120_20
[[2021-12-12 14:39:29]][WARNING] ../experiment_files/rank_20/statsfile_120_20.txt exists
[[2021-12-12 14:39:29]][INFO] Running 121_20
[[2021-12-12 14:39:29]][WARNING] ../experiment_files/rank_20/statsfile_121_20.txt exists
[[2021-12-12 14:39:29]][INFO] Running 122_20
[[2021-12-12 14:39:29]][WARNING] ../experiment_files/rank_20/statsfile_122_20.txt exists
[[2021-12-12 14:39:29]][INFO] Running 123_20
[[2021-12-12 14:39:29]][WARNING] ../experiment_files/rank_20/statsfile_123_20.txt exists
[[2021-12-12 14:39:29]][INFO] Running 124_20
[[2021-12-12 14:39:29]][WARNING] ../experiment_files/rank_20/statsfile_124_20.txt exists
[[2021-12-12 14:39:29]][INFO] Running 125_20
[[2021-12-12 14:39:29]][WARNING] ../experiment_files/rank_20/statsfile_125_20.txt exists
[[2021-12-12 14:39:29]][INFO] Running 126_20
[[2021-12-12 14:39:29]][WARNING] ../experiment_files/rank_20/statsfile_126_20.txt exists
[[2021-12-12 14:39:29]][INFO] Running 127_20
[[2021-12-12 14:39:29]][WARNING] ../experiment_files/rank_20/statsfile_127_20.txt exists
