--------------------------------------------------------------------------
The library attempted to open the following supporting CUDA libraries,
but each of them failed.  CUDA-aware support is disabled.
libcuda.so.1: cannot open shared object file: No such file or directory
libcuda.dylib: cannot open shared object file: No such file or directory
/usr/lib64/libcuda.so.1: cannot open shared object file: No such file or directory
/usr/lib64/libcuda.dylib: cannot open shared object file: No such file or directory
If you are not interested in CUDA-aware support, then run with
--mca opal_warn_on_missing_libcuda 0 to suppress this message.  If you are interested
in CUDA-aware support, then try setting LD_LIBRARY_PATH to the location
of libcuda.so.1 to get passed this issue.
--------------------------------------------------------------------------
[[2021-12-12 14:39:29]][DEBUG] Using seed 1997
[[2021-12-12 14:39:29]][WARNING] Setting accelerator ratio to 0.175000
[[2021-12-12 14:39:29]][ERROR] This won't work for distributed. Change code!
[[2021-12-12 14:39:29]][ERROR] Gaussian heuristics not implemented for low rank matrices. Returning 1.
0_21 1_21 2_21 3_21 4_21 5_21 6_21 7_21 8_21 9_21 10_21 11_21 12_21 13_21 14_21 15_21 16_21 17_21 18_21 19_21 20_21 21_21 22_21 23_21 24_21 25_21 26_21 27_21 28_21 29_21 30_21 31_21 32_21 33_21 34_21 35_21 36_21 37_21 38_21 39_21 40_21 41_21 42_21 43_21 44_21 45_21 46_21 47_21 48_21 49_21 50_21 51_21 52_21 53_21 54_21 55_21 56_21 57_21 58_21 59_21 60_21 61_21 62_21 63_21 64_21 65_21 66_21 67_21 68_21 69_21 70_21 71_21 72_21 73_21 74_21 75_21 76_21 77_21 78_21 79_21 80_21 81_21 82_21 83_21 84_21 85_21 86_21 87_21 88_21 89_21 90_21 91_21 92_21 93_21 94_21 95_21 96_21 97_21 98_21 99_21 100_21 101_21 102_21 103_21 104_21 105_21 106_21 107_21 108_21 109_21 110_21 111_21 112_21 113_21 114_21 115_21 116_21 117_21 118_21 119_21 120_21 121_21 122_21 123_21 124_21 125_21 126_21 127_21 
[[2021-12-12 14:39:29]][DEBUG] Accelerator partial not yet returned
ERROR: Trying to initialize QuESTEnv multiple times. Ignoring...
[[2021-12-12 14:39:29]][DEBUG] Accelerator partial returned
[[2021-12-12 14:39:29]][DEBUG] VQAOptions set
[[2021-12-12 14:39:29]][INFO] Running 0_21
[[2021-12-12 14:39:29]][WARNING] ../experiment_files/rank_21/statsfile_0_21.txt exists
[[2021-12-12 14:39:29]][INFO] Running 1_21
[[2021-12-12 14:39:29]][WARNING] ../experiment_files/rank_21/statsfile_1_21.txt exists
[[2021-12-12 14:39:29]][INFO] Running 2_21
[[2021-12-12 14:39:29]][WARNING] ../experiment_files/rank_21/statsfile_2_21.txt exists
[[2021-12-12 14:39:29]][INFO] Running 3_21
[[2021-12-12 14:39:29]][WARNING] ../experiment_files/rank_21/statsfile_3_21.txt exists
[[2021-12-12 14:39:29]][INFO] Running 4_21
[[2021-12-12 14:39:29]][WARNING] ../experiment_files/rank_21/statsfile_4_21.txt exists
[[2021-12-12 14:39:29]][INFO] Running 5_21
[[2021-12-12 14:39:29]][WARNING] ../experiment_files/rank_21/statsfile_5_21.txt exists
[[2021-12-12 14:39:29]][INFO] Running 6_21
[[2021-12-12 14:39:29]][WARNING] ../experiment_files/rank_21/statsfile_6_21.txt exists
[[2021-12-12 14:39:29]][INFO] Running 7_21
[[2021-12-12 14:39:29]][WARNING] ../experiment_files/rank_21/statsfile_7_21.txt exists
[[2021-12-12 14:39:29]][INFO] Running 8_21
[[2021-12-12 14:39:29]][WARNING] ../experiment_files/rank_21/statsfile_8_21.txt exists
[[2021-12-12 14:39:29]][INFO] Running 9_21
[[2021-12-12 14:39:29]][WARNING] ../experiment_files/rank_21/statsfile_9_21.txt exists
[[2021-12-12 14:39:29]][INFO] Running 10_21
[[2021-12-12 14:39:29]][WARNING] ../experiment_files/rank_21/statsfile_10_21.txt exists
[[2021-12-12 14:39:29]][INFO] Running 11_21
[[2021-12-12 14:39:29]][WARNING] ../experiment_files/rank_21/statsfile_11_21.txt exists
[[2021-12-12 14:39:29]][INFO] Running 12_21
[[2021-12-12 14:39:29]][WARNING] ../experiment_files/rank_21/statsfile_12_21.txt exists
[[2021-12-12 14:39:29]][INFO] Running 13_21
[[2021-12-12 14:39:29]][WARNING] ../experiment_files/rank_21/statsfile_13_21.txt exists
[[2021-12-12 14:39:29]][INFO] Running 14_21
[[2021-12-12 14:39:29]][WARNING] ../experiment_files/rank_21/statsfile_14_21.txt exists
[[2021-12-12 14:39:29]][INFO] Running 15_21
[[2021-12-12 14:39:29]][WARNING] ../experiment_files/rank_21/statsfile_15_21.txt exists
[[2021-12-12 14:39:29]][INFO] Running 16_21
[[2021-12-12 14:39:29]][WARNING] ../experiment_files/rank_21/statsfile_16_21.txt exists
[[2021-12-12 14:39:29]][INFO] Running 17_21
[[2021-12-12 14:39:29]][WARNING] ../experiment_files/rank_21/statsfile_17_21.txt exists
[[2021-12-12 14:39:29]][INFO] Running 18_21
[[2021-12-12 14:39:29]][WARNING] ../experiment_files/rank_21/statsfile_18_21.txt exists
[[2021-12-12 14:39:29]][INFO] Running 19_21
[[2021-12-12 14:39:29]][WARNING] ../experiment_files/rank_21/statsfile_19_21.txt exists
[[2021-12-12 14:39:29]][INFO] Running 20_21
[[2021-12-12 14:39:29]][WARNING] ../experiment_files/rank_21/statsfile_20_21.txt exists
[[2021-12-12 14:39:29]][INFO] Running 21_21
[[2021-12-12 14:39:29]][WARNING] ../experiment_files/rank_21/statsfile_21_21.txt exists
[[2021-12-12 14:39:29]][INFO] Running 22_21
[[2021-12-12 14:39:29]][WARNING] ../experiment_files/rank_21/statsfile_22_21.txt exists
[[2021-12-12 14:39:29]][INFO] Running 23_21
[[2021-12-12 14:39:29]][WARNING] ../experiment_files/rank_21/statsfile_23_21.txt exists
[[2021-12-12 14:39:29]][INFO] Running 24_21
[[2021-12-12 14:39:29]][WARNING] ../experiment_files/rank_21/statsfile_24_21.txt exists
[[2021-12-12 14:39:29]][INFO] Running 25_21
[[2021-12-12 14:39:29]][WARNING] ../experiment_files/rank_21/statsfile_25_21.txt exists
[[2021-12-12 14:39:29]][INFO] Running 26_21
[[2021-12-12 14:39:29]][WARNING] ../experiment_files/rank_21/statsfile_26_21.txt exists
[[2021-12-12 14:39:29]][INFO] Running 27_21
[[2021-12-12 14:39:29]][WARNING] ../experiment_files/rank_21/statsfile_27_21.txt exists
[[2021-12-12 14:39:29]][INFO] Running 28_21
[[2021-12-12 14:39:29]][WARNING] ../experiment_files/rank_21/statsfile_28_21.txt exists
[[2021-12-12 14:39:29]][INFO] Running 29_21
[[2021-12-12 14:39:29]][WARNING] ../experiment_files/rank_21/statsfile_29_21.txt exists
[[2021-12-12 14:39:29]][INFO] Running 30_21
[[2021-12-12 14:39:29]][WARNING] ../experiment_files/rank_21/statsfile_30_21.txt exists
[[2021-12-12 14:39:29]][INFO] Running 31_21
[[2021-12-12 14:39:29]][WARNING] ../experiment_files/rank_21/statsfile_31_21.txt exists
[[2021-12-12 14:39:29]][INFO] Running 32_21
[[2021-12-12 14:39:29]][WARNING] ../experiment_files/rank_21/statsfile_32_21.txt exists
[[2021-12-12 14:39:29]][INFO] Running 33_21
[[2021-12-12 14:39:29]][WARNING] ../experiment_files/rank_21/statsfile_33_21.txt exists
[[2021-12-12 14:39:29]][INFO] Running 34_21
[[2021-12-12 14:39:29]][WARNING] ../experiment_files/rank_21/statsfile_34_21.txt exists
[[2021-12-12 14:39:29]][INFO] Running 35_21
[[2021-12-12 14:39:29]][WARNING] ../experiment_files/rank_21/statsfile_35_21.txt exists
[[2021-12-12 14:39:29]][INFO] Running 36_21
[[2021-12-12 14:39:29]][WARNING] ../experiment_files/rank_21/statsfile_36_21.txt exists
[[2021-12-12 14:39:29]][INFO] Running 37_21
[[2021-12-12 14:39:29]][WARNING] ../experiment_files/rank_21/statsfile_37_21.txt exists
[[2021-12-12 14:39:29]][INFO] Running 38_21
[[2021-12-12 14:39:29]][WARNING] ../experiment_files/rank_21/statsfile_38_21.txt exists
[[2021-12-12 14:39:29]][INFO] Running 39_21
[[2021-12-12 14:39:29]][WARNING] ../experiment_files/rank_21/statsfile_39_21.txt exists
[[2021-12-12 14:39:29]][INFO] Running 40_21
[[2021-12-12 14:39:29]][WARNING] ../experiment_files/rank_21/statsfile_40_21.txt exists
[[2021-12-12 14:39:29]][INFO] Running 41_21
[[2021-12-12 14:39:29]][WARNING] ../experiment_files/rank_21/statsfile_41_21.txt exists
[[2021-12-12 14:39:29]][INFO] Running 42_21
[[2021-12-12 14:39:29]][WARNING] ../experiment_files/rank_21/statsfile_42_21.txt exists
[[2021-12-12 14:39:29]][INFO] Running 43_21
[[2021-12-12 14:39:29]][WARNING] ../experiment_files/rank_21/statsfile_43_21.txt exists
[[2021-12-12 14:39:29]][INFO] Running 44_21
[[2021-12-12 14:39:29]][WARNING] ../experiment_files/rank_21/statsfile_44_21.txt exists
[[2021-12-12 14:39:29]][INFO] Running 45_21
[[2021-12-12 14:39:29]][WARNING] ../experiment_files/rank_21/statsfile_45_21.txt exists
[[2021-12-12 14:39:29]][INFO] Running 46_21
[[2021-12-12 14:39:29]][WARNING] ../experiment_files/rank_21/statsfile_46_21.txt exists
[[2021-12-12 14:39:29]][INFO] Running 47_21
[[2021-12-12 14:39:29]][WARNING] ../experiment_files/rank_21/statsfile_47_21.txt exists
[[2021-12-12 14:39:29]][INFO] Running 48_21
[[2021-12-12 14:39:29]][WARNING] ../experiment_files/rank_21/statsfile_48_21.txt exists
[[2021-12-12 14:39:29]][INFO] Running 49_21
[[2021-12-12 14:39:29]][WARNING] ../experiment_files/rank_21/statsfile_49_21.txt exists
[[2021-12-12 14:39:29]][INFO] Running 50_21
[[2021-12-12 14:39:29]][WARNING] ../experiment_files/rank_21/statsfile_50_21.txt exists
[[2021-12-12 14:39:29]][INFO] Running 51_21
[[2021-12-12 14:39:29]][WARNING] ../experiment_files/rank_21/statsfile_51_21.txt exists
[[2021-12-12 14:39:29]][INFO] Running 52_21
[[2021-12-12 14:39:29]][WARNING] ../experiment_files/rank_21/statsfile_52_21.txt exists
[[2021-12-12 14:39:29]][INFO] Running 53_21
[[2021-12-12 14:39:29]][WARNING] ../experiment_files/rank_21/statsfile_53_21.txt exists
[[2021-12-12 14:39:29]][INFO] Running 54_21
[[2021-12-12 14:39:29]][WARNING] ../experiment_files/rank_21/statsfile_54_21.txt exists
[[2021-12-12 14:39:29]][INFO] Running 55_21
[[2021-12-12 14:39:29]][WARNING] ../experiment_files/rank_21/statsfile_55_21.txt exists
[[2021-12-12 14:39:29]][INFO] Running 56_21
[[2021-12-12 14:39:29]][WARNING] ../experiment_files/rank_21/statsfile_56_21.txt exists
[[2021-12-12 14:39:29]][INFO] Running 57_21
[[2021-12-12 14:39:29]][WARNING] ../experiment_files/rank_21/statsfile_57_21.txt exists
[[2021-12-12 14:39:29]][INFO] Running 58_21
[[2021-12-12 14:39:29]][WARNING] ../experiment_files/rank_21/statsfile_58_21.txt exists
[[2021-12-12 14:39:29]][INFO] Running 59_21
[[2021-12-12 14:39:29]][WARNING] ../experiment_files/rank_21/statsfile_59_21.txt exists
[[2021-12-12 14:39:29]][INFO] Running 60_21
[[2021-12-12 14:39:29]][WARNING] ../experiment_files/rank_21/statsfile_60_21.txt exists
[[2021-12-12 14:39:29]][INFO] Running 61_21
[[2021-12-12 14:39:29]][WARNING] ../experiment_files/rank_21/statsfile_61_21.txt exists
[[2021-12-12 14:39:29]][INFO] Running 62_21
[[2021-12-12 14:39:29]][WARNING] ../experiment_files/rank_21/statsfile_62_21.txt exists
[[2021-12-12 14:39:29]][INFO] Running 63_21
[[2021-12-12 14:39:29]][WARNING] ../experiment_files/rank_21/statsfile_63_21.txt exists
[[2021-12-12 14:39:29]][INFO] Running 64_21
[[2021-12-12 14:39:29]][WARNING] ../experiment_files/rank_21/statsfile_64_21.txt exists
[[2021-12-12 14:39:29]][INFO] Running 65_21
[[2021-12-12 14:39:29]][WARNING] ../experiment_files/rank_21/statsfile_65_21.txt exists
[[2021-12-12 14:39:29]][INFO] Running 66_21
[[2021-12-12 14:39:29]][WARNING] ../experiment_files/rank_21/statsfile_66_21.txt exists
[[2021-12-12 14:39:29]][INFO] Running 67_21
[[2021-12-12 14:39:29]][WARNING] ../experiment_files/rank_21/statsfile_67_21.txt exists
[[2021-12-12 14:39:29]][INFO] Running 68_21
[[2021-12-12 14:39:29]][WARNING] ../experiment_files/rank_21/statsfile_68_21.txt exists
[[2021-12-12 14:39:29]][INFO] Running 69_21
[[2021-12-12 14:39:29]][WARNING] ../experiment_files/rank_21/statsfile_69_21.txt exists
[[2021-12-12 14:39:29]][INFO] Running 70_21
[[2021-12-12 14:39:29]][WARNING] ../experiment_files/rank_21/statsfile_70_21.txt exists
[[2021-12-12 14:39:29]][INFO] Running 71_21
[[2021-12-12 14:39:29]][WARNING] ../experiment_files/rank_21/statsfile_71_21.txt exists
[[2021-12-12 14:39:29]][INFO] Running 72_21
[[2021-12-12 14:39:29]][WARNING] ../experiment_files/rank_21/statsfile_72_21.txt exists
[[2021-12-12 14:39:29]][INFO] Running 73_21
[[2021-12-12 14:39:29]][WARNING] ../experiment_files/rank_21/statsfile_73_21.txt exists
[[2021-12-12 14:39:29]][INFO] Running 74_21
[[2021-12-12 14:39:29]][WARNING] ../experiment_files/rank_21/statsfile_74_21.txt exists
[[2021-12-12 14:39:29]][INFO] Running 75_21
[[2021-12-12 14:39:29]][WARNING] ../experiment_files/rank_21/statsfile_75_21.txt exists
[[2021-12-12 14:39:29]][INFO] Running 76_21
[[2021-12-12 14:39:29]][WARNING] ../experiment_files/rank_21/statsfile_76_21.txt exists
[[2021-12-12 14:39:29]][INFO] Running 77_21
[[2021-12-12 14:39:29]][WARNING] ../experiment_files/rank_21/statsfile_77_21.txt exists
[[2021-12-12 14:39:29]][INFO] Running 78_21
[[2021-12-12 14:39:29]][WARNING] ../experiment_files/rank_21/statsfile_78_21.txt exists
[[2021-12-12 14:39:29]][INFO] Running 79_21
[[2021-12-12 14:39:29]][WARNING] ../experiment_files/rank_21/statsfile_79_21.txt exists
[[2021-12-12 14:39:29]][INFO] Running 80_21
[[2021-12-12 14:39:29]][WARNING] ../experiment_files/rank_21/statsfile_80_21.txt exists
[[2021-12-12 14:39:29]][INFO] Running 81_21
[[2021-12-12 14:39:29]][WARNING] ../experiment_files/rank_21/statsfile_81_21.txt exists
[[2021-12-12 14:39:29]][INFO] Running 82_21
[[2021-12-12 14:39:29]][WARNING] ../experiment_files/rank_21/statsfile_82_21.txt exists
[[2021-12-12 14:39:29]][INFO] Running 83_21
[[2021-12-12 14:39:29]][WARNING] ../experiment_files/rank_21/statsfile_83_21.txt exists
[[2021-12-12 14:39:29]][INFO] Running 84_21
[[2021-12-12 14:39:29]][WARNING] ../experiment_files/rank_21/statsfile_84_21.txt exists
[[2021-12-12 14:39:29]][INFO] Running 85_21
[[2021-12-12 14:39:29]][WARNING] ../experiment_files/rank_21/statsfile_85_21.txt exists
[[2021-12-12 14:39:29]][INFO] Running 86_21
[[2021-12-12 14:39:29]][WARNING] ../experiment_files/rank_21/statsfile_86_21.txt exists
[[2021-12-12 14:39:29]][INFO] Running 87_21
[[2021-12-12 14:39:29]][WARNING] ../experiment_files/rank_21/statsfile_87_21.txt exists
[[2021-12-12 14:39:29]][INFO] Running 88_21
[[2021-12-12 14:39:29]][WARNING] ../experiment_files/rank_21/statsfile_88_21.txt exists
[[2021-12-12 14:39:29]][INFO] Running 89_21
[[2021-12-12 14:39:29]][WARNING] ../experiment_files/rank_21/statsfile_89_21.txt exists
[[2021-12-12 14:39:29]][INFO] Running 90_21
[[2021-12-12 14:39:29]][WARNING] ../experiment_files/rank_21/statsfile_90_21.txt exists
[[2021-12-12 14:39:29]][INFO] Running 91_21
[[2021-12-12 14:39:29]][WARNING] ../experiment_files/rank_21/statsfile_91_21.txt exists
[[2021-12-12 14:39:29]][INFO] Running 92_21
[[2021-12-12 14:39:29]][WARNING] ../experiment_files/rank_21/statsfile_92_21.txt exists
[[2021-12-12 14:39:29]][INFO] Running 93_21
[[2021-12-12 14:39:29]][WARNING] ../experiment_files/rank_21/statsfile_93_21.txt exists
[[2021-12-12 14:39:29]][INFO] Running 94_21
[[2021-12-12 14:39:29]][WARNING] ../experiment_files/rank_21/statsfile_94_21.txt exists
[[2021-12-12 14:39:29]][INFO] Running 95_21
[[2021-12-12 14:39:29]][WARNING] ../experiment_files/rank_21/statsfile_95_21.txt exists
[[2021-12-12 14:39:29]][INFO] Running 96_21
[[2021-12-12 14:39:29]][WARNING] ../experiment_files/rank_21/statsfile_96_21.txt exists
[[2021-12-12 14:39:29]][INFO] Running 97_21
[[2021-12-12 14:39:29]][WARNING] ../experiment_files/rank_21/statsfile_97_21.txt exists
[[2021-12-12 14:39:29]][INFO] Running 98_21
[[2021-12-12 14:39:29]][WARNING] ../experiment_files/rank_21/statsfile_98_21.txt exists
[[2021-12-12 14:39:29]][INFO] Running 99_21
[[2021-12-12 14:39:29]][WARNING] ../experiment_files/rank_21/statsfile_99_21.txt exists
[[2021-12-12 14:39:29]][INFO] Running 100_21
[[2021-12-12 14:39:29]][WARNING] ../experiment_files/rank_21/statsfile_100_21.txt exists
[[2021-12-12 14:39:29]][INFO] Running 101_21
[[2021-12-12 14:39:29]][WARNING] ../experiment_files/rank_21/statsfile_101_21.txt exists
[[2021-12-12 14:39:29]][INFO] Running 102_21
[[2021-12-12 14:39:29]][WARNING] ../experiment_files/rank_21/statsfile_102_21.txt exists
[[2021-12-12 14:39:29]][INFO] Running 103_21
[[2021-12-12 14:39:29]][WARNING] ../experiment_files/rank_21/statsfile_103_21.txt exists
[[2021-12-12 14:39:29]][INFO] Running 104_21
[[2021-12-12 14:39:29]][WARNING] ../experiment_files/rank_21/statsfile_104_21.txt exists
[[2021-12-12 14:39:29]][INFO] Running 105_21
[[2021-12-12 14:39:29]][WARNING] ../experiment_files/rank_21/statsfile_105_21.txt exists
[[2021-12-12 14:39:29]][INFO] Running 106_21
[[2021-12-12 14:39:29]][WARNING] ../experiment_files/rank_21/statsfile_106_21.txt exists
[[2021-12-12 14:39:29]][INFO] Running 107_21
[[2021-12-12 14:39:29]][WARNING] ../experiment_files/rank_21/statsfile_107_21.txt exists
[[2021-12-12 14:39:29]][INFO] Running 108_21
[[2021-12-12 14:39:29]][WARNING] ../experiment_files/rank_21/statsfile_108_21.txt exists
[[2021-12-12 14:39:29]][INFO] Running 109_21
[[2021-12-12 14:39:29]][WARNING] ../experiment_files/rank_21/statsfile_109_21.txt exists
[[2021-12-12 14:39:29]][INFO] Running 110_21
[[2021-12-12 14:39:29]][WARNING] ../experiment_files/rank_21/statsfile_110_21.txt exists
[[2021-12-12 14:39:29]][INFO] Running 111_21
[[2021-12-12 14:39:29]][WARNING] ../experiment_files/rank_21/statsfile_111_21.txt exists
[[2021-12-12 14:39:29]][INFO] Running 112_21
[[2021-12-12 14:39:29]][WARNING] ../experiment_files/rank_21/statsfile_112_21.txt exists
[[2021-12-12 14:39:29]][INFO] Running 113_21
[[2021-12-12 14:39:29]][WARNING] ../experiment_files/rank_21/statsfile_113_21.txt exists
[[2021-12-12 14:39:29]][INFO] Running 114_21
[[2021-12-12 14:39:29]][WARNING] ../experiment_files/rank_21/statsfile_114_21.txt exists
[[2021-12-12 14:39:29]][INFO] Running 115_21
[[2021-12-12 14:39:29]][WARNING] ../experiment_files/rank_21/statsfile_115_21.txt exists
[[2021-12-12 14:39:29]][INFO] Running 116_21
[[2021-12-12 14:39:29]][WARNING] ../experiment_files/rank_21/statsfile_116_21.txt exists
[[2021-12-12 14:39:29]][INFO] Running 117_21
[[2021-12-12 14:39:29]][WARNING] ../experiment_files/rank_21/statsfile_117_21.txt exists
[[2021-12-12 14:39:29]][INFO] Running 118_21
[[2021-12-12 14:39:29]][WARNING] ../experiment_files/rank_21/statsfile_118_21.txt exists
[[2021-12-12 14:39:29]][INFO] Running 119_21
[[2021-12-12 14:39:29]][WARNING] ../experiment_files/rank_21/statsfile_119_21.txt exists
[[2021-12-12 14:39:29]][INFO] Running 120_21
[[2021-12-12 14:39:29]][WARNING] ../experiment_files/rank_21/statsfile_120_21.txt exists
[[2021-12-12 14:39:29]][INFO] Running 121_21
[[2021-12-12 14:39:29]][WARNING] ../experiment_files/rank_21/statsfile_121_21.txt exists
[[2021-12-12 14:39:29]][INFO] Running 122_21
[[2021-12-12 14:39:29]][WARNING] ../experiment_files/rank_21/statsfile_122_21.txt exists
[[2021-12-12 14:39:29]][INFO] Running 123_21
[[2021-12-12 14:39:29]][WARNING] ../experiment_files/rank_21/statsfile_123_21.txt exists
[[2021-12-12 14:39:29]][INFO] Running 124_21
[[2021-12-12 14:39:29]][WARNING] ../experiment_files/rank_21/statsfile_124_21.txt exists
[[2021-12-12 14:39:29]][INFO] Running 125_21
[[2021-12-12 14:39:29]][WARNING] ../experiment_files/rank_21/statsfile_125_21.txt exists
[[2021-12-12 14:39:29]][INFO] Running 126_21
[[2021-12-12 14:39:29]][WARNING] ../experiment_files/rank_21/statsfile_126_21.txt exists
[[2021-12-12 14:39:29]][INFO] Running 127_21
[[2021-12-12 14:39:29]][WARNING] ../experiment_files/rank_21/statsfile_127_21.txt exists
