--------------------------------------------------------------------------
The library attempted to open the following supporting CUDA libraries,
but each of them failed.  CUDA-aware support is disabled.
libcuda.so.1: cannot open shared object file: No such file or directory
libcuda.dylib: cannot open shared object file: No such file or directory
/usr/lib64/libcuda.so.1: cannot open shared object file: No such file or directory
/usr/lib64/libcuda.dylib: cannot open shared object file: No such file or directory
If you are not interested in CUDA-aware support, then run with
--mca opal_warn_on_missing_libcuda 0 to suppress this message.  If you are interested
in CUDA-aware support, then try setting LD_LIBRARY_PATH to the location
of libcuda.so.1 to get passed this issue.
--------------------------------------------------------------------------
[[2021-12-12 14:39:29]][DEBUG] Using seed 1997
[[2021-12-12 14:39:29]][WARNING] Setting accelerator ratio to 0.175000
[[2021-12-12 14:39:29]][ERROR] This won't work for distributed. Change code!
[[2021-12-12 14:39:29]][ERROR] Gaussian heuristics not implemented for low rank matrices. Returning 1.
0_22 1_22 2_22 3_22 4_22 5_22 6_22 7_22 8_22 9_22 10_22 11_22 12_22 13_22 14_22 15_22 16_22 17_22 18_22 19_22 20_22 21_22 22_22 23_22 24_22 25_22 26_22 27_22 28_22 29_22 30_22 31_22 32_22 33_22 34_22 35_22 36_22 37_22 38_22 39_22 40_22 41_22 42_22 43_22 44_22 45_22 46_22 47_22 48_22 49_22 50_22 51_22 52_22 53_22 54_22 55_22 56_22 57_22 58_22 59_22 60_22 61_22 62_22 63_22 64_22 65_22 66_22 67_22 68_22 69_22 70_22 71_22 72_22 73_22 74_22 75_22 76_22 77_22 78_22 79_22 80_22 81_22 82_22 83_22 84_22 85_22 86_22 87_22 88_22 89_22 90_22 91_22 92_22 93_22 94_22 95_22 96_22 97_22 98_22 99_22 100_22 101_22 102_22 103_22 104_22 105_22 106_22 107_22 108_22 109_22 110_22 111_22 112_22 113_22 114_22 115_22 116_22 117_22 118_22 119_22 120_22 121_22 122_22 123_22 124_22 125_22 126_22 127_22 
[[2021-12-12 14:39:30]][DEBUG] Accelerator partial not yet returned
ERROR: Trying to initialize QuESTEnv multiple times. Ignoring...
[[2021-12-12 14:39:30]][DEBUG] Accelerator partial returned
[[2021-12-12 14:39:30]][DEBUG] VQAOptions set
[[2021-12-12 14:39:30]][INFO] Running 0_22
[[2021-12-12 14:39:30]][WARNING] ../experiment_files/rank_22/statsfile_0_22.txt exists
[[2021-12-12 14:39:30]][INFO] Running 1_22
[[2021-12-12 14:39:30]][WARNING] ../experiment_files/rank_22/statsfile_1_22.txt exists
[[2021-12-12 14:39:30]][INFO] Running 2_22
[[2021-12-12 14:39:30]][WARNING] ../experiment_files/rank_22/statsfile_2_22.txt exists
[[2021-12-12 14:39:30]][INFO] Running 3_22
[[2021-12-12 14:39:30]][WARNING] ../experiment_files/rank_22/statsfile_3_22.txt exists
[[2021-12-12 14:39:30]][INFO] Running 4_22
[[2021-12-12 14:39:30]][WARNING] ../experiment_files/rank_22/statsfile_4_22.txt exists
[[2021-12-12 14:39:30]][INFO] Running 5_22
[[2021-12-12 14:39:30]][WARNING] ../experiment_files/rank_22/statsfile_5_22.txt exists
[[2021-12-12 14:39:30]][INFO] Running 6_22
[[2021-12-12 14:39:30]][WARNING] ../experiment_files/rank_22/statsfile_6_22.txt exists
[[2021-12-12 14:39:30]][INFO] Running 7_22
[[2021-12-12 14:39:30]][WARNING] ../experiment_files/rank_22/statsfile_7_22.txt exists
[[2021-12-12 14:39:30]][INFO] Running 8_22
[[2021-12-12 14:39:30]][WARNING] ../experiment_files/rank_22/statsfile_8_22.txt exists
[[2021-12-12 14:39:30]][INFO] Running 9_22
[[2021-12-12 14:39:30]][WARNING] ../experiment_files/rank_22/statsfile_9_22.txt exists
[[2021-12-12 14:39:30]][INFO] Running 10_22
[[2021-12-12 14:39:30]][WARNING] ../experiment_files/rank_22/statsfile_10_22.txt exists
[[2021-12-12 14:39:30]][INFO] Running 11_22
[[2021-12-12 14:39:30]][WARNING] ../experiment_files/rank_22/statsfile_11_22.txt exists
[[2021-12-12 14:39:30]][INFO] Running 12_22
[[2021-12-12 14:39:30]][WARNING] ../experiment_files/rank_22/statsfile_12_22.txt exists
[[2021-12-12 14:39:30]][INFO] Running 13_22
[[2021-12-12 14:39:30]][WARNING] ../experiment_files/rank_22/statsfile_13_22.txt exists
[[2021-12-12 14:39:30]][INFO] Running 14_22
[[2021-12-12 14:39:30]][WARNING] ../experiment_files/rank_22/statsfile_14_22.txt exists
[[2021-12-12 14:39:30]][INFO] Running 15_22
[[2021-12-12 14:39:30]][WARNING] ../experiment_files/rank_22/statsfile_15_22.txt exists
[[2021-12-12 14:39:30]][INFO] Running 16_22
[[2021-12-12 14:39:30]][WARNING] ../experiment_files/rank_22/statsfile_16_22.txt exists
[[2021-12-12 14:39:30]][INFO] Running 17_22
[[2021-12-12 14:39:30]][WARNING] ../experiment_files/rank_22/statsfile_17_22.txt exists
[[2021-12-12 14:39:30]][INFO] Running 18_22
[[2021-12-12 14:39:30]][WARNING] ../experiment_files/rank_22/statsfile_18_22.txt exists
[[2021-12-12 14:39:30]][INFO] Running 19_22
[[2021-12-12 14:39:30]][WARNING] ../experiment_files/rank_22/statsfile_19_22.txt exists
[[2021-12-12 14:39:30]][INFO] Running 20_22
[[2021-12-12 14:39:30]][WARNING] ../experiment_files/rank_22/statsfile_20_22.txt exists
[[2021-12-12 14:39:30]][INFO] Running 21_22
[[2021-12-12 14:39:30]][WARNING] ../experiment_files/rank_22/statsfile_21_22.txt exists
[[2021-12-12 14:39:30]][INFO] Running 22_22
[[2021-12-12 14:39:30]][WARNING] ../experiment_files/rank_22/statsfile_22_22.txt exists
[[2021-12-12 14:39:30]][INFO] Running 23_22
[[2021-12-12 14:39:30]][WARNING] ../experiment_files/rank_22/statsfile_23_22.txt exists
[[2021-12-12 14:39:30]][INFO] Running 24_22
[[2021-12-12 14:39:30]][WARNING] ../experiment_files/rank_22/statsfile_24_22.txt exists
[[2021-12-12 14:39:30]][INFO] Running 25_22
[[2021-12-12 14:39:30]][WARNING] ../experiment_files/rank_22/statsfile_25_22.txt exists
[[2021-12-12 14:39:30]][INFO] Running 26_22
[[2021-12-12 14:39:30]][WARNING] ../experiment_files/rank_22/statsfile_26_22.txt exists
[[2021-12-12 14:39:30]][INFO] Running 27_22
[[2021-12-12 14:39:30]][WARNING] ../experiment_files/rank_22/statsfile_27_22.txt exists
[[2021-12-12 14:39:30]][INFO] Running 28_22
[[2021-12-12 14:39:30]][WARNING] ../experiment_files/rank_22/statsfile_28_22.txt exists
[[2021-12-12 14:39:30]][INFO] Running 29_22
[[2021-12-12 14:39:30]][WARNING] ../experiment_files/rank_22/statsfile_29_22.txt exists
[[2021-12-12 14:39:30]][INFO] Running 30_22
[[2021-12-12 14:39:30]][WARNING] ../experiment_files/rank_22/statsfile_30_22.txt exists
[[2021-12-12 14:39:30]][INFO] Running 31_22
[[2021-12-12 14:39:30]][WARNING] ../experiment_files/rank_22/statsfile_31_22.txt exists
[[2021-12-12 14:39:30]][INFO] Running 32_22
[[2021-12-12 14:39:30]][WARNING] ../experiment_files/rank_22/statsfile_32_22.txt exists
[[2021-12-12 14:39:30]][INFO] Running 33_22
[[2021-12-12 14:39:30]][WARNING] ../experiment_files/rank_22/statsfile_33_22.txt exists
[[2021-12-12 14:39:30]][INFO] Running 34_22
[[2021-12-12 14:39:30]][WARNING] ../experiment_files/rank_22/statsfile_34_22.txt exists
[[2021-12-12 14:39:30]][INFO] Running 35_22
[[2021-12-12 14:39:30]][WARNING] ../experiment_files/rank_22/statsfile_35_22.txt exists
[[2021-12-12 14:39:30]][INFO] Running 36_22
[[2021-12-12 14:39:30]][WARNING] ../experiment_files/rank_22/statsfile_36_22.txt exists
[[2021-12-12 14:39:30]][INFO] Running 37_22
[[2021-12-12 14:39:30]][WARNING] ../experiment_files/rank_22/statsfile_37_22.txt exists
[[2021-12-12 14:39:30]][INFO] Running 38_22
[[2021-12-12 14:39:30]][WARNING] ../experiment_files/rank_22/statsfile_38_22.txt exists
[[2021-12-12 14:39:30]][INFO] Running 39_22
[[2021-12-12 14:39:30]][WARNING] ../experiment_files/rank_22/statsfile_39_22.txt exists
[[2021-12-12 14:39:30]][INFO] Running 40_22
[[2021-12-12 14:39:30]][WARNING] ../experiment_files/rank_22/statsfile_40_22.txt exists
[[2021-12-12 14:39:30]][INFO] Running 41_22
[[2021-12-12 14:39:30]][WARNING] ../experiment_files/rank_22/statsfile_41_22.txt exists
[[2021-12-12 14:39:30]][INFO] Running 42_22
[[2021-12-12 14:39:30]][WARNING] ../experiment_files/rank_22/statsfile_42_22.txt exists
[[2021-12-12 14:39:30]][INFO] Running 43_22
[[2021-12-12 14:39:30]][WARNING] ../experiment_files/rank_22/statsfile_43_22.txt exists
[[2021-12-12 14:39:30]][INFO] Running 44_22
[[2021-12-12 14:39:30]][WARNING] ../experiment_files/rank_22/statsfile_44_22.txt exists
[[2021-12-12 14:39:30]][INFO] Running 45_22
[[2021-12-12 14:39:30]][WARNING] ../experiment_files/rank_22/statsfile_45_22.txt exists
[[2021-12-12 14:39:30]][INFO] Running 46_22
[[2021-12-12 14:39:30]][WARNING] ../experiment_files/rank_22/statsfile_46_22.txt exists
[[2021-12-12 14:39:30]][INFO] Running 47_22
[[2021-12-12 14:39:30]][WARNING] ../experiment_files/rank_22/statsfile_47_22.txt exists
[[2021-12-12 14:39:30]][INFO] Running 48_22
[[2021-12-12 14:39:30]][WARNING] ../experiment_files/rank_22/statsfile_48_22.txt exists
[[2021-12-12 14:39:30]][INFO] Running 49_22
[[2021-12-12 14:39:30]][WARNING] ../experiment_files/rank_22/statsfile_49_22.txt exists
[[2021-12-12 14:39:30]][INFO] Running 50_22
[[2021-12-12 14:39:30]][WARNING] ../experiment_files/rank_22/statsfile_50_22.txt exists
[[2021-12-12 14:39:30]][INFO] Running 51_22
[[2021-12-12 14:39:30]][WARNING] ../experiment_files/rank_22/statsfile_51_22.txt exists
[[2021-12-12 14:39:30]][INFO] Running 52_22
[[2021-12-12 14:39:30]][WARNING] ../experiment_files/rank_22/statsfile_52_22.txt exists
[[2021-12-12 14:39:30]][INFO] Running 53_22
[[2021-12-12 14:39:30]][WARNING] ../experiment_files/rank_22/statsfile_53_22.txt exists
[[2021-12-12 14:39:30]][INFO] Running 54_22
[[2021-12-12 14:39:30]][WARNING] ../experiment_files/rank_22/statsfile_54_22.txt exists
[[2021-12-12 14:39:30]][INFO] Running 55_22
[[2021-12-12 14:39:30]][WARNING] ../experiment_files/rank_22/statsfile_55_22.txt exists
[[2021-12-12 14:39:30]][INFO] Running 56_22
[[2021-12-12 14:39:30]][WARNING] ../experiment_files/rank_22/statsfile_56_22.txt exists
[[2021-12-12 14:39:30]][INFO] Running 57_22
[[2021-12-12 14:39:30]][WARNING] ../experiment_files/rank_22/statsfile_57_22.txt exists
[[2021-12-12 14:39:30]][INFO] Running 58_22
[[2021-12-12 14:39:30]][WARNING] ../experiment_files/rank_22/statsfile_58_22.txt exists
[[2021-12-12 14:39:30]][INFO] Running 59_22
[[2021-12-12 14:39:30]][WARNING] ../experiment_files/rank_22/statsfile_59_22.txt exists
[[2021-12-12 14:39:30]][INFO] Running 60_22
[[2021-12-12 14:39:30]][WARNING] ../experiment_files/rank_22/statsfile_60_22.txt exists
[[2021-12-12 14:39:30]][INFO] Running 61_22
[[2021-12-12 14:39:30]][WARNING] ../experiment_files/rank_22/statsfile_61_22.txt exists
[[2021-12-12 14:39:30]][INFO] Running 62_22
[[2021-12-12 14:39:30]][WARNING] ../experiment_files/rank_22/statsfile_62_22.txt exists
[[2021-12-12 14:39:30]][INFO] Running 63_22
[[2021-12-12 14:39:30]][WARNING] ../experiment_files/rank_22/statsfile_63_22.txt exists
[[2021-12-12 14:39:30]][INFO] Running 64_22
[[2021-12-12 14:39:30]][WARNING] ../experiment_files/rank_22/statsfile_64_22.txt exists
[[2021-12-12 14:39:30]][INFO] Running 65_22
[[2021-12-12 14:39:30]][WARNING] ../experiment_files/rank_22/statsfile_65_22.txt exists
[[2021-12-12 14:39:30]][INFO] Running 66_22
[[2021-12-12 14:39:30]][WARNING] ../experiment_files/rank_22/statsfile_66_22.txt exists
[[2021-12-12 14:39:30]][INFO] Running 67_22
[[2021-12-12 14:39:30]][WARNING] ../experiment_files/rank_22/statsfile_67_22.txt exists
[[2021-12-12 14:39:30]][INFO] Running 68_22
[[2021-12-12 14:39:30]][WARNING] ../experiment_files/rank_22/statsfile_68_22.txt exists
[[2021-12-12 14:39:30]][INFO] Running 69_22
[[2021-12-12 14:39:30]][WARNING] ../experiment_files/rank_22/statsfile_69_22.txt exists
[[2021-12-12 14:39:30]][INFO] Running 70_22
[[2021-12-12 14:39:30]][WARNING] ../experiment_files/rank_22/statsfile_70_22.txt exists
[[2021-12-12 14:39:30]][INFO] Running 71_22
[[2021-12-12 14:39:30]][WARNING] ../experiment_files/rank_22/statsfile_71_22.txt exists
[[2021-12-12 14:39:30]][INFO] Running 72_22
[[2021-12-12 14:39:30]][WARNING] ../experiment_files/rank_22/statsfile_72_22.txt exists
[[2021-12-12 14:39:30]][INFO] Running 73_22
[[2021-12-12 14:39:30]][WARNING] ../experiment_files/rank_22/statsfile_73_22.txt exists
[[2021-12-12 14:39:30]][INFO] Running 74_22
[[2021-12-12 14:39:30]][WARNING] ../experiment_files/rank_22/statsfile_74_22.txt exists
[[2021-12-12 14:39:30]][INFO] Running 75_22
[[2021-12-12 14:39:30]][WARNING] ../experiment_files/rank_22/statsfile_75_22.txt exists
[[2021-12-12 14:39:30]][INFO] Running 76_22
[[2021-12-12 14:39:30]][WARNING] ../experiment_files/rank_22/statsfile_76_22.txt exists
[[2021-12-12 14:39:30]][INFO] Running 77_22
[[2021-12-12 14:39:30]][WARNING] ../experiment_files/rank_22/statsfile_77_22.txt exists
[[2021-12-12 14:39:30]][INFO] Running 78_22
[[2021-12-12 14:39:30]][WARNING] ../experiment_files/rank_22/statsfile_78_22.txt exists
[[2021-12-12 14:39:30]][INFO] Running 79_22
[[2021-12-12 14:39:30]][WARNING] ../experiment_files/rank_22/statsfile_79_22.txt exists
[[2021-12-12 14:39:30]][INFO] Running 80_22
[[2021-12-12 14:39:30]][WARNING] ../experiment_files/rank_22/statsfile_80_22.txt exists
[[2021-12-12 14:39:30]][INFO] Running 81_22
[[2021-12-12 14:39:30]][WARNING] ../experiment_files/rank_22/statsfile_81_22.txt exists
[[2021-12-12 14:39:30]][INFO] Running 82_22
[[2021-12-12 14:39:30]][WARNING] ../experiment_files/rank_22/statsfile_82_22.txt exists
[[2021-12-12 14:39:30]][INFO] Running 83_22
[[2021-12-12 14:39:30]][WARNING] ../experiment_files/rank_22/statsfile_83_22.txt exists
[[2021-12-12 14:39:30]][INFO] Running 84_22
[[2021-12-12 14:39:30]][WARNING] ../experiment_files/rank_22/statsfile_84_22.txt exists
[[2021-12-12 14:39:30]][INFO] Running 85_22
[[2021-12-12 14:39:30]][WARNING] ../experiment_files/rank_22/statsfile_85_22.txt exists
[[2021-12-12 14:39:30]][INFO] Running 86_22
[[2021-12-12 14:39:30]][WARNING] ../experiment_files/rank_22/statsfile_86_22.txt exists
[[2021-12-12 14:39:30]][INFO] Running 87_22
[[2021-12-12 14:39:30]][WARNING] ../experiment_files/rank_22/statsfile_87_22.txt exists
[[2021-12-12 14:39:30]][INFO] Running 88_22
[[2021-12-12 14:39:30]][WARNING] ../experiment_files/rank_22/statsfile_88_22.txt exists
[[2021-12-12 14:39:30]][INFO] Running 89_22
[[2021-12-12 14:39:30]][WARNING] ../experiment_files/rank_22/statsfile_89_22.txt exists
[[2021-12-12 14:39:30]][INFO] Running 90_22
[[2021-12-12 14:39:30]][WARNING] ../experiment_files/rank_22/statsfile_90_22.txt exists
[[2021-12-12 14:39:30]][INFO] Running 91_22
[[2021-12-12 14:39:30]][WARNING] ../experiment_files/rank_22/statsfile_91_22.txt exists
[[2021-12-12 14:39:30]][INFO] Running 92_22
[[2021-12-12 14:39:30]][WARNING] ../experiment_files/rank_22/statsfile_92_22.txt exists
[[2021-12-12 14:39:30]][INFO] Running 93_22
[[2021-12-12 14:39:30]][WARNING] ../experiment_files/rank_22/statsfile_93_22.txt exists
[[2021-12-12 14:39:30]][INFO] Running 94_22
[[2021-12-12 14:39:30]][WARNING] ../experiment_files/rank_22/statsfile_94_22.txt exists
[[2021-12-12 14:39:30]][INFO] Running 95_22
[[2021-12-12 14:39:30]][WARNING] ../experiment_files/rank_22/statsfile_95_22.txt exists
[[2021-12-12 14:39:30]][INFO] Running 96_22
[[2021-12-12 14:39:30]][WARNING] ../experiment_files/rank_22/statsfile_96_22.txt exists
[[2021-12-12 14:39:30]][INFO] Running 97_22
[[2021-12-12 14:39:30]][WARNING] ../experiment_files/rank_22/statsfile_97_22.txt exists
[[2021-12-12 14:39:30]][INFO] Running 98_22
[[2021-12-12 14:39:30]][WARNING] ../experiment_files/rank_22/statsfile_98_22.txt exists
[[2021-12-12 14:39:30]][INFO] Running 99_22
[[2021-12-12 14:39:30]][WARNING] ../experiment_files/rank_22/statsfile_99_22.txt exists
[[2021-12-12 14:39:30]][INFO] Running 100_22
[[2021-12-12 14:39:30]][WARNING] ../experiment_files/rank_22/statsfile_100_22.txt exists
[[2021-12-12 14:39:30]][INFO] Running 101_22
[[2021-12-12 14:39:30]][WARNING] ../experiment_files/rank_22/statsfile_101_22.txt exists
[[2021-12-12 14:39:30]][INFO] Running 102_22
[[2021-12-12 14:39:30]][WARNING] ../experiment_files/rank_22/statsfile_102_22.txt exists
[[2021-12-12 14:39:30]][INFO] Running 103_22
[[2021-12-12 14:39:30]][WARNING] ../experiment_files/rank_22/statsfile_103_22.txt exists
[[2021-12-12 14:39:30]][INFO] Running 104_22
[[2021-12-12 14:39:30]][WARNING] ../experiment_files/rank_22/statsfile_104_22.txt exists
[[2021-12-12 14:39:30]][INFO] Running 105_22
[[2021-12-12 14:39:30]][WARNING] ../experiment_files/rank_22/statsfile_105_22.txt exists
[[2021-12-12 14:39:30]][INFO] Running 106_22
[[2021-12-12 14:39:30]][WARNING] ../experiment_files/rank_22/statsfile_106_22.txt exists
[[2021-12-12 14:39:30]][INFO] Running 107_22
[[2021-12-12 14:39:30]][WARNING] ../experiment_files/rank_22/statsfile_107_22.txt exists
[[2021-12-12 14:39:30]][INFO] Running 108_22
[[2021-12-12 14:39:30]][WARNING] ../experiment_files/rank_22/statsfile_108_22.txt exists
[[2021-12-12 14:39:30]][INFO] Running 109_22
[[2021-12-12 14:39:30]][WARNING] ../experiment_files/rank_22/statsfile_109_22.txt exists
[[2021-12-12 14:39:30]][INFO] Running 110_22
[[2021-12-12 14:39:30]][WARNING] ../experiment_files/rank_22/statsfile_110_22.txt exists
[[2021-12-12 14:39:30]][INFO] Running 111_22
[[2021-12-12 14:39:30]][WARNING] ../experiment_files/rank_22/statsfile_111_22.txt exists
[[2021-12-12 14:39:30]][INFO] Running 112_22
[[2021-12-12 14:39:30]][WARNING] ../experiment_files/rank_22/statsfile_112_22.txt exists
[[2021-12-12 14:39:30]][INFO] Running 113_22
[[2021-12-12 14:39:30]][WARNING] ../experiment_files/rank_22/statsfile_113_22.txt exists
[[2021-12-12 14:39:30]][INFO] Running 114_22
[[2021-12-12 14:39:30]][WARNING] ../experiment_files/rank_22/statsfile_114_22.txt exists
[[2021-12-12 14:39:30]][INFO] Running 115_22
[[2021-12-12 14:39:30]][WARNING] ../experiment_files/rank_22/statsfile_115_22.txt exists
[[2021-12-12 14:39:30]][INFO] Running 116_22
[[2021-12-12 14:39:30]][WARNING] ../experiment_files/rank_22/statsfile_116_22.txt exists
[[2021-12-12 14:39:30]][INFO] Running 117_22
[[2021-12-12 14:39:30]][WARNING] ../experiment_files/rank_22/statsfile_117_22.txt exists
[[2021-12-12 14:39:30]][INFO] Running 118_22
[[2021-12-12 14:39:30]][WARNING] ../experiment_files/rank_22/statsfile_118_22.txt exists
[[2021-12-12 14:39:30]][INFO] Running 119_22
[[2021-12-12 14:39:30]][WARNING] ../experiment_files/rank_22/statsfile_119_22.txt exists
[[2021-12-12 14:39:30]][INFO] Running 120_22
[[2021-12-12 14:39:30]][WARNING] ../experiment_files/rank_22/statsfile_120_22.txt exists
[[2021-12-12 14:39:30]][INFO] Running 121_22
[[2021-12-12 14:39:30]][WARNING] ../experiment_files/rank_22/statsfile_121_22.txt exists
[[2021-12-12 14:39:30]][INFO] Running 122_22
[[2021-12-12 14:39:30]][WARNING] ../experiment_files/rank_22/statsfile_122_22.txt exists
[[2021-12-12 14:39:30]][INFO] Running 123_22
[[2021-12-12 14:39:30]][WARNING] ../experiment_files/rank_22/statsfile_123_22.txt exists
[[2021-12-12 14:39:30]][INFO] Running 124_22
[[2021-12-12 14:39:30]][WARNING] ../experiment_files/rank_22/statsfile_124_22.txt exists
[[2021-12-12 14:39:30]][INFO] Running 125_22
[[2021-12-12 14:39:30]][WARNING] ../experiment_files/rank_22/statsfile_125_22.txt exists
[[2021-12-12 14:39:30]][INFO] Running 126_22
[[2021-12-12 14:39:30]][WARNING] ../experiment_files/rank_22/statsfile_126_22.txt exists
[[2021-12-12 14:39:30]][INFO] Running 127_22
[[2021-12-12 14:39:30]][WARNING] ../experiment_files/rank_22/statsfile_127_22.txt exists
