--------------------------------------------------------------------------
The library attempted to open the following supporting CUDA libraries,
but each of them failed.  CUDA-aware support is disabled.
libcuda.so.1: cannot open shared object file: No such file or directory
libcuda.dylib: cannot open shared object file: No such file or directory
/usr/lib64/libcuda.so.1: cannot open shared object file: No such file or directory
/usr/lib64/libcuda.dylib: cannot open shared object file: No such file or directory
If you are not interested in CUDA-aware support, then run with
--mca opal_warn_on_missing_libcuda 0 to suppress this message.  If you are interested
in CUDA-aware support, then try setting LD_LIBRARY_PATH to the location
of libcuda.so.1 to get passed this issue.
--------------------------------------------------------------------------
[[2021-12-12 14:39:30]][DEBUG] Using seed 1997
[[2021-12-12 14:39:30]][WARNING] Setting accelerator ratio to 0.175000
[[2021-12-12 14:39:30]][ERROR] This won't work for distributed. Change code!
[[2021-12-12 14:39:30]][ERROR] Gaussian heuristics not implemented for low rank matrices. Returning 1.
0_23 1_23 2_23 3_23 4_23 5_23 6_23 7_23 8_23 9_23 10_23 11_23 12_23 13_23 14_23 15_23 16_23 17_23 18_23 19_23 20_23 21_23 22_23 23_23 24_23 25_23 26_23 27_23 28_23 29_23 30_23 31_23 32_23 33_23 34_23 35_23 36_23 37_23 38_23 39_23 40_23 41_23 42_23 43_23 44_23 45_23 46_23 47_23 48_23 49_23 50_23 51_23 52_23 53_23 54_23 55_23 56_23 57_23 58_23 59_23 60_23 61_23 62_23 63_23 64_23 65_23 66_23 67_23 68_23 69_23 70_23 71_23 72_23 73_23 74_23 75_23 76_23 77_23 78_23 79_23 80_23 81_23 82_23 83_23 84_23 85_23 86_23 87_23 88_23 89_23 90_23 91_23 92_23 93_23 94_23 95_23 96_23 97_23 98_23 99_23 100_23 101_23 102_23 103_23 104_23 105_23 106_23 107_23 108_23 109_23 110_23 111_23 112_23 113_23 114_23 115_23 116_23 117_23 118_23 119_23 120_23 121_23 122_23 123_23 124_23 125_23 126_23 127_23 
[[2021-12-12 14:39:30]][DEBUG] Accelerator partial not yet returned
ERROR: Trying to initialize QuESTEnv multiple times. Ignoring...
[[2021-12-12 14:39:30]][DEBUG] Accelerator partial returned
[[2021-12-12 14:39:30]][DEBUG] VQAOptions set
[[2021-12-12 14:39:30]][INFO] Running 0_23
[[2021-12-12 14:39:30]][WARNING] ../experiment_files/rank_23/statsfile_0_23.txt exists
[[2021-12-12 14:39:30]][INFO] Running 1_23
[[2021-12-12 14:39:30]][WARNING] ../experiment_files/rank_23/statsfile_1_23.txt exists
[[2021-12-12 14:39:30]][INFO] Running 2_23
[[2021-12-12 14:39:30]][WARNING] ../experiment_files/rank_23/statsfile_2_23.txt exists
[[2021-12-12 14:39:30]][INFO] Running 3_23
[[2021-12-12 14:39:30]][WARNING] ../experiment_files/rank_23/statsfile_3_23.txt exists
[[2021-12-12 14:39:30]][INFO] Running 4_23
[[2021-12-12 14:39:30]][WARNING] ../experiment_files/rank_23/statsfile_4_23.txt exists
[[2021-12-12 14:39:30]][INFO] Running 5_23
[[2021-12-12 14:39:30]][WARNING] ../experiment_files/rank_23/statsfile_5_23.txt exists
[[2021-12-12 14:39:30]][INFO] Running 6_23
[[2021-12-12 14:39:30]][WARNING] ../experiment_files/rank_23/statsfile_6_23.txt exists
[[2021-12-12 14:39:30]][INFO] Running 7_23
[[2021-12-12 14:39:30]][WARNING] ../experiment_files/rank_23/statsfile_7_23.txt exists
[[2021-12-12 14:39:30]][INFO] Running 8_23
[[2021-12-12 14:39:30]][WARNING] ../experiment_files/rank_23/statsfile_8_23.txt exists
[[2021-12-12 14:39:30]][INFO] Running 9_23
[[2021-12-12 14:39:30]][WARNING] ../experiment_files/rank_23/statsfile_9_23.txt exists
[[2021-12-12 14:39:30]][INFO] Running 10_23
[[2021-12-12 14:39:30]][WARNING] ../experiment_files/rank_23/statsfile_10_23.txt exists
[[2021-12-12 14:39:30]][INFO] Running 11_23
[[2021-12-12 14:39:30]][WARNING] ../experiment_files/rank_23/statsfile_11_23.txt exists
[[2021-12-12 14:39:30]][INFO] Running 12_23
[[2021-12-12 14:39:30]][WARNING] ../experiment_files/rank_23/statsfile_12_23.txt exists
[[2021-12-12 14:39:30]][INFO] Running 13_23
[[2021-12-12 14:39:30]][WARNING] ../experiment_files/rank_23/statsfile_13_23.txt exists
[[2021-12-12 14:39:30]][INFO] Running 14_23
[[2021-12-12 14:39:30]][WARNING] ../experiment_files/rank_23/statsfile_14_23.txt exists
[[2021-12-12 14:39:30]][INFO] Running 15_23
[[2021-12-12 14:39:30]][WARNING] ../experiment_files/rank_23/statsfile_15_23.txt exists
[[2021-12-12 14:39:30]][INFO] Running 16_23
[[2021-12-12 14:39:30]][WARNING] ../experiment_files/rank_23/statsfile_16_23.txt exists
[[2021-12-12 14:39:30]][INFO] Running 17_23
[[2021-12-12 14:39:30]][WARNING] ../experiment_files/rank_23/statsfile_17_23.txt exists
[[2021-12-12 14:39:30]][INFO] Running 18_23
[[2021-12-12 14:39:30]][WARNING] ../experiment_files/rank_23/statsfile_18_23.txt exists
[[2021-12-12 14:39:30]][INFO] Running 19_23
[[2021-12-12 14:39:30]][WARNING] ../experiment_files/rank_23/statsfile_19_23.txt exists
[[2021-12-12 14:39:30]][INFO] Running 20_23
[[2021-12-12 14:39:30]][WARNING] ../experiment_files/rank_23/statsfile_20_23.txt exists
[[2021-12-12 14:39:30]][INFO] Running 21_23
[[2021-12-12 14:39:30]][WARNING] ../experiment_files/rank_23/statsfile_21_23.txt exists
[[2021-12-12 14:39:30]][INFO] Running 22_23
[[2021-12-12 14:39:30]][WARNING] ../experiment_files/rank_23/statsfile_22_23.txt exists
[[2021-12-12 14:39:30]][INFO] Running 23_23
[[2021-12-12 14:39:30]][WARNING] ../experiment_files/rank_23/statsfile_23_23.txt exists
[[2021-12-12 14:39:30]][INFO] Running 24_23
[[2021-12-12 14:39:30]][WARNING] ../experiment_files/rank_23/statsfile_24_23.txt exists
[[2021-12-12 14:39:30]][INFO] Running 25_23
[[2021-12-12 14:39:30]][WARNING] ../experiment_files/rank_23/statsfile_25_23.txt exists
[[2021-12-12 14:39:30]][INFO] Running 26_23
[[2021-12-12 14:39:30]][WARNING] ../experiment_files/rank_23/statsfile_26_23.txt exists
[[2021-12-12 14:39:30]][INFO] Running 27_23
[[2021-12-12 14:39:30]][WARNING] ../experiment_files/rank_23/statsfile_27_23.txt exists
[[2021-12-12 14:39:30]][INFO] Running 28_23
[[2021-12-12 14:39:30]][WARNING] ../experiment_files/rank_23/statsfile_28_23.txt exists
[[2021-12-12 14:39:30]][INFO] Running 29_23
[[2021-12-12 14:39:30]][WARNING] ../experiment_files/rank_23/statsfile_29_23.txt exists
[[2021-12-12 14:39:30]][INFO] Running 30_23
[[2021-12-12 14:39:30]][WARNING] ../experiment_files/rank_23/statsfile_30_23.txt exists
[[2021-12-12 14:39:30]][INFO] Running 31_23
[[2021-12-12 14:39:30]][WARNING] ../experiment_files/rank_23/statsfile_31_23.txt exists
[[2021-12-12 14:39:30]][INFO] Running 32_23
[[2021-12-12 14:39:30]][WARNING] ../experiment_files/rank_23/statsfile_32_23.txt exists
[[2021-12-12 14:39:30]][INFO] Running 33_23
[[2021-12-12 14:39:30]][WARNING] ../experiment_files/rank_23/statsfile_33_23.txt exists
[[2021-12-12 14:39:30]][INFO] Running 34_23
[[2021-12-12 14:39:30]][WARNING] ../experiment_files/rank_23/statsfile_34_23.txt exists
[[2021-12-12 14:39:30]][INFO] Running 35_23
[[2021-12-12 14:39:30]][WARNING] ../experiment_files/rank_23/statsfile_35_23.txt exists
[[2021-12-12 14:39:30]][INFO] Running 36_23
[[2021-12-12 14:39:30]][WARNING] ../experiment_files/rank_23/statsfile_36_23.txt exists
[[2021-12-12 14:39:30]][INFO] Running 37_23
[[2021-12-12 14:39:30]][WARNING] ../experiment_files/rank_23/statsfile_37_23.txt exists
[[2021-12-12 14:39:30]][INFO] Running 38_23
[[2021-12-12 14:39:30]][WARNING] ../experiment_files/rank_23/statsfile_38_23.txt exists
[[2021-12-12 14:39:30]][INFO] Running 39_23
[[2021-12-12 14:39:30]][WARNING] ../experiment_files/rank_23/statsfile_39_23.txt exists
[[2021-12-12 14:39:30]][INFO] Running 40_23
[[2021-12-12 14:39:30]][WARNING] ../experiment_files/rank_23/statsfile_40_23.txt exists
[[2021-12-12 14:39:30]][INFO] Running 41_23
[[2021-12-12 14:39:30]][WARNING] ../experiment_files/rank_23/statsfile_41_23.txt exists
[[2021-12-12 14:39:30]][INFO] Running 42_23
[[2021-12-12 14:39:30]][WARNING] ../experiment_files/rank_23/statsfile_42_23.txt exists
[[2021-12-12 14:39:30]][INFO] Running 43_23
[[2021-12-12 14:39:30]][WARNING] ../experiment_files/rank_23/statsfile_43_23.txt exists
[[2021-12-12 14:39:30]][INFO] Running 44_23
[[2021-12-12 14:39:30]][WARNING] ../experiment_files/rank_23/statsfile_44_23.txt exists
[[2021-12-12 14:39:30]][INFO] Running 45_23
[[2021-12-12 14:39:30]][WARNING] ../experiment_files/rank_23/statsfile_45_23.txt exists
[[2021-12-12 14:39:30]][INFO] Running 46_23
[[2021-12-12 14:39:30]][WARNING] ../experiment_files/rank_23/statsfile_46_23.txt exists
[[2021-12-12 14:39:30]][INFO] Running 47_23
[[2021-12-12 14:39:30]][WARNING] ../experiment_files/rank_23/statsfile_47_23.txt exists
[[2021-12-12 14:39:30]][INFO] Running 48_23
[[2021-12-12 14:39:30]][WARNING] ../experiment_files/rank_23/statsfile_48_23.txt exists
[[2021-12-12 14:39:30]][INFO] Running 49_23
[[2021-12-12 14:39:30]][WARNING] ../experiment_files/rank_23/statsfile_49_23.txt exists
[[2021-12-12 14:39:30]][INFO] Running 50_23
[[2021-12-12 14:39:30]][WARNING] ../experiment_files/rank_23/statsfile_50_23.txt exists
[[2021-12-12 14:39:30]][INFO] Running 51_23
[[2021-12-12 14:39:30]][WARNING] ../experiment_files/rank_23/statsfile_51_23.txt exists
[[2021-12-12 14:39:30]][INFO] Running 52_23
[[2021-12-12 14:39:30]][WARNING] ../experiment_files/rank_23/statsfile_52_23.txt exists
[[2021-12-12 14:39:30]][INFO] Running 53_23
[[2021-12-12 14:39:30]][WARNING] ../experiment_files/rank_23/statsfile_53_23.txt exists
[[2021-12-12 14:39:30]][INFO] Running 54_23
[[2021-12-12 14:39:30]][WARNING] ../experiment_files/rank_23/statsfile_54_23.txt exists
[[2021-12-12 14:39:30]][INFO] Running 55_23
[[2021-12-12 14:39:30]][WARNING] ../experiment_files/rank_23/statsfile_55_23.txt exists
[[2021-12-12 14:39:30]][INFO] Running 56_23
[[2021-12-12 14:39:30]][WARNING] ../experiment_files/rank_23/statsfile_56_23.txt exists
[[2021-12-12 14:39:30]][INFO] Running 57_23
[[2021-12-12 14:39:30]][WARNING] ../experiment_files/rank_23/statsfile_57_23.txt exists
[[2021-12-12 14:39:30]][INFO] Running 58_23
[[2021-12-12 14:39:30]][WARNING] ../experiment_files/rank_23/statsfile_58_23.txt exists
[[2021-12-12 14:39:30]][INFO] Running 59_23
[[2021-12-12 14:39:30]][WARNING] ../experiment_files/rank_23/statsfile_59_23.txt exists
[[2021-12-12 14:39:30]][INFO] Running 60_23
[[2021-12-12 14:39:30]][WARNING] ../experiment_files/rank_23/statsfile_60_23.txt exists
[[2021-12-12 14:39:30]][INFO] Running 61_23
[[2021-12-12 14:39:30]][WARNING] ../experiment_files/rank_23/statsfile_61_23.txt exists
[[2021-12-12 14:39:30]][INFO] Running 62_23
[[2021-12-12 14:39:30]][WARNING] ../experiment_files/rank_23/statsfile_62_23.txt exists
[[2021-12-12 14:39:30]][INFO] Running 63_23
[[2021-12-12 14:39:30]][WARNING] ../experiment_files/rank_23/statsfile_63_23.txt exists
[[2021-12-12 14:39:30]][INFO] Running 64_23
[[2021-12-12 14:39:30]][WARNING] ../experiment_files/rank_23/statsfile_64_23.txt exists
[[2021-12-12 14:39:30]][INFO] Running 65_23
[[2021-12-12 14:39:30]][WARNING] ../experiment_files/rank_23/statsfile_65_23.txt exists
[[2021-12-12 14:39:30]][INFO] Running 66_23
[[2021-12-12 14:39:30]][WARNING] ../experiment_files/rank_23/statsfile_66_23.txt exists
[[2021-12-12 14:39:30]][INFO] Running 67_23
[[2021-12-12 14:39:30]][WARNING] ../experiment_files/rank_23/statsfile_67_23.txt exists
[[2021-12-12 14:39:30]][INFO] Running 68_23
[[2021-12-12 14:39:30]][WARNING] ../experiment_files/rank_23/statsfile_68_23.txt exists
[[2021-12-12 14:39:30]][INFO] Running 69_23
[[2021-12-12 14:39:30]][WARNING] ../experiment_files/rank_23/statsfile_69_23.txt exists
[[2021-12-12 14:39:30]][INFO] Running 70_23
[[2021-12-12 14:39:30]][WARNING] ../experiment_files/rank_23/statsfile_70_23.txt exists
[[2021-12-12 14:39:30]][INFO] Running 71_23
[[2021-12-12 14:39:30]][WARNING] ../experiment_files/rank_23/statsfile_71_23.txt exists
[[2021-12-12 14:39:30]][INFO] Running 72_23
[[2021-12-12 14:39:30]][WARNING] ../experiment_files/rank_23/statsfile_72_23.txt exists
[[2021-12-12 14:39:30]][INFO] Running 73_23
[[2021-12-12 14:39:30]][WARNING] ../experiment_files/rank_23/statsfile_73_23.txt exists
[[2021-12-12 14:39:30]][INFO] Running 74_23
[[2021-12-12 14:39:30]][WARNING] ../experiment_files/rank_23/statsfile_74_23.txt exists
[[2021-12-12 14:39:30]][INFO] Running 75_23
[[2021-12-12 14:39:30]][WARNING] ../experiment_files/rank_23/statsfile_75_23.txt exists
[[2021-12-12 14:39:30]][INFO] Running 76_23
[[2021-12-12 14:39:30]][WARNING] ../experiment_files/rank_23/statsfile_76_23.txt exists
[[2021-12-12 14:39:30]][INFO] Running 77_23
[[2021-12-12 14:39:30]][WARNING] ../experiment_files/rank_23/statsfile_77_23.txt exists
[[2021-12-12 14:39:30]][INFO] Running 78_23
[[2021-12-12 14:39:30]][WARNING] ../experiment_files/rank_23/statsfile_78_23.txt exists
[[2021-12-12 14:39:30]][INFO] Running 79_23
[[2021-12-12 14:39:30]][WARNING] ../experiment_files/rank_23/statsfile_79_23.txt exists
[[2021-12-12 14:39:30]][INFO] Running 80_23
[[2021-12-12 14:39:30]][WARNING] ../experiment_files/rank_23/statsfile_80_23.txt exists
[[2021-12-12 14:39:30]][INFO] Running 81_23
[[2021-12-12 14:39:30]][WARNING] ../experiment_files/rank_23/statsfile_81_23.txt exists
[[2021-12-12 14:39:30]][INFO] Running 82_23
[[2021-12-12 14:39:30]][WARNING] ../experiment_files/rank_23/statsfile_82_23.txt exists
[[2021-12-12 14:39:30]][INFO] Running 83_23
[[2021-12-12 14:39:30]][WARNING] ../experiment_files/rank_23/statsfile_83_23.txt exists
[[2021-12-12 14:39:30]][INFO] Running 84_23
[[2021-12-12 14:39:30]][WARNING] ../experiment_files/rank_23/statsfile_84_23.txt exists
[[2021-12-12 14:39:30]][INFO] Running 85_23
[[2021-12-12 14:39:30]][WARNING] ../experiment_files/rank_23/statsfile_85_23.txt exists
[[2021-12-12 14:39:30]][INFO] Running 86_23
[[2021-12-12 14:39:30]][WARNING] ../experiment_files/rank_23/statsfile_86_23.txt exists
[[2021-12-12 14:39:30]][INFO] Running 87_23
[[2021-12-12 14:39:30]][WARNING] ../experiment_files/rank_23/statsfile_87_23.txt exists
[[2021-12-12 14:39:30]][INFO] Running 88_23
[[2021-12-12 14:39:30]][WARNING] ../experiment_files/rank_23/statsfile_88_23.txt exists
[[2021-12-12 14:39:30]][INFO] Running 89_23
[[2021-12-12 14:39:30]][WARNING] ../experiment_files/rank_23/statsfile_89_23.txt exists
[[2021-12-12 14:39:30]][INFO] Running 90_23
[[2021-12-12 14:39:30]][WARNING] ../experiment_files/rank_23/statsfile_90_23.txt exists
[[2021-12-12 14:39:30]][INFO] Running 91_23
[[2021-12-12 14:39:30]][WARNING] ../experiment_files/rank_23/statsfile_91_23.txt exists
[[2021-12-12 14:39:30]][INFO] Running 92_23
[[2021-12-12 14:39:30]][WARNING] ../experiment_files/rank_23/statsfile_92_23.txt exists
[[2021-12-12 14:39:30]][INFO] Running 93_23
[[2021-12-12 14:39:30]][WARNING] ../experiment_files/rank_23/statsfile_93_23.txt exists
[[2021-12-12 14:39:30]][INFO] Running 94_23
[[2021-12-12 14:39:30]][WARNING] ../experiment_files/rank_23/statsfile_94_23.txt exists
[[2021-12-12 14:39:30]][INFO] Running 95_23
[[2021-12-12 14:39:30]][WARNING] ../experiment_files/rank_23/statsfile_95_23.txt exists
[[2021-12-12 14:39:30]][INFO] Running 96_23
[[2021-12-12 14:39:30]][WARNING] ../experiment_files/rank_23/statsfile_96_23.txt exists
[[2021-12-12 14:39:30]][INFO] Running 97_23
[[2021-12-12 14:39:30]][WARNING] ../experiment_files/rank_23/statsfile_97_23.txt exists
[[2021-12-12 14:39:30]][INFO] Running 98_23
[[2021-12-12 14:39:30]][WARNING] ../experiment_files/rank_23/statsfile_98_23.txt exists
[[2021-12-12 14:39:30]][INFO] Running 99_23
[[2021-12-12 14:39:30]][WARNING] ../experiment_files/rank_23/statsfile_99_23.txt exists
[[2021-12-12 14:39:30]][INFO] Running 100_23
[[2021-12-12 14:39:30]][WARNING] ../experiment_files/rank_23/statsfile_100_23.txt exists
[[2021-12-12 14:39:30]][INFO] Running 101_23
[[2021-12-12 14:39:30]][WARNING] ../experiment_files/rank_23/statsfile_101_23.txt exists
[[2021-12-12 14:39:30]][INFO] Running 102_23
[[2021-12-12 14:39:30]][WARNING] ../experiment_files/rank_23/statsfile_102_23.txt exists
[[2021-12-12 14:39:30]][INFO] Running 103_23
[[2021-12-12 14:39:30]][WARNING] ../experiment_files/rank_23/statsfile_103_23.txt exists
[[2021-12-12 14:39:30]][INFO] Running 104_23
[[2021-12-12 14:39:30]][WARNING] ../experiment_files/rank_23/statsfile_104_23.txt exists
[[2021-12-12 14:39:30]][INFO] Running 105_23
[[2021-12-12 14:39:30]][WARNING] ../experiment_files/rank_23/statsfile_105_23.txt exists
[[2021-12-12 14:39:30]][INFO] Running 106_23
[[2021-12-12 14:39:30]][WARNING] ../experiment_files/rank_23/statsfile_106_23.txt exists
[[2021-12-12 14:39:30]][INFO] Running 107_23
[[2021-12-12 14:39:30]][WARNING] ../experiment_files/rank_23/statsfile_107_23.txt exists
[[2021-12-12 14:39:30]][INFO] Running 108_23
[[2021-12-12 14:39:30]][WARNING] ../experiment_files/rank_23/statsfile_108_23.txt exists
[[2021-12-12 14:39:30]][INFO] Running 109_23
[[2021-12-12 14:39:30]][WARNING] ../experiment_files/rank_23/statsfile_109_23.txt exists
[[2021-12-12 14:39:30]][INFO] Running 110_23
[[2021-12-12 14:39:30]][WARNING] ../experiment_files/rank_23/statsfile_110_23.txt exists
[[2021-12-12 14:39:30]][INFO] Running 111_23
[[2021-12-12 14:39:30]][WARNING] ../experiment_files/rank_23/statsfile_111_23.txt exists
[[2021-12-12 14:39:30]][INFO] Running 112_23
[[2021-12-12 14:39:30]][WARNING] ../experiment_files/rank_23/statsfile_112_23.txt exists
[[2021-12-12 14:39:30]][INFO] Running 113_23
[[2021-12-12 14:39:30]][WARNING] ../experiment_files/rank_23/statsfile_113_23.txt exists
[[2021-12-12 14:39:30]][INFO] Running 114_23
[[2021-12-12 14:39:30]][WARNING] ../experiment_files/rank_23/statsfile_114_23.txt exists
[[2021-12-12 14:39:30]][INFO] Running 115_23
[[2021-12-12 14:39:30]][WARNING] ../experiment_files/rank_23/statsfile_115_23.txt exists
[[2021-12-12 14:39:30]][INFO] Running 116_23
[[2021-12-12 14:39:30]][WARNING] ../experiment_files/rank_23/statsfile_116_23.txt exists
[[2021-12-12 14:39:30]][INFO] Running 117_23
[[2021-12-12 14:39:30]][WARNING] ../experiment_files/rank_23/statsfile_117_23.txt exists
[[2021-12-12 14:39:30]][INFO] Running 118_23
[[2021-12-12 14:39:30]][WARNING] ../experiment_files/rank_23/statsfile_118_23.txt exists
[[2021-12-12 14:39:30]][INFO] Running 119_23
[[2021-12-12 14:39:30]][WARNING] ../experiment_files/rank_23/statsfile_119_23.txt exists
[[2021-12-12 14:39:30]][INFO] Running 120_23
[[2021-12-12 14:39:30]][WARNING] ../experiment_files/rank_23/statsfile_120_23.txt exists
[[2021-12-12 14:39:30]][INFO] Running 121_23
[[2021-12-12 14:39:30]][WARNING] ../experiment_files/rank_23/statsfile_121_23.txt exists
[[2021-12-12 14:39:30]][INFO] Running 122_23
[[2021-12-12 14:39:30]][WARNING] ../experiment_files/rank_23/statsfile_122_23.txt exists
[[2021-12-12 14:39:30]][INFO] Running 123_23
[[2021-12-12 14:39:30]][WARNING] ../experiment_files/rank_23/statsfile_123_23.txt exists
[[2021-12-12 14:39:30]][INFO] Running 124_23
[[2021-12-12 14:39:30]][WARNING] ../experiment_files/rank_23/statsfile_124_23.txt exists
[[2021-12-12 14:39:30]][INFO] Running 125_23
[[2021-12-12 14:39:30]][WARNING] ../experiment_files/rank_23/statsfile_125_23.txt exists
[[2021-12-12 14:39:30]][INFO] Running 126_23
[[2021-12-12 14:39:30]][WARNING] ../experiment_files/rank_23/statsfile_126_23.txt exists
[[2021-12-12 14:39:30]][INFO] Running 127_23
[[2021-12-12 14:39:30]][WARNING] ../experiment_files/rank_23/statsfile_127_23.txt exists
